<?xml version="1.0" encoding="UTF-8"?>
<coverage generated="1766954824610" clover="3.2.0">
  <project timestamp="1766954824610" name="All files">
    <metrics statements="2810" coveredstatements="1949" conditionals="1683" coveredconditionals="1062" methods="620" coveredmethods="441" elements="5113" coveredelements="3452" complexity="0" loc="2810" ncloc="2810" packages="19" files="71" classes="71"/>
    <package name="animations">
      <metrics statements="7" coveredstatements="2" conditionals="6" coveredconditionals="2" methods="4" coveredmethods="1"/>
      <file name="breathingAnimation.ts" path="/Users/hemantmalhotra/Documents/VSC/Mindloop-Mobile/mindloop-mobile/src/animations/breathingAnimation.ts">
        <metrics statements="7" coveredstatements="2" conditionals="6" coveredconditionals="2" methods="4" coveredmethods="1"/>
        <line num="18" count="1" type="stmt"/>
        <line num="19" count="4" type="stmt"/>
        <line num="23" count="0" type="stmt"/>
        <line num="26" count="0" type="stmt"/>
        <line num="49" count="0" type="stmt"/>
        <line num="53" count="0" type="stmt"/>
        <line num="54" count="0" type="stmt"/>
      </file>
    </package>
    <package name="components.audio">
      <metrics statements="68" coveredstatements="52" conditionals="46" coveredconditionals="31" methods="23" coveredmethods="17"/>
      <file name="AudioControls.tsx" path="/Users/hemantmalhotra/Documents/VSC/Mindloop-Mobile/mindloop-mobile/src/components/audio/AudioControls.tsx">
        <metrics statements="36" coveredstatements="23" conditionals="27" coveredconditionals="17" methods="10" coveredmethods="7"/>
        <line num="17" count="1" type="stmt"/>
        <line num="26" count="10" type="stmt"/>
        <line num="29" count="10" type="stmt"/>
        <line num="32" count="1" type="stmt"/>
        <line num="33" count="1" type="stmt"/>
        <line num="37" count="0" type="cond" truecount="0" falsecount="2"/>
        <line num="38" count="0" type="stmt"/>
        <line num="39" count="0" type="stmt"/>
        <line num="45" count="0" type="cond" truecount="0" falsecount="2"/>
        <line num="46" count="0" type="stmt"/>
        <line num="47" count="0" type="stmt"/>
        <line num="54" count="10" type="stmt"/>
        <line num="55" count="1" type="stmt"/>
        <line num="56" count="1" type="stmt"/>
        <line num="62" count="10" type="stmt"/>
        <line num="63" count="1" type="stmt"/>
        <line num="64" count="1" type="cond" truecount="1" falsecount="1"/>
        <line num="65" count="1" type="stmt"/>
        <line num="68" count="0" type="stmt"/>
        <line num="74" count="10" type="stmt"/>
        <line num="75" count="1" type="stmt"/>
        <line num="76" count="1" type="cond" truecount="1" falsecount="1"/>
        <line num="77" count="1" type="stmt"/>
        <line num="80" count="0" type="stmt"/>
        <line num="86" count="10" type="stmt"/>
        <line num="87" count="1" type="stmt"/>
        <line num="88" count="1" type="cond" truecount="1" falsecount="1"/>
        <line num="89" count="1" type="stmt"/>
        <line num="92" count="0" type="stmt"/>
        <line num="98" count="10" type="stmt"/>
        <line num="99" count="0" type="stmt"/>
        <line num="101" count="0" type="stmt"/>
        <line num="102" count="0" type="stmt"/>
        <line num="104" count="0" type="stmt"/>
        <line num="108" count="10" type="stmt"/>
        <line num="155" count="1" type="stmt"/>
      </file>
      <file name="AudioPlayer.tsx" path="/Users/hemantmalhotra/Documents/VSC/Mindloop-Mobile/mindloop-mobile/src/components/audio/AudioPlayer.tsx">
        <metrics statements="16" coveredstatements="16" conditionals="11" coveredconditionals="7" methods="5" coveredmethods="5"/>
        <line num="18" count="1" type="stmt"/>
        <line num="28" count="9" type="stmt"/>
        <line num="29" count="1" type="cond" truecount="1" falsecount="1"/>
        <line num="30" count="1" type="stmt"/>
        <line num="34" count="9" type="stmt"/>
        <line num="35" count="1" type="cond" truecount="1" falsecount="1"/>
        <line num="36" count="1" type="stmt"/>
        <line num="40" count="9" type="stmt"/>
        <line num="41" count="1" type="stmt"/>
        <line num="44" count="9" type="stmt"/>
        <line num="45" count="18" type="stmt"/>
        <line num="46" count="18" type="stmt"/>
        <line num="47" count="18" type="stmt"/>
        <line num="50" count="9" type="cond" truecount="1" falsecount="1"/>
        <line num="52" count="9" type="stmt"/>
        <line num="97" count="1" type="stmt"/>
      </file>
      <file name="SoundSelector.tsx" path="/Users/hemantmalhotra/Documents/VSC/Mindloop-Mobile/mindloop-mobile/src/components/audio/SoundSelector.tsx">
        <metrics statements="16" coveredstatements="13" conditionals="8" coveredconditionals="7" methods="8" coveredmethods="5"/>
        <line num="11" count="1" type="stmt"/>
        <line num="12" count="8" type="stmt"/>
        <line num="15" count="36" type="stmt"/>
        <line num="18" count="8" type="cond" truecount="1" falsecount="1"/>
        <line num="20" count="0" type="stmt"/>
        <line num="22" count="8" type="stmt"/>
        <line num="23" count="36" type="stmt"/>
        <line num="25" count="36" type="stmt"/>
        <line num="28" count="0" type="stmt"/>
        <line num="36" count="8" type="stmt"/>
        <line num="37" count="31" type="stmt"/>
        <line num="39" count="31" type="stmt"/>
        <line num="43" count="0" type="stmt"/>
        <line num="52" count="8" type="stmt"/>
        <line num="65" count="43" type="stmt"/>
        <line num="76" count="1" type="stmt"/>
      </file>
    </package>
    <package name="components.auth">
      <metrics statements="172" coveredstatements="168" conditionals="136" coveredconditionals="128" methods="31" coveredmethods="30"/>
      <file name="LoginScreen.tsx" path="/Users/hemantmalhotra/Documents/VSC/Mindloop-Mobile/mindloop-mobile/src/components/auth/LoginScreen.tsx">
        <metrics statements="60" coveredstatements="59" conditionals="42" coveredconditionals="39" methods="11" coveredmethods="11"/>
        <line num="12" count="5" type="stmt"/>
        <line num="18" count="71" type="stmt"/>
        <line num="19" count="71" type="stmt"/>
        <line num="20" count="71" type="stmt"/>
        <line num="21" count="71" type="stmt"/>
        <line num="22" count="71" type="stmt"/>
        <line num="23" count="71" type="stmt"/>
        <line num="24" count="71" type="stmt"/>
        <line num="26" count="71" type="cond" truecount="2" falsecount="0"/>
        <line num="27" count="71" type="stmt"/>
        <line num="29" count="71" type="stmt"/>
        <line num="30" count="13" type="stmt"/>
        <line num="31" count="13" type="cond" truecount="2" falsecount="0"/>
        <line num="32" count="2" type="stmt"/>
        <line num="33" count="2" type="stmt"/>
        <line num="35" count="11" type="cond" truecount="2" falsecount="0"/>
        <line num="36" count="2" type="stmt"/>
        <line num="37" count="2" type="stmt"/>
        <line num="39" count="9" type="stmt"/>
        <line num="40" count="9" type="stmt"/>
        <line num="43" count="71" type="stmt"/>
        <line num="44" count="10" type="cond" truecount="2" falsecount="0"/>
        <line num="45" count="2" type="stmt"/>
        <line num="46" count="2" type="stmt"/>
        <line num="48" count="8" type="cond" truecount="2" falsecount="0"/>
        <line num="49" count="1" type="stmt"/>
        <line num="50" count="1" type="stmt"/>
        <line num="52" count="7" type="stmt"/>
        <line num="53" count="7" type="stmt"/>
        <line num="56" count="71" type="stmt"/>
        <line num="57" count="8" type="stmt"/>
        <line num="58" count="8" type="stmt"/>
        <line num="60" count="8" type="cond" truecount="4" falsecount="0"/>
        <line num="61" count="1" type="stmt"/>
        <line num="62" count="1" type="stmt"/>
        <line num="65" count="7" type="stmt"/>
        <line num="66" count="7" type="stmt"/>
        <line num="68" count="7" type="stmt"/>
        <line num="69" count="7" type="stmt"/>
        <line num="71" count="6" type="cond" truecount="2" falsecount="0"/>
        <line num="72" count="4" type="stmt"/>
        <line num="73" count="4" type="stmt"/>
        <line num="75" count="2" type="cond" truecount="1" falsecount="1"/>
        <line num="78" count="0" type="stmt"/>
        <line num="80" count="6" type="stmt"/>
        <line num="84" count="71" type="stmt"/>
        <line num="85" count="11" type="stmt"/>
        <line num="86" count="11" type="cond" truecount="2" falsecount="0"/>
        <line num="89" count="71" type="stmt"/>
        <line num="90" count="9" type="stmt"/>
        <line num="91" count="9" type="cond" truecount="1" falsecount="1"/>
        <line num="94" count="71" type="stmt"/>
        <line num="95" count="2" type="stmt"/>
        <line num="98" count="71" type="stmt"/>
        <line num="99" count="1" type="stmt"/>
        <line num="102" count="71" type="stmt"/>
        <line num="123" count="4" type="stmt"/>
        <line num="148" count="2" type="stmt"/>
        <line num="160" count="1" type="stmt"/>
        <line num="217" count="5" type="stmt"/>
      </file>
      <file name="RegisterScreen.tsx" path="/Users/hemantmalhotra/Documents/VSC/Mindloop-Mobile/mindloop-mobile/src/components/auth/RegisterScreen.tsx">
        <metrics statements="112" coveredstatements="109" conditionals="94" coveredconditionals="89" methods="20" coveredmethods="19"/>
        <line num="11" count="6" type="stmt"/>
        <line num="16" count="155" type="stmt"/>
        <line num="17" count="155" type="stmt"/>
        <line num="18" count="155" type="stmt"/>
        <line num="19" count="155" type="stmt"/>
        <line num="20" count="155" type="stmt"/>
        <line num="21" count="155" type="stmt"/>
        <line num="22" count="155" type="stmt"/>
        <line num="23" count="155" type="stmt"/>
        <line num="24" count="155" type="stmt"/>
        <line num="25" count="155" type="stmt"/>
        <line num="26" count="155" type="stmt"/>
        <line num="27" count="155" type="stmt"/>
        <line num="29" count="155" type="cond" truecount="2" falsecount="0"/>
        <line num="30" count="155" type="stmt"/>
        <line num="31" count="155" type="stmt"/>
        <line num="33" count="155" type="stmt"/>
        <line num="34" count="155" type="cond" truecount="2" falsecount="0"/>
        <line num="36" count="66" type="stmt"/>
        <line num="37" count="66" type="cond" truecount="2" falsecount="0"/>
        <line num="38" count="66" type="cond" truecount="2" falsecount="0"/>
        <line num="39" count="66" type="cond" truecount="4" falsecount="0"/>
        <line num="40" count="66" type="cond" truecount="2" falsecount="0"/>
        <line num="41" count="66" type="cond" truecount="2" falsecount="0"/>
        <line num="43" count="66" type="stmt"/>
        <line num="52" count="66" type="cond" truecount="1" falsecount="1"/>
        <line num="55" count="155" type="stmt"/>
        <line num="56" count="22" type="stmt"/>
        <line num="57" count="22" type="cond" truecount="2" falsecount="0"/>
        <line num="58" count="6" type="stmt"/>
        <line num="59" count="6" type="stmt"/>
        <line num="61" count="16" type="cond" truecount="2" falsecount="0"/>
        <line num="62" count="3" type="stmt"/>
        <line num="63" count="3" type="stmt"/>
        <line num="65" count="13" type="stmt"/>
        <line num="66" count="13" type="stmt"/>
        <line num="69" count="155" type="stmt"/>
        <line num="70" count="19" type="cond" truecount="2" falsecount="0"/>
        <line num="71" count="6" type="stmt"/>
        <line num="72" count="6" type="stmt"/>
        <line num="74" count="13" type="cond" truecount="2" falsecount="0"/>
        <line num="75" count="2" type="stmt"/>
        <line num="76" count="2" type="stmt"/>
        <line num="78" count="11" type="cond" truecount="2" falsecount="0"/>
        <line num="79" count="2" type="stmt"/>
        <line num="80" count="2" type="stmt"/>
        <line num="82" count="9" type="stmt"/>
        <line num="83" count="9" type="stmt"/>
        <line num="86" count="155" type="stmt"/>
        <line num="87" count="20" type="cond" truecount="2" falsecount="0"/>
        <line num="88" count="6" type="stmt"/>
        <line num="89" count="6" type="stmt"/>
        <line num="91" count="14" type="cond" truecount="2" falsecount="0"/>
        <line num="92" count="3" type="stmt"/>
        <line num="93" count="3" type="stmt"/>
        <line num="95" count="11" type="stmt"/>
        <line num="96" count="11" type="stmt"/>
        <line num="99" count="155" type="stmt"/>
        <line num="100" count="15" type="cond" truecount="2" falsecount="0"/>
        <line num="101" count="7" type="stmt"/>
        <line num="102" count="7" type="stmt"/>
        <line num="104" count="8" type="stmt"/>
        <line num="105" count="8" type="stmt"/>
        <line num="108" count="155" type="stmt"/>
        <line num="109" count="15" type="stmt"/>
        <line num="110" count="15" type="stmt"/>
        <line num="111" count="15" type="stmt"/>
        <line num="112" count="15" type="stmt"/>
        <line num="114" count="15" type="cond" truecount="6" falsecount="0"/>
        <line num="115" count="7" type="stmt"/>
        <line num="116" count="7" type="stmt"/>
        <line num="119" count="8" type="stmt"/>
        <line num="122" count="155" type="stmt"/>
        <line num="123" count="15" type="cond" truecount="2" falsecount="0"/>
        <line num="124" count="7" type="stmt"/>
        <line num="127" count="8" type="stmt"/>
        <line num="128" count="8" type="stmt"/>
        <line num="130" count="8" type="stmt"/>
        <line num="131" count="8" type="stmt"/>
        <line num="133" count="7" type="cond" truecount="2" falsecount="0"/>
        <line num="134" count="5" type="stmt"/>
        <line num="135" count="5" type="stmt"/>
        <line num="137" count="2" type="cond" truecount="1" falsecount="1"/>
        <line num="140" count="0" type="stmt"/>
        <line num="142" count="7" type="stmt"/>
        <line num="146" count="155" type="stmt"/>
        <line num="147" count="16" type="stmt"/>
        <line num="148" count="16" type="cond" truecount="2" falsecount="0"/>
        <line num="151" count="155" type="stmt"/>
        <line num="152" count="24" type="stmt"/>
        <line num="153" count="24" type="cond" truecount="2" falsecount="0"/>
        <line num="154" count="24" type="cond" truecount="2" falsecount="2"/>
        <line num="155" count="0" type="stmt"/>
        <line num="159" count="155" type="stmt"/>
        <line num="160" count="14" type="stmt"/>
        <line num="161" count="14" type="cond" truecount="2" falsecount="0"/>
        <line num="164" count="155" type="stmt"/>
        <line num="165" count="2" type="stmt"/>
        <line num="168" count="155" type="stmt"/>
        <line num="169" count="1" type="stmt"/>
        <line num="172" count="155" type="stmt"/>
        <line num="173" count="0" type="stmt"/>
        <line num="176" count="155" type="stmt"/>
        <line num="178" count="155" type="stmt"/>
        <line num="203" count="5" type="stmt"/>
        <line num="228" count="3" type="stmt"/>
        <line num="239" count="1" type="stmt"/>
        <line num="272" count="4" type="stmt"/>
        <line num="283" count="1" type="stmt"/>
        <line num="301" count="11" type="stmt"/>
        <line num="302" count="11" type="cond" truecount="2" falsecount="0"/>
        <line num="360" count="6" type="stmt"/>
      </file>
    </package>
    <package name="components.breathing">
      <metrics statements="83" coveredstatements="56" conditionals="36" coveredconditionals="16" methods="15" coveredmethods="10"/>
      <file name="BreathingCircle.tsx" path="/Users/hemantmalhotra/Documents/VSC/Mindloop-Mobile/mindloop-mobile/src/components/breathing/BreathingCircle.tsx">
        <metrics statements="14" coveredstatements="14" conditionals="6" coveredconditionals="6" methods="3" coveredmethods="3"/>
        <line num="12" count="1" type="stmt"/>
        <line num="19" count="7" type="stmt"/>
        <line num="20" count="7" type="stmt"/>
        <line num="22" count="7" type="stmt"/>
        <line num="23" count="7" type="cond" truecount="2" falsecount="0"/>
        <line num="25" count="1" type="stmt"/>
        <line num="37" count="1" type="stmt"/>
        <line num="41" count="6" type="stmt"/>
        <line num="79" count="6" type="stmt"/>
        <line num="80" count="6" type="stmt"/>
        <line num="83" count="6" type="stmt"/>
        <line num="84" count="6" type="stmt"/>
        <line num="88" count="7" type="stmt"/>
        <line num="106" count="1" type="stmt"/>
      </file>
      <file name="BreathingScreen.tsx" path="/Users/hemantmalhotra/Documents/VSC/Mindloop-Mobile/mindloop-mobile/src/components/breathing/BreathingScreen.tsx">
        <metrics statements="43" coveredstatements="20" conditionals="25" coveredconditionals="9" methods="9" coveredmethods="4"/>
        <line num="15" count="3" type="stmt"/>
        <line num="20" count="6" type="stmt"/>
        <line num="21" count="6" type="stmt"/>
        <line num="22" count="6" type="stmt"/>
        <line num="23" count="6" type="stmt"/>
        <line num="24" count="6" type="stmt"/>
        <line num="27" count="6" type="stmt"/>
        <line num="28" count="6" type="stmt"/>
        <line num="29" count="6" type="stmt"/>
        <line num="30" count="6" type="stmt"/>
        <line num="33" count="6" type="stmt"/>
        <line num="34" count="6" type="cond" truecount="3" falsecount="1"/>
        <line num="36" count="6" type="stmt"/>
        <line num="37" count="0" type="stmt"/>
        <line num="38" count="0" type="cond" truecount="0" falsecount="2"/>
        <line num="39" count="0" type="stmt"/>
        <line num="40" count="0" type="stmt"/>
        <line num="41" count="0" type="stmt"/>
        <line num="43" count="0" type="stmt"/>
        <line num="47" count="0" type="stmt"/>
        <line num="48" count="0" type="stmt"/>
        <line num="50" count="0" type="cond" truecount="0" falsecount="2"/>
        <line num="51" count="0" type="stmt"/>
        <line num="52" count="0" type="cond" truecount="0" falsecount="2"/>
        <line num="53" count="0" type="stmt"/>
        <line num="54" count="0" type="cond" truecount="0" falsecount="2"/>
        <line num="55" count="0" type="stmt"/>
        <line num="57" count="0" type="stmt"/>
        <line num="60" count="0" type="stmt"/>
        <line num="64" count="6" type="stmt"/>
        <line num="67" count="6" type="stmt"/>
        <line num="68" count="0" type="stmt"/>
        <line num="69" count="0" type="cond" truecount="0" falsecount="2"/>
        <line num="70" count="0" type="stmt"/>
        <line num="72" count="0" type="stmt"/>
        <line num="76" count="6" type="stmt"/>
        <line num="77" count="12" type="cond" truecount="1" falsecount="3"/>
        <line num="79" count="12" type="stmt"/>
        <line num="81" count="0" type="stmt"/>
        <line num="83" count="0" type="stmt"/>
        <line num="85" count="0" type="stmt"/>
        <line num="89" count="6" type="stmt"/>
        <line num="149" count="3" type="stmt"/>
      </file>
      <file name="OrganicBlob.tsx" path="/Users/hemantmalhotra/Documents/VSC/Mindloop-Mobile/mindloop-mobile/src/components/breathing/OrganicBlob.tsx">
        <metrics statements="26" coveredstatements="22" conditionals="5" coveredconditionals="1" methods="3" coveredmethods="3"/>
        <line num="12" count="3" type="stmt"/>
        <line num="18" count="6" type="stmt"/>
        <line num="19" count="6" type="stmt"/>
        <line num="20" count="6" type="stmt"/>
        <line num="21" count="6" type="stmt"/>
        <line num="23" count="6" type="stmt"/>
        <line num="24" count="6" type="cond" truecount="1" falsecount="1"/>
        <line num="25" count="0" type="stmt"/>
        <line num="26" count="0" type="stmt"/>
        <line num="27" count="0" type="stmt"/>
        <line num="28" count="0" type="stmt"/>
        <line num="32" count="6" type="stmt"/>
        <line num="72" count="6" type="stmt"/>
        <line num="82" count="6" type="stmt"/>
        <line num="99" count="6" type="stmt"/>
        <line num="100" count="6" type="stmt"/>
        <line num="101" count="6" type="stmt"/>
        <line num="103" count="6" type="stmt"/>
        <line num="104" count="6" type="stmt"/>
        <line num="105" count="6" type="stmt"/>
        <line num="106" count="6" type="stmt"/>
        <line num="110" count="6" type="stmt"/>
        <line num="115" count="6" type="stmt"/>
        <line num="120" count="6" type="stmt"/>
        <line num="125" count="6" type="stmt"/>
        <line num="184" count="3" type="stmt"/>
      </file>
    </package>
    <package name="components.common">
      <metrics statements="87" coveredstatements="33" conditionals="50" coveredconditionals="34" methods="15" coveredmethods="8"/>
      <file name="AccessibleButton.tsx" path="/Users/hemantmalhotra/Documents/VSC/Mindloop-Mobile/mindloop-mobile/src/components/common/AccessibleButton.tsx">
        <metrics statements="10" coveredstatements="10" conditionals="13" coveredconditionals="11" methods="2" coveredmethods="2"/>
        <line num="19" count="2" type="stmt"/>
        <line num="28" count="13" type="stmt"/>
        <line num="30" count="13" type="stmt"/>
        <line num="31" count="1" type="cond" truecount="1" falsecount="1"/>
        <line num="33" count="1" type="cond" truecount="1" falsecount="1"/>
        <line num="34" count="1" type="stmt"/>
        <line num="35" count="1" type="stmt"/>
        <line num="39" count="13" type="stmt"/>
        <line num="46" count="13" type="stmt"/>
        <line num="68" count="2" type="stmt"/>
      </file>
      <file name="AccessibleTextInput.tsx" path="/Users/hemantmalhotra/Documents/VSC/Mindloop-Mobile/mindloop-mobile/src/components/common/AccessibleTextInput.tsx">
        <metrics statements="9" coveredstatements="8" conditionals="18" coveredconditionals="16" methods="2" coveredmethods="2"/>
        <line num="22" count="2" type="stmt"/>
        <line num="34" count="10" type="stmt"/>
        <line num="36" count="10" type="stmt"/>
        <line num="37" count="1" type="stmt"/>
        <line num="40" count="1" type="cond" truecount="2" falsecount="2"/>
        <line num="41" count="0" type="stmt"/>
        <line num="43" count="1" type="stmt"/>
        <line num="47" count="10" type="stmt"/>
        <line num="78" count="2" type="stmt"/>
      </file>
      <file name="ErrorBoundary.tsx" path="/Users/hemantmalhotra/Documents/VSC/Mindloop-Mobile/mindloop-mobile/src/components/common/ErrorBoundary.tsx">
        <metrics statements="15" coveredstatements="11" conditionals="10" coveredconditionals="7" methods="5" coveredmethods="4"/>
        <line num="18" count="4" type="stmt"/>
        <line num="19" count="4" type="stmt"/>
        <line num="23" count="4" type="stmt"/>
        <line num="27" count="2" type="stmt"/>
        <line num="30" count="2" type="cond" truecount="1" falsecount="1"/>
        <line num="31" count="0" type="stmt"/>
        <line num="35" count="4" type="stmt"/>
        <line num="36" count="0" type="stmt"/>
        <line num="40" count="8" type="cond" truecount="2" falsecount="0"/>
        <line num="42" count="4" type="cond" truecount="1" falsecount="1"/>
        <line num="43" count="0" type="stmt"/>
        <line num="44" count="0" type="stmt"/>
        <line num="48" count="4" type="stmt"/>
        <line num="63" count="4" type="stmt"/>
        <line num="67" count="3" type="stmt"/>
      </file>
      <file name="GlowingLoop.tsx" path="/Users/hemantmalhotra/Documents/VSC/Mindloop-Mobile/mindloop-mobile/src/components/common/GlowingLoop.tsx">
        <metrics statements="25" coveredstatements="2" conditionals="5" coveredconditionals="0" methods="3" coveredmethods="0"/>
        <line num="12" count="3" type="stmt"/>
        <line num="18" count="0" type="stmt"/>
        <line num="19" count="0" type="stmt"/>
        <line num="20" count="0" type="stmt"/>
        <line num="22" count="0" type="stmt"/>
        <line num="23" count="0" type="cond" truecount="0" falsecount="2"/>
        <line num="24" count="0" type="stmt"/>
        <line num="25" count="0" type="stmt"/>
        <line num="26" count="0" type="stmt"/>
        <line num="27" count="0" type="stmt"/>
        <line num="31" count="0" type="stmt"/>
        <line num="41" count="0" type="stmt"/>
        <line num="59" count="0" type="stmt"/>
        <line num="76" count="0" type="stmt"/>
        <line num="77" count="0" type="stmt"/>
        <line num="78" count="0" type="stmt"/>
        <line num="80" count="0" type="stmt"/>
        <line num="81" count="0" type="stmt"/>
        <line num="82" count="0" type="stmt"/>
        <line num="83" count="0" type="stmt"/>
        <line num="87" count="0" type="stmt"/>
        <line num="92" count="0" type="stmt"/>
        <line num="93" count="0" type="stmt"/>
        <line num="95" count="0" type="stmt"/>
        <line num="148" count="3" type="stmt"/>
      </file>
      <file name="MulticolorBlob.tsx" path="/Users/hemantmalhotra/Documents/VSC/Mindloop-Mobile/mindloop-mobile/src/components/common/MulticolorBlob.tsx">
        <metrics statements="28" coveredstatements="2" conditionals="4" coveredconditionals="0" methods="3" coveredmethods="0"/>
        <line num="11" count="2" type="stmt"/>
        <line num="16" count="0" type="stmt"/>
        <line num="17" count="0" type="stmt"/>
        <line num="18" count="0" type="stmt"/>
        <line num="19" count="0" type="stmt"/>
        <line num="21" count="0" type="stmt"/>
        <line num="22" count="0" type="cond" truecount="0" falsecount="2"/>
        <line num="25" count="0" type="stmt"/>
        <line num="35" count="0" type="stmt"/>
        <line num="53" count="0" type="stmt"/>
        <line num="70" count="0" type="stmt"/>
        <line num="87" count="0" type="stmt"/>
        <line num="88" count="0" type="stmt"/>
        <line num="89" count="0" type="stmt"/>
        <line num="90" count="0" type="stmt"/>
        <line num="92" count="0" type="stmt"/>
        <line num="93" count="0" type="stmt"/>
        <line num="94" count="0" type="stmt"/>
        <line num="95" count="0" type="stmt"/>
        <line num="96" count="0" type="stmt"/>
        <line num="100" count="0" type="stmt"/>
        <line num="105" count="0" type="stmt"/>
        <line num="110" count="0" type="stmt"/>
        <line num="115" count="0" type="stmt"/>
        <line num="120" count="0" type="stmt"/>
        <line num="125" count="0" type="stmt"/>
        <line num="130" count="0" type="stmt"/>
        <line num="206" count="2" type="stmt"/>
      </file>
    </package>
    <package name="components.mood">
      <metrics statements="12" coveredstatements="12" conditionals="8" coveredconditionals="8" methods="5" coveredmethods="5"/>
      <file name="MoodButton.tsx" path="/Users/hemantmalhotra/Documents/VSC/Mindloop-Mobile/mindloop-mobile/src/components/mood/MoodButton.tsx">
        <metrics statements="5" coveredstatements="5" conditionals="8" coveredconditionals="8" methods="2" coveredmethods="2"/>
        <line num="11" count="3" type="stmt"/>
        <line num="12" count="17" type="stmt"/>
        <line num="13" count="1" type="stmt"/>
        <line num="16" count="17" type="stmt"/>
        <line num="34" count="3" type="stmt"/>
      </file>
      <file name="MoodSelector.tsx" path="/Users/hemantmalhotra/Documents/VSC/Mindloop-Mobile/mindloop-mobile/src/components/mood/MoodSelector.tsx">
        <metrics statements="7" coveredstatements="7" conditionals="0" coveredconditionals="0" methods="3" coveredmethods="3"/>
        <line num="12" count="2" type="stmt"/>
        <line num="17" count="7" type="stmt"/>
        <line num="19" count="7" type="stmt"/>
        <line num="20" count="1" type="stmt"/>
        <line num="23" count="7" type="stmt"/>
        <line num="30" count="28" type="stmt"/>
        <line num="46" count="2" type="stmt"/>
      </file>
    </package>
    <package name="components.navigation">
      <metrics statements="6" coveredstatements="2" conditionals="3" coveredconditionals="0" methods="2" coveredmethods="0"/>
      <file name="BottomSheet.tsx" path="/Users/hemantmalhotra/Documents/VSC/Mindloop-Mobile/mindloop-mobile/src/components/navigation/BottomSheet.tsx">
        <metrics statements="4" coveredstatements="1" conditionals="3" coveredconditionals="0" methods="1" coveredmethods="0"/>
        <line num="8" count="1" type="stmt"/>
        <line num="12" count="0" type="cond" truecount="0" falsecount="2"/>
        <line num="13" count="0" type="stmt"/>
        <line num="16" count="0" type="stmt"/>
      </file>
      <file name="BottomSheetItem.tsx" path="/Users/hemantmalhotra/Documents/VSC/Mindloop-Mobile/mindloop-mobile/src/components/navigation/BottomSheetItem.tsx">
        <metrics statements="2" coveredstatements="1" conditionals="0" coveredconditionals="0" methods="1" coveredmethods="0"/>
        <line num="11" count="1" type="stmt"/>
        <line num="18" count="0" type="stmt"/>
      </file>
    </package>
    <package name="components.onboarding">
      <metrics statements="16" coveredstatements="4" conditionals="4" coveredconditionals="0" methods="4" coveredmethods="0"/>
      <file name="OnboardingFlow.tsx" path="/Users/hemantmalhotra/Documents/VSC/Mindloop-Mobile/mindloop-mobile/src/components/onboarding/OnboardingFlow.tsx">
        <metrics statements="9" coveredstatements="1" conditionals="4" coveredconditionals="0" methods="1" coveredmethods="0"/>
        <line num="5" count="3" type="stmt"/>
        <line num="14" count="0" type="stmt"/>
        <line num="16" count="0" type="cond" truecount="0" falsecount="2"/>
        <line num="17" count="0" type="stmt"/>
        <line num="21" count="0" type="stmt"/>
        <line num="27" count="0" type="stmt"/>
        <line num="29" count="0" type="cond" truecount="0" falsecount="2"/>
        <line num="30" count="0" type="stmt"/>
        <line num="33" count="0" type="stmt"/>
      </file>
      <file name="OnboardingProgress.tsx" path="/Users/hemantmalhotra/Documents/VSC/Mindloop-Mobile/mindloop-mobile/src/components/onboarding/OnboardingProgress.tsx">
        <metrics statements="3" coveredstatements="1" conditionals="0" coveredconditionals="0" methods="1" coveredmethods="0"/>
        <line num="9" count="1" type="stmt"/>
        <line num="13" count="0" type="stmt"/>
        <line num="15" count="0" type="stmt"/>
      </file>
      <file name="OnboardingScreen.tsx" path="/Users/hemantmalhotra/Documents/VSC/Mindloop-Mobile/mindloop-mobile/src/components/onboarding/OnboardingScreen.tsx">
        <metrics statements="2" coveredstatements="1" conditionals="0" coveredconditionals="0" methods="1" coveredmethods="0"/>
        <line num="14" count="4" type="stmt"/>
        <line num="23" count="0" type="stmt"/>
      </file>
      <file name="OnboardingStep.tsx" path="/Users/hemantmalhotra/Documents/VSC/Mindloop-Mobile/mindloop-mobile/src/components/onboarding/OnboardingStep.tsx">
        <metrics statements="2" coveredstatements="1" conditionals="0" coveredconditionals="0" methods="1" coveredmethods="0"/>
        <line num="12" count="1" type="stmt"/>
        <line num="19" count="0" type="stmt"/>
      </file>
    </package>
    <package name="components.progress">
      <metrics statements="13" coveredstatements="9" conditionals="2" coveredconditionals="2" methods="7" coveredmethods="4"/>
      <file name="AchievementBadge.tsx" path="/Users/hemantmalhotra/Documents/VSC/Mindloop-Mobile/mindloop-mobile/src/components/progress/AchievementBadge.tsx">
        <metrics statements="2" coveredstatements="2" conditionals="2" coveredconditionals="2" methods="1" coveredmethods="1"/>
        <line num="10" count="2" type="stmt"/>
        <line num="11" count="4" type="stmt"/>
      </file>
      <file name="ProgressChart.tsx" path="/Users/hemantmalhotra/Documents/VSC/Mindloop-Mobile/mindloop-mobile/src/components/progress/ProgressChart.tsx">
        <metrics statements="2" coveredstatements="2" conditionals="0" coveredconditionals="0" methods="1" coveredmethods="1"/>
        <line num="8" count="2" type="stmt"/>
        <line num="9" count="4" type="stmt"/>
      </file>
      <file name="ProgressIndicator.tsx" path="/Users/hemantmalhotra/Documents/VSC/Mindloop-Mobile/mindloop-mobile/src/components/progress/ProgressIndicator.tsx">
        <metrics statements="2" coveredstatements="2" conditionals="0" coveredconditionals="0" methods="1" coveredmethods="1"/>
        <line num="9" count="2" type="stmt"/>
        <line num="10" count="4" type="stmt"/>
      </file>
      <file name="ProgressScreen.tsx" path="/Users/hemantmalhotra/Documents/VSC/Mindloop-Mobile/mindloop-mobile/src/components/progress/ProgressScreen.tsx">
        <metrics statements="5" coveredstatements="1" conditionals="0" coveredconditionals="0" methods="3" coveredmethods="0"/>
        <line num="12" count="1" type="stmt"/>
        <line num="13" count="0" type="stmt"/>
        <line num="15" count="0" type="stmt"/>
        <line num="27" count="0" type="stmt"/>
        <line num="35" count="0" type="stmt"/>
      </file>
      <file name="StreakCounter.tsx" path="/Users/hemantmalhotra/Documents/VSC/Mindloop-Mobile/mindloop-mobile/src/components/progress/StreakCounter.tsx">
        <metrics statements="2" coveredstatements="2" conditionals="0" coveredconditionals="0" methods="1" coveredmethods="1"/>
        <line num="8" count="2" type="stmt"/>
        <line num="9" count="4" type="stmt"/>
      </file>
    </package>
    <package name="components.session">
      <metrics statements="51" coveredstatements="39" conditionals="31" coveredconditionals="24" methods="15" coveredmethods="12"/>
      <file name="SessionControls.tsx" path="/Users/hemantmalhotra/Documents/VSC/Mindloop-Mobile/mindloop-mobile/src/components/session/SessionControls.tsx">
        <metrics statements="2" coveredstatements="2" conditionals="0" coveredconditionals="0" methods="1" coveredmethods="1"/>
        <line num="10" count="5" type="stmt"/>
        <line num="15" count="3" type="stmt"/>
      </file>
      <file name="SessionScreen.tsx" path="/Users/hemantmalhotra/Documents/VSC/Mindloop-Mobile/mindloop-mobile/src/components/session/SessionScreen.tsx">
        <metrics statements="47" coveredstatements="35" conditionals="31" coveredconditionals="24" methods="13" coveredmethods="10"/>
        <line num="12" count="5" type="stmt"/>
        <line num="22" count="33" type="stmt"/>
        <line num="24" count="33" type="stmt"/>
        <line num="25" count="33" type="stmt"/>
        <line num="26" count="33" type="stmt"/>
        <line num="28" count="33" type="stmt"/>
        <line num="29" count="8" type="cond" truecount="3" falsecount="1"/>
        <line num="30" count="0" type="stmt"/>
        <line num="31" count="0" type="stmt"/>
        <line num="33" count="8" type="stmt"/>
        <line num="34" count="8" type="stmt"/>
        <line num="37" count="33" type="stmt"/>
        <line num="38" count="2" type="stmt"/>
        <line num="39" count="2" type="cond" truecount="4" falsecount="1"/>
        <line num="40" count="0" type="stmt"/>
        <line num="41" count="0" type="stmt"/>
        <line num="43" count="2" type="stmt"/>
        <line num="44" count="2" type="stmt"/>
        <line num="45" count="2" type="stmt"/>
        <line num="48" count="33" type="stmt"/>
        <line num="49" count="21" type="stmt"/>
        <line num="55" count="2" type="stmt"/>
        <line num="62" count="2" type="stmt"/>
        <line num="69" count="2" type="stmt"/>
        <line num="87" count="0" type="stmt"/>
        <line num="94" count="2" type="stmt"/>
        <line num="102" count="33" type="stmt"/>
        <line num="103" count="0" type="stmt"/>
        <line num="118" count="33" type="stmt"/>
        <line num="121" count="12" type="cond" truecount="2" falsecount="0"/>
        <line num="122" count="12" type="cond" truecount="2" falsecount="0"/>
        <line num="124" count="12" type="stmt"/>
        <line num="132" count="0" type="stmt"/>
        <line num="133" count="0" type="stmt"/>
        <line num="134" count="0" type="stmt"/>
        <line num="135" count="0" type="cond" truecount="0" falsecount="2"/>
        <line num="136" count="0" type="stmt"/>
        <line num="145" count="33" type="stmt"/>
        <line num="147" count="33" type="cond" truecount="2" falsecount="0"/>
        <line num="148" count="12" type="stmt"/>
        <line num="151" count="21" type="cond" truecount="3" falsecount="1"/>
        <line num="152" count="0" type="stmt"/>
        <line num="156" count="21" type="cond" truecount="6" falsecount="0"/>
        <line num="157" count="11" type="stmt"/>
        <line num="160" count="10" type="stmt"/>
        <line num="163" count="33" type="stmt"/>
        <line num="180" count="5" type="stmt"/>
      </file>
      <file name="TimerDisplay.tsx" path="/Users/hemantmalhotra/Documents/VSC/Mindloop-Mobile/mindloop-mobile/src/components/session/TimerDisplay.tsx">
        <metrics statements="2" coveredstatements="2" conditionals="0" coveredconditionals="0" methods="1" coveredmethods="1"/>
        <line num="9" count="5" type="stmt"/>
        <line num="10" count="6" type="stmt"/>
      </file>
    </package>
    <package name="components.subscription">
      <metrics statements="101" coveredstatements="89" conditionals="68" coveredconditionals="55" methods="26" coveredmethods="21"/>
      <file name="Paywall.tsx" path="/Users/hemantmalhotra/Documents/VSC/Mindloop-Mobile/mindloop-mobile/src/components/subscription/Paywall.tsx">
        <metrics statements="39" coveredstatements="38" conditionals="30" coveredconditionals="30" methods="9" coveredmethods="8"/>
        <line num="18" count="1" type="stmt"/>
        <line num="27" count="15" type="stmt"/>
        <line num="28" count="15" type="stmt"/>
        <line num="29" count="15" type="stmt"/>
        <line num="30" count="15" type="stmt"/>
        <line num="31" count="15" type="stmt"/>
        <line num="37" count="15" type="cond" truecount="2" falsecount="0"/>
        <line num="38" count="15" type="cond" truecount="2" falsecount="0"/>
        <line num="40" count="15" type="stmt"/>
        <line num="41" count="8" type="stmt"/>
        <line num="44" count="15" type="stmt"/>
        <line num="45" count="8" type="stmt"/>
        <line num="46" count="8" type="stmt"/>
        <line num="47" count="8" type="stmt"/>
        <line num="50" count="8" type="stmt"/>
        <line num="51" count="6" type="stmt"/>
        <line num="54" count="6" type="stmt"/>
        <line num="55" count="6" type="stmt"/>
        <line num="58" count="6" type="cond" truecount="2" falsecount="0"/>
        <line num="60" count="3" type="stmt"/>
        <line num="70" count="3" type="stmt"/>
        <line num="74" count="3" type="stmt"/>
        <line num="77" count="1" type="stmt"/>
        <line num="79" count="7" type="stmt"/>
        <line num="83" count="15" type="stmt"/>
        <line num="84" count="1" type="stmt"/>
        <line num="87" count="15" type="stmt"/>
        <line num="88" count="8" type="cond" truecount="2" falsecount="0"/>
        <line num="89" count="6" type="stmt"/>
        <line num="92" count="15" type="cond" truecount="2" falsecount="0"/>
        <line num="93" count="8" type="stmt"/>
        <line num="102" count="7" type="cond" truecount="2" falsecount="0"/>
        <line num="103" count="1" type="stmt"/>
        <line num="115" count="6" type="stmt"/>
        <line num="116" count="0" type="stmt"/>
        <line num="157" count="8" type="stmt"/>
        <line num="171" count="15" type="stmt"/>
        <line num="183" count="1" type="stmt"/>
        <line num="204" count="1" type="stmt"/>
      </file>
      <file name="PaywallErrorBoundary.tsx" path="/Users/hemantmalhotra/Documents/VSC/Mindloop-Mobile/mindloop-mobile/src/components/subscription/PaywallErrorBoundary.tsx">
        <metrics statements="14" coveredstatements="6" conditionals="8" coveredconditionals="1" methods="5" coveredmethods="2"/>
        <line num="17" count="6" type="stmt"/>
        <line num="18" count="6" type="stmt"/>
        <line num="22" count="0" type="stmt"/>
        <line num="26" count="0" type="stmt"/>
        <line num="29" count="6" type="stmt"/>
        <line num="30" count="0" type="stmt"/>
        <line num="31" count="0" type="cond" truecount="0" falsecount="2"/>
        <line num="32" count="0" type="stmt"/>
        <line num="37" count="6" type="cond" truecount="1" falsecount="1"/>
        <line num="39" count="0" type="cond" truecount="0" falsecount="2"/>
        <line num="40" count="0" type="stmt"/>
        <line num="44" count="0" type="stmt"/>
        <line num="57" count="6" type="stmt"/>
        <line num="61" count="1" type="stmt"/>
      </file>
      <file name="SubscriptionManagement.tsx" path="/Users/hemantmalhotra/Documents/VSC/Mindloop-Mobile/mindloop-mobile/src/components/subscription/SubscriptionManagement.tsx">
        <metrics statements="48" coveredstatements="45" conditionals="30" coveredconditionals="24" methods="12" coveredmethods="11"/>
        <line num="12" count="1" type="stmt"/>
        <line num="17" count="23" type="stmt"/>
        <line num="18" count="23" type="stmt"/>
        <line num="19" count="23" type="stmt"/>
        <line num="20" count="23" type="stmt"/>
        <line num="22" count="23" type="cond" truecount="2" falsecount="0"/>
        <line num="24" count="23" type="stmt"/>
        <line num="25" count="11" type="stmt"/>
        <line num="28" count="23" type="stmt"/>
        <line num="29" count="13" type="stmt"/>
        <line num="30" count="13" type="stmt"/>
        <line num="31" count="13" type="stmt"/>
        <line num="33" count="13" type="stmt"/>
        <line num="38" count="11" type="stmt"/>
        <line num="39" count="11" type="stmt"/>
        <line num="41" count="1" type="stmt"/>
        <line num="43" count="12" type="stmt"/>
        <line num="47" count="23" type="stmt"/>
        <line num="48" count="10" type="cond" truecount="1" falsecount="1"/>
        <line num="49" count="10" type="cond" truecount="1" falsecount="1"/>
        <line num="52" count="23" type="stmt"/>
        <line num="53" count="11" type="stmt"/>
        <line num="60" count="23" type="stmt"/>
        <line num="61" count="1" type="cond" truecount="1" falsecount="1"/>
        <line num="64" count="1" type="stmt"/>
        <line num="65" count="1" type="stmt"/>
        <line num="68" count="1" type="stmt"/>
        <line num="77" count="1" type="stmt"/>
        <line num="78" count="1" type="cond" truecount="1" falsecount="1"/>
        <line num="79" count="1" type="stmt"/>
        <line num="80" count="1" type="stmt"/>
        <line num="82" count="0" type="stmt"/>
        <line num="90" count="23" type="stmt"/>
        <line num="91" count="1" type="cond" truecount="1" falsecount="1"/>
        <line num="93" count="1" type="stmt"/>
        <line num="94" count="1" type="cond" truecount="1" falsecount="1"/>
        <line num="95" count="1" type="stmt"/>
        <line num="96" count="1" type="stmt"/>
        <line num="98" count="0" type="stmt"/>
        <line num="102" count="23" type="cond" truecount="2" falsecount="0"/>
        <line num="103" count="11" type="stmt"/>
        <line num="112" count="12" type="cond" truecount="2" falsecount="0"/>
        <line num="113" count="1" type="stmt"/>
        <line num="125" count="11" type="stmt"/>
        <line num="181" count="7" type="stmt"/>
        <line num="191" count="1" type="stmt"/>
        <line num="231" count="0" type="stmt"/>
        <line num="243" count="1" type="stmt"/>
      </file>
    </package>
    <package name="config">
      <metrics statements="6" coveredstatements="6" conditionals="0" coveredconditionals="0" methods="0" coveredmethods="0"/>
      <file name="theme.ts" path="/Users/hemantmalhotra/Documents/VSC/Mindloop-Mobile/mindloop-mobile/src/config/theme.ts">
        <metrics statements="6" coveredstatements="6" conditionals="0" coveredconditionals="0" methods="0" coveredmethods="0"/>
        <line num="4" count="3" type="stmt"/>
        <line num="38" count="3" type="stmt"/>
        <line num="47" count="3" type="stmt"/>
        <line num="55" count="3" type="stmt"/>
        <line num="72" count="3" type="stmt"/>
        <line num="90" count="3" type="stmt"/>
      </file>
    </package>
    <package name="data">
      <metrics statements="14" coveredstatements="10" conditionals="0" coveredconditionals="0" methods="11" coveredmethods="3"/>
      <file name="ambientSounds.ts" path="/Users/hemantmalhotra/Documents/VSC/Mindloop-Mobile/mindloop-mobile/src/data/ambientSounds.ts">
        <metrics statements="9" coveredstatements="5" conditionals="0" coveredconditionals="0" methods="8" coveredmethods="0"/>
        <line num="18" count="14" type="stmt"/>
        <line num="99" count="14" type="stmt"/>
        <line num="100" count="0" type="stmt"/>
        <line num="103" count="14" type="stmt"/>
        <line num="104" count="0" type="stmt"/>
        <line num="107" count="14" type="stmt"/>
        <line num="108" count="0" type="stmt"/>
        <line num="111" count="14" type="stmt"/>
        <line num="112" count="0" type="stmt"/>
      </file>
      <file name="moodOptions.ts" path="/Users/hemantmalhotra/Documents/VSC/Mindloop-Mobile/mindloop-mobile/src/data/moodOptions.ts">
        <metrics statements="5" coveredstatements="5" conditionals="0" coveredconditionals="0" methods="3" coveredmethods="3"/>
        <line num="14" count="8" type="stmt"/>
        <line num="41" count="8" type="stmt"/>
        <line num="42" count="10" type="stmt"/>
        <line num="45" count="8" type="stmt"/>
        <line num="46" count="5" type="stmt"/>
      </file>
    </package>
    <package name="hooks">
      <metrics statements="346" coveredstatements="202" conditionals="216" coveredconditionals="67" methods="56" coveredmethods="38"/>
      <file name="useAudioPlayer.ts" path="/Users/hemantmalhotra/Documents/VSC/Mindloop-Mobile/mindloop-mobile/src/hooks/useAudioPlayer.ts">
        <metrics statements="106" coveredstatements="94" conditionals="56" coveredconditionals="32" methods="16" coveredmethods="14"/>
        <line num="18" count="1" type="stmt"/>
        <line num="19" count="23" type="stmt"/>
        <line num="20" count="23" type="stmt"/>
        <line num="21" count="23" type="stmt"/>
        <line num="22" count="23" type="stmt"/>
        <line num="23" count="23" type="stmt"/>
        <line num="26" count="23" type="stmt"/>
        <line num="28" count="23" type="stmt"/>
        <line num="30" count="23" type="stmt"/>
        <line num="33" count="23" type="stmt"/>
        <line num="34" count="9" type="stmt"/>
        <line num="35" count="9" type="stmt"/>
        <line num="36" count="9" type="stmt"/>
        <line num="40" count="23" type="stmt"/>
        <line num="41" count="5" type="stmt"/>
        <line num="42" count="5" type="stmt"/>
        <line num="43" count="5" type="stmt"/>
        <line num="45" count="5" type="cond" truecount="1" falsecount="1"/>
        <line num="48" count="23" type="stmt"/>
        <line num="49" count="6" type="stmt"/>
        <line num="51" count="6" type="stmt"/>
        <line num="52" count="6" type="cond" truecount="2" falsecount="0"/>
        <line num="54" count="5" type="stmt"/>
        <line num="55" count="5" type="cond" truecount="1" falsecount="1"/>
        <line num="57" count="5" type="stmt"/>
        <line num="60" count="5" type="cond" truecount="1" falsecount="1"/>
        <line num="61" count="5" type="stmt"/>
        <line num="62" count="5" type="stmt"/>
        <line num="63" count="5" type="stmt"/>
        <line num="64" count="5" type="stmt"/>
        <line num="65" count="5" type="stmt"/>
        <line num="68" count="5" type="cond" truecount="1" falsecount="1"/>
        <line num="70" count="35" type="stmt"/>
        <line num="71" count="5" type="cond" truecount="3" falsecount="1"/>
        <line num="72" count="5" type="stmt"/>
        <line num="78" count="0" type="stmt"/>
        <line num="82" count="23" type="stmt"/>
        <line num="83" count="2" type="stmt"/>
        <line num="84" count="2" type="stmt"/>
        <line num="85" count="2" type="cond" truecount="2" falsecount="0"/>
        <line num="87" count="1" type="stmt"/>
        <line num="90" count="1" type="cond" truecount="1" falsecount="1"/>
        <line num="91" count="1" type="stmt"/>
        <line num="92" count="1" type="stmt"/>
        <line num="93" count="1" type="stmt"/>
        <line num="94" count="1" type="stmt"/>
        <line num="95" count="1" type="stmt"/>
        <line num="98" count="1" type="cond" truecount="1" falsecount="1"/>
        <line num="100" count="7" type="stmt"/>
        <line num="101" count="1" type="cond" truecount="3" falsecount="1"/>
        <line num="102" count="1" type="stmt"/>
        <line num="108" count="0" type="stmt"/>
        <line num="112" count="23" type="stmt"/>
        <line num="113" count="2" type="stmt"/>
        <line num="114" count="2" type="stmt"/>
        <line num="115" count="2" type="cond" truecount="2" falsecount="0"/>
        <line num="117" count="1" type="stmt"/>
        <line num="120" count="1" type="cond" truecount="1" falsecount="1"/>
        <line num="121" count="1" type="stmt"/>
        <line num="122" count="1" type="stmt"/>
        <line num="123" count="1" type="stmt"/>
        <line num="124" count="1" type="stmt"/>
        <line num="125" count="1" type="stmt"/>
        <line num="128" count="1" type="cond" truecount="1" falsecount="1"/>
        <line num="130" count="0" type="stmt"/>
        <line num="131" count="0" type="cond" truecount="0" falsecount="4"/>
        <line num="132" count="0" type="stmt"/>
        <line num="136" count="1" type="cond" truecount="1" falsecount="1"/>
        <line num="137" count="1" type="stmt"/>
        <line num="143" count="0" type="stmt"/>
        <line num="147" count="23" type="stmt"/>
        <line num="149" count="1" type="cond" truecount="3" falsecount="1"/>
        <line num="150" count="0" type="stmt"/>
        <line num="151" count="0" type="stmt"/>
        <line num="153" count="1" type="stmt"/>
        <line num="154" count="1" type="stmt"/>
        <line num="158" count="23" type="stmt"/>
        <line num="160" count="9" type="cond" truecount="1" falsecount="1"/>
        <line num="162" count="9" type="stmt"/>
        <line num="164" count="9" type="stmt"/>
        <line num="167" count="9" type="cond" truecount="1" falsecount="1"/>
        <line num="169" count="9" type="stmt"/>
        <line num="170" count="9" type="stmt"/>
        <line num="171" count="9" type="stmt"/>
        <line num="172" count="9" type="stmt"/>
        <line num="173" count="9" type="stmt"/>
        <line num="176" count="9" type="cond" truecount="2" falsecount="0"/>
        <line num="178" count="14" type="stmt"/>
        <line num="179" count="2" type="cond" truecount="3" falsecount="1"/>
        <line num="180" count="2" type="stmt"/>
        <line num="184" count="7" type="stmt"/>
        <line num="188" count="0" type="stmt"/>
        <line num="193" count="23" type="stmt"/>
        <line num="194" count="9" type="stmt"/>
        <line num="195" count="9" type="stmt"/>
        <line num="197" count="0" type="cond" truecount="0" falsecount="4"/>
        <line num="198" count="0" type="stmt"/>
        <line num="204" count="9" type="stmt"/>
        <line num="207" count="9" type="stmt"/>
        <line num="210" count="9" type="stmt"/>
        <line num="211" count="9" type="cond" truecount="1" falsecount="1"/>
        <line num="212" count="9" type="stmt"/>
        <line num="213" count="9" type="stmt"/>
        <line num="217" count="9" type="stmt"/>
        <line num="220" count="0" type="stmt"/>
        <line num="225" count="23" type="stmt"/>
      </file>
      <file name="useAuthSubscription.ts" path="/Users/hemantmalhotra/Documents/VSC/Mindloop-Mobile/mindloop-mobile/src/hooks/useAuthSubscription.ts">
        <metrics statements="153" coveredstatements="50" conditionals="152" coveredconditionals="31" methods="12" coveredmethods="6"/>
        <line num="7" count="1" type="stmt"/>
        <line num="8" count="19" type="cond" truecount="1" falsecount="1"/>
        <line num="9" count="19" type="cond" truecount="1" falsecount="1"/>
        <line num="10" count="19" type="stmt"/>
        <line num="11" count="19" type="stmt"/>
        <line num="12" count="19" type="stmt"/>
        <line num="13" count="19" type="stmt"/>
        <line num="16" count="19" type="stmt"/>
        <line num="19" count="19" type="stmt"/>
        <line num="21" count="9" type="stmt"/>
        <line num="23" count="9" type="stmt"/>
        <line num="24" count="9" type="stmt"/>
        <line num="25" count="9" type="stmt"/>
        <line num="26" count="9" type="stmt"/>
        <line num="27" count="9" type="cond" truecount="5" falsecount="0"/>
        <line num="28" count="6" type="stmt"/>
        <line num="30" count="6" type="stmt"/>
        <line num="31" count="6" type="cond" truecount="5" falsecount="0"/>
        <line num="32" count="4" type="stmt"/>
        <line num="36" count="2" type="stmt"/>
        <line num="37" count="2" type="stmt"/>
        <line num="38" count="2" type="cond" truecount="4" falsecount="1"/>
        <line num="39" count="2" type="stmt"/>
        <line num="40" count="2" type="cond" truecount="4" falsecount="1"/>
        <line num="41" count="2" type="stmt"/>
        <line num="44" count="0" type="cond" truecount="0" falsecount="4"/>
        <line num="45" count="0" type="stmt"/>
        <line num="51" count="0" type="cond" truecount="0" falsecount="4"/>
        <line num="52" count="0" type="cond" truecount="0" falsecount="2"/>
        <line num="55" count="9" type="cond" truecount="3" falsecount="1"/>
        <line num="56" count="9" type="stmt"/>
        <line num="61" count="9" type="stmt"/>
        <line num="64" count="9" type="stmt"/>
        <line num="65" count="9" type="stmt"/>
        <line num="66" count="9" type="stmt"/>
        <line num="71" count="19" type="stmt"/>
        <line num="72" count="0" type="stmt"/>
        <line num="73" count="0" type="stmt"/>
        <line num="74" count="0" type="cond" truecount="0" falsecount="2"/>
        <line num="76" count="0" type="stmt"/>
        <line num="77" count="0" type="stmt"/>
        <line num="78" count="0" type="cond" truecount="0" falsecount="2"/>
        <line num="79" count="0" type="stmt"/>
        <line num="80" count="0" type="cond" truecount="0" falsecount="4"/>
        <line num="81" count="0" type="stmt"/>
        <line num="85" count="0" type="stmt"/>
        <line num="86" count="0" type="stmt"/>
        <line num="87" count="0" type="cond" truecount="0" falsecount="4"/>
        <line num="88" count="0" type="stmt"/>
        <line num="89" count="0" type="cond" truecount="0" falsecount="4"/>
        <line num="90" count="0" type="stmt"/>
        <line num="92" count="0" type="cond" truecount="0" falsecount="2"/>
        <line num="93" count="0" type="stmt"/>
        <line num="96" count="0" type="cond" truecount="0" falsecount="2"/>
        <line num="97" count="0" type="stmt"/>
        <line num="100" count="0" type="cond" truecount="0" falsecount="2"/>
        <line num="101" count="0" type="cond" truecount="0" falsecount="2"/>
        <line num="106" count="19" type="stmt"/>
        <line num="107" count="0" type="stmt"/>
        <line num="108" count="0" type="stmt"/>
        <line num="109" count="0" type="cond" truecount="0" falsecount="2"/>
        <line num="110" count="0" type="stmt"/>
        <line num="114" count="0" type="stmt"/>
        <line num="116" count="0" type="cond" truecount="0" falsecount="2"/>
        <line num="117" count="0" type="stmt"/>
        <line num="118" count="0" type="cond" truecount="0" falsecount="4"/>
        <line num="119" count="0" type="stmt"/>
        <line num="121" count="0" type="stmt"/>
        <line num="122" count="0" type="stmt"/>
        <line num="124" count="0" type="stmt"/>
        <line num="127" count="0" type="cond" truecount="0" falsecount="2"/>
        <line num="130" count="0" type="cond" truecount="0" falsecount="2"/>
        <line num="131" count="0" type="cond" truecount="0" falsecount="2"/>
        <line num="132" count="0" type="stmt"/>
        <line num="134" count="0" type="stmt"/>
        <line num="136" count="0" type="cond" truecount="0" falsecount="2"/>
        <line num="137" count="0" type="stmt"/>
        <line num="142" count="19" type="stmt"/>
        <line num="143" count="0" type="stmt"/>
        <line num="144" count="0" type="stmt"/>
        <line num="145" count="0" type="cond" truecount="0" falsecount="2"/>
        <line num="146" count="0" type="stmt"/>
        <line num="150" count="0" type="stmt"/>
        <line num="152" count="0" type="cond" truecount="0" falsecount="2"/>
        <line num="153" count="0" type="stmt"/>
        <line num="154" count="0" type="cond" truecount="0" falsecount="4"/>
        <line num="155" count="0" type="stmt"/>
        <line num="158" count="0" type="stmt"/>
        <line num="159" count="0" type="stmt"/>
        <line num="161" count="0" type="stmt"/>
        <line num="164" count="0" type="cond" truecount="0" falsecount="2"/>
        <line num="167" count="0" type="cond" truecount="0" falsecount="2"/>
        <line num="168" count="0" type="cond" truecount="0" falsecount="2"/>
        <line num="169" count="0" type="stmt"/>
        <line num="171" count="0" type="stmt"/>
        <line num="173" count="0" type="cond" truecount="0" falsecount="2"/>
        <line num="174" count="0" type="stmt"/>
        <line num="179" count="19" type="stmt"/>
        <line num="180" count="1" type="stmt"/>
        <line num="181" count="1" type="stmt"/>
        <line num="182" count="1" type="stmt"/>
        <line num="183" count="1" type="cond" truecount="1" falsecount="1"/>
        <line num="184" count="1" type="stmt"/>
        <line num="185" count="1" type="stmt"/>
        <line num="188" count="0" type="cond" truecount="0" falsecount="2"/>
        <line num="189" count="0" type="cond" truecount="0" falsecount="2"/>
        <line num="190" count="0" type="stmt"/>
        <line num="192" count="0" type="stmt"/>
        <line num="194" count="1" type="cond" truecount="1" falsecount="1"/>
        <line num="195" count="1" type="stmt"/>
        <line num="200" count="19" type="stmt"/>
        <line num="201" count="0" type="cond" truecount="0" falsecount="2"/>
        <line num="202" count="0" type="stmt"/>
        <line num="205" count="0" type="stmt"/>
        <line num="207" count="0" type="cond" truecount="0" falsecount="2"/>
        <line num="208" count="0" type="stmt"/>
        <line num="212" count="0" type="cond" truecount="0" falsecount="4"/>
        <line num="213" count="0" type="stmt"/>
        <line num="217" count="0" type="cond" truecount="0" falsecount="4"/>
        <line num="218" count="0" type="stmt"/>
        <line num="222" count="0" type="cond" truecount="0" falsecount="2"/>
        <line num="223" count="0" type="stmt"/>
        <line num="224" count="0" type="cond" truecount="0" falsecount="2"/>
        <line num="225" count="0" type="stmt"/>
        <line num="229" count="0" type="cond" truecount="0" falsecount="2"/>
        <line num="230" count="0" type="stmt"/>
        <line num="231" count="0" type="cond" truecount="0" falsecount="2"/>
        <line num="232" count="0" type="stmt"/>
        <line num="236" count="0" type="stmt"/>
        <line num="238" count="0" type="stmt"/>
        <line num="241" count="0" type="stmt"/>
        <line num="248" count="0" type="cond" truecount="0" falsecount="2"/>
        <line num="250" count="0" type="stmt"/>
        <line num="254" count="0" type="cond" truecount="0" falsecount="4"/>
        <line num="255" count="0" type="stmt"/>
        <line num="257" count="0" type="stmt"/>
        <line num="259" count="0" type="stmt"/>
        <line num="262" count="0" type="cond" truecount="0" falsecount="2"/>
        <line num="263" count="0" type="cond" truecount="0" falsecount="2"/>
        <line num="264" count="0" type="stmt"/>
        <line num="266" count="0" type="stmt"/>
        <line num="268" count="0" type="cond" truecount="0" falsecount="2"/>
        <line num="269" count="0" type="stmt"/>
        <line num="274" count="19" type="stmt"/>
        <line num="275" count="2" type="cond" truecount="4" falsecount="0"/>
        <line num="276" count="1" type="stmt"/>
        <line num="281" count="1" type="stmt"/>
        <line num="284" count="19" type="stmt"/>
        <line num="285" count="0" type="cond" truecount="0" falsecount="4"/>
        <line num="286" count="0" type="stmt"/>
        <line num="290" count="0" type="cond" truecount="0" falsecount="2"/>
        <line num="291" count="0" type="stmt"/>
        <line num="294" count="19" type="stmt"/>
      </file>
      <file name="useBreathingSession.ts" path="/Users/hemantmalhotra/Documents/VSC/Mindloop-Mobile/mindloop-mobile/src/hooks/useBreathingSession.ts">
        <metrics statements="2" coveredstatements="2" conditionals="0" coveredconditionals="0" methods="5" coveredmethods="1"/>
        <line num="10" count="1" type="stmt"/>
        <line num="12" count="6" type="stmt"/>
      </file>
      <file name="useMoodTracking.ts" path="/Users/hemantmalhotra/Documents/VSC/Mindloop-Mobile/mindloop-mobile/src/hooks/useMoodTracking.ts">
        <metrics statements="22" coveredstatements="19" conditionals="0" coveredconditionals="0" methods="6" coveredmethods="5"/>
        <line num="22" count="1" type="stmt"/>
        <line num="23" count="14" type="stmt"/>
        <line num="24" count="14" type="stmt"/>
        <line num="26" count="14" type="stmt"/>
        <line num="27" count="6" type="stmt"/>
        <line num="28" count="6" type="stmt"/>
        <line num="29" count="6" type="stmt"/>
        <line num="30" count="6" type="stmt"/>
        <line num="32" count="0" type="stmt"/>
        <line num="34" count="6" type="stmt"/>
        <line num="38" count="14" type="stmt"/>
        <line num="39" count="2" type="stmt"/>
        <line num="40" count="2" type="stmt"/>
        <line num="41" count="2" type="stmt"/>
        <line num="43" count="0" type="stmt"/>
        <line num="47" count="14" type="stmt"/>
        <line num="48" count="1" type="stmt"/>
        <line num="51" count="14" type="stmt"/>
        <line num="52" count="0" type="stmt"/>
        <line num="55" count="14" type="stmt"/>
        <line num="56" count="4" type="stmt"/>
        <line num="59" count="14" type="stmt"/>
      </file>
      <file name="useNavigation.ts" path="/Users/hemantmalhotra/Documents/VSC/Mindloop-Mobile/mindloop-mobile/src/hooks/useNavigation.ts">
        <metrics statements="0" coveredstatements="0" conditionals="0" coveredconditionals="0" methods="0" coveredmethods="0"/>
      </file>
      <file name="useOnboarding.ts" path="/Users/hemantmalhotra/Documents/VSC/Mindloop-Mobile/mindloop-mobile/src/hooks/useOnboarding.ts">
        <metrics statements="15" coveredstatements="15" conditionals="4" coveredconditionals="2" methods="7" coveredmethods="7"/>
        <line num="3" count="4" type="stmt"/>
        <line num="4" count="16" type="stmt"/>
        <line num="5" count="16" type="stmt"/>
        <line num="6" count="16" type="stmt"/>
        <line num="8" count="16" type="stmt"/>
        <line num="9" count="3" type="cond" truecount="1" falsecount="1"/>
        <line num="10" count="3" type="stmt"/>
        <line num="14" count="16" type="stmt"/>
        <line num="15" count="1" type="cond" truecount="1" falsecount="1"/>
        <line num="16" count="1" type="stmt"/>
        <line num="20" count="16" type="stmt"/>
        <line num="21" count="1" type="stmt"/>
        <line num="24" count="16" type="stmt"/>
        <line num="25" count="1" type="stmt"/>
        <line num="28" count="16" type="stmt"/>
      </file>
      <file name="useProgressTracking.ts" path="/Users/hemantmalhotra/Documents/VSC/Mindloop-Mobile/mindloop-mobile/src/hooks/useProgressTracking.ts">
        <metrics statements="3" coveredstatements="3" conditionals="0" coveredconditionals="0" methods="1" coveredmethods="1"/>
        <line num="8" count="2" type="stmt"/>
        <line num="9" count="1" type="stmt"/>
        <line num="11" count="1" type="stmt"/>
      </file>
      <file name="useSessionTimer.ts" path="/Users/hemantmalhotra/Documents/VSC/Mindloop-Mobile/mindloop-mobile/src/hooks/useSessionTimer.ts">
        <metrics statements="45" coveredstatements="19" conditionals="4" coveredconditionals="2" methods="9" coveredmethods="4"/>
        <line num="15" count="3" type="stmt"/>
        <line num="16" count="3" type="stmt"/>
        <line num="17" count="3" type="stmt"/>
        <line num="18" count="3" type="stmt"/>
        <line num="19" count="3" type="stmt"/>
        <line num="20" count="3" type="stmt"/>
        <line num="22" count="3" type="stmt"/>
        <line num="26" count="3" type="cond" truecount="1" falsecount="1"/>
        <line num="27" count="0" type="stmt"/>
        <line num="29" count="0" type="stmt"/>
        <line num="32" count="0" type="stmt"/>
        <line num="33" count="0" type="stmt"/>
        <line num="34" count="0" type="stmt"/>
        <line num="35" count="0" type="stmt"/>
        <line num="39" count="3" type="stmt"/>
        <line num="40" count="3" type="stmt"/>
        <line num="41" count="3" type="stmt"/>
        <line num="42" count="3" type="stmt"/>
        <line num="45" count="3" type="stmt"/>
        <line num="46" count="3" type="cond" truecount="1" falsecount="1"/>
        <line num="50" count="3" type="stmt"/>
        <line num="51" count="0" type="stmt"/>
        <line num="53" count="0" type="stmt"/>
        <line num="54" count="0" type="stmt"/>
        <line num="55" count="0" type="stmt"/>
        <line num="56" count="0" type="stmt"/>
        <line num="59" count="3" type="stmt"/>
        <line num="60" count="0" type="stmt"/>
        <line num="62" count="0" type="stmt"/>
        <line num="63" count="0" type="stmt"/>
        <line num="64" count="0" type="stmt"/>
        <line num="65" count="0" type="stmt"/>
        <line num="68" count="3" type="stmt"/>
        <line num="69" count="0" type="stmt"/>
        <line num="71" count="0" type="stmt"/>
        <line num="72" count="0" type="stmt"/>
        <line num="73" count="0" type="stmt"/>
        <line num="74" count="0" type="stmt"/>
        <line num="77" count="3" type="stmt"/>
        <line num="78" count="0" type="stmt"/>
        <line num="80" count="0" type="stmt"/>
        <line num="81" count="0" type="stmt"/>
        <line num="82" count="0" type="stmt"/>
        <line num="83" count="0" type="stmt"/>
        <line num="86" count="3" type="stmt"/>
      </file>
    </package>
    <package name="models">
      <metrics statements="43" coveredstatements="43" conditionals="7" coveredconditionals="7" methods="8" coveredmethods="8"/>
      <file name="Session.ts" path="/Users/hemantmalhotra/Documents/VSC/Mindloop-Mobile/mindloop-mobile/src/models/Session.ts">
        <metrics statements="6" coveredstatements="6" conditionals="0" coveredconditionals="0" methods="1" coveredmethods="1"/>
        <line num="19" count="8" type="stmt"/>
        <line num="20" count="8" type="stmt"/>
        <line num="21" count="8" type="stmt"/>
        <line num="22" count="8" type="stmt"/>
        <line num="23" count="8" type="stmt"/>
        <line num="24" count="8" type="stmt"/>
      </file>
      <file name="User.ts" path="/Users/hemantmalhotra/Documents/VSC/Mindloop-Mobile/mindloop-mobile/src/models/User.ts">
        <metrics statements="5" coveredstatements="5" conditionals="0" coveredconditionals="0" methods="1" coveredmethods="1"/>
        <line num="22" count="31" type="stmt"/>
        <line num="23" count="31" type="stmt"/>
        <line num="24" count="31" type="stmt"/>
        <line num="25" count="31" type="stmt"/>
        <line num="26" count="31" type="stmt"/>
      </file>
      <file name="subscription.ts" path="/Users/hemantmalhotra/Documents/VSC/Mindloop-Mobile/mindloop-mobile/src/models/subscription.ts">
        <metrics statements="32" coveredstatements="32" conditionals="7" coveredconditionals="7" methods="6" coveredmethods="6"/>
        <line num="36" count="158" type="stmt"/>
        <line num="39" count="158" type="stmt"/>
        <line num="40" count="158" type="stmt"/>
        <line num="41" count="158" type="stmt"/>
        <line num="42" count="158" type="stmt"/>
        <line num="43" count="158" type="stmt"/>
        <line num="44" count="158" type="stmt"/>
        <line num="45" count="158" type="stmt"/>
        <line num="71" count="60" type="stmt"/>
        <line num="72" count="60" type="stmt"/>
        <line num="73" count="60" type="stmt"/>
        <line num="74" count="60" type="stmt"/>
        <line num="75" count="60" type="stmt"/>
        <line num="76" count="60" type="stmt"/>
        <line num="77" count="60" type="stmt"/>
        <line num="81" count="5" type="stmt"/>
        <line num="82" count="5" type="cond" truecount="3" falsecount="0"/>
        <line num="88" count="3" type="stmt"/>
        <line num="89" count="3" type="stmt"/>
        <line num="90" count="3" type="stmt"/>
        <line num="91" count="3" type="cond" truecount="2" falsecount="0"/>
        <line num="117" count="16" type="stmt"/>
        <line num="118" count="16" type="stmt"/>
        <line num="119" count="16" type="stmt"/>
        <line num="120" count="16" type="stmt"/>
        <line num="121" count="16" type="stmt"/>
        <line num="122" count="16" type="stmt"/>
        <line num="123" count="16" type="stmt"/>
        <line num="127" count="17" type="stmt"/>
        <line num="128" count="17" type="stmt"/>
        <line num="129" count="17" type="stmt"/>
        <line num="130" count="17" type="cond" truecount="2" falsecount="0"/>
      </file>
    </package>
    <package name="navigation">
      <metrics statements="70" coveredstatements="31" conditionals="22" coveredconditionals="7" methods="25" coveredmethods="5"/>
      <file name="AppNavigator.tsx" path="/Users/hemantmalhotra/Documents/VSC/Mindloop-Mobile/mindloop-mobile/src/navigation/AppNavigator.tsx">
        <metrics statements="70" coveredstatements="31" conditionals="22" coveredconditionals="7" methods="25" coveredmethods="5"/>
        <line num="5" count="2" type="stmt"/>
        <line num="6" count="2" type="stmt"/>
        <line num="8" count="2" type="stmt"/>
        <line num="10" count="2" type="stmt"/>
        <line num="11" count="2" type="stmt"/>
        <line num="12" count="0" type="stmt"/>
        <line num="13" count="0" type="stmt"/>
        <line num="16" count="2" type="stmt"/>
        <line num="53" count="2" type="stmt"/>
        <line num="55" count="2" type="stmt"/>
        <line num="56" count="3" type="stmt"/>
        <line num="57" count="3" type="cond" truecount="1" falsecount="1"/>
        <line num="58" count="0" type="stmt"/>
        <line num="60" count="3" type="stmt"/>
        <line num="69" count="2" type="cond" truecount="1" falsecount="1"/>
        <line num="72" count="2" type="stmt"/>
        <line num="73" count="0" type="stmt"/>
        <line num="81" count="8" type="stmt"/>
        <line num="83" count="0" type="stmt"/>
        <line num="86" count="0" type="stmt"/>
        <line num="89" count="0" type="stmt"/>
        <line num="94" count="2" type="stmt"/>
        <line num="95" count="8" type="stmt"/>
        <line num="97" count="8" type="stmt"/>
        <line num="98" count="8" type="stmt"/>
        <line num="100" count="0" type="stmt"/>
        <line num="101" count="0" type="stmt"/>
        <line num="102" count="0" type="stmt"/>
        <line num="103" count="0" type="stmt"/>
        <line num="107" count="8" type="stmt"/>
        <line num="112" count="2" type="stmt"/>
        <line num="116" count="8" type="stmt"/>
        <line num="119" count="8" type="cond" truecount="2" falsecount="3"/>
        <line num="120" count="8" type="stmt"/>
        <line num="123" count="8" type="stmt"/>
        <line num="125" count="0" type="stmt"/>
        <line num="126" count="0" type="stmt"/>
        <line num="129" count="0" type="stmt"/>
        <line num="130" count="0" type="cond" truecount="0" falsecount="2"/>
        <line num="131" count="0" type="stmt"/>
        <line num="135" count="0" type="stmt"/>
        <line num="136" count="0" type="stmt"/>
        <line num="141" count="8" type="stmt"/>
        <line num="142" count="5" type="cond" truecount="1" falsecount="7"/>
        <line num="144" count="5" type="stmt"/>
        <line num="151" count="0" type="stmt"/>
        <line num="158" count="0" type="stmt"/>
        <line num="165" count="0" type="stmt"/>
        <line num="172" count="0" type="stmt"/>
        <line num="179" count="0" type="stmt"/>
        <line num="186" count="0" type="stmt"/>
        <line num="193" count="0" type="stmt"/>
        <line num="202" count="8" type="stmt"/>
        <line num="215" count="0" type="stmt"/>
        <line num="221" count="0" type="stmt"/>
        <line num="227" count="0" type="stmt"/>
        <line num="233" count="0" type="stmt"/>
        <line num="239" count="0" type="stmt"/>
        <line num="245" count="0" type="stmt"/>
        <line num="251" count="0" type="stmt"/>
        <line num="277" count="0" type="stmt"/>
        <line num="343" count="2" type="stmt"/>
        <line num="344" count="0" type="stmt"/>
        <line num="345" count="0" type="stmt"/>
        <line num="348" count="2" type="stmt"/>
        <line num="349" count="0" type="stmt"/>
        <line num="350" count="0" type="stmt"/>
        <line num="353" count="2" type="stmt"/>
        <line num="354" count="0" type="stmt"/>
        <line num="355" count="0" type="stmt"/>
      </file>
    </package>
    <package name="screens">
      <metrics statements="40" coveredstatements="9" conditionals="10" coveredconditionals="0" methods="15" coveredmethods="0"/>
      <file name="CompletionScreen.tsx" path="/Users/hemantmalhotra/Documents/VSC/Mindloop-Mobile/mindloop-mobile/src/screens/CompletionScreen.tsx">
        <metrics statements="8" coveredstatements="2" conditionals="1" coveredconditionals="0" methods="2" coveredmethods="0"/>
        <line num="12" count="2" type="stmt"/>
        <line num="17" count="0" type="stmt"/>
        <line num="18" count="0" type="stmt"/>
        <line num="19" count="0" type="stmt"/>
        <line num="22" count="0" type="stmt"/>
        <line num="24" count="0" type="stmt"/>
        <line num="28" count="0" type="stmt"/>
        <line num="75" count="2" type="stmt"/>
      </file>
      <file name="HistoryScreen.tsx" path="/Users/hemantmalhotra/Documents/VSC/Mindloop-Mobile/mindloop-mobile/src/screens/HistoryScreen.tsx">
        <metrics statements="2" coveredstatements="1" conditionals="0" coveredconditionals="0" methods="1" coveredmethods="0"/>
        <line num="8" count="2" type="stmt"/>
        <line num="9" count="0" type="stmt"/>
      </file>
      <file name="HomeScreen.tsx" path="/Users/hemantmalhotra/Documents/VSC/Mindloop-Mobile/mindloop-mobile/src/screens/HomeScreen.tsx">
        <metrics statements="11" coveredstatements="2" conditionals="4" coveredconditionals="0" methods="3" coveredmethods="0"/>
        <line num="13" count="3" type="stmt"/>
        <line num="14" count="0" type="stmt"/>
        <line num="17" count="0" type="stmt"/>
        <line num="18" count="0" type="cond" truecount="0" falsecount="2"/>
        <line num="19" count="0" type="stmt"/>
        <line num="23" count="0" type="stmt"/>
        <line num="24" count="0" type="cond" truecount="0" falsecount="2"/>
        <line num="25" count="0" type="stmt"/>
        <line num="27" count="0" type="stmt"/>
        <line num="30" count="0" type="stmt"/>
        <line num="79" count="3" type="stmt"/>
      </file>
      <file name="MoodCheckInScreen.tsx" path="/Users/hemantmalhotra/Documents/VSC/Mindloop-Mobile/mindloop-mobile/src/screens/MoodCheckInScreen.tsx">
        <metrics statements="15" coveredstatements="2" conditionals="5" coveredconditionals="0" methods="7" coveredmethods="0"/>
        <line num="13" count="2" type="stmt"/>
        <line num="19" count="0" type="stmt"/>
        <line num="20" count="0" type="stmt"/>
        <line num="22" count="0" type="stmt"/>
        <line num="23" count="0" type="stmt"/>
        <line num="24" count="0" type="stmt"/>
        <line num="27" count="0" type="stmt"/>
        <line num="28" count="0" type="stmt"/>
        <line num="29" count="0" type="stmt"/>
        <line num="35" count="0" type="stmt"/>
        <line num="61" count="0" type="stmt"/>
        <line num="64" count="0" type="stmt"/>
        <line num="75" count="0" type="stmt"/>
        <line num="78" count="0" type="stmt"/>
        <line num="116" count="2" type="stmt"/>
      </file>
      <file name="ProfileScreen.tsx" path="/Users/hemantmalhotra/Documents/VSC/Mindloop-Mobile/mindloop-mobile/src/screens/ProfileScreen.tsx">
        <metrics statements="2" coveredstatements="1" conditionals="0" coveredconditionals="0" methods="1" coveredmethods="0"/>
        <line num="8" count="2" type="stmt"/>
        <line num="9" count="0" type="stmt"/>
      </file>
      <file name="SettingsScreen.tsx" path="/Users/hemantmalhotra/Documents/VSC/Mindloop-Mobile/mindloop-mobile/src/screens/SettingsScreen.tsx">
        <metrics statements="2" coveredstatements="1" conditionals="0" coveredconditionals="0" methods="1" coveredmethods="0"/>
        <line num="8" count="2" type="stmt"/>
        <line num="9" count="0" type="stmt"/>
      </file>
    </package>
    <package name="services">
      <metrics statements="985" coveredstatements="643" conditionals="528" coveredconditionals="311" methods="190" coveredmethods="138"/>
      <file name="audioService.ts" path="/Users/hemantmalhotra/Documents/VSC/Mindloop-Mobile/mindloop-mobile/src/services/audioService.ts">
        <metrics statements="268" coveredstatements="169" conditionals="104" coveredconditionals="62" methods="80" coveredmethods="50"/>
        <line num="7" count="12" type="stmt"/>
        <line num="36" count="12" type="stmt"/>
        <line num="37" count="12" type="stmt"/>
        <line num="38" count="12" type="stmt"/>
        <line num="39" count="12" type="stmt"/>
        <line num="43" count="145" type="cond" truecount="2" falsecount="0"/>
        <line num="44" count="66" type="stmt"/>
        <line num="47" count="145" type="stmt"/>
        <line num="55" count="0" type="stmt"/>
        <line num="56" count="0" type="cond" truecount="0" falsecount="2"/>
        <line num="57" count="0" type="stmt"/>
        <line num="62" count="0" type="stmt"/>
        <line num="64" count="0" type="stmt"/>
        <line num="65" count="0" type="stmt"/>
        <line num="66" count="0" type="stmt"/>
        <line num="68" count="0" type="stmt"/>
        <line num="72" count="0" type="stmt"/>
        <line num="76" count="0" type="stmt"/>
        <line num="80" count="0" type="stmt"/>
        <line num="84" count="0" type="stmt"/>
[...]
        <line num="53" count="0" type="stmt"/>
        <line num="54" count="0" type="stmt"/>
        <line num="56" count="0" type="stmt"/>
        <line num="59" count="0" type="stmt"/>
        <line num="60" count="0" type="cond" truecount="0" falsecount="2"/>
        <line num="63" count="0" type="stmt"/>
        <line num="69" count="96" type="cond" truecount="1" falsecount="1"/>
        <line num="71" count="96" type="stmt"/>
        <line num="74" count="0" type="stmt"/>
        <line num="75" count="0" type="stmt"/>
        <line num="76" count="0" type="stmt"/>
        <line num="77" count="0" type="stmt"/>
        <line num="79" count="0" type="stmt"/>
        <line num="85" count="75" type="cond" truecount="1" falsecount="1"/>
        <line num="87" count="75" type="stmt"/>
        <line num="90" count="0" type="stmt"/>
        <line num="91" count="0" type="stmt"/>
        <line num="92" count="0" type="stmt"/>
        <line num="93" count="0" type="stmt"/>
        <line num="95" count="0" type="stmt"/>
        <line num="109" count="19" type="stmt"/>
        <line num="110" count="19" type="stmt"/>
        <line num="114" count="19" type="stmt"/>
        <line num="118" count="19" type="cond" truecount="1" falsecount="1"/>
        <line num="119" count="19" type="stmt"/>
        <line num="121" count="19" type="stmt"/>
        <line num="125" count="19" type="stmt"/>
        <line num="127" count="19" type="cond" truecount="3" falsecount="1"/>
        <line num="130" count="0" type="cond" truecount="0" falsecount="2"/>
        <line num="131" count="0" type="stmt"/>
        <line num="134" count="0" type="stmt"/>
        <line num="139" count="19" type="stmt"/>
        <line num="144" count="0" type="cond" truecount="0" falsecount="2"/>
        <line num="146" count="0" type="stmt"/>
        <line num="148" count="0" type="stmt"/>
        <line num="157" count="96" type="cond" truecount="1" falsecount="1"/>
        <line num="158" count="96" type="stmt"/>
        <line num="160" count="96" type="stmt"/>
        <line num="163" count="96" type="stmt"/>
        <line num="166" count="96" type="stmt"/>
        <line num="169" count="96" type="stmt"/>
        <line num="180" count="96" type="stmt"/>
        <line num="181" count="96" type="stmt"/>
        <line num="182" count="96" type="stmt"/>
        <line num="184" count="96" type="stmt"/>
        <line num="186" count="0" type="stmt"/>
        <line num="187" count="0" type="stmt"/>
        <line num="191" count="0" type="stmt"/>
        <line num="200" count="75" type="stmt"/>
        <line num="201" count="75" type="cond" truecount="1" falsecount="1"/>
        <line num="203" count="75" type="stmt"/>
        <line num="204" count="75" type="stmt"/>
        <line num="205" count="75" type="stmt"/>
        <line num="206" count="53887" type="stmt"/>
        <line num="210" count="75" type="stmt"/>
        <line num="211" count="75" type="stmt"/>
        <line num="214" count="75" type="stmt"/>
        <line num="217" count="75" type="stmt"/>
        <line num="228" count="67" type="stmt"/>
        <line num="231" count="0" type="stmt"/>
        <line num="234" count="8" type="stmt"/>
        <line num="236" count="8" type="stmt"/>
        <line num="247" count="171" type="stmt"/>
        <line num="255" count="171" type="stmt"/>
        <line num="268" count="171" type="stmt"/>
        <line num="275" count="1237" type="cond" truecount="2" falsecount="0"/>
        <line num="277" count="756" type="stmt"/>
        <line num="283" count="481" type="cond" truecount="2" falsecount="0"/>
        <line num="284" count="293" type="stmt"/>
        <line num="287" count="351" type="cond" truecount="4" falsecount="0"/>
        <line num="288" count="127" type="stmt"/>
        <line num="289" count="127" type="stmt"/>
        <line num="291" count="848" type="stmt"/>
        <line num="292" count="848" type="stmt"/>
        <line num="294" count="127" type="stmt"/>
        <line num="297" count="224" type="stmt"/>
        <line num="306" count="161" type="cond" truecount="3" falsecount="1"/>
        <line num="307" count="0" type="stmt"/>
        <line num="311" count="161" type="cond" truecount="5" falsecount="0"/>
        <line num="313" count="142" type="cond" truecount="2" falsecount="0"/>
        <line num="315" count="76" type="stmt"/>
        <line num="316" count="54" type="cond" truecount="3" falsecount="1"/>
        <line num="317" count="54" type="stmt"/>
        <line num="319" count="54" type="stmt"/>
        <line num="320" count="54" type="cond" truecount="2" falsecount="0"/>
        <line num="322" count="0" type="stmt"/>
        <line num="327" count="66" type="cond" truecount="3" falsecount="1"/>
        <line num="328" count="66" type="stmt"/>
        <line num="330" count="438" type="stmt"/>
        <line num="332" count="66" type="cond" truecount="2" falsecount="0"/>
        <line num="334" count="62" type="stmt"/>
        <line num="341" count="23" type="stmt"/>
        <line num="350" count="235" type="stmt"/>
        <line num="361" count="235" type="stmt"/>
        <line num="362" count="4460" type="cond" truecount="2" falsecount="0"/>
        <line num="364" count="19026" type="stmt"/>
        <line num="365" count="2718" type="cond" truecount="1" falsecount="1"/>
        <line num="366" count="0" type="stmt"/>
        <line num="369" count="2718" type="stmt"/>
        <line num="370" count="2718" type="cond" truecount="3" falsecount="1"/>
        <line num="371" count="0" type="stmt"/>
        <line num="375" count="0" type="cond" truecount="0" falsecount="4"/>
        <line num="376" count="0" type="stmt"/>
        <line num="379" count="2718" type="stmt"/>
        <line num="380" count="1742" type="cond" truecount="2" falsecount="0"/>
        <line num="381" count="904" type="stmt"/>
        <line num="382" count="1473" type="cond" truecount="4" falsecount="0"/>
        <line num="385" count="555" type="stmt"/>
        <line num="387" count="3321" type="cond" truecount="1" falsecount="1"/>
        <line num="388" count="3321" type="stmt"/>
        <line num="389" count="19926" type="cond" truecount="1" falsecount="1"/>
        <line num="390" count="0" type="stmt"/>
        <line num="395" count="3321" type="cond" truecount="1" falsecount="1"/>
        <line num="396" count="0" type="stmt"/>
        <line num="399" count="555" type="stmt"/>
        <line num="402" count="918" type="stmt"/>
        <line num="405" count="235" type="stmt"/>
        <line num="412" count="100" type="stmt"/>
        <line num="414" count="100" type="cond" truecount="4" falsecount="0"/>
        <line num="415" count="1" type="stmt"/>
        <line num="418" count="99" type="cond" truecount="4" falsecount="0"/>
        <line num="419" count="3" type="stmt"/>
        <line num="423" count="96" type="stmt"/>
        <line num="426" count="96" type="cond" truecount="1" falsecount="1"/>
        <line num="427" count="0" type="stmt"/>
        <line num="431" count="96" type="cond" truecount="1" falsecount="1"/>
        <line num="432" count="0" type="stmt"/>
        <line num="437" count="96" type="stmt"/>
        <line num="449" count="96" type="stmt"/>
        <line num="450" count="96" type="stmt"/>
        <line num="452" count="0" type="stmt"/>
        <line num="453" count="0" type="stmt"/>
        <line num="456" count="96" type="stmt"/>
        <line num="457" count="96" type="stmt"/>
        <line num="459" count="0" type="stmt"/>
        <line num="460" count="0" type="stmt"/>
        <line num="463" count="96" type="stmt"/>
        <line num="464" count="96" type="stmt"/>
        <line num="466" count="0" type="cond" truecount="0" falsecount="2"/>
        <line num="467" count="0" type="stmt"/>
        <line num="468" count="0" type="stmt"/>
        <line num="469" count="0" type="cond" truecount="0" falsecount="2"/>
        <line num="473" count="4" type="cond" truecount="1" falsecount="1"/>
        <line num="474" count="4" type="cond" truecount="1" falsecount="1"/>
        <line num="475" count="4" type="stmt"/>
        <line num="483" count="168" type="stmt"/>
        <line num="484" count="168" type="cond" truecount="3" falsecount="1"/>
        <line num="485" count="0" type="stmt"/>
        <line num="488" count="168" type="stmt"/>
        <line num="489" count="168" type="stmt"/>
        <line num="490" count="168" type="cond" truecount="2" falsecount="0"/>
        <line num="492" count="168" type="cond" truecount="2" falsecount="0"/>
        <line num="493" count="93" type="stmt"/>
        <line num="494" count="93" type="stmt"/>
        <line num="498" count="75" type="stmt"/>
        <line num="501" count="75" type="cond" truecount="2" falsecount="0"/>
        <line num="502" count="8" type="stmt"/>
        <line num="503" count="8" type="stmt"/>
        <line num="504" count="8" type="stmt"/>
        <line num="507" count="67" type="stmt"/>
        <line num="509" count="67" type="stmt"/>
        <line num="510" count="65" type="stmt"/>
        <line num="513" count="65" type="stmt"/>
        <line num="514" count="65" type="cond" truecount="1" falsecount="1"/>
        <line num="515" count="0" type="stmt"/>
        <line num="516" count="0" type="stmt"/>
        <line num="517" count="0" type="stmt"/>
        <line num="521" count="65" type="stmt"/>
        <line num="525" count="65" type="stmt"/>
        <line num="526" count="88" type="cond" truecount="4" falsecount="0"/>
        <line num="528" count="62" type="stmt"/>
        <line num="529" count="62" type="stmt"/>
        <line num="530" count="85" type="stmt"/>
        <line num="532" count="62" type="stmt"/>
        <line num="533" count="62" type="stmt"/>
        <line num="536" count="3" type="stmt"/>
        <line num="537" count="3" type="stmt"/>
        <line num="540" count="2" type="cond" truecount="1" falsecount="1"/>
        <line num="541" count="2" type="cond" truecount="1" falsecount="1"/>
        <line num="542" count="2" type="stmt"/>
        <line num="550" count="152" type="cond" truecount="4" falsecount="0"/>
        <line num="551" count="1" type="stmt"/>
        <line num="554" count="151" type="stmt"/>
        <line num="555" count="151" type="stmt"/>
        <line num="557" count="0" type="cond" truecount="0" falsecount="2"/>
        <line num="558" count="0" type="stmt"/>
        <line num="566" count="0" type="stmt"/>
        <line num="567" count="0" type="stmt"/>
        <line num="569" count="0" type="stmt"/>
        <line num="570" count="0" type="stmt"/>
        <line num="573" count="0" type="stmt"/>
        <line num="575" count="0" type="cond" truecount="0" falsecount="2"/>
        <line num="576" count="0" type="stmt"/>
        <line num="584" count="0" type="stmt"/>
        <line num="585" count="0" type="stmt"/>
        <line num="587" count="0" type="cond" truecount="0" falsecount="2"/>
        <line num="588" count="0" type="stmt"/>
        <line num="593" count="19" type="stmt"/>
        <line num="603" count="1" type="stmt"/>
        <line num="606" count="1" type="stmt"/>
        <line num="616" count="1" type="stmt"/>
        <line num="617" count="6" type="stmt"/>
        <line num="618" count="6" type="cond" truecount="4" falsecount="0"/>
        <line num="619" count="4" type="stmt"/>
        <line num="620" count="2" type="cond" truecount="1" falsecount="1"/>
        <line num="621" count="0" type="stmt"/>
        <line num="626" count="1" type="stmt"/>
        <line num="627" count="69" type="stmt"/>
        <line num="628" count="69" type="cond" truecount="7" falsecount="0"/>
        <line num="635" count="5" type="stmt"/>
        <line num="639" count="1" type="stmt"/>
        <line num="649" count="3" type="stmt"/>
        <line num="651" count="3" type="cond" truecount="3" falsecount="1"/>
        <line num="652" count="0" type="stmt"/>
        <line num="653" count="0" type="stmt"/>
        <line num="657" count="3" type="stmt"/>
        <line num="663" count="3" type="cond" truecount="1" falsecount="1"/>
        <line num="664" count="0" type="stmt"/>
        <line num="667" count="3" type="cond" truecount="1" falsecount="1"/>
        <line num="668" count="0" type="stmt"/>
        <line num="669" count="0" type="stmt"/>
        <line num="673" count="3" type="cond" truecount="2" falsecount="0"/>
        <line num="674" count="2" type="stmt"/>
        <line num="675" count="2" type="cond" truecount="2" falsecount="0"/>
        <line num="676" count="1" type="stmt"/>
        <line num="681" count="3" type="cond" truecount="2" falsecount="0"/>
        <line num="682" count="1" type="cond" truecount="1" falsecount="1"/>
        <line num="683" count="1" type="stmt"/>
        <line num="685" count="1" type="cond" truecount="1" falsecount="1"/>
        <line num="686" count="0" type="stmt"/>
        <line num="690" count="3" type="stmt"/>
        <line num="704" count="112" type="stmt"/>
        <line num="706" count="112" type="cond" truecount="1" falsecount="1"/>
        <line num="708" count="112" type="stmt"/>
        <line num="709" count="153" type="stmt"/>
        <line num="710" count="153" type="cond" truecount="7" falsecount="0"/>
        <line num="715" count="3" type="stmt"/>
        <line num="717" count="150" type="stmt"/>
        <line num="722" count="112" type="stmt"/>
        <line num="727" count="1" type="stmt"/>
      </file>
      <file name="timeUtils.ts" path="/Users/hemantmalhotra/Documents/VSC/Mindloop-Mobile/mindloop-mobile/src/utils/timeUtils.ts">
        <metrics statements="18" coveredstatements="18" conditionals="10" coveredconditionals="10" methods="4" coveredmethods="4"/>
        <line num="8" count="9" type="stmt"/>
        <line num="9" count="14" type="stmt"/>
        <line num="10" count="14" type="stmt"/>
        <line num="11" count="14" type="stmt"/>
        <line num="17" count="9" type="stmt"/>
        <line num="18" count="16" type="stmt"/>
        <line num="24" count="9" type="stmt"/>
        <line num="25" count="7" type="stmt"/>
        <line num="26" count="7" type="stmt"/>
        <line num="27" count="7" type="stmt"/>
        <line num="33" count="9" type="stmt"/>
        <line num="34" count="10" type="cond" truecount="2" falsecount="0"/>
        <line num="35" count="4" type="stmt"/>
        <line num="38" count="6" type="stmt"/>
        <line num="39" count="6" type="stmt"/>
        <line num="41" count="6" type="cond" truecount="2" falsecount="0"/>
        <line num="42" count="3" type="cond" truecount="2" falsecount="0"/>
        <line num="45" count="3" type="cond" truecount="4" falsecount="0"/>
      </file>
      <file name="wcagComplianceUtils.ts" path="/Users/hemantmalhotra/Documents/VSC/Mindloop-Mobile/mindloop-mobile/src/utils/wcagComplianceUtils.ts">
        <metrics statements="88" coveredstatements="85" conditionals="70" coveredconditionals="60" methods="26" coveredmethods="26"/>
        <line num="65" count="6" type="stmt"/>
        <line num="70" count="6" type="cond" truecount="2" falsecount="0"/>
        <line num="72" count="6" type="cond" truecount="2" falsecount="0"/>
        <line num="73" count="4" type="stmt"/>
        <line num="79" count="2" type="stmt"/>
        <line num="98" count="9" type="stmt"/>
        <line num="101" count="9" type="cond" truecount="4" falsecount="0"/>
        <line num="102" count="5" type="stmt"/>
        <line num="108" count="4" type="cond" truecount="1" falsecount="1"/>
        <line num="109" count="4" type="stmt"/>
        <line num="117" count="9" type="cond" truecount="1" falsecount="1"/>
        <line num="118" count="9" type="cond" truecount="2" falsecount="0"/>
        <line num="119" count="5" type="stmt"/>
        <line num="126" count="4" type="stmt"/>
        <line num="135" count="9" type="cond" truecount="3" falsecount="1"/>
        <line num="136" count="0" type="stmt"/>
        <line num="142" count="9" type="cond" truecount="4" falsecount="0"/>
        <line num="144" count="2" type="stmt"/>
        <line num="152" count="9" type="stmt"/>
        <line num="162" count="5" type="stmt"/>
        <line num="164" count="5" type="cond" truecount="4" falsecount="0"/>
        <line num="165" count="2" type="stmt"/>
        <line num="171" count="3" type="stmt"/>
        <line num="191" count="3" type="cond" truecount="4" falsecount="0"/>
        <line num="192" count="1" type="stmt"/>
        <line num="203" count="2" type="stmt"/>
        <line num="218" count="5" type="cond" truecount="4" falsecount="0"/>
        <line num="219" count="1" type="stmt"/>
        <line num="228" count="4" type="cond" truecount="4" falsecount="0"/>
        <line num="230" count="3" type="cond" truecount="2" falsecount="0"/>
        <line num="232" count="1" type="stmt"/>
        <line num="233" count="1" type="stmt"/>
        <line num="234" count="1" type="stmt"/>
        <line num="236" count="1" type="cond" truecount="3" falsecount="2"/>
        <line num="237" count="1" type="stmt"/>
        <line num="243" count="0" type="stmt"/>
        <line num="257" count="2" type="stmt"/>
        <line num="269" count="1" type="stmt"/>
        <line num="281" count="12" type="stmt"/>
        <line num="282" count="36" type="stmt"/>
        <line num="283" count="36" type="cond" truecount="2" falsecount="0"/>
        <line num="286" count="12" type="stmt"/>
        <line num="296" count="6" type="stmt"/>
        <line num="297" count="6" type="stmt"/>
        <line num="299" count="6" type="stmt"/>
        <line num="300" count="6" type="stmt"/>
        <line num="302" count="6" type="stmt"/>
        <line num="310" count="12" type="cond" truecount="2" falsecount="0"/>
        <line num="311" count="2" type="stmt"/>
        <line num="314" count="12" type="stmt"/>
        <line num="316" count="12" type="cond" truecount="1" falsecount="1"/>
        <line num="318" count="0" type="stmt"/>
        <line num="321" count="12" type="stmt"/>
        <line num="339" count="1" type="stmt"/>
        <line num="342" count="1" type="stmt"/>
        <line num="345" count="1" type="cond" truecount="3" falsecount="1"/>
        <line num="346" count="1" type="stmt"/>
        <line num="350" count="1" type="cond" truecount="3" falsecount="1"/>
        <line num="351" count="1" type="stmt"/>
        <line num="354" count="1" type="stmt"/>
        <line num="361" count="2" type="stmt"/>
        <line num="479" count="2" type="stmt"/>
        <line num="484" count="26" type="stmt"/>
        <line num="491" count="32" type="stmt"/>
        <line num="498" count="4" type="stmt"/>
        <line num="505" count="4" type="stmt"/>
        <line num="512" count="4" type="stmt"/>
        <line num="519" count="4" type="stmt"/>
        <line num="520" count="4" type="stmt"/>
        <line num="521" count="3" type="stmt"/>
        <line num="523" count="3" type="stmt"/>
        <line num="524" count="3" type="stmt"/>
        <line num="525" count="3" type="stmt"/>
        <line num="526" count="3" type="stmt"/>
        <line num="527" count="3" type="stmt"/>
        <line num="528" count="3" type="cond" truecount="2" falsecount="0"/>
        <line num="530" count="3" type="cond" truecount="2" falsecount="0"/>
        <line num="531" count="1" type="stmt"/>
        <line num="532" count="1" type="stmt"/>
        <line num="533" count="1" type="stmt"/>
        <line num="534" count="2" type="stmt"/>
        <line num="536" count="1" type="stmt"/>
        <line num="537" count="1" type="cond" truecount="1" falsecount="1"/>
        <line num="538" count="1" type="stmt"/>
        <line num="539" count="1" type="cond" truecount="1" falsecount="1"/>
        <line num="540" count="1" type="stmt"/>
        <line num="542" count="1" type="stmt"/>
        <line num="546" count="3" type="stmt"/>
      </file>
    </package>
  </project>
</coverage>
