{"/Users/hemantmalhotra/Documents/VSC/Mindloop-Mobile/mindloop-mobile/src/animations/breathingAnimation.ts": {"path":"/Users/hemantmalhotra/Documents/VSC/Mindloop-Mobile/mindloop-mobile/src/animations/breathingAnimation.ts","statementMap":{"0":{"start":{"line":18,"column":34},"end":{"line":57,"column":1}},"1":{"start":{"line":19,"column":2},"end":{"line":56,"column":4}},"2":{"start":{"line":23,"column":27},"end":{"line":23,"column":28}},"3":{"start":{"line":26,"column":19},"end":{"line":47,"column":7}},"4":{"start":{"line":49,"column":6},"end":{"line":49,"column":19}},"5":{"start":{"line":53,"column":6},"end":{"line":53,"column":36}},"6":{"start":{"line":54,"column":6},"end":{"line":54,"column":32}}},"fnMap":{"0":{"name":"(anonymous_0)","decl":{"start":{"line":18,"column":34},"end":{"line":18,"column":35}},"loc":{"start":{"line":18,"column":92},"end":{"line":57,"column":1}},"line":18},"1":{"name":"(anonymous_1)","decl":{"start":{"line":23,"column":12},"end":{"line":23,"column":13}},"loc":{"start":{"line":23,"column":27},"end":{"line":23,"column":28}},"line":23},"2":{"name":"(anonymous_2)","decl":{"start":{"line":24,"column":11},"end":{"line":24,"column":12}},"loc":{"start":{"line":24,"column":46},"end":{"line":50,"column":5}},"line":24},"3":{"name":"(anonymous_3)","decl":{"start":{"line":51,"column":10},"end":{"line":51,"column":11}},"loc":{"start":{"line":51,"column":45},"end":{"line":55,"column":5}},"line":51}},"branchMap":{"0":{"loc":{"start":{"line":22,"column":18},"end":{"line":22,"column":45}},"type":"binary-expr","locations":[{"start":{"line":22,"column":18},"end":{"line":22,"column":37}},{"start":{"line":22,"column":41},"end":{"line":22,"column":45}}],"line":22},"1":{"loc":{"start":{"line":36,"column":25},"end":{"line":36,"column":52}},"type":"binary-expr","locations":[{"start":{"line":36,"column":25},"end":{"line":36,"column":44}},{"start":{"line":36,"column":48},"end":{"line":36,"column":52}}],"line":36},"2":{"loc":{"start":{"line":45,"column":25},"end":{"line":45,"column":52}},"type":"binary-expr","locations":[{"start":{"line":45,"column":25},"end":{"line":45,"column":44}},{"start":{"line":45,"column":48},"end":{"line":45,"column":52}}],"line":45}},"s":{"0":1,"1":4,"2":0,"3":0,"4":0,"5":0,"6":0},"f":{"0":4,"1":0,"2":0,"3":0},"b":{"0":[4,4],"1":[0,0],"2":[0,0]},"_coverageSchema":"1a1c01bbd47fc00a2c39e90264f33305004495a9","hash":"50ce9fe45a82d82d259b1e53c68b92fc603cef76"}
,"/Users/hemantmalhotra/Documents/VSC/Mindloop-Mobile/mindloop-mobile/src/components/audio/AudioControls.tsx": {"path":"/Users/hemantmalhotra/Documents/VSC/Mindloop-Mobile/mindloop-mobile/src/components/audio/AudioControls.tsx","statementMap":{"0":{"start":{"line":17,"column":59},"end":{"line":153,"column":1}},"1":{"start":{"line":26,"column":40},"end":{"line":26,"column":67}},"2":{"start":{"line":29,"column":35},"end":{"line":52,"column":3}},"3":{"start":{"line":32,"column":46},"end":{"line":32,"column":55}},"4":{"start":{"line":33,"column":45},"end":{"line":33,"column":54}},"5":{"start":{"line":37,"column":12},"end":{"line":40,"column":13}},"6":{"start":{"line":38,"column":32},"end":{"line":38,"column":90}},"7":{"start":{"line":39,"column":14},"end":{"line":39,"column":44}},"8":{"start":{"line":45,"column":12},"end":{"line":48,"column":13}},"9":{"start":{"line":46,"column":32},"end":{"line":46,"column":90}},"10":{"start":{"line":47,"column":14},"end":{"line":47,"column":44}},"11":{"start":{"line":54,"column":29},"end":{"line":57,"column":3}},"12":{"start":{"line":55,"column":22},"end":{"line":55,"column":46}},"13":{"start":{"line":56,"column":4},"end":{"line":56,"column":26}},"14":{"start":{"line":62,"column":21},"end":{"line":72,"column":3}},"15":{"start":{"line":63,"column":4},"end":{"line":71,"column":5}},"16":{"start":{"line":64,"column":6},"end":{"line":66,"column":7}},"17":{"start":{"line":65,"column":8},"end":{"line":65,"column":17}},"18":{"start":{"line":68,"column":6},"end":{"line":68,"column":53}},"19":{"start":{"line":74,"column":22},"end":{"line":84,"column":3}},"20":{"start":{"line":75,"column":4},"end":{"line":83,"column":5}},"21":{"start":{"line":76,"column":6},"end":{"line":78,"column":7}},"22":{"start":{"line":77,"column":8},"end":{"line":77,"column":18}},"23":{"start":{"line":80,"column":6},"end":{"line":80,"column":54}},"24":{"start":{"line":86,"column":21},"end":{"line":96,"column":3}},"25":{"start":{"line":87,"column":4},"end":{"line":95,"column":5}},"26":{"start":{"line":88,"column":6},"end":{"line":90,"column":7}},"27":{"start":{"line":89,"column":8},"end":{"line":89,"column":17}},"28":{"start":{"line":92,"column":6},"end":{"line":92,"column":53}},"29":{"start":{"line":98,"column":29},"end":{"line":106,"column":3}},"30":{"start":{"line":99,"column":4},"end":{"line":105,"column":5}},"31":{"start":{"line":101,"column":28},"end":{"line":101,"column":63}},"32":{"start":{"line":102,"column":6},"end":{"line":102,"column":36}},"33":{"start":{"line":104,"column":6},"end":{"line":104,"column":62}},"34":{"start":{"line":108,"column":2},"end":{"line":152,"column":4}},"35":{"start":{"line":155,"column":15},"end":{"line":198,"column":2}}},"fnMap":{"0":{"name":"(anonymous_0)","decl":{"start":{"line":17,"column":59},"end":{"line":17,"column":60}},"loc":{"start":{"line":25,"column":6},"end":{"line":153,"column":1}},"line":25},"1":{"name":"(anonymous_1)","decl":{"start":{"line":32,"column":40},"end":{"line":32,"column":41}},"loc":{"start":{"line":32,"column":46},"end":{"line":32,"column":55}},"line":32},"2":{"name":"(anonymous_2)","decl":{"start":{"line":33,"column":39},"end":{"line":33,"column":40}},"loc":{"start":{"line":33,"column":45},"end":{"line":33,"column":54}},"line":33},"3":{"name":"(anonymous_3)","decl":{"start":{"line":34,"column":30},"end":{"line":34,"column":31}},"loc":{"start":{"line":34,"column":53},"end":{"line":41,"column":11}},"line":34},"4":{"name":"(anonymous_4)","decl":{"start":{"line":42,"column":33},"end":{"line":42,"column":34}},"loc":{"start":{"line":42,"column":56},"end":{"line":49,"column":11}},"line":42},"5":{"name":"(anonymous_5)","decl":{"start":{"line":54,"column":29},"end":{"line":54,"column":30}},"loc":{"start":{"line":54,"column":59},"end":{"line":57,"column":3}},"line":54},"6":{"name":"(anonymous_6)","decl":{"start":{"line":62,"column":21},"end":{"line":62,"column":22}},"loc":{"start":{"line":62,"column":27},"end":{"line":72,"column":3}},"line":62},"7":{"name":"(anonymous_7)","decl":{"start":{"line":74,"column":22},"end":{"line":74,"column":23}},"loc":{"start":{"line":74,"column":28},"end":{"line":84,"column":3}},"line":74},"8":{"name":"(anonymous_8)","decl":{"start":{"line":86,"column":21},"end":{"line":86,"column":22}},"loc":{"start":{"line":86,"column":27},"end":{"line":96,"column":3}},"line":86},"9":{"name":"(anonymous_9)","decl":{"start":{"line":98,"column":29},"end":{"line":98,"column":30}},"loc":{"start":{"line":98,"column":52},"end":{"line":106,"column":3}},"line":98}},"branchMap":{"0":{"loc":{"start":{"line":24,"column":2},"end":{"line":24,"column":18}},"type":"default-arg","locations":[{"start":{"line":24,"column":13},"end":{"line":24,"column":18}}],"line":24},"1":{"loc":{"start":{"line":30,"column":4},"end":{"line":51,"column":12}},"type":"cond-expr","locations":[{"start":{"line":31,"column":8},"end":{"line":50,"column":10}},{"start":{"line":51,"column":8},"end":{"line":51,"column":12}}],"line":30},"2":{"loc":{"start":{"line":37,"column":12},"end":{"line":40,"column":13}},"type":"if","locations":[{"start":{"line":37,"column":12},"end":{"line":40,"column":13}},{"start":{},"end":{}}],"line":37},"3":{"loc":{"start":{"line":45,"column":12},"end":{"line":48,"column":13}},"type":"if","locations":[{"start":{"line":45,"column":12},"end":{"line":48,"column":13}},{"start":{},"end":{}}],"line":45},"4":{"loc":{"start":{"line":64,"column":6},"end":{"line":66,"column":7}},"type":"if","locations":[{"start":{"line":64,"column":6},"end":{"line":66,"column":7}},{"start":{},"end":{}}],"line":64},"5":{"loc":{"start":{"line":76,"column":6},"end":{"line":78,"column":7}},"type":"if","locations":[{"start":{"line":76,"column":6},"end":{"line":78,"column":7}},{"start":{},"end":{}}],"line":76},"6":{"loc":{"start":{"line":88,"column":6},"end":{"line":90,"column":7}},"type":"if","locations":[{"start":{"line":88,"column":6},"end":{"line":90,"column":7}},{"start":{},"end":{}}],"line":88},"7":{"loc":{"start":{"line":114,"column":20},"end":{"line":114,"column":41}},"type":"binary-expr","locations":[{"start":{"line":114,"column":20},"end":{"line":114,"column":28}},{"start":{"line":114,"column":32},"end":{"line":114,"column":41}}],"line":114},"8":{"loc":{"start":{"line":115,"column":33},"end":{"line":115,"column":81}},"type":"binary-expr","locations":[{"start":{"line":115,"column":34},"end":{"line":115,"column":42}},{"start":{"line":115,"column":46},"end":{"line":115,"column":55}},{"start":{"line":115,"column":60},"end":{"line":115,"column":81}}],"line":115},"9":{"loc":{"start":{"line":123,"column":20},"end":{"line":123,"column":42}},"type":"binary-expr","locations":[{"start":{"line":123,"column":20},"end":{"line":123,"column":28}},{"start":{"line":123,"column":32},"end":{"line":123,"column":42}}],"line":123},"10":{"loc":{"start":{"line":124,"column":33},"end":{"line":124,"column":82}},"type":"binary-expr","locations":[{"start":{"line":124,"column":34},"end":{"line":124,"column":42}},{"start":{"line":124,"column":46},"end":{"line":124,"column":56}},{"start":{"line":124,"column":61},"end":{"line":124,"column":82}}],"line":124},"11":{"loc":{"start":{"line":133,"column":33},"end":{"line":133,"column":66}},"type":"binary-expr","locations":[{"start":{"line":133,"column":33},"end":{"line":133,"column":41}},{"start":{"line":133,"column":45},"end":{"line":133,"column":66}}],"line":133},"12":{"loc":{"start":{"line":145,"column":15},"end":{"line":145,"column":99}},"type":"cond-expr","locations":[{"start":{"line":145,"column":50},"end":{"line":145,"column":94}},{"start":{"line":145,"column":97},"end":{"line":145,"column":99}}],"line":145}},"s":{"0":1,"1":10,"2":10,"3":1,"4":1,"5":0,"6":0,"7":0,"8":0,"9":0,"10":0,"11":10,"12":1,"13":1,"14":10,"15":1,"16":1,"17":1,"18":0,"19":10,"20":1,"21":1,"22":1,"23":0,"24":10,"25":1,"26":1,"27":1,"28":0,"29":10,"30":0,"31":0,"32":0,"33":0,"34":10,"35":1},"f":{"0":10,"1":1,"2":1,"3":0,"4":0,"5":1,"6":1,"7":1,"8":1,"9":0},"b":{"0":[0],"1":[10,0],"2":[0,0],"3":[0,0],"4":[1,0],"5":[1,0],"6":[1,0],"7":[10,8],"8":[10,8,4],"9":[10,8],"10":[10,8,8],"11":[10,2],"12":[10,0]},"_coverageSchema":"1a1c01bbd47fc00a2c39e90264f33305004495a9","hash":"20e7e451799029209250a52668927d103aed0101"}
,"/Users/hemantmalhotra/Documents/VSC/Mindloop-Mobile/mindloop-mobile/src/components/audio/AudioPlayer.tsx": {"path":"/Users/hemantmalhotra/Documents/VSC/Mindloop-Mobile/mindloop-mobile/src/components/audio/AudioPlayer.tsx","statementMap":{"0":{"start":{"line":18,"column":55},"end":{"line":95,"column":1}},"1":{"start":{"line":28,"column":21},"end":{"line":32,"column":3}},"2":{"start":{"line":29,"column":4},"end":{"line":31,"column":5}},"3":{"start":{"line":30,"column":6},"end":{"line":30,"column":22}},"4":{"start":{"line":34,"column":22},"end":{"line":38,"column":3}},"5":{"start":{"line":35,"column":4},"end":{"line":37,"column":5}},"6":{"start":{"line":36,"column":6},"end":{"line":36,"column":23}},"7":{"start":{"line":40,"column":21},"end":{"line":42,"column":3}},"8":{"start":{"line":41,"column":4},"end":{"line":41,"column":20}},"9":{"start":{"line":44,"column":21},"end":{"line":48,"column":3}},"10":{"start":{"line":45,"column":17},"end":{"line":45,"column":41}},"11":{"start":{"line":46,"column":17},"end":{"line":46,"column":29}},"12":{"start":{"line":47,"column":4},"end":{"line":47,"column":85}},"13":{"start":{"line":50,"column":19},"end":{"line":50,"column":68}},"14":{"start":{"line":52,"column":2},"end":{"line":94,"column":4}},"15":{"start":{"line":97,"column":15},"end":{"line":141,"column":2}}},"fnMap":{"0":{"name":"(anonymous_0)","decl":{"start":{"line":18,"column":55},"end":{"line":18,"column":56}},"loc":{"start":{"line":27,"column":6},"end":{"line":95,"column":1}},"line":27},"1":{"name":"(anonymous_1)","decl":{"start":{"line":28,"column":21},"end":{"line":28,"column":22}},"loc":{"start":{"line":28,"column":27},"end":{"line":32,"column":3}},"line":28},"2":{"name":"(anonymous_2)","decl":{"start":{"line":34,"column":22},"end":{"line":34,"column":23}},"loc":{"start":{"line":34,"column":28},"end":{"line":38,"column":3}},"line":34},"3":{"name":"(anonymous_3)","decl":{"start":{"line":40,"column":21},"end":{"line":40,"column":22}},"loc":{"start":{"line":40,"column":27},"end":{"line":42,"column":3}},"line":40},"4":{"name":"(anonymous_4)","decl":{"start":{"line":44,"column":21},"end":{"line":44,"column":22}},"loc":{"start":{"line":44,"column":50},"end":{"line":48,"column":3}},"line":44}},"branchMap":{"0":{"loc":{"start":{"line":26,"column":2},"end":{"line":26,"column":14}},"type":"default-arg","locations":[{"start":{"line":26,"column":11},"end":{"line":26,"column":14}}],"line":26},"1":{"loc":{"start":{"line":29,"column":4},"end":{"line":31,"column":5}},"type":"if","locations":[{"start":{"line":29,"column":4},"end":{"line":31,"column":5}},{"start":{},"end":{}}],"line":29},"2":{"loc":{"start":{"line":35,"column":4},"end":{"line":37,"column":5}},"type":"if","locations":[{"start":{"line":35,"column":4},"end":{"line":37,"column":5}},{"start":{},"end":{}}],"line":35},"3":{"loc":{"start":{"line":50,"column":19},"end":{"line":50,"column":68}},"type":"cond-expr","locations":[{"start":{"line":50,"column":34},"end":{"line":50,"column":64}},{"start":{"line":50,"column":67},"end":{"line":50,"column":68}}],"line":50},"4":{"loc":{"start":{"line":75,"column":19},"end":{"line":75,"column":55}},"type":"cond-expr","locations":[{"start":{"line":75,"column":31},"end":{"line":75,"column":42}},{"start":{"line":75,"column":45},"end":{"line":75,"column":55}}],"line":75},"5":{"loc":{"start":{"line":78,"column":43},"end":{"line":78,"column":71}},"type":"cond-expr","locations":[{"start":{"line":78,"column":55},"end":{"line":78,"column":62}},{"start":{"line":78,"column":65},"end":{"line":78,"column":71}}],"line":78}},"s":{"0":1,"1":9,"2":1,"3":1,"4":9,"5":1,"6":1,"7":9,"8":1,"9":9,"10":18,"11":18,"12":18,"13":9,"14":9,"15":1},"f":{"0":9,"1":1,"2":1,"3":1,"4":18},"b":{"0":[0],"1":[1,0],"2":[1,0],"3":[9,0],"4":[1,8],"5":[1,8]},"_coverageSchema":"1a1c01bbd47fc00a2c39e90264f33305004495a9","hash":"aa48db8b9cec274229bb8ee977a1940fc98ed145"}
,"/Users/hemantmalhotra/Documents/VSC/Mindloop-Mobile/mindloop-mobile/src/components/audio/SoundSelector.tsx": {"path":"/Users/hemantmalhotra/Documents/VSC/Mindloop-Mobile/mindloop-mobile/src/components/audio/SoundSelector.tsx","statementMap":{"0":{"start":{"line":11,"column":52},"end":{"line":74,"column":1}},"1":{"start":{"line":12,"column":50},"end":{"line":12,"column":73}},"2":{"start":{"line":15,"column":21},"end":{"line":15,"column":77}},"3":{"start":{"line":15,"column":60},"end":{"line":15,"column":74}},"4":{"start":{"line":18,"column":25},"end":{"line":20,"column":65}},"5":{"start":{"line":20,"column":29},"end":{"line":20,"column":64}},"6":{"start":{"line":22,"column":26},"end":{"line":34,"column":3}},"7":{"start":{"line":23,"column":23},"end":{"line":23,"column":50}},"8":{"start":{"line":25,"column":4},"end":{"line":33,"column":6}},"9":{"start":{"line":28,"column":23},"end":{"line":28,"column":42}},"10":{"start":{"line":36,"column":31},"end":{"line":50,"column":3}},"11":{"start":{"line":37,"column":21},"end":{"line":37,"column":50}},"12":{"start":{"line":39,"column":4},"end":{"line":49,"column":6}},"13":{"start":{"line":43,"column":23},"end":{"line":43,"column":52}},"14":{"start":{"line":52,"column":2},"end":{"line":73,"column":4}},"15":{"start":{"line":65,"column":31},"end":{"line":65,"column":38}},"16":{"start":{"line":76,"column":15},"end":{"line":131,"column":2}}},"fnMap":{"0":{"name":"(anonymous_0)","decl":{"start":{"line":11,"column":52},"end":{"line":11,"column":53}},"loc":{"start":{"line":11,"column":100},"end":{"line":74,"column":1}},"line":11},"1":{"name":"(anonymous_1)","decl":{"start":{"line":15,"column":51},"end":{"line":15,"column":52}},"loc":{"start":{"line":15,"column":60},"end":{"line":15,"column":74}},"line":15},"2":{"name":"(anonymous_2)","decl":{"start":{"line":20,"column":20},"end":{"line":20,"column":21}},"loc":{"start":{"line":20,"column":29},"end":{"line":20,"column":64}},"line":20},"3":{"name":"(anonymous_3)","decl":{"start":{"line":22,"column":26},"end":{"line":22,"column":27}},"loc":{"start":{"line":22,"column":64},"end":{"line":34,"column":3}},"line":22},"4":{"name":"(anonymous_4)","decl":{"start":{"line":28,"column":17},"end":{"line":28,"column":18}},"loc":{"start":{"line":28,"column":23},"end":{"line":28,"column":42}},"line":28},"5":{"name":"(anonymous_5)","decl":{"start":{"line":36,"column":31},"end":{"line":36,"column":32}},"loc":{"start":{"line":36,"column":53},"end":{"line":50,"column":3}},"line":36},"6":{"name":"(anonymous_6)","decl":{"start":{"line":43,"column":17},"end":{"line":43,"column":18}},"loc":{"start":{"line":43,"column":23},"end":{"line":43,"column":52}},"line":43},"7":{"name":"(anonymous_7)","decl":{"start":{"line":65,"column":21},"end":{"line":65,"column":22}},"loc":{"start":{"line":65,"column":31},"end":{"line":65,"column":38}},"line":65}},"branchMap":{"0":{"loc":{"start":{"line":18,"column":25},"end":{"line":20,"column":65}},"type":"cond-expr","locations":[{"start":{"line":19,"column":6},"end":{"line":19,"column":12}},{"start":{"line":20,"column":6},"end":{"line":20,"column":65}}],"line":18},"1":{"loc":{"start":{"line":27,"column":34},"end":{"line":27,"column":72}},"type":"binary-expr","locations":[{"start":{"line":27,"column":34},"end":{"line":27,"column":44}},{"start":{"line":27,"column":48},"end":{"line":27,"column":72}}],"line":27},"2":{"loc":{"start":{"line":42,"column":39},"end":{"line":42,"column":78}},"type":"binary-expr","locations":[{"start":{"line":42,"column":39},"end":{"line":42,"column":47}},{"start":{"line":42,"column":51},"end":{"line":42,"column":78}}],"line":42},"3":{"loc":{"start":{"line":45,"column":43},"end":{"line":45,"column":80}},"type":"binary-expr","locations":[{"start":{"line":45,"column":43},"end":{"line":45,"column":51}},{"start":{"line":45,"column":55},"end":{"line":45,"column":80}}],"line":45}},"s":{"0":1,"1":8,"2":8,"3":36,"4":8,"5":0,"6":8,"7":36,"8":36,"9":0,"10":8,"11":31,"12":31,"13":0,"14":8,"15":43,"16":1},"f":{"0":8,"1":36,"2":0,"3":36,"4":0,"5":31,"6":0,"7":43},"b":{"0":[8,0],"1":[36,6],"2":[31,8],"3":[31,8]},"_coverageSchema":"1a1c01bbd47fc00a2c39e90264f33305004495a9","hash":"addcf56d0852ad505cc904dcc4f69c3c091ed8f3"}
,"/Users/hemantmalhotra/Documents/VSC/Mindloop-Mobile/mindloop-mobile/src/components/auth/LoginScreen.tsx": {"path":"/Users/hemantmalhotra/Documents/VSC/Mindloop-Mobile/mindloop-mobile/src/components/auth/LoginScreen.tsx","statementMap":{"0":{"start":{"line":12,"column":55},"end":{"line":215,"column":1}},"1":{"start":{"line":18,"column":28},"end":{"line":18,"column":40}},"2":{"start":{"line":19,"column":34},"end":{"line":19,"column":46}},"3":{"start":{"line":20,"column":32},"end":{"line":20,"column":47}},"4":{"start":{"line":21,"column":28},"end":{"line":21,"column":40}},"5":{"start":{"line":22,"column":42},"end":{"line":22,"column":57}},"6":{"start":{"line":23,"column":38},"end":{"line":23,"column":50}},"7":{"start":{"line":24,"column":44},"end":{"line":24,"column":56}},"8":{"start":{"line":26,"column":22},"end":{"line":26,"column":62}},"9":{"start":{"line":27,"column":27},"end":{"line":27,"column":50}},"10":{"start":{"line":29,"column":24},"end":{"line":41,"column":3}},"11":{"start":{"line":30,"column":23},"end":{"line":30,"column":51}},"12":{"start":{"line":31,"column":4},"end":{"line":34,"column":5}},"13":{"start":{"line":32,"column":6},"end":{"line":32,"column":41}},"14":{"start":{"line":33,"column":6},"end":{"line":33,"column":19}},"15":{"start":{"line":35,"column":4},"end":{"line":38,"column":5}},"16":{"start":{"line":36,"column":6},"end":{"line":36,"column":58}},"17":{"start":{"line":37,"column":6},"end":{"line":37,"column":19}},"18":{"start":{"line":39,"column":4},"end":{"line":39,"column":22}},"19":{"start":{"line":40,"column":4},"end":{"line":40,"column":16}},"20":{"start":{"line":43,"column":27},"end":{"line":54,"column":3}},"21":{"start":{"line":44,"column":4},"end":{"line":47,"column":5}},"22":{"start":{"line":45,"column":6},"end":{"line":45,"column":47}},"23":{"start":{"line":46,"column":6},"end":{"line":46,"column":19}},"24":{"start":{"line":48,"column":4},"end":{"line":51,"column":5}},"25":{"start":{"line":49,"column":6},"end":{"line":49,"column":65}},"26":{"start":{"line":50,"column":6},"end":{"line":50,"column":19}},"27":{"start":{"line":52,"column":4},"end":{"line":52,"column":25}},"28":{"start":{"line":53,"column":4},"end":{"line":53,"column":16}},"29":{"start":{"line":56,"column":22},"end":{"line":82,"column":3}},"30":{"start":{"line":57,"column":25},"end":{"line":57,"column":45}},"31":{"start":{"line":58,"column":28},"end":{"line":58,"column":54}},"32":{"start":{"line":60,"column":4},"end":{"line":63,"column":5}},"33":{"start":{"line":61,"column":6},"end":{"line":61,"column":46}},"34":{"start":{"line":62,"column":6},"end":{"line":62,"column":13}},"35":{"start":{"line":65,"column":4},"end":{"line":65,"column":21}},"36":{"start":{"line":66,"column":4},"end":{"line":66,"column":17}},"37":{"start":{"line":68,"column":4},"end":{"line":81,"column":5}},"38":{"start":{"line":69,"column":21},"end":{"line":69,"column":61}},"39":{"start":{"line":71,"column":6},"end":{"line":76,"column":7}},"40":{"start":{"line":72,"column":8},"end":{"line":72,"column":52}},"41":{"start":{"line":73,"column":8},"end":{"line":73,"column":27}},"42":{"start":{"line":75,"column":8},"end":{"line":75,"column":49}},"43":{"start":{"line":78,"column":6},"end":{"line":78,"column":47}},"44":{"start":{"line":80,"column":6},"end":{"line":80,"column":24}},"45":{"start":{"line":84,"column":28},"end":{"line":87,"column":3}},"46":{"start":{"line":85,"column":4},"end":{"line":85,"column":19}},"47":{"start":{"line":86,"column":4},"end":{"line":86,"column":40}},"48":{"start":{"line":86,"column":20},"end":{"line":86,"column":40}},"49":{"start":{"line":89,"column":31},"end":{"line":92,"column":3}},"50":{"start":{"line":90,"column":4},"end":{"line":90,"column":22}},"51":{"start":{"line":91,"column":4},"end":{"line":91,"column":46}},"52":{"start":{"line":91,"column":23},"end":{"line":91,"column":46}},"53":{"start":{"line":94,"column":28},"end":{"line":96,"column":3}},"54":{"start":{"line":95,"column":4},"end":{"line":95,"column":38}},"55":{"start":{"line":98,"column":26},"end":{"line":100,"column":3}},"56":{"start":{"line":99,"column":4},"end":{"line":99,"column":23}},"57":{"start":{"line":102,"column":2},"end":{"line":214,"column":4}},"58":{"start":{"line":123,"column":28},"end":{"line":123,"column":48}},"59":{"start":{"line":148,"column":30},"end":{"line":148,"column":56}},"60":{"start":{"line":160,"column":31},"end":{"line":160,"column":61}},"61":{"start":{"line":217,"column":15},"end":{"line":358,"column":2}}},"fnMap":{"0":{"name":"(anonymous_0)","decl":{"start":{"line":12,"column":55},"end":{"line":12,"column":56}},"loc":{"start":{"line":17,"column":6},"end":{"line":215,"column":1}},"line":17},"1":{"name":"(anonymous_1)","decl":{"start":{"line":29,"column":24},"end":{"line":29,"column":25}},"loc":{"start":{"line":29,"column":52},"end":{"line":41,"column":3}},"line":29},"2":{"name":"(anonymous_2)","decl":{"start":{"line":43,"column":27},"end":{"line":43,"column":28}},"loc":{"start":{"line":43,"column":58},"end":{"line":54,"column":3}},"line":43},"3":{"name":"(anonymous_3)","decl":{"start":{"line":56,"column":22},"end":{"line":56,"column":23}},"loc":{"start":{"line":56,"column":34},"end":{"line":82,"column":3}},"line":56},"4":{"name":"(anonymous_4)","decl":{"start":{"line":84,"column":28},"end":{"line":84,"column":29}},"loc":{"start":{"line":84,"column":46},"end":{"line":87,"column":3}},"line":84},"5":{"name":"(anonymous_5)","decl":{"start":{"line":89,"column":31},"end":{"line":89,"column":32}},"loc":{"start":{"line":89,"column":49},"end":{"line":92,"column":3}},"line":89},"6":{"name":"(anonymous_6)","decl":{"start":{"line":94,"column":28},"end":{"line":94,"column":29}},"loc":{"start":{"line":94,"column":34},"end":{"line":96,"column":3}},"line":94},"7":{"name":"(anonymous_7)","decl":{"start":{"line":98,"column":26},"end":{"line":98,"column":27}},"loc":{"start":{"line":98,"column":32},"end":{"line":100,"column":3}},"line":98},"8":{"name":"(anonymous_8)","decl":{"start":{"line":123,"column":22},"end":{"line":123,"column":23}},"loc":{"start":{"line":123,"column":28},"end":{"line":123,"column":48}},"line":123},"9":{"name":"(anonymous_9)","decl":{"start":{"line":148,"column":24},"end":{"line":148,"column":25}},"loc":{"start":{"line":148,"column":30},"end":{"line":148,"column":56}},"line":148},"10":{"name":"(anonymous_10)","decl":{"start":{"line":160,"column":25},"end":{"line":160,"column":26}},"loc":{"start":{"line":160,"column":31},"end":{"line":160,"column":61}},"line":160}},"branchMap":{"0":{"loc":{"start":{"line":26,"column":22},"end":{"line":26,"column":62}},"type":"binary-expr","locations":[{"start":{"line":26,"column":22},"end":{"line":26,"column":41}},{"start":{"line":26,"column":45},"end":{"line":26,"column":62}}],"line":26},"1":{"loc":{"start":{"line":31,"column":4},"end":{"line":34,"column":5}},"type":"if","locations":[{"start":{"line":31,"column":4},"end":{"line":34,"column":5}},{"start":{},"end":{}}],"line":31},"2":{"loc":{"start":{"line":35,"column":4},"end":{"line":38,"column":5}},"type":"if","locations":[{"start":{"line":35,"column":4},"end":{"line":38,"column":5}},{"start":{},"end":{}}],"line":35},"3":{"loc":{"start":{"line":44,"column":4},"end":{"line":47,"column":5}},"type":"if","locations":[{"start":{"line":44,"column":4},"end":{"line":47,"column":5}},{"start":{},"end":{}}],"line":44},"4":{"loc":{"start":{"line":48,"column":4},"end":{"line":51,"column":5}},"type":"if","locations":[{"start":{"line":48,"column":4},"end":{"line":51,"column":5}},{"start":{},"end":{}}],"line":48},"5":{"loc":{"start":{"line":60,"column":4},"end":{"line":63,"column":5}},"type":"if","locations":[{"start":{"line":60,"column":4},"end":{"line":63,"column":5}},{"start":{},"end":{}}],"line":60},"6":{"loc":{"start":{"line":60,"column":8},"end":{"line":60,"column":41}},"type":"binary-expr","locations":[{"start":{"line":60,"column":8},"end":{"line":60,"column":21}},{"start":{"line":60,"column":25},"end":{"line":60,"column":41}}],"line":60},"7":{"loc":{"start":{"line":71,"column":6},"end":{"line":76,"column":7}},"type":"if","locations":[{"start":{"line":71,"column":6},"end":{"line":76,"column":7}},{"start":{"line":74,"column":13},"end":{"line":76,"column":7}}],"line":71},"8":{"loc":{"start":{"line":75,"column":17},"end":{"line":75,"column":47}},"type":"binary-expr","locations":[{"start":{"line":75,"column":17},"end":{"line":75,"column":29}},{"start":{"line":75,"column":33},"end":{"line":75,"column":47}}],"line":75},"9":{"loc":{"start":{"line":86,"column":4},"end":{"line":86,"column":40}},"type":"if","locations":[{"start":{"line":86,"column":4},"end":{"line":86,"column":40}},{"start":{},"end":{}}],"line":86},"10":{"loc":{"start":{"line":91,"column":4},"end":{"line":91,"column":46}},"type":"if","locations":[{"start":{"line":91,"column":4},"end":{"line":91,"column":46}},{"start":{},"end":{}}],"line":91},"11":{"loc":{"start":{"line":106,"column":18},"end":{"line":106,"column":62}},"type":"cond-expr","locations":[{"start":{"line":106,"column":42},"end":{"line":106,"column":51}},{"start":{"line":106,"column":54},"end":{"line":106,"column":62}}],"line":106},"12":{"loc":{"start":{"line":119,"column":36},"end":{"line":119,"column":73}},"type":"cond-expr","locations":[{"start":{"line":119,"column":49},"end":{"line":119,"column":66}},{"start":{"line":119,"column":69},"end":{"line":119,"column":73}}],"line":119},"13":{"loc":{"start":{"line":133,"column":13},"end":{"line":135,"column":20}},"type":"cond-expr","locations":[{"start":{"line":134,"column":14},"end":{"line":134,"column":69}},{"start":{"line":135,"column":16},"end":{"line":135,"column":20}}],"line":133},"14":{"loc":{"start":{"line":144,"column":46},"end":{"line":144,"column":86}},"type":"cond-expr","locations":[{"start":{"line":144,"column":62},"end":{"line":144,"column":79}},{"start":{"line":144,"column":82},"end":{"line":144,"column":86}}],"line":144},"15":{"loc":{"start":{"line":161,"column":36},"end":{"line":161,"column":84}},"type":"cond-expr","locations":[{"start":{"line":161,"column":51},"end":{"line":161,"column":66}},{"start":{"line":161,"column":69},"end":{"line":161,"column":84}}],"line":161},"16":{"loc":{"start":{"line":165,"column":19},"end":{"line":165,"column":49}},"type":"cond-expr","locations":[{"start":{"line":165,"column":34},"end":{"line":165,"column":40}},{"start":{"line":165,"column":43},"end":{"line":165,"column":49}}],"line":165},"17":{"loc":{"start":{"line":169,"column":13},"end":{"line":171,"column":20}},"type":"cond-expr","locations":[{"start":{"line":170,"column":14},"end":{"line":170,"column":72}},{"start":{"line":171,"column":16},"end":{"line":171,"column":20}}],"line":169},"18":{"loc":{"start":{"line":183,"column":11},"end":{"line":187,"column":18}},"type":"cond-expr","locations":[{"start":{"line":184,"column":12},"end":{"line":186,"column":19}},{"start":{"line":187,"column":14},"end":{"line":187,"column":18}}],"line":183},"19":{"loc":{"start":{"line":190,"column":35},"end":{"line":190,"column":67}},"type":"binary-expr","locations":[{"start":{"line":190,"column":35},"end":{"line":190,"column":42}},{"start":{"line":190,"column":46},"end":{"line":190,"column":67}}],"line":190},"20":{"loc":{"start":{"line":197,"column":15},"end":{"line":197,"column":52}},"type":"cond-expr","locations":[{"start":{"line":197,"column":25},"end":{"line":197,"column":40}},{"start":{"line":197,"column":43},"end":{"line":197,"column":52}}],"line":197}},"s":{"0":5,"1":71,"2":71,"3":71,"4":71,"5":71,"6":71,"7":71,"8":71,"9":71,"10":71,"11":13,"12":13,"13":2,"14":2,"15":11,"16":2,"17":2,"18":9,"19":9,"20":71,"21":10,"22":2,"23":2,"24":8,"25":1,"26":1,"27":7,"28":7,"29":71,"30":8,"31":8,"32":8,"33":1,"34":1,"35":7,"36":7,"37":7,"38":7,"39":6,"40":4,"41":4,"42":2,"43":0,"44":6,"45":71,"46":11,"47":11,"48":1,"49":71,"50":9,"51":9,"52":0,"53":71,"54":2,"55":71,"56":1,"57":71,"58":4,"59":2,"60":1,"61":5},"f":{"0":71,"1":13,"2":10,"3":8,"4":11,"5":9,"6":2,"7":1,"8":4,"9":2,"10":1},"b":{"0":[71,60],"1":[2,11],"2":[2,9],"3":[2,8],"4":[1,7],"5":[1,7],"6":[8,7],"7":[4,2],"8":[2,0],"9":[1,10],"10":[0,9],"11":[71,0],"12":[4,67],"13":[4,67],"14":[3,68],"15":[1,70],"16":[1,70],"17":[3,68],"18":[3,68],"19":[71,7],"20":[7,64]},"_coverageSchema":"1a1c01bbd47fc00a2c39e90264f33305004495a9","hash":"3590bed561a033f9ccddd40352595f9562e5b5ba"}
,"/Users/hemantmalhotra/Documents/VSC/Mindloop-Mobile/mindloop-mobile/src/components/auth/RegisterScreen.tsx": {"path":"/Users/hemantmalhotra/Documents/VSC/Mindloop-Mobile/mindloop-mobile/src/components/auth/RegisterScreen.tsx","statementMap":{"0":{"start":{"line":11,"column":61},"end":{"line":358,"column":1}},"1":{"start":{"line":16,"column":28},"end":{"line":16,"column":40}},"2":{"start":{"line":17,"column":34},"end":{"line":17,"column":46}},"3":{"start":{"line":18,"column":48},"end":{"line":18,"column":60}},"4":{"start":{"line":19,"column":32},"end":{"line":19,"column":47}},"5":{"start":{"line":20,"column":28},"end":{"line":20,"column":40}},"6":{"start":{"line":21,"column":42},"end":{"line":21,"column":57}},"7":{"start":{"line":22,"column":56},"end":{"line":22,"column":71}},"8":{"start":{"line":23,"column":38},"end":{"line":23,"column":50}},"9":{"start":{"line":24,"column":44},"end":{"line":24,"column":56}},"10":{"start":{"line":25,"column":58},"end":{"line":25,"column":70}},"11":{"start":{"line":26,"column":44},"end":{"line":26,"column":59}},"12":{"start":{"line":27,"column":38},"end":{"line":27,"column":50}},"13":{"start":{"line":29,"column":22},"end":{"line":29,"column":62}},"14":{"start":{"line":30,"column":27},"end":{"line":30,"column":50}},"15":{"start":{"line":31,"column":34},"end":{"line":31,"column":57}},"16":{"start":{"line":33,"column":30},"end":{"line":53,"column":3}},"17":{"start":{"line":34,"column":4},"end":{"line":34,"column":65}},"18":{"start":{"line":34,"column":19},"end":{"line":34,"column":65}},"19":{"start":{"line":36,"column":16},"end":{"line":36,"column":17}},"20":{"start":{"line":37,"column":4},"end":{"line":37,"column":38}},"21":{"start":{"line":37,"column":30},"end":{"line":37,"column":38}},"22":{"start":{"line":38,"column":4},"end":{"line":38,"column":39}},"23":{"start":{"line":38,"column":31},"end":{"line":38,"column":39}},"24":{"start":{"line":39,"column":4},"end":{"line":39,"column":66}},"25":{"start":{"line":39,"column":58},"end":{"line":39,"column":66}},"26":{"start":{"line":40,"column":4},"end":{"line":40,"column":37}},"27":{"start":{"line":40,"column":29},"end":{"line":40,"column":37}},"28":{"start":{"line":41,"column":4},"end":{"line":41,"column":44}},"29":{"start":{"line":41,"column":36},"end":{"line":41,"column":44}},"30":{"start":{"line":43,"column":27},"end":{"line":50,"column":5}},"31":{"start":{"line":52,"column":4},"end":{"line":52,"column":54}},"32":{"start":{"line":55,"column":24},"end":{"line":67,"column":3}},"33":{"start":{"line":56,"column":23},"end":{"line":56,"column":51}},"34":{"start":{"line":57,"column":4},"end":{"line":60,"column":5}},"35":{"start":{"line":58,"column":6},"end":{"line":58,"column":41}},"36":{"start":{"line":59,"column":6},"end":{"line":59,"column":19}},"37":{"start":{"line":61,"column":4},"end":{"line":64,"column":5}},"38":{"start":{"line":62,"column":6},"end":{"line":62,"column":58}},"39":{"start":{"line":63,"column":6},"end":{"line":63,"column":19}},"40":{"start":{"line":65,"column":4},"end":{"line":65,"column":22}},"41":{"start":{"line":66,"column":4},"end":{"line":66,"column":16}},"42":{"start":{"line":69,"column":27},"end":{"line":84,"column":3}},"43":{"start":{"line":70,"column":4},"end":{"line":73,"column":5}},"44":{"start":{"line":71,"column":6},"end":{"line":71,"column":47}},"45":{"start":{"line":72,"column":6},"end":{"line":72,"column":19}},"46":{"start":{"line":74,"column":4},"end":{"line":77,"column":5}},"47":{"start":{"line":75,"column":6},"end":{"line":75,"column":65}},"48":{"start":{"line":76,"column":6},"end":{"line":76,"column":19}},"49":{"start":{"line":78,"column":4},"end":{"line":81,"column":5}},"50":{"start":{"line":79,"column":6},"end":{"line":79,"column":81}},"51":{"start":{"line":80,"column":6},"end":{"line":80,"column":19}},"52":{"start":{"line":82,"column":4},"end":{"line":82,"column":25}},"53":{"start":{"line":83,"column":4},"end":{"line":83,"column":16}},"54":{"start":{"line":86,"column":34},"end":{"line":97,"column":3}},"55":{"start":{"line":87,"column":4},"end":{"line":90,"column":5}},"56":{"start":{"line":88,"column":6},"end":{"line":88,"column":62}},"57":{"start":{"line":89,"column":6},"end":{"line":89,"column":19}},"58":{"start":{"line":91,"column":4},"end":{"line":94,"column":5}},"59":{"start":{"line":92,"column":6},"end":{"line":92,"column":56}},"60":{"start":{"line":93,"column":6},"end":{"line":93,"column":19}},"61":{"start":{"line":95,"column":4},"end":{"line":95,"column":32}},"62":{"start":{"line":96,"column":4},"end":{"line":96,"column":16}},"63":{"start":{"line":99,"column":24},"end":{"line":106,"column":3}},"64":{"start":{"line":100,"column":4},"end":{"line":103,"column":5}},"65":{"start":{"line":101,"column":6},"end":{"line":101,"column":62}},"66":{"start":{"line":102,"column":6},"end":{"line":102,"column":19}},"67":{"start":{"line":104,"column":4},"end":{"line":104,"column":22}},"68":{"start":{"line":105,"column":4},"end":{"line":105,"column":16}},"69":{"start":{"line":108,"column":23},"end":{"line":120,"column":3}},"70":{"start":{"line":109,"column":25},"end":{"line":109,"column":45}},"71":{"start":{"line":110,"column":28},"end":{"line":110,"column":54}},"72":{"start":{"line":111,"column":35},"end":{"line":111,"column":85}},"73":{"start":{"line":112,"column":25},"end":{"line":112,"column":40}},"74":{"start":{"line":114,"column":4},"end":{"line":117,"column":5}},"75":{"start":{"line":115,"column":6},"end":{"line":115,"column":46}},"76":{"start":{"line":116,"column":6},"end":{"line":116,"column":19}},"77":{"start":{"line":119,"column":4},"end":{"line":119,"column":16}},"78":{"start":{"line":122,"column":25},"end":{"line":144,"column":3}},"79":{"start":{"line":123,"column":4},"end":{"line":125,"column":5}},"80":{"start":{"line":124,"column":6},"end":{"line":124,"column":13}},"81":{"start":{"line":127,"column":4},"end":{"line":127,"column":21}},"82":{"start":{"line":128,"column":4},"end":{"line":128,"column":17}},"83":{"start":{"line":130,"column":4},"end":{"line":143,"column":5}},"84":{"start":{"line":131,"column":21},"end":{"line":131,"column":66}},"85":{"start":{"line":133,"column":6},"end":{"line":138,"column":7}},"86":{"start":{"line":134,"column":8},"end":{"line":134,"column":64}},"87":{"start":{"line":135,"column":8},"end":{"line":135,"column":30}},"88":{"start":{"line":137,"column":8},"end":{"line":137,"column":56}},"89":{"start":{"line":140,"column":6},"end":{"line":140,"column":47}},"90":{"start":{"line":142,"column":6},"end":{"line":142,"column":24}},"91":{"start":{"line":146,"column":28},"end":{"line":149,"column":3}},"92":{"start":{"line":147,"column":4},"end":{"line":147,"column":19}},"93":{"start":{"line":148,"column":4},"end":{"line":148,"column":40}},"94":{"start":{"line":148,"column":20},"end":{"line":148,"column":40}},"95":{"start":{"line":151,"column":31},"end":{"line":157,"column":3}},"96":{"start":{"line":152,"column":4},"end":{"line":152,"column":22}},"97":{"start":{"line":153,"column":4},"end":{"line":153,"column":46}},"98":{"start":{"line":153,"column":23},"end":{"line":153,"column":46}},"99":{"start":{"line":154,"column":4},"end":{"line":156,"column":5}},"100":{"start":{"line":155,"column":6},"end":{"line":155,"column":53}},"101":{"start":{"line":159,"column":38},"end":{"line":162,"column":3}},"102":{"start":{"line":160,"column":4},"end":{"line":160,"column":29}},"103":{"start":{"line":161,"column":4},"end":{"line":161,"column":70}},"104":{"start":{"line":161,"column":30},"end":{"line":161,"column":70}},"105":{"start":{"line":164,"column":28},"end":{"line":166,"column":3}},"106":{"start":{"line":165,"column":4},"end":{"line":165,"column":38}},"107":{"start":{"line":168,"column":31},"end":{"line":170,"column":3}},"108":{"start":{"line":169,"column":4},"end":{"line":169,"column":45}},"109":{"start":{"line":172,"column":26},"end":{"line":174,"column":3}},"110":{"start":{"line":173,"column":4},"end":{"line":173,"column":23}},"111":{"start":{"line":176,"column":27},"end":{"line":176,"column":56}},"112":{"start":{"line":178,"column":2},"end":{"line":357,"column":4}},"113":{"start":{"line":203,"column":30},"end":{"line":203,"column":50}},"114":{"start":{"line":228,"column":32},"end":{"line":228,"column":58}},"115":{"start":{"line":239,"column":33},"end":{"line":239,"column":63}},"116":{"start":{"line":272,"column":32},"end":{"line":272,"column":82}},"117":{"start":{"line":283,"column":33},"end":{"line":283,"column":77}},"118":{"start":{"line":301,"column":18},"end":{"line":301,"column":51}},"119":{"start":{"line":302,"column":18},"end":{"line":302,"column":52}},"120":{"start":{"line":302,"column":34},"end":{"line":302,"column":52}},"121":{"start":{"line":360,"column":15},"end":{"line":544,"column":2}}},"fnMap":{"0":{"name":"(anonymous_0)","decl":{"start":{"line":11,"column":61},"end":{"line":11,"column":62}},"loc":{"start":{"line":15,"column":6},"end":{"line":358,"column":1}},"line":15},"1":{"name":"(anonymous_1)","decl":{"start":{"line":33,"column":30},"end":{"line":33,"column":31}},"loc":{"start":{"line":33,"column":101},"end":{"line":53,"column":3}},"line":33},"2":{"name":"(anonymous_2)","decl":{"start":{"line":55,"column":24},"end":{"line":55,"column":25}},"loc":{"start":{"line":55,"column":52},"end":{"line":67,"column":3}},"line":55},"3":{"name":"(anonymous_3)","decl":{"start":{"line":69,"column":27},"end":{"line":69,"column":28}},"loc":{"start":{"line":69,"column":58},"end":{"line":84,"column":3}},"line":69},"4":{"name":"(anonymous_4)","decl":{"start":{"line":86,"column":34},"end":{"line":86,"column":35}},"loc":{"start":{"line":86,"column":90},"end":{"line":97,"column":3}},"line":86},"5":{"name":"(anonymous_5)","decl":{"start":{"line":99,"column":24},"end":{"line":99,"column":25}},"loc":{"start":{"line":99,"column":39},"end":{"line":106,"column":3}},"line":99},"6":{"name":"(anonymous_6)","decl":{"start":{"line":108,"column":23},"end":{"line":108,"column":24}},"loc":{"start":{"line":108,"column":38},"end":{"line":120,"column":3}},"line":108},"7":{"name":"(anonymous_7)","decl":{"start":{"line":122,"column":25},"end":{"line":122,"column":26}},"loc":{"start":{"line":122,"column":37},"end":{"line":144,"column":3}},"line":122},"8":{"name":"(anonymous_8)","decl":{"start":{"line":146,"column":28},"end":{"line":146,"column":29}},"loc":{"start":{"line":146,"column":46},"end":{"line":149,"column":3}},"line":146},"9":{"name":"(anonymous_9)","decl":{"start":{"line":151,"column":31},"end":{"line":151,"column":32}},"loc":{"start":{"line":151,"column":49},"end":{"line":157,"column":3}},"line":151},"10":{"name":"(anonymous_10)","decl":{"start":{"line":159,"column":38},"end":{"line":159,"column":39}},"loc":{"start":{"line":159,"column":56},"end":{"line":162,"column":3}},"line":159},"11":{"name":"(anonymous_11)","decl":{"start":{"line":164,"column":28},"end":{"line":164,"column":29}},"loc":{"start":{"line":164,"column":34},"end":{"line":166,"column":3}},"line":164},"12":{"name":"(anonymous_12)","decl":{"start":{"line":168,"column":31},"end":{"line":168,"column":32}},"loc":{"start":{"line":168,"column":37},"end":{"line":170,"column":3}},"line":168},"13":{"name":"(anonymous_13)","decl":{"start":{"line":172,"column":26},"end":{"line":172,"column":27}},"loc":{"start":{"line":172,"column":32},"end":{"line":174,"column":3}},"line":172},"14":{"name":"(anonymous_14)","decl":{"start":{"line":203,"column":24},"end":{"line":203,"column":25}},"loc":{"start":{"line":203,"column":30},"end":{"line":203,"column":50}},"line":203},"15":{"name":"(anonymous_15)","decl":{"start":{"line":228,"column":26},"end":{"line":228,"column":27}},"loc":{"start":{"line":228,"column":32},"end":{"line":228,"column":58}},"line":228},"16":{"name":"(anonymous_16)","decl":{"start":{"line":239,"column":27},"end":{"line":239,"column":28}},"loc":{"start":{"line":239,"column":33},"end":{"line":239,"column":63}},"line":239},"17":{"name":"(anonymous_17)","decl":{"start":{"line":272,"column":26},"end":{"line":272,"column":27}},"loc":{"start":{"line":272,"column":32},"end":{"line":272,"column":82}},"line":272},"18":{"name":"(anonymous_18)","decl":{"start":{"line":283,"column":27},"end":{"line":283,"column":28}},"loc":{"start":{"line":283,"column":33},"end":{"line":283,"column":77}},"line":283},"19":{"name":"(anonymous_19)","decl":{"start":{"line":300,"column":25},"end":{"line":300,"column":26}},"loc":{"start":{"line":300,"column":31},"end":{"line":303,"column":17}},"line":300}},"branchMap":{"0":{"loc":{"start":{"line":29,"column":22},"end":{"line":29,"column":62}},"type":"binary-expr","locations":[{"start":{"line":29,"column":22},"end":{"line":29,"column":41}},{"start":{"line":29,"column":45},"end":{"line":29,"column":62}}],"line":29},"1":{"loc":{"start":{"line":34,"column":4},"end":{"line":34,"column":65}},"type":"if","locations":[{"start":{"line":34,"column":4},"end":{"line":34,"column":65}},{"start":{},"end":{}}],"line":34},"2":{"loc":{"start":{"line":37,"column":4},"end":{"line":37,"column":38}},"type":"if","locations":[{"start":{"line":37,"column":4},"end":{"line":37,"column":38}},{"start":{},"end":{}}],"line":37},"3":{"loc":{"start":{"line":38,"column":4},"end":{"line":38,"column":39}},"type":"if","locations":[{"start":{"line":38,"column":4},"end":{"line":38,"column":39}},{"start":{},"end":{}}],"line":38},"4":{"loc":{"start":{"line":39,"column":4},"end":{"line":39,"column":66}},"type":"if","locations":[{"start":{"line":39,"column":4},"end":{"line":39,"column":66}},{"start":{},"end":{}}],"line":39},"5":{"loc":{"start":{"line":39,"column":8},"end":{"line":39,"column":56}},"type":"binary-expr","locations":[{"start":{"line":39,"column":8},"end":{"line":39,"column":30}},{"start":{"line":39,"column":34},"end":{"line":39,"column":56}}],"line":39},"6":{"loc":{"start":{"line":40,"column":4},"end":{"line":40,"column":37}},"type":"if","locations":[{"start":{"line":40,"column":4},"end":{"line":40,"column":37}},{"start":{},"end":{}}],"line":40},"7":{"loc":{"start":{"line":41,"column":4},"end":{"line":41,"column":44}},"type":"if","locations":[{"start":{"line":41,"column":4},"end":{"line":41,"column":44}},{"start":{},"end":{}}],"line":41},"8":{"loc":{"start":{"line":52,"column":11},"end":{"line":52,"column":53}},"type":"binary-expr","locations":[{"start":{"line":52,"column":11},"end":{"line":52,"column":32}},{"start":{"line":52,"column":36},"end":{"line":52,"column":53}}],"line":52},"9":{"loc":{"start":{"line":57,"column":4},"end":{"line":60,"column":5}},"type":"if","locations":[{"start":{"line":57,"column":4},"end":{"line":60,"column":5}},{"start":{},"end":{}}],"line":57},"10":{"loc":{"start":{"line":61,"column":4},"end":{"line":64,"column":5}},"type":"if","locations":[{"start":{"line":61,"column":4},"end":{"line":64,"column":5}},{"start":{},"end":{}}],"line":61},"11":{"loc":{"start":{"line":70,"column":4},"end":{"line":73,"column":5}},"type":"if","locations":[{"start":{"line":70,"column":4},"end":{"line":73,"column":5}},{"start":{},"end":{}}],"line":70},"12":{"loc":{"start":{"line":74,"column":4},"end":{"line":77,"column":5}},"type":"if","locations":[{"start":{"line":74,"column":4},"end":{"line":77,"column":5}},{"start":{},"end":{}}],"line":74},"13":{"loc":{"start":{"line":78,"column":4},"end":{"line":81,"column":5}},"type":"if","locations":[{"start":{"line":78,"column":4},"end":{"line":81,"column":5}},{"start":{},"end":{}}],"line":78},"14":{"loc":{"start":{"line":87,"column":4},"end":{"line":90,"column":5}},"type":"if","locations":[{"start":{"line":87,"column":4},"end":{"line":90,"column":5}},{"start":{},"end":{}}],"line":87},"15":{"loc":{"start":{"line":91,"column":4},"end":{"line":94,"column":5}},"type":"if","locations":[{"start":{"line":91,"column":4},"end":{"line":94,"column":5}},{"start":{},"end":{}}],"line":91},"16":{"loc":{"start":{"line":100,"column":4},"end":{"line":103,"column":5}},"type":"if","locations":[{"start":{"line":100,"column":4},"end":{"line":103,"column":5}},{"start":{},"end":{}}],"line":100},"17":{"loc":{"start":{"line":114,"column":4},"end":{"line":117,"column":5}},"type":"if","locations":[{"start":{"line":114,"column":4},"end":{"line":117,"column":5}},{"start":{},"end":{}}],"line":114},"18":{"loc":{"start":{"line":114,"column":8},"end":{"line":114,"column":85}},"type":"binary-expr","locations":[{"start":{"line":114,"column":8},"end":{"line":114,"column":21}},{"start":{"line":114,"column":25},"end":{"line":114,"column":41}},{"start":{"line":114,"column":45},"end":{"line":114,"column":68}},{"start":{"line":114,"column":72},"end":{"line":114,"column":85}}],"line":114},"19":{"loc":{"start":{"line":123,"column":4},"end":{"line":125,"column":5}},"type":"if","locations":[{"start":{"line":123,"column":4},"end":{"line":125,"column":5}},{"start":{},"end":{}}],"line":123},"20":{"loc":{"start":{"line":133,"column":6},"end":{"line":138,"column":7}},"type":"if","locations":[{"start":{"line":133,"column":6},"end":{"line":138,"column":7}},{"start":{"line":136,"column":13},"end":{"line":138,"column":7}}],"line":133},"21":{"loc":{"start":{"line":137,"column":17},"end":{"line":137,"column":54}},"type":"binary-expr","locations":[{"start":{"line":137,"column":17},"end":{"line":137,"column":29}},{"start":{"line":137,"column":33},"end":{"line":137,"column":54}}],"line":137},"22":{"loc":{"start":{"line":148,"column":4},"end":{"line":148,"column":40}},"type":"if","locations":[{"start":{"line":148,"column":4},"end":{"line":148,"column":40}},{"start":{},"end":{}}],"line":148},"23":{"loc":{"start":{"line":153,"column":4},"end":{"line":153,"column":46}},"type":"if","locations":[{"start":{"line":153,"column":4},"end":{"line":153,"column":46}},{"start":{},"end":{}}],"line":153},"24":{"loc":{"start":{"line":154,"column":4},"end":{"line":156,"column":5}},"type":"if","locations":[{"start":{"line":154,"column":4},"end":{"line":156,"column":5}},{"start":{},"end":{}}],"line":154},"25":{"loc":{"start":{"line":154,"column":8},"end":{"line":154,"column":47}},"type":"binary-expr","locations":[{"start":{"line":154,"column":8},"end":{"line":154,"column":23}},{"start":{"line":154,"column":27},"end":{"line":154,"column":47}}],"line":154},"26":{"loc":{"start":{"line":161,"column":4},"end":{"line":161,"column":70}},"type":"if","locations":[{"start":{"line":161,"column":4},"end":{"line":161,"column":70}},{"start":{},"end":{}}],"line":161},"27":{"loc":{"start":{"line":182,"column":18},"end":{"line":182,"column":62}},"type":"cond-expr","locations":[{"start":{"line":182,"column":42},"end":{"line":182,"column":51}},{"start":{"line":182,"column":54},"end":{"line":182,"column":62}}],"line":182},"28":{"loc":{"start":{"line":199,"column":38},"end":{"line":199,"column":75}},"type":"cond-expr","locations":[{"start":{"line":199,"column":51},"end":{"line":199,"column":68}},{"start":{"line":199,"column":71},"end":{"line":199,"column":75}}],"line":199},"29":{"loc":{"start":{"line":213,"column":15},"end":{"line":215,"column":22}},"type":"cond-expr","locations":[{"start":{"line":214,"column":16},"end":{"line":214,"column":71}},{"start":{"line":215,"column":18},"end":{"line":215,"column":22}}],"line":213},"30":{"loc":{"start":{"line":224,"column":48},"end":{"line":224,"column":88}},"type":"cond-expr","locations":[{"start":{"line":224,"column":64},"end":{"line":224,"column":81}},{"start":{"line":224,"column":84},"end":{"line":224,"column":88}}],"line":224},"31":{"loc":{"start":{"line":240,"column":38},"end":{"line":240,"column":86}},"type":"cond-expr","locations":[{"start":{"line":240,"column":53},"end":{"line":240,"column":68}},{"start":{"line":240,"column":71},"end":{"line":240,"column":86}}],"line":240},"32":{"loc":{"start":{"line":244,"column":21},"end":{"line":244,"column":51}},"type":"cond-expr","locations":[{"start":{"line":244,"column":36},"end":{"line":244,"column":42}},{"start":{"line":244,"column":45},"end":{"line":244,"column":51}}],"line":244},"33":{"loc":{"start":{"line":248,"column":15},"end":{"line":250,"column":22}},"type":"cond-expr","locations":[{"start":{"line":249,"column":16},"end":{"line":249,"column":74}},{"start":{"line":250,"column":18},"end":{"line":250,"column":22}}],"line":248},"34":{"loc":{"start":{"line":252,"column":15},"end":{"line":259,"column":22}},"type":"cond-expr","locations":[{"start":{"line":253,"column":16},"end":{"line":258,"column":23}},{"start":{"line":259,"column":18},"end":{"line":259,"column":22}}],"line":252},"35":{"loc":{"start":{"line":268,"column":48},"end":{"line":268,"column":95}},"type":"cond-expr","locations":[{"start":{"line":268,"column":71},"end":{"line":268,"column":88}},{"start":{"line":268,"column":91},"end":{"line":268,"column":95}}],"line":268},"36":{"loc":{"start":{"line":284,"column":38},"end":{"line":284,"column":93}},"type":"cond-expr","locations":[{"start":{"line":284,"column":60},"end":{"line":284,"column":75}},{"start":{"line":284,"column":78},"end":{"line":284,"column":93}}],"line":284},"37":{"loc":{"start":{"line":288,"column":21},"end":{"line":288,"column":58}},"type":"cond-expr","locations":[{"start":{"line":288,"column":43},"end":{"line":288,"column":49}},{"start":{"line":288,"column":52},"end":{"line":288,"column":58}}],"line":288},"38":{"loc":{"start":{"line":292,"column":15},"end":{"line":294,"column":22}},"type":"cond-expr","locations":[{"start":{"line":293,"column":16},"end":{"line":293,"column":81}},{"start":{"line":294,"column":18},"end":{"line":294,"column":22}}],"line":292},"39":{"loc":{"start":{"line":302,"column":18},"end":{"line":302,"column":52}},"type":"if","locations":[{"start":{"line":302,"column":18},"end":{"line":302,"column":52}},{"start":{},"end":{}}],"line":302},"40":{"loc":{"start":{"line":308,"column":47},"end":{"line":308,"column":86}},"type":"binary-expr","locations":[{"start":{"line":308,"column":47},"end":{"line":308,"column":60}},{"start":{"line":308,"column":64},"end":{"line":308,"column":86}}],"line":308},"41":{"loc":{"start":{"line":309,"column":19},"end":{"line":309,"column":75}},"type":"binary-expr","locations":[{"start":{"line":309,"column":19},"end":{"line":309,"column":32}},{"start":{"line":309,"column":36},"end":{"line":309,"column":75}}],"line":309},"42":{"loc":{"start":{"line":321,"column":13},"end":{"line":323,"column":20}},"type":"cond-expr","locations":[{"start":{"line":322,"column":14},"end":{"line":322,"column":69}},{"start":{"line":323,"column":16},"end":{"line":323,"column":20}}],"line":321},"43":{"loc":{"start":{"line":325,"column":13},"end":{"line":329,"column":20}},"type":"cond-expr","locations":[{"start":{"line":326,"column":14},"end":{"line":328,"column":21}},{"start":{"line":329,"column":16},"end":{"line":329,"column":20}}],"line":325},"44":{"loc":{"start":{"line":332,"column":37},"end":{"line":332,"column":69}},"type":"binary-expr","locations":[{"start":{"line":332,"column":37},"end":{"line":332,"column":44}},{"start":{"line":332,"column":48},"end":{"line":332,"column":69}}],"line":332},"45":{"loc":{"start":{"line":339,"column":17},"end":{"line":339,"column":60}},"type":"cond-expr","locations":[{"start":{"line":339,"column":27},"end":{"line":339,"column":48}},{"start":{"line":339,"column":51},"end":{"line":339,"column":60}}],"line":339}},"s":{"0":6,"1":155,"2":155,"3":155,"4":155,"5":155,"6":155,"7":155,"8":155,"9":155,"10":155,"11":155,"12":155,"13":155,"14":155,"15":155,"16":155,"17":155,"18":89,"19":66,"20":66,"21":59,"22":66,"23":40,"24":66,"25":47,"26":66,"27":55,"28":66,"29":12,"30":66,"31":66,"32":155,"33":22,"34":22,"35":6,"36":6,"37":16,"38":3,"39":3,"40":13,"41":13,"42":155,"43":19,"44":6,"45":6,"46":13,"47":2,"48":2,"49":11,"50":2,"51":2,"52":9,"53":9,"54":155,"55":20,"56":6,"57":6,"58":14,"59":3,"60":3,"61":11,"62":11,"63":155,"64":15,"65":7,"66":7,"67":8,"68":8,"69":155,"70":15,"71":15,"72":15,"73":15,"74":15,"75":7,"76":7,"77":8,"78":155,"79":15,"80":7,"81":8,"82":8,"83":8,"84":8,"85":7,"86":5,"87":5,"88":2,"89":0,"90":7,"91":155,"92":16,"93":16,"94":2,"95":155,"96":24,"97":24,"98":1,"99":24,"100":0,"101":155,"102":14,"103":14,"104":1,"105":155,"106":2,"107":155,"108":1,"109":155,"110":0,"111":155,"112":155,"113":5,"114":3,"115":1,"116":4,"117":1,"118":11,"119":11,"120":1,"121":6},"f":{"0":155,"1":155,"2":22,"3":19,"4":20,"5":15,"6":15,"7":15,"8":16,"9":24,"10":14,"11":2,"12":1,"13":0,"14":5,"15":3,"16":1,"17":4,"18":1,"19":11},"b":{"0":[155,123],"1":[89,66],"2":[59,7],"3":[40,26],"4":[47,19],"5":[66,66],"6":[55,11],"7":[12,54],"8":[66,0],"9":[6,16],"10":[3,13],"11":[6,13],"12":[2,11],"13":[2,9],"14":[6,14],"15":[3,11],"16":[7,8],"17":[7,8],"18":[15,10,9,8],"19":[7,8],"20":[5,2],"21":[2,0],"22":[2,14],"23":[1,23],"24":[0,24],"25":[24,0],"26":[1,13],"27":[155,0],"28":[10,145],"29":[10,145],"30":[12,143],"31":[1,154],"32":[1,154],"33":[12,143],"34":[66,89],"35":[12,143],"36":[1,154],"37":[1,154],"38":[12,143],"39":[1,10],"40":[155,26],"41":[155,26],"42":[9,146],"43":[12,143],"44":[155,8],"45":[8,147]},"_coverageSchema":"1a1c01bbd47fc00a2c39e90264f33305004495a9","hash":"0d938a614ff3bdb516ec74a75e041b65ec1d7252"}
,"/Users/hemantmalhotra/Documents/VSC/Mindloop-Mobile/mindloop-mobile/src/components/breathing/BreathingCircle.tsx": {"path":"/Users/hemantmalhotra/Documents/VSC/Mindloop-Mobile/mindloop-mobile/src/components/breathing/BreathingCircle.tsx","statementMap":{"0":{"start":{"line":12,"column":63},"end":{"line":104,"column":1}},"1":{"start":{"line":19,"column":20},"end":{"line":19,"column":59}},"2":{"start":{"line":20,"column":22},"end":{"line":20,"column":61}},"3":{"start":{"line":22,"column":2},"end":{"line":86,"column":44}},"4":{"start":{"line":23,"column":4},"end":{"line":38,"column":5}},"5":{"start":{"line":25,"column":6},"end":{"line":36,"column":17}},"6":{"start":{"line":37,"column":6},"end":{"line":37,"column":13}},"7":{"start":{"line":41,"column":29},"end":{"line":76,"column":6}},"8":{"start":{"line":79,"column":26},"end":{"line":79,"column":57}},"9":{"start":{"line":80,"column":4},"end":{"line":80,"column":26}},"10":{"start":{"line":83,"column":4},"end":{"line":85,"column":6}},"11":{"start":{"line":84,"column":6},"end":{"line":84,"column":27}},"12":{"start":{"line":88,"column":2},"end":{"line":103,"column":4}},"13":{"start":{"line":106,"column":15},"end":{"line":116,"column":2}}},"fnMap":{"0":{"name":"(anonymous_0)","decl":{"start":{"line":12,"column":63},"end":{"line":12,"column":64}},"loc":{"start":{"line":18,"column":6},"end":{"line":104,"column":1}},"line":18},"1":{"name":"(anonymous_1)","decl":{"start":{"line":22,"column":12},"end":{"line":22,"column":13}},"loc":{"start":{"line":22,"column":18},"end":{"line":86,"column":3}},"line":22},"2":{"name":"(anonymous_2)","decl":{"start":{"line":83,"column":11},"end":{"line":83,"column":12}},"loc":{"start":{"line":83,"column":17},"end":{"line":85,"column":5}},"line":83}},"branchMap":{"0":{"loc":{"start":{"line":13,"column":2},"end":{"line":13,"column":12}},"type":"default-arg","locations":[{"start":{"line":13,"column":9},"end":{"line":13,"column":12}}],"line":13},"1":{"loc":{"start":{"line":14,"column":2},"end":{"line":14,"column":19}},"type":"default-arg","locations":[{"start":{"line":14,"column":10},"end":{"line":14,"column":19}}],"line":14},"2":{"loc":{"start":{"line":15,"column":2},"end":{"line":15,"column":27}},"type":"default-arg","locations":[{"start":{"line":15,"column":19},"end":{"line":15,"column":27}}],"line":15},"3":{"loc":{"start":{"line":16,"column":2},"end":{"line":16,"column":20}},"type":"default-arg","locations":[{"start":{"line":16,"column":16},"end":{"line":16,"column":20}}],"line":16},"4":{"loc":{"start":{"line":23,"column":4},"end":{"line":38,"column":5}},"type":"if","locations":[{"start":{"line":23,"column":4},"end":{"line":38,"column":5}},{"start":{},"end":{}}],"line":23}},"s":{"0":1,"1":7,"2":7,"3":7,"4":7,"5":1,"6":1,"7":6,"8":6,"9":6,"10":6,"11":6,"12":7,"13":1},"f":{"0":7,"1":7,"2":6},"b":{"0":[7],"1":[7],"2":[4],"3":[5],"4":[1,6]},"_coverageSchema":"1a1c01bbd47fc00a2c39e90264f33305004495a9","hash":"231246fb99e9aa7896d305aee4ae0915fc7ae196"}
,"/Users/hemantmalhotra/Documents/VSC/Mindloop-Mobile/mindloop-mobile/src/components/breathing/BreathingScreen.tsx": {"path":"/Users/hemantmalhotra/Documents/VSC/Mindloop-Mobile/mindloop-mobile/src/components/breathing/BreathingScreen.tsx","statementMap":{"0":{"start":{"line":15,"column":63},"end":{"line":147,"column":1}},"1":{"start":{"line":20,"column":40},"end":{"line":20,"column":54}},"2":{"start":{"line":21,"column":34},"end":{"line":21,"column":49}},"3":{"start":{"line":22,"column":44},"end":{"line":22,"column":62}},"4":{"start":{"line":23,"column":46},"end":{"line":23,"column":80}},"5":{"start":{"line":24,"column":38},"end":{"line":24,"column":49}},"6":{"start":{"line":27,"column":26},"end":{"line":27,"column":27}},"7":{"start":{"line":28,"column":24},"end":{"line":28,"column":25}},"8":{"start":{"line":29,"column":26},"end":{"line":29,"column":27}},"9":{"start":{"line":30,"column":25},"end":{"line":30,"column":90}},"10":{"start":{"line":33,"column":2},"end":{"line":65,"column":42}},"11":{"start":{"line":34,"column":4},"end":{"line":34,"column":41}},"12":{"start":{"line":34,"column":34},"end":{"line":34,"column":41}},"13":{"start":{"line":36,"column":21},"end":{"line":62,"column":12}},"14":{"start":{"line":37,"column":6},"end":{"line":44,"column":9}},"15":{"start":{"line":38,"column":8},"end":{"line":42,"column":9}},"16":{"start":{"line":39,"column":10},"end":{"line":39,"column":32}},"17":{"start":{"line":40,"column":10},"end":{"line":40,"column":25}},"18":{"start":{"line":41,"column":10},"end":{"line":41,"column":19}},"19":{"start":{"line":43,"column":8},"end":{"line":43,"column":24}},"20":{"start":{"line":47,"column":6},"end":{"line":61,"column":9}},"21":{"start":{"line":48,"column":25},"end":{"line":48,"column":52}},"22":{"start":{"line":50,"column":8},"end":{"line":58,"column":9}},"23":{"start":{"line":51,"column":10},"end":{"line":51,"column":38}},"24":{"start":{"line":52,"column":15},"end":{"line":58,"column":9}},"25":{"start":{"line":53,"column":10},"end":{"line":53,"column":36}},"26":{"start":{"line":54,"column":15},"end":{"line":58,"column":9}},"27":{"start":{"line":55,"column":10},"end":{"line":55,"column":38}},"28":{"start":{"line":57,"column":10},"end":{"line":57,"column":36}},"29":{"start":{"line":60,"column":8},"end":{"line":60,"column":24}},"30":{"start":{"line":64,"column":4},"end":{"line":64,"column":41}},"31":{"start":{"line":64,"column":17},"end":{"line":64,"column":40}},"32":{"start":{"line":67,"column":28},"end":{"line":74,"column":16}},"33":{"start":{"line":68,"column":4},"end":{"line":68,"column":31}},"34":{"start":{"line":68,"column":24},"end":{"line":68,"column":29}},"35":{"start":{"line":69,"column":4},"end":{"line":73,"column":5}},"36":{"start":{"line":70,"column":6},"end":{"line":70,"column":44}},"37":{"start":{"line":72,"column":6},"end":{"line":72,"column":27}},"38":{"start":{"line":76,"column":23},"end":{"line":87,"column":3}},"39":{"start":{"line":77,"column":4},"end":{"line":86,"column":5}},"40":{"start":{"line":79,"column":8},"end":{"line":79,"column":24}},"41":{"start":{"line":81,"column":8},"end":{"line":81,"column":24}},"42":{"start":{"line":83,"column":8},"end":{"line":83,"column":22}},"43":{"start":{"line":85,"column":8},"end":{"line":85,"column":25}},"44":{"start":{"line":89,"column":2},"end":{"line":146,"column":4}},"45":{"start":{"line":149,"column":15},"end":{"line":206,"column":2}}},"fnMap":{"0":{"name":"(anonymous_0)","decl":{"start":{"line":15,"column":63},"end":{"line":15,"column":64}},"loc":{"start":{"line":19,"column":6},"end":{"line":147,"column":1}},"line":19},"1":{"name":"(anonymous_1)","decl":{"start":{"line":33,"column":12},"end":{"line":33,"column":13}},"loc":{"start":{"line":33,"column":18},"end":{"line":65,"column":3}},"line":33},"2":{"name":"(anonymous_2)","decl":{"start":{"line":36,"column":33},"end":{"line":36,"column":34}},"loc":{"start":{"line":36,"column":39},"end":{"line":62,"column":5}},"line":36},"3":{"name":"(anonymous_3)","decl":{"start":{"line":37,"column":23},"end":{"line":37,"column":24}},"loc":{"start":{"line":37,"column":31},"end":{"line":44,"column":7}},"line":37},"4":{"name":"(anonymous_4)","decl":{"start":{"line":47,"column":20},"end":{"line":47,"column":21}},"loc":{"start":{"line":47,"column":28},"end":{"line":61,"column":7}},"line":47},"5":{"name":"(anonymous_5)","decl":{"start":{"line":64,"column":11},"end":{"line":64,"column":12}},"loc":{"start":{"line":64,"column":17},"end":{"line":64,"column":40}},"line":64},"6":{"name":"(anonymous_6)","decl":{"start":{"line":67,"column":40},"end":{"line":67,"column":41}},"loc":{"start":{"line":67,"column":46},"end":{"line":74,"column":3}},"line":67},"7":{"name":"(anonymous_7)","decl":{"start":{"line":68,"column":16},"end":{"line":68,"column":17}},"loc":{"start":{"line":68,"column":24},"end":{"line":68,"column":29}},"line":68},"8":{"name":"(anonymous_8)","decl":{"start":{"line":76,"column":23},"end":{"line":76,"column":24}},"loc":{"start":{"line":76,"column":37},"end":{"line":87,"column":3}},"line":76}},"branchMap":{"0":{"loc":{"start":{"line":16,"column":2},"end":{"line":16,"column":15}},"type":"default-arg","locations":[{"start":{"line":16,"column":13},"end":{"line":16,"column":15}}],"line":16},"1":{"loc":{"start":{"line":34,"column":4},"end":{"line":34,"column":41}},"type":"if","locations":[{"start":{"line":34,"column":4},"end":{"line":34,"column":41}},{"start":{},"end":{}}],"line":34},"2":{"loc":{"start":{"line":34,"column":8},"end":{"line":34,"column":32}},"type":"binary-expr","locations":[{"start":{"line":34,"column":8},"end":{"line":34,"column":20}},{"start":{"line":34,"column":24},"end":{"line":34,"column":32}}],"line":34},"3":{"loc":{"start":{"line":38,"column":8},"end":{"line":42,"column":9}},"type":"if","locations":[{"start":{"line":38,"column":8},"end":{"line":42,"column":9}},{"start":{},"end":{}}],"line":38},"4":{"loc":{"start":{"line":50,"column":8},"end":{"line":58,"column":9}},"type":"if","locations":[{"start":{"line":50,"column":8},"end":{"line":58,"column":9}},{"start":{"line":52,"column":15},"end":{"line":58,"column":9}}],"line":50},"5":{"loc":{"start":{"line":52,"column":15},"end":{"line":58,"column":9}},"type":"if","locations":[{"start":{"line":52,"column":15},"end":{"line":58,"column":9}},{"start":{"line":54,"column":15},"end":{"line":58,"column":9}}],"line":52},"6":{"loc":{"start":{"line":54,"column":15},"end":{"line":58,"column":9}},"type":"if","locations":[{"start":{"line":54,"column":15},"end":{"line":58,"column":9}},{"start":{"line":56,"column":15},"end":{"line":58,"column":9}}],"line":54},"7":{"loc":{"start":{"line":69,"column":4},"end":{"line":73,"column":5}},"type":"if","locations":[{"start":{"line":69,"column":4},"end":{"line":73,"column":5}},{"start":{"line":71,"column":11},"end":{"line":73,"column":5}}],"line":69},"8":{"loc":{"start":{"line":77,"column":4},"end":{"line":86,"column":5}},"type":"switch","locations":[{"start":{"line":78,"column":6},"end":{"line":79,"column":24}},{"start":{"line":80,"column":6},"end":{"line":81,"column":24}},{"start":{"line":82,"column":6},"end":{"line":83,"column":22}},{"start":{"line":84,"column":6},"end":{"line":85,"column":25}}],"line":77},"9":{"loc":{"start":{"line":120,"column":25},"end":{"line":120,"column":49}},"type":"binary-expr","locations":[{"start":{"line":120,"column":25},"end":{"line":120,"column":36}},{"start":{"line":120,"column":40},"end":{"line":120,"column":49}}],"line":120},"10":{"loc":{"start":{"line":137,"column":30},"end":{"line":137,"column":79}},"type":"cond-expr","locations":[{"start":{"line":137,"column":41},"end":{"line":137,"column":59}},{"start":{"line":137,"column":62},"end":{"line":137,"column":79}}],"line":137},"11":{"loc":{"start":{"line":141,"column":13},"end":{"line":141,"column":33}},"type":"cond-expr","locations":[{"start":{"line":141,"column":24},"end":{"line":141,"column":27}},{"start":{"line":141,"column":30},"end":{"line":141,"column":33}}],"line":141}},"s":{"0":3,"1":6,"2":6,"3":6,"4":6,"5":6,"6":6,"7":6,"8":6,"9":6,"10":6,"11":6,"12":0,"13":6,"14":0,"15":0,"16":0,"17":0,"18":0,"19":0,"20":0,"21":0,"22":0,"23":0,"24":0,"25":0,"26":0,"27":0,"28":0,"29":0,"30":6,"31":6,"32":6,"33":0,"34":0,"35":0,"36":0,"37":0,"38":6,"39":12,"40":12,"41":0,"42":0,"43":0,"44":6,"45":3},"f":{"0":6,"1":6,"2":0,"3":0,"4":0,"5":6,"6":0,"7":0,"8":12},"b":{"0":[4],"1":[0,6],"2":[6,6],"3":[0,0],"4":[0,0],"5":[0,0],"6":[0,0],"7":[0,0],"8":[12,0,0,0],"9":[6,6],"10":[0,6],"11":[0,6]},"_coverageSchema":"1a1c01bbd47fc00a2c39e90264f33305004495a9","hash":"f17a34f7e27fc123aaff2d6541d21e4a7b555149"}
,"/Users/hemantmalhotra/Documents/VSC/Mindloop-Mobile/mindloop-mobile/src/components/breathing/OrganicBlob.tsx": {"path":"/Users/hemantmalhotra/Documents/VSC/Mindloop-Mobile/mindloop-mobile/src/components/breathing/OrganicBlob.tsx","statementMap":{"0":{"start":{"line":12,"column":55},"end":{"line":182,"column":1}},"1":{"start":{"line":18,"column":22},"end":{"line":18,"column":62}},"2":{"start":{"line":19,"column":23},"end":{"line":19,"column":60}},"3":{"start":{"line":20,"column":21},"end":{"line":20,"column":60}},"4":{"start":{"line":21,"column":22},"end":{"line":21,"column":59}},"5":{"start":{"line":23,"column":4},"end":{"line":108,"column":66}},"6":{"start":{"line":24,"column":8},"end":{"line":29,"column":9}},"7":{"start":{"line":25,"column":12},"end":{"line":25,"column":34}},"8":{"start":{"line":26,"column":12},"end":{"line":26,"column":35}},"9":{"start":{"line":27,"column":12},"end":{"line":27,"column":35}},"10":{"start":{"line":28,"column":12},"end":{"line":28,"column":19}},"11":{"start":{"line":32,"column":33},"end":{"line":69,"column":9}},"12":{"start":{"line":72,"column":32},"end":{"line":79,"column":9}},"13":{"start":{"line":82,"column":31},"end":{"line":97,"column":9}},"14":{"start":{"line":99,"column":8},"end":{"line":99,"column":33}},"15":{"start":{"line":100,"column":8},"end":{"line":100,"column":32}},"16":{"start":{"line":101,"column":8},"end":{"line":101,"column":31}},"17":{"start":{"line":103,"column":8},"end":{"line":107,"column":10}},"18":{"start":{"line":104,"column":12},"end":{"line":104,"column":36}},"19":{"start":{"line":105,"column":12},"end":{"line":105,"column":35}},"20":{"start":{"line":106,"column":12},"end":{"line":106,"column":34}},"21":{"start":{"line":110,"column":21},"end":{"line":113,"column":6}},"22":{"start":{"line":115,"column":19},"end":{"line":118,"column":6}},"23":{"start":{"line":120,"column":19},"end":{"line":123,"column":6}},"24":{"start":{"line":125,"column":4},"end":{"line":181,"column":6}},"25":{"start":{"line":184,"column":15},"end":{"line":216,"column":2}}},"fnMap":{"0":{"name":"(anonymous_0)","decl":{"start":{"line":12,"column":55},"end":{"line":12,"column":56}},"loc":{"start":{"line":17,"column":6},"end":{"line":182,"column":1}},"line":17},"1":{"name":"(anonymous_1)","decl":{"start":{"line":23,"column":14},"end":{"line":23,"column":15}},"loc":{"start":{"line":23,"column":20},"end":{"line":108,"column":5}},"line":23},"2":{"name":"(anonymous_2)","decl":{"start":{"line":103,"column":15},"end":{"line":103,"column":16}},"loc":{"start":{"line":103,"column":21},"end":{"line":107,"column":9}},"line":103}},"branchMap":{"0":{"loc":{"start":{"line":13,"column":4},"end":{"line":13,"column":14}},"type":"default-arg","locations":[{"start":{"line":13,"column":11},"end":{"line":13,"column":14}}],"line":13},"1":{"loc":{"start":{"line":14,"column":4},"end":{"line":14,"column":22}},"type":"default-arg","locations":[{"start":{"line":14,"column":18},"end":{"line":14,"column":22}}],"line":14},"2":{"loc":{"start":{"line":15,"column":4},"end":{"line":15,"column":29}},"type":"default-arg","locations":[{"start":{"line":15,"column":21},"end":{"line":15,"column":29}}],"line":15},"3":{"loc":{"start":{"line":24,"column":8},"end":{"line":29,"column":9}},"type":"if","locations":[{"start":{"line":24,"column":8},"end":{"line":29,"column":9}},{"start":{},"end":{}}],"line":24}},"s":{"0":3,"1":6,"2":6,"3":6,"4":6,"5":6,"6":6,"7":0,"8":0,"9":0,"10":0,"11":6,"12":6,"13":6,"14":6,"15":6,"16":6,"17":6,"18":6,"19":6,"20":6,"21":6,"22":6,"23":6,"24":6,"25":3},"f":{"0":6,"1":6,"2":6},"b":{"0":[0],"1":[0],"2":[0],"3":[0,6]},"_coverageSchema":"1a1c01bbd47fc00a2c39e90264f33305004495a9","hash":"fdb1d10aa4e079e6661e1b31eba26c0f703eed62"}
,"/Users/hemantmalhotra/Documents/VSC/Mindloop-Mobile/mindloop-mobile/src/components/common/AccessibleButton.tsx": {"path":"/Users/hemantmalhotra/Documents/VSC/Mindloop-Mobile/mindloop-mobile/src/components/common/AccessibleButton.tsx","statementMap":{"0":{"start":{"line":19,"column":65},"end":{"line":66,"column":1}},"1":{"start":{"line":28,"column":57},"end":{"line":28,"column":75}},"2":{"start":{"line":30,"column":22},"end":{"line":37,"column":3}},"3":{"start":{"line":31,"column":4},"end":{"line":36,"column":5}},"4":{"start":{"line":33,"column":20},"end":{"line":33,"column":47}},"5":{"start":{"line":34,"column":6},"end":{"line":34,"column":53}},"6":{"start":{"line":35,"column":6},"end":{"line":35,"column":16}},"7":{"start":{"line":39,"column":22},"end":{"line":44,"column":3}},"8":{"start":{"line":46,"column":2},"end":{"line":65,"column":4}},"9":{"start":{"line":68,"column":15},"end":{"line":98,"column":2}}},"fnMap":{"0":{"name":"(anonymous_0)","decl":{"start":{"line":19,"column":65},"end":{"line":19,"column":66}},"loc":{"start":{"line":27,"column":6},"end":{"line":66,"column":1}},"line":27},"1":{"name":"(anonymous_1)","decl":{"start":{"line":30,"column":22},"end":{"line":30,"column":23}},"loc":{"start":{"line":30,"column":28},"end":{"line":37,"column":3}},"line":30}},"branchMap":{"0":{"loc":{"start":{"line":22,"column":2},"end":{"line":22,"column":18}},"type":"default-arg","locations":[{"start":{"line":22,"column":13},"end":{"line":22,"column":18}}],"line":22},"1":{"loc":{"start":{"line":31,"column":4},"end":{"line":36,"column":5}},"type":"if","locations":[{"start":{"line":31,"column":4},"end":{"line":36,"column":5}},{"start":{},"end":{}}],"line":31},"2":{"loc":{"start":{"line":33,"column":20},"end":{"line":33,"column":47}},"type":"binary-expr","locations":[{"start":{"line":33,"column":20},"end":{"line":33,"column":38}},{"start":{"line":33,"column":42},"end":{"line":33,"column":47}}],"line":33},"3":{"loc":{"start":{"line":41,"column":4},"end":{"line":41,"column":49}},"type":"binary-expr","locations":[{"start":{"line":41,"column":4},"end":{"line":41,"column":20}},{"start":{"line":41,"column":24},"end":{"line":41,"column":49}}],"line":41},"4":{"loc":{"start":{"line":42,"column":4},"end":{"line":42,"column":31}},"type":"binary-expr","locations":[{"start":{"line":42,"column":4},"end":{"line":42,"column":12}},{"start":{"line":42,"column":16},"end":{"line":42,"column":31}}],"line":42},"5":{"loc":{"start":{"line":52,"column":26},"end":{"line":52,"column":53}},"type":"binary-expr","locations":[{"start":{"line":52,"column":26},"end":{"line":52,"column":44}},{"start":{"line":52,"column":48},"end":{"line":52,"column":53}}],"line":52},"6":{"loc":{"start":{"line":60,"column":8},"end":{"line":60,"column":39}},"type":"binary-expr","locations":[{"start":{"line":60,"column":8},"end":{"line":60,"column":16}},{"start":{"line":60,"column":20},"end":{"line":60,"column":39}}],"line":60}},"s":{"0":2,"1":13,"2":13,"3":1,"4":1,"5":1,"6":1,"7":13,"8":13,"9":2},"f":{"0":13,"1":1},"b":{"0":[12],"1":[1,0],"2":[1,0],"3":[13,3],"4":[13,1],"5":[13,10],"6":[13,1]},"_coverageSchema":"1a1c01bbd47fc00a2c39e90264f33305004495a9","hash":"783fdb7a23e350a28e92a51b5b89e2be322c4326"}
,"/Users/hemantmalhotra/Documents/VSC/Mindloop-Mobile/mindloop-mobile/src/components/common/AccessibleTextInput.tsx": {"path":"/Users/hemantmalhotra/Documents/VSC/Mindloop-Mobile/mindloop-mobile/src/components/common/AccessibleTextInput.tsx","statementMap":{"0":{"start":{"line":22,"column":71},"end":{"line":76,"column":1}},"1":{"start":{"line":34,"column":39},"end":{"line":34,"column":57}},"2":{"start":{"line":36,"column":27},"end":{"line":45,"column":3}},"3":{"start":{"line":37,"column":4},"end":{"line":37,"column":23}},"4":{"start":{"line":40,"column":4},"end":{"line":44,"column":5}},"5":{"start":{"line":41,"column":6},"end":{"line":41,"column":81}},"6":{"start":{"line":43,"column":6},"end":{"line":43,"column":64}},"7":{"start":{"line":47,"column":2},"end":{"line":75,"column":4}},"8":{"start":{"line":78,"column":15},"end":{"line":102,"column":2}}},"fnMap":{"0":{"name":"(anonymous_0)","decl":{"start":{"line":22,"column":71},"end":{"line":22,"column":72}},"loc":{"start":{"line":33,"column":6},"end":{"line":76,"column":1}},"line":33},"1":{"name":"(anonymous_1)","decl":{"start":{"line":36,"column":27},"end":{"line":36,"column":28}},"loc":{"start":{"line":36,"column":45},"end":{"line":45,"column":3}},"line":36}},"branchMap":{"0":{"loc":{"start":{"line":29,"column":2},"end":{"line":29,"column":18}},"type":"default-arg","locations":[{"start":{"line":29,"column":13},"end":{"line":29,"column":18}}],"line":29},"1":{"loc":{"start":{"line":31,"column":2},"end":{"line":31,"column":17}},"type":"default-arg","locations":[{"start":{"line":31,"column":13},"end":{"line":31,"column":17}}],"line":31},"2":{"loc":{"start":{"line":32,"column":2},"end":{"line":32,"column":26}},"type":"default-arg","locations":[{"start":{"line":32,"column":17},"end":{"line":32,"column":26}}],"line":32},"3":{"loc":{"start":{"line":40,"column":4},"end":{"line":44,"column":5}},"type":"if","locations":[{"start":{"line":40,"column":4},"end":{"line":44,"column":5}},{"start":{"line":42,"column":11},"end":{"line":44,"column":5}}],"line":40},"4":{"loc":{"start":{"line":40,"column":8},"end":{"line":40,"column":32}},"type":"binary-expr","locations":[{"start":{"line":40,"column":8},"end":{"line":40,"column":16}},{"start":{"line":40,"column":20},"end":{"line":40,"column":32}}],"line":40},"5":{"loc":{"start":{"line":58,"column":14},"end":{"line":58,"column":41}},"type":"binary-expr","locations":[{"start":{"line":58,"column":14},"end":{"line":58,"column":22}},{"start":{"line":58,"column":26},"end":{"line":58,"column":41}}],"line":58},"6":{"loc":{"start":{"line":59,"column":14},"end":{"line":59,"column":45}},"type":"binary-expr","locations":[{"start":{"line":59,"column":14},"end":{"line":59,"column":23}},{"start":{"line":59,"column":27},"end":{"line":59,"column":45}}],"line":59},"7":{"loc":{"start":{"line":64,"column":10},"end":{"line":64,"column":34}},"type":"binary-expr","locations":[{"start":{"line":64,"column":10},"end":{"line":64,"column":18}},{"start":{"line":64,"column":22},"end":{"line":64,"column":34}}],"line":64},"8":{"loc":{"start":{"line":65,"column":10},"end":{"line":65,"column":38}},"type":"binary-expr","locations":[{"start":{"line":65,"column":10},"end":{"line":65,"column":19}},{"start":{"line":65,"column":23},"end":{"line":65,"column":38}}],"line":65},"9":{"loc":{"start":{"line":69,"column":7},"end":{"line":73,"column":7}},"type":"binary-expr","locations":[{"start":{"line":69,"column":7},"end":{"line":69,"column":15}},{"start":{"line":69,"column":19},"end":{"line":69,"column":31}},{"start":{"line":70,"column":8},"end":{"line":72,"column":15}}],"line":69}},"s":{"0":2,"1":10,"2":10,"3":1,"4":1,"5":0,"6":1,"7":10,"8":2},"f":{"0":10,"1":1},"b":{"0":[9],"1":[9],"2":[9],"3":[0,1],"4":[1,0],"5":[10,1],"6":[10,1],"7":[10,1],"8":[10,1],"9":[10,1,1]},"_coverageSchema":"1a1c01bbd47fc00a2c39e90264f33305004495a9","hash":"cc1835b8789b6c00a9d9063f79510f0feb24b17e"}
[...]
nd":{"line":152,"column":19}},"19":{"start":{"line":162,"column":20},"end":{"line":162,"column":22}},"20":{"start":{"line":164,"column":4},"end":{"line":180,"column":5}},"21":{"start":{"line":165,"column":6},"end":{"line":169,"column":8}},"22":{"start":{"line":171,"column":6},"end":{"line":179,"column":8}},"23":{"start":{"line":191,"column":4},"end":{"line":201,"column":5}},"24":{"start":{"line":192,"column":6},"end":{"line":200,"column":8}},"25":{"start":{"line":203,"column":4},"end":{"line":207,"column":6}},"26":{"start":{"line":218,"column":4},"end":{"line":274,"column":5}},"27":{"start":{"line":219,"column":6},"end":{"line":227,"column":8}},"28":{"start":{"line":228,"column":11},"end":{"line":274,"column":5}},"29":{"start":{"line":230,"column":6},"end":{"line":267,"column":7}},"30":{"start":{"line":232,"column":38},"end":{"line":232,"column":80}},"31":{"start":{"line":233,"column":30},"end":{"line":233,"column":77}},"32":{"start":{"line":234,"column":31},"end":{"line":234,"column":79}},"33":{"start":{"line":236,"column":8},"end":{"line":253,"column":9}},"34":{"start":{"line":237,"column":10},"end":{"line":241,"column":12}},"35":{"start":{"line":243,"column":10},"end":{"line":252,"column":12}},"36":{"start":{"line":257,"column":8},"end":{"line":266,"column":10}},"37":{"start":{"line":269,"column":6},"end":{"line":273,"column":8}},"38":{"start":{"line":281,"column":22},"end":{"line":284,"column":6}},"39":{"start":{"line":282,"column":6},"end":{"line":282,"column":17}},"40":{"start":{"line":283,"column":6},"end":{"line":283,"column":81}},"41":{"start":{"line":286,"column":4},"end":{"line":286,"column":48}},"42":{"start":{"line":296,"column":17},"end":{"line":296,"column":50}},"43":{"start":{"line":297,"column":17},"end":{"line":297,"column":50}},"44":{"start":{"line":299,"column":22},"end":{"line":299,"column":42}},"45":{"start":{"line":300,"column":20},"end":{"line":300,"column":40}},"46":{"start":{"line":302,"column":4},"end":{"line":302,"column":49}},"47":{"start":{"line":310,"column":4},"end":{"line":312,"column":5}},"48":{"start":{"line":311,"column":6},"end":{"line":311,"column":70}},"49":{"start":{"line":314,"column":19},"end":{"line":314,"column":72}},"50":{"start":{"line":316,"column":4},"end":{"line":319,"column":5}},"51":{"start":{"line":318,"column":6},"end":{"line":318,"column":34}},"52":{"start":{"line":321,"column":4},"end":{"line":325,"column":6}},"53":{"start":{"line":339,"column":45},"end":{"line":339,"column":47}},"54":{"start":{"line":342,"column":4},"end":{"line":342,"column":61}},"55":{"start":{"line":345,"column":4},"end":{"line":347,"column":5}},"56":{"start":{"line":346,"column":6},"end":{"line":346,"column":61}},"57":{"start":{"line":350,"column":4},"end":{"line":352,"column":5}},"58":{"start":{"line":351,"column":6},"end":{"line":351,"column":91}},"59":{"start":{"line":354,"column":4},"end":{"line":354,"column":19}},"60":{"start":{"line":361,"column":60},"end":{"line":474,"column":1}},"61":{"start":{"line":479,"column":25},"end":{"line":548,"column":1}},"62":{"start":{"line":484,"column":4},"end":{"line":484,"column":70}},"63":{"start":{"line":484,"column":50},"end":{"line":484,"column":68}},"64":{"start":{"line":491,"column":4},"end":{"line":491,"column":78}},"65":{"start":{"line":491,"column":52},"end":{"line":491,"column":76}},"66":{"start":{"line":498,"column":4},"end":{"line":498,"column":50}},"67":{"start":{"line":498,"column":35},"end":{"line":498,"column":48}},"68":{"start":{"line":505,"column":4},"end":{"line":505,"column":52}},"69":{"start":{"line":505,"column":36},"end":{"line":505,"column":50}},"70":{"start":{"line":512,"column":4},"end":{"line":512,"column":51}},"71":{"start":{"line":512,"column":36},"end":{"line":512,"column":49}},"72":{"start":{"line":519,"column":19},"end":{"line":519,"column":55}},"73":{"start":{"line":519,"column":39},"end":{"line":519,"column":47}},"74":{"start":{"line":520,"column":19},"end":{"line":520,"column":56}},"75":{"start":{"line":520,"column":39},"end":{"line":520,"column":48}},"76":{"start":{"line":521,"column":18},"end":{"line":521,"column":32}},"77":{"start":{"line":523,"column":17},"end":{"line":523,"column":43}},"78":{"start":{"line":524,"column":4},"end":{"line":524,"column":40}},"79":{"start":{"line":525,"column":4},"end":{"line":525,"column":41}},"80":{"start":{"line":526,"column":4},"end":{"line":526,"column":36}},"81":{"start":{"line":527,"column":4},"end":{"line":527,"column":36}},"82":{"start":{"line":528,"column":4},"end":{"line":528,"column":92}},"83":{"start":{"line":530,"column":4},"end":{"line":544,"column":5}},"84":{"start":{"line":531,"column":6},"end":{"line":531,"column":37}},"85":{"start":{"line":532,"column":6},"end":{"line":532,"column":37}},"86":{"start":{"line":533,"column":6},"end":{"line":543,"column":11}},"87":{"start":{"line":534,"column":21},"end":{"line":534,"column":30}},"88":{"start":{"line":536,"column":27},"end":{"line":536,"column":66}},"89":{"start":{"line":537,"column":10},"end":{"line":537,"column":84}},"90":{"start":{"line":538,"column":10},"end":{"line":538,"column":39}},"91":{"start":{"line":539,"column":10},"end":{"line":541,"column":11}},"92":{"start":{"line":540,"column":12},"end":{"line":540,"column":63}},"93":{"start":{"line":540,"column":39},"end":{"line":540,"column":61}},"94":{"start":{"line":542,"column":10},"end":{"line":542,"column":25}},"95":{"start":{"line":546,"column":4},"end":{"line":546,"column":18}}},"fnMap":{"0":{"name":"(anonymous_0)","decl":{"start":{"line":60,"column":2},"end":{"line":60,"column":3}},"loc":{"start":{"line":64,"column":27},"end":{"line":89,"column":3}},"line":64},"1":{"name":"(anonymous_1)","decl":{"start":{"line":94,"column":2},"end":{"line":94,"column":3}},"loc":{"start":{"line":97,"column":29},"end":{"line":153,"column":3}},"line":97},"2":{"name":"(anonymous_2)","decl":{"start":{"line":158,"column":2},"end":{"line":158,"column":3}},"loc":{"start":{"line":161,"column":27},"end":{"line":181,"column":3}},"line":161},"3":{"name":"(anonymous_3)","decl":{"start":{"line":186,"column":2},"end":{"line":186,"column":3}},"loc":{"start":{"line":190,"column":27},"end":{"line":208,"column":3}},"line":190},"4":{"name":"(anonymous_4)","decl":{"start":{"line":213,"column":2},"end":{"line":213,"column":3}},"loc":{"start":{"line":217,"column":27},"end":{"line":275,"column":3}},"line":217},"5":{"name":"(anonymous_5)","decl":{"start":{"line":280,"column":2},"end":{"line":280,"column":3}},"loc":{"start":{"line":280,"column":88},"end":{"line":287,"column":3}},"line":280},"6":{"name":"(anonymous_6)","decl":{"start":{"line":281,"column":48},"end":{"line":281,"column":49}},"loc":{"start":{"line":281,"column":55},"end":{"line":284,"column":5}},"line":281},"7":{"name":"(anonymous_7)","decl":{"start":{"line":292,"column":2},"end":{"line":292,"column":3}},"loc":{"start":{"line":295,"column":12},"end":{"line":303,"column":3}},"line":295},"8":{"name":"(anonymous_8)","decl":{"start":{"line":308,"column":2},"end":{"line":308,"column":3}},"loc":{"start":{"line":308,"column":76},"end":{"line":326,"column":3}},"line":308},"9":{"name":"(anonymous_9)","decl":{"start":{"line":331,"column":2},"end":{"line":331,"column":3}},"loc":{"start":{"line":338,"column":29},"end":{"line":355,"column":3}},"line":338},"10":{"name":"(anonymous_10)","decl":{"start":{"line":483,"column":19},"end":{"line":483,"column":20}},"loc":{"start":{"line":483,"column":68},"end":{"line":485,"column":3}},"line":483},"11":{"name":"(anonymous_11)","decl":{"start":{"line":484,"column":38},"end":{"line":484,"column":39}},"loc":{"start":{"line":484,"column":50},"end":{"line":484,"column":68}},"line":484},"12":{"name":"(anonymous_12)","decl":{"start":{"line":490,"column":22},"end":{"line":490,"column":23}},"loc":{"start":{"line":490,"column":67},"end":{"line":492,"column":3}},"line":490},"13":{"name":"(anonymous_13)","decl":{"start":{"line":491,"column":40},"end":{"line":491,"column":41}},"loc":{"start":{"line":491,"column":52},"end":{"line":491,"column":76}},"line":491},"14":{"name":"(anonymous_14)","decl":{"start":{"line":497,"column":13},"end":{"line":497,"column":14}},"loc":{"start":{"line":497,"column":60},"end":{"line":499,"column":3}},"line":497},"15":{"name":"(anonymous_15)","decl":{"start":{"line":498,"column":25},"end":{"line":498,"column":26}},"loc":{"start":{"line":498,"column":35},"end":{"line":498,"column":48}},"line":498},"16":{"name":"(anonymous_16)","decl":{"start":{"line":504,"column":20},"end":{"line":504,"column":21}},"loc":{"start":{"line":504,"column":83},"end":{"line":506,"column":3}},"line":504},"17":{"name":"(anonymous_17)","decl":{"start":{"line":505,"column":26},"end":{"line":505,"column":27}},"loc":{"start":{"line":505,"column":36},"end":{"line":505,"column":50}},"line":505},"18":{"name":"(anonymous_18)","decl":{"start":{"line":511,"column":20},"end":{"line":511,"column":21}},"loc":{"start":{"line":511,"column":83},"end":{"line":513,"column":3}},"line":511},"19":{"name":"(anonymous_19)","decl":{"start":{"line":512,"column":26},"end":{"line":512,"column":27}},"loc":{"start":{"line":512,"column":36},"end":{"line":512,"column":49}},"line":512},"20":{"name":"(anonymous_20)","decl":{"start":{"line":518,"column":18},"end":{"line":518,"column":19}},"loc":{"start":{"line":518,"column":64},"end":{"line":547,"column":3}},"line":518},"21":{"name":"(anonymous_21)","decl":{"start":{"line":519,"column":34},"end":{"line":519,"column":35}},"loc":{"start":{"line":519,"column":39},"end":{"line":519,"column":47}},"line":519},"22":{"name":"(anonymous_22)","decl":{"start":{"line":520,"column":34},"end":{"line":520,"column":35}},"loc":{"start":{"line":520,"column":39},"end":{"line":520,"column":48}},"line":520},"23":{"name":"(anonymous_23)","decl":{"start":{"line":534,"column":16},"end":{"line":534,"column":17}},"loc":{"start":{"line":534,"column":21},"end":{"line":534,"column":30}},"line":534},"24":{"name":"(anonymous_24)","decl":{"start":{"line":535,"column":17},"end":{"line":535,"column":18}},"loc":{"start":{"line":535,"column":22},"end":{"line":543,"column":9}},"line":535},"25":{"name":"(anonymous_25)","decl":{"start":{"line":540,"column":34},"end":{"line":540,"column":35}},"loc":{"start":{"line":540,"column":39},"end":{"line":540,"column":61}},"line":540}},"branchMap":{"0":{"loc":{"start":{"line":63,"column":4},"end":{"line":63,"column":32}},"type":"default-arg","locations":[{"start":{"line":63,"column":27},"end":{"line":63,"column":32}}],"line":63},"1":{"loc":{"start":{"line":70,"column":26},"end":{"line":70,"column":49}},"type":"cond-expr","locations":[{"start":{"line":70,"column":40},"end":{"line":70,"column":43}},{"start":{"line":70,"column":46},"end":{"line":70,"column":49}}],"line":70},"2":{"loc":{"start":{"line":72,"column":4},"end":{"line":88,"column":5}},"type":"if","locations":[{"start":{"line":72,"column":4},"end":{"line":88,"column":5}},{"start":{"line":78,"column":11},"end":{"line":88,"column":5}}],"line":72},"3":{"loc":{"start":{"line":96,"column":4},"end":{"line":96,"column":37}},"type":"default-arg","locations":[{"start":{"line":96,"column":28},"end":{"line":96,"column":37}}],"line":96},"4":{"loc":{"start":{"line":101,"column":4},"end":{"line":114,"column":5}},"type":"if","locations":[{"start":{"line":101,"column":4},"end":{"line":114,"column":5}},{"start":{"line":108,"column":11},"end":{"line":114,"column":5}}],"line":101},"5":{"loc":{"start":{"line":101,"column":8},"end":{"line":101,"column":63}},"type":"binary-expr","locations":[{"start":{"line":101,"column":8},"end":{"line":101,"column":34}},{"start":{"line":101,"column":38},"end":{"line":101,"column":63}}],"line":101},"6":{"loc":{"start":{"line":108,"column":11},"end":{"line":114,"column":5}},"type":"if","locations":[{"start":{"line":108,"column":11},"end":{"line":114,"column":5}},{"start":{},"end":{}}],"line":108},"7":{"loc":{"start":{"line":117,"column":4},"end":{"line":132,"column":5}},"type":"if","locations":[{"start":{"line":117,"column":4},"end":{"line":132,"column":5}},{"start":{},"end":{}}],"line":117},"8":{"loc":{"start":{"line":118,"column":6},"end":{"line":131,"column":7}},"type":"if","locations":[{"start":{"line":118,"column":6},"end":{"line":131,"column":7}},{"start":{"line":125,"column":13},"end":{"line":131,"column":7}}],"line":118},"9":{"loc":{"start":{"line":135,"column":4},"end":{"line":150,"column":5}},"type":"if","locations":[{"start":{"line":135,"column":4},"end":{"line":150,"column":5}},{"start":{"line":142,"column":11},"end":{"line":150,"column":5}}],"line":135},"10":{"loc":{"start":{"line":135,"column":8},"end":{"line":135,"column":53}},"type":"binary-expr","locations":[{"start":{"line":135,"column":8},"end":{"line":135,"column":23}},{"start":{"line":135,"column":27},"end":{"line":135,"column":53}}],"line":135},"11":{"loc":{"start":{"line":142,"column":11},"end":{"line":150,"column":5}},"type":"if","locations":[{"start":{"line":142,"column":11},"end":{"line":150,"column":5}},{"start":{},"end":{}}],"line":142},"12":{"loc":{"start":{"line":142,"column":15},"end":{"line":142,"column":59}},"type":"binary-expr","locations":[{"start":{"line":142,"column":15},"end":{"line":142,"column":30}},{"start":{"line":142,"column":34},"end":{"line":142,"column":59}}],"line":142},"13":{"loc":{"start":{"line":164,"column":4},"end":{"line":180,"column":5}},"type":"if","locations":[{"start":{"line":164,"column":4},"end":{"line":180,"column":5}},{"start":{"line":170,"column":11},"end":{"line":180,"column":5}}],"line":164},"14":{"loc":{"start":{"line":164,"column":8},"end":{"line":164,"column":45}},"type":"binary-expr","locations":[{"start":{"line":164,"column":8},"end":{"line":164,"column":24}},{"start":{"line":164,"column":28},"end":{"line":164,"column":45}}],"line":164},"15":{"loc":{"start":{"line":191,"column":4},"end":{"line":201,"column":5}},"type":"if","locations":[{"start":{"line":191,"column":4},"end":{"line":201,"column":5}},{"start":{},"end":{}}],"line":191},"16":{"loc":{"start":{"line":191,"column":8},"end":{"line":191,"column":30}},"type":"binary-expr","locations":[{"start":{"line":191,"column":8},"end":{"line":191,"column":14}},{"start":{"line":191,"column":18},"end":{"line":191,"column":30}}],"line":191},"17":{"loc":{"start":{"line":218,"column":4},"end":{"line":274,"column":5}},"type":"if","locations":[{"start":{"line":218,"column":4},"end":{"line":274,"column":5}},{"start":{"line":228,"column":11},"end":{"line":274,"column":5}}],"line":218},"18":{"loc":{"start":{"line":218,"column":8},"end":{"line":218,"column":37}},"type":"binary-expr","locations":[{"start":{"line":218,"column":8},"end":{"line":218,"column":20}},{"start":{"line":218,"column":24},"end":{"line":218,"column":37}}],"line":218},"19":{"loc":{"start":{"line":228,"column":11},"end":{"line":274,"column":5}},"type":"if","locations":[{"start":{"line":228,"column":11},"end":{"line":274,"column":5}},{"start":{"line":268,"column":11},"end":{"line":274,"column":5}}],"line":228},"20":{"loc":{"start":{"line":228,"column":15},"end":{"line":228,"column":43}},"type":"binary-expr","locations":[{"start":{"line":228,"column":15},"end":{"line":228,"column":27}},{"start":{"line":228,"column":31},"end":{"line":228,"column":43}}],"line":228},"21":{"loc":{"start":{"line":230,"column":6},"end":{"line":267,"column":7}},"type":"if","locations":[{"start":{"line":230,"column":6},"end":{"line":267,"column":7}},{"start":{"line":254,"column":13},"end":{"line":267,"column":7}}],"line":230},"22":{"loc":{"start":{"line":236,"column":8},"end":{"line":253,"column":9}},"type":"if","locations":[{"start":{"line":236,"column":8},"end":{"line":253,"column":9}},{"start":{"line":242,"column":15},"end":{"line":253,"column":9}}],"line":236},"23":{"loc":{"start":{"line":236,"column":12},"end":{"line":236,"column":68}},"type":"binary-expr","locations":[{"start":{"line":236,"column":12},"end":{"line":236,"column":33}},{"start":{"line":236,"column":37},"end":{"line":236,"column":50}},{"start":{"line":236,"column":54},"end":{"line":236,"column":68}}],"line":236},"24":{"loc":{"start":{"line":283,"column":13},"end":{"line":283,"column":80}},"type":"cond-expr","locations":[{"start":{"line":283,"column":30},"end":{"line":283,"column":41}},{"start":{"line":283,"column":44},"end":{"line":283,"column":80}}],"line":283},"25":{"loc":{"start":{"line":310,"column":4},"end":{"line":312,"column":5}},"type":"if","locations":[{"start":{"line":310,"column":4},"end":{"line":312,"column":5}},{"start":{},"end":{}}],"line":310},"26":{"loc":{"start":{"line":316,"column":4},"end":{"line":319,"column":5}},"type":"if","locations":[{"start":{"line":316,"column":4},"end":{"line":319,"column":5}},{"start":{},"end":{}}],"line":316},"27":{"loc":{"start":{"line":337,"column":4},"end":{"line":337,"column":32}},"type":"default-arg","locations":[{"start":{"line":337,"column":27},"end":{"line":337,"column":32}}],"line":337},"28":{"loc":{"start":{"line":345,"column":4},"end":{"line":347,"column":5}},"type":"if","locations":[{"start":{"line":345,"column":4},"end":{"line":347,"column":5}},{"start":{},"end":{}}],"line":345},"29":{"loc":{"start":{"line":345,"column":8},"end":{"line":345,"column":51}},"type":"binary-expr","locations":[{"start":{"line":345,"column":8},"end":{"line":345,"column":27}},{"start":{"line":345,"column":31},"end":{"line":345,"column":51}}],"line":345},"30":{"loc":{"start":{"line":350,"column":4},"end":{"line":352,"column":5}},"type":"if","locations":[{"start":{"line":350,"column":4},"end":{"line":352,"column":5}},{"start":{},"end":{}}],"line":350},"31":{"loc":{"start":{"line":350,"column":8},"end":{"line":350,"column":42}},"type":"binary-expr","locations":[{"start":{"line":350,"column":8},"end":{"line":350,"column":23}},{"start":{"line":350,"column":27},"end":{"line":350,"column":42}}],"line":350},"32":{"loc":{"start":{"line":528,"column":29},"end":{"line":528,"column":84}},"type":"cond-expr","locations":[{"start":{"line":528,"column":41},"end":{"line":528,"column":76}},{"start":{"line":528,"column":79},"end":{"line":528,"column":84}}],"line":528},"33":{"loc":{"start":{"line":530,"column":4},"end":{"line":544,"column":5}},"type":"if","locations":[{"start":{"line":530,"column":4},"end":{"line":544,"column":5}},{"start":{},"end":{}}],"line":530},"34":{"loc":{"start":{"line":537,"column":42},"end":{"line":537,"column":79}},"type":"binary-expr","locations":[{"start":{"line":537,"column":42},"end":{"line":537,"column":57}},{"start":{"line":537,"column":61},"end":{"line":537,"column":79}}],"line":537},"35":{"loc":{"start":{"line":539,"column":10},"end":{"line":541,"column":11}},"type":"if","locations":[{"start":{"line":539,"column":10},"end":{"line":541,"column":11}},{"start":{},"end":{}}],"line":539}},"s":{"0":6,"1":6,"2":6,"3":4,"4":2,"5":9,"6":9,"7":5,"8":4,"9":4,"10":9,"11":9,"12":5,"13":4,"14":9,"15":0,"16":9,"17":2,"18":9,"19":5,"20":5,"21":2,"22":3,"23":3,"24":1,"25":2,"26":5,"27":1,"28":4,"29":3,"30":1,"31":1,"32":1,"33":1,"34":1,"35":0,"36":2,"37":1,"38":12,"39":36,"40":36,"41":12,"42":6,"43":6,"44":6,"45":6,"46":6,"47":12,"48":2,"49":12,"50":12,"51":0,"52":12,"53":1,"54":1,"55":1,"56":1,"57":1,"58":1,"59":1,"60":2,"61":2,"62":3,"63":26,"64":2,"65":32,"66":2,"67":4,"68":1,"69":4,"70":1,"71":4,"72":3,"73":4,"74":3,"75":4,"76":3,"77":3,"78":3,"79":3,"80":3,"81":3,"82":3,"83":3,"84":1,"85":1,"86":1,"87":2,"88":1,"89":1,"90":1,"91":1,"92":1,"93":1,"94":1,"95":3},"f":{"0":6,"1":9,"2":5,"3":3,"4":5,"5":12,"6":36,"7":6,"8":12,"9":1,"10":3,"11":26,"12":2,"13":32,"14":2,"15":4,"16":1,"17":4,"18":1,"19":4,"20":3,"21":4,"22":4,"23":2,"24":1,"25":1},"b":{"0":[4],"1":[1,5],"2":[4,2],"3":[1],"4":[5,4],"5":[9,9],"6":[4,0],"7":[9,0],"8":[5,4],"9":[0,9],"10":[9,3],"11":[2,7],"12":[9,3],"13":[2,3],"14":[5,3],"15":[1,2],"16":[3,2],"17":[1,4],"18":[5,4],"19":[3,1],"20":[4,3],"21":[1,2],"22":[1,0],"23":[1,1,0],"24":[9,27],"25":[2,10],"26":[0,12],"27":[1],"28":[1,0],"29":[1,1],"30":[1,0],"31":[1,1],"32":[2,1],"33":[1,2],"34":[1,0],"35":[1,0]},"_coverageSchema":"1a1c01bbd47fc00a2c39e90264f33305004495a9","hash":"a07d47d230de7b9615f50623737a07618f6e7758"}
}
