{"/Users/hemantmalhotra/Documents/VSC/Mindloop-Mobile/mindloop-mobile/src/animations/breathingAnimation.ts": {"path":"/Users/hemantmalhotra/Documents/VSC/Mindloop-Mobile/mindloop-mobile/src/animations/breathingAnimation.ts","statementMap":{"0":{"start":{"line":14,"column":34},"end":{"line":22,"column":1}},"1":{"start":{"line":15,"column":2},"end":{"line":21,"column":4}},"2":{"start":{"line":18,"column":27},"end":{"line":18,"column":28}}},"fnMap":{"0":{"name":"(anonymous_0)","decl":{"start":{"line":14,"column":34},"end":{"line":14,"column":35}},"loc":{"start":{"line":14,"column":92},"end":{"line":22,"column":1}},"line":14},"1":{"name":"(anonymous_1)","decl":{"start":{"line":18,"column":12},"end":{"line":18,"column":13}},"loc":{"start":{"line":18,"column":27},"end":{"line":18,"column":28}},"line":18},"2":{"name":"(anonymous_2)","decl":{"start":{"line":19,"column":11},"end":{"line":19,"column":12}},"loc":{"start":{"line":19,"column":17},"end":{"line":19,"column":19}},"line":19},"3":{"name":"(anonymous_3)","decl":{"start":{"line":20,"column":10},"end":{"line":20,"column":11}},"loc":{"start":{"line":20,"column":16},"end":{"line":20,"column":18}},"line":20}},"branchMap":{},"s":{"0":1,"1":4,"2":0},"f":{"0":4,"1":0,"2":0,"3":0},"b":{},"_coverageSchema":"1a1c01bbd47fc00a2c39e90264f33305004495a9","hash":"c85475d9effbbf25f58e51c5f5eb02af9d5026b1"}
,"/Users/hemantmalhotra/Documents/VSC/Mindloop-Mobile/mindloop-mobile/src/components/audio/AudioControls.tsx": {"path":"/Users/hemantmalhotra/Documents/VSC/Mindloop-Mobile/mindloop-mobile/src/components/audio/AudioControls.tsx","statementMap":{"0":{"start":{"line":17,"column":59},"end":{"line":153,"column":1}},"1":{"start":{"line":26,"column":40},"end":{"line":26,"column":67}},"2":{"start":{"line":29,"column":35},"end":{"line":52,"column":3}},"3":{"start":{"line":32,"column":46},"end":{"line":32,"column":55}},"4":{"start":{"line":33,"column":45},"end":{"line":33,"column":54}},"5":{"start":{"line":37,"column":12},"end":{"line":40,"column":13}},"6":{"start":{"line":38,"column":32},"end":{"line":38,"column":90}},"7":{"start":{"line":39,"column":14},"end":{"line":39,"column":44}},"8":{"start":{"line":45,"column":12},"end":{"line":48,"column":13}},"9":{"start":{"line":46,"column":32},"end":{"line":46,"column":90}},"10":{"start":{"line":47,"column":14},"end":{"line":47,"column":44}},"11":{"start":{"line":54,"column":29},"end":{"line":57,"column":3}},"12":{"start":{"line":55,"column":22},"end":{"line":55,"column":46}},"13":{"start":{"line":56,"column":4},"end":{"line":56,"column":26}},"14":{"start":{"line":62,"column":21},"end":{"line":72,"column":3}},"15":{"start":{"line":63,"column":4},"end":{"line":71,"column":5}},"16":{"start":{"line":64,"column":6},"end":{"line":66,"column":7}},"17":{"start":{"line":65,"column":8},"end":{"line":65,"column":17}},"18":{"start":{"line":68,"column":6},"end":{"line":68,"column":53}},"19":{"start":{"line":74,"column":22},"end":{"line":84,"column":3}},"20":{"start":{"line":75,"column":4},"end":{"line":83,"column":5}},"21":{"start":{"line":76,"column":6},"end":{"line":78,"column":7}},"22":{"start":{"line":77,"column":8},"end":{"line":77,"column":18}},"23":{"start":{"line":80,"column":6},"end":{"line":80,"column":54}},"24":{"start":{"line":86,"column":21},"end":{"line":96,"column":3}},"25":{"start":{"line":87,"column":4},"end":{"line":95,"column":5}},"26":{"start":{"line":88,"column":6},"end":{"line":90,"column":7}},"27":{"start":{"line":89,"column":8},"end":{"line":89,"column":17}},"28":{"start":{"line":92,"column":6},"end":{"line":92,"column":53}},"29":{"start":{"line":98,"column":29},"end":{"line":106,"column":3}},"30":{"start":{"line":99,"column":4},"end":{"line":105,"column":5}},"31":{"start":{"line":101,"column":28},"end":{"line":101,"column":63}},"32":{"start":{"line":102,"column":6},"end":{"line":102,"column":36}},"33":{"start":{"line":104,"column":6},"end":{"line":104,"column":62}},"34":{"start":{"line":108,"column":2},"end":{"line":152,"column":4}},"35":{"start":{"line":155,"column":15},"end":{"line":198,"column":2}}},"fnMap":{"0":{"name":"(anonymous_0)","decl":{"start":{"line":17,"column":59},"end":{"line":17,"column":60}},"loc":{"start":{"line":25,"column":6},"end":{"line":153,"column":1}},"line":25},"1":{"name":"(anonymous_1)","decl":{"start":{"line":32,"column":40},"end":{"line":32,"column":41}},"loc":{"start":{"line":32,"column":46},"end":{"line":32,"column":55}},"line":32},"2":{"name":"(anonymous_2)","decl":{"start":{"line":33,"column":39},"end":{"line":33,"column":40}},"loc":{"start":{"line":33,"column":45},"end":{"line":33,"column":54}},"line":33},"3":{"name":"(anonymous_3)","decl":{"start":{"line":34,"column":30},"end":{"line":34,"column":31}},"loc":{"start":{"line":34,"column":53},"end":{"line":41,"column":11}},"line":34},"4":{"name":"(anonymous_4)","decl":{"start":{"line":42,"column":33},"end":{"line":42,"column":34}},"loc":{"start":{"line":42,"column":56},"end":{"line":49,"column":11}},"line":42},"5":{"name":"(anonymous_5)","decl":{"start":{"line":54,"column":29},"end":{"line":54,"column":30}},"loc":{"start":{"line":54,"column":59},"end":{"line":57,"column":3}},"line":54},"6":{"name":"(anonymous_6)","decl":{"start":{"line":62,"column":21},"end":{"line":62,"column":22}},"loc":{"start":{"line":62,"column":27},"end":{"line":72,"column":3}},"line":62},"7":{"name":"(anonymous_7)","decl":{"start":{"line":74,"column":22},"end":{"line":74,"column":23}},"loc":{"start":{"line":74,"column":28},"end":{"line":84,"column":3}},"line":74},"8":{"name":"(anonymous_8)","decl":{"start":{"line":86,"column":21},"end":{"line":86,"column":22}},"loc":{"start":{"line":86,"column":27},"end":{"line":96,"column":3}},"line":86},"9":{"name":"(anonymous_9)","decl":{"start":{"line":98,"column":29},"end":{"line":98,"column":30}},"loc":{"start":{"line":98,"column":52},"end":{"line":106,"column":3}},"line":98}},"branchMap":{"0":{"loc":{"start":{"line":24,"column":2},"end":{"line":24,"column":18}},"type":"default-arg","locations":[{"start":{"line":24,"column":13},"end":{"line":24,"column":18}}],"line":24},"1":{"loc":{"start":{"line":30,"column":4},"end":{"line":51,"column":12}},"type":"cond-expr","locations":[{"start":{"line":31,"column":8},"end":{"line":50,"column":10}},{"start":{"line":51,"column":8},"end":{"line":51,"column":12}}],"line":30},"2":{"loc":{"start":{"line":37,"column":12},"end":{"line":40,"column":13}},"type":"if","locations":[{"start":{"line":37,"column":12},"end":{"line":40,"column":13}},{"start":{},"end":{}}],"line":37},"3":{"loc":{"start":{"line":45,"column":12},"end":{"line":48,"column":13}},"type":"if","locations":[{"start":{"line":45,"column":12},"end":{"line":48,"column":13}},{"start":{},"end":{}}],"line":45},"4":{"loc":{"start":{"line":64,"column":6},"end":{"line":66,"column":7}},"type":"if","locations":[{"start":{"line":64,"column":6},"end":{"line":66,"column":7}},{"start":{},"end":{}}],"line":64},"5":{"loc":{"start":{"line":76,"column":6},"end":{"line":78,"column":7}},"type":"if","locations":[{"start":{"line":76,"column":6},"end":{"line":78,"column":7}},{"start":{},"end":{}}],"line":76},"6":{"loc":{"start":{"line":88,"column":6},"end":{"line":90,"column":7}},"type":"if","locations":[{"start":{"line":88,"column":6},"end":{"line":90,"column":7}},{"start":{},"end":{}}],"line":88},"7":{"loc":{"start":{"line":114,"column":20},"end":{"line":114,"column":41}},"type":"binary-expr","locations":[{"start":{"line":114,"column":20},"end":{"line":114,"column":28}},{"start":{"line":114,"column":32},"end":{"line":114,"column":41}}],"line":114},"8":{"loc":{"start":{"line":115,"column":33},"end":{"line":115,"column":81}},"type":"binary-expr","locations":[{"start":{"line":115,"column":34},"end":{"line":115,"column":42}},{"start":{"line":115,"column":46},"end":{"line":115,"column":55}},{"start":{"line":115,"column":60},"end":{"line":115,"column":81}}],"line":115},"9":{"loc":{"start":{"line":123,"column":20},"end":{"line":123,"column":42}},"type":"binary-expr","locations":[{"start":{"line":123,"column":20},"end":{"line":123,"column":28}},{"start":{"line":123,"column":32},"end":{"line":123,"column":42}}],"line":123},"10":{"loc":{"start":{"line":124,"column":33},"end":{"line":124,"column":82}},"type":"binary-expr","locations":[{"start":{"line":124,"column":34},"end":{"line":124,"column":42}},{"start":{"line":124,"column":46},"end":{"line":124,"column":56}},{"start":{"line":124,"column":61},"end":{"line":124,"column":82}}],"line":124},"11":{"loc":{"start":{"line":133,"column":33},"end":{"line":133,"column":66}},"type":"binary-expr","locations":[{"start":{"line":133,"column":33},"end":{"line":133,"column":41}},{"start":{"line":133,"column":45},"end":{"line":133,"column":66}}],"line":133},"12":{"loc":{"start":{"line":145,"column":15},"end":{"line":145,"column":99}},"type":"cond-expr","locations":[{"start":{"line":145,"column":50},"end":{"line":145,"column":94}},{"start":{"line":145,"column":97},"end":{"line":145,"column":99}}],"line":145}},"s":{"0":1,"1":10,"2":10,"3":0,"4":0,"5":0,"6":0,"7":0,"8":0,"9":0,"10":0,"11":10,"12":1,"13":1,"14":10,"15":2,"16":2,"17":1,"18":0,"19":10,"20":1,"21":1,"22":1,"23":0,"24":10,"25":1,"26":1,"27":1,"28":0,"29":10,"30":0,"31":0,"32":0,"33":0,"34":10,"35":1},"f":{"0":10,"1":0,"2":0,"3":0,"4":0,"5":1,"6":2,"7":1,"8":1,"9":0},"b":{"0":[0],"1":[0,10],"2":[0,0],"3":[0,0],"4":[1,1],"5":[1,0],"6":[1,0],"7":[10,8],"8":[10,8,4],"9":[10,8],"10":[10,8,8],"11":[10,2],"12":[0,10]},"_coverageSchema":"1a1c01bbd47fc00a2c39e90264f33305004495a9","hash":"20e7e451799029209250a52668927d103aed0101"}
,"/Users/hemantmalhotra/Documents/VSC/Mindloop-Mobile/mindloop-mobile/src/components/audio/AudioPlayer.tsx": {"path":"/Users/hemantmalhotra/Documents/VSC/Mindloop-Mobile/mindloop-mobile/src/components/audio/AudioPlayer.tsx","statementMap":{"0":{"start":{"line":18,"column":55},"end":{"line":95,"column":1}},"1":{"start":{"line":28,"column":21},"end":{"line":32,"column":3}},"2":{"start":{"line":29,"column":4},"end":{"line":31,"column":5}},"3":{"start":{"line":30,"column":6},"end":{"line":30,"column":22}},"4":{"start":{"line":34,"column":22},"end":{"line":38,"column":3}},"5":{"start":{"line":35,"column":4},"end":{"line":37,"column":5}},"6":{"start":{"line":36,"column":6},"end":{"line":36,"column":23}},"7":{"start":{"line":40,"column":21},"end":{"line":42,"column":3}},"8":{"start":{"line":41,"column":4},"end":{"line":41,"column":20}},"9":{"start":{"line":44,"column":21},"end":{"line":48,"column":3}},"10":{"start":{"line":45,"column":17},"end":{"line":45,"column":41}},"11":{"start":{"line":46,"column":17},"end":{"line":46,"column":29}},"12":{"start":{"line":47,"column":4},"end":{"line":47,"column":85}},"13":{"start":{"line":50,"column":19},"end":{"line":50,"column":68}},"14":{"start":{"line":52,"column":2},"end":{"line":94,"column":4}},"15":{"start":{"line":97,"column":15},"end":{"line":141,"column":2}}},"fnMap":{"0":{"name":"(anonymous_0)","decl":{"start":{"line":18,"column":55},"end":{"line":18,"column":56}},"loc":{"start":{"line":27,"column":6},"end":{"line":95,"column":1}},"line":27},"1":{"name":"(anonymous_1)","decl":{"start":{"line":28,"column":21},"end":{"line":28,"column":22}},"loc":{"start":{"line":28,"column":27},"end":{"line":32,"column":3}},"line":28},"2":{"name":"(anonymous_2)","decl":{"start":{"line":34,"column":22},"end":{"line":34,"column":23}},"loc":{"start":{"line":34,"column":28},"end":{"line":38,"column":3}},"line":34},"3":{"name":"(anonymous_3)","decl":{"start":{"line":40,"column":21},"end":{"line":40,"column":22}},"loc":{"start":{"line":40,"column":27},"end":{"line":42,"column":3}},"line":40},"4":{"name":"(anonymous_4)","decl":{"start":{"line":44,"column":21},"end":{"line":44,"column":22}},"loc":{"start":{"line":44,"column":50},"end":{"line":48,"column":3}},"line":44}},"branchMap":{"0":{"loc":{"start":{"line":26,"column":2},"end":{"line":26,"column":14}},"type":"default-arg","locations":[{"start":{"line":26,"column":11},"end":{"line":26,"column":14}}],"line":26},"1":{"loc":{"start":{"line":29,"column":4},"end":{"line":31,"column":5}},"type":"if","locations":[{"start":{"line":29,"column":4},"end":{"line":31,"column":5}},{"start":{},"end":{}}],"line":29},"2":{"loc":{"start":{"line":35,"column":4},"end":{"line":37,"column":5}},"type":"if","locations":[{"start":{"line":35,"column":4},"end":{"line":37,"column":5}},{"start":{},"end":{}}],"line":35},"3":{"loc":{"start":{"line":50,"column":19},"end":{"line":50,"column":68}},"type":"cond-expr","locations":[{"start":{"line":50,"column":34},"end":{"line":50,"column":64}},{"start":{"line":50,"column":67},"end":{"line":50,"column":68}}],"line":50},"4":{"loc":{"start":{"line":75,"column":19},"end":{"line":75,"column":55}},"type":"cond-expr","locations":[{"start":{"line":75,"column":31},"end":{"line":75,"column":42}},{"start":{"line":75,"column":45},"end":{"line":75,"column":55}}],"line":75},"5":{"loc":{"start":{"line":78,"column":43},"end":{"line":78,"column":71}},"type":"cond-expr","locations":[{"start":{"line":78,"column":55},"end":{"line":78,"column":62}},{"start":{"line":78,"column":65},"end":{"line":78,"column":71}}],"line":78}},"s":{"0":1,"1":9,"2":1,"3":1,"4":9,"5":1,"6":1,"7":9,"8":1,"9":9,"10":18,"11":18,"12":18,"13":9,"14":9,"15":1},"f":{"0":9,"1":1,"2":1,"3":1,"4":18},"b":{"0":[0],"1":[1,0],"2":[1,0],"3":[9,0],"4":[1,8],"5":[1,8]},"_coverageSchema":"1a1c01bbd47fc00a2c39e90264f33305004495a9","hash":"aa48db8b9cec274229bb8ee977a1940fc98ed145"}
,"/Users/hemantmalhotra/Documents/VSC/Mindloop-Mobile/mindloop-mobile/src/components/audio/SoundSelector.tsx": {"path":"/Users/hemantmalhotra/Documents/VSC/Mindloop-Mobile/mindloop-mobile/src/components/audio/SoundSelector.tsx","statementMap":{"0":{"start":{"line":11,"column":52},"end":{"line":74,"column":1}},"1":{"start":{"line":12,"column":50},"end":{"line":12,"column":73}},"2":{"start":{"line":15,"column":21},"end":{"line":15,"column":77}},"3":{"start":{"line":15,"column":60},"end":{"line":15,"column":74}},"4":{"start":{"line":18,"column":25},"end":{"line":20,"column":65}},"5":{"start":{"line":20,"column":29},"end":{"line":20,"column":64}},"6":{"start":{"line":22,"column":26},"end":{"line":34,"column":3}},"7":{"start":{"line":23,"column":23},"end":{"line":23,"column":50}},"8":{"start":{"line":25,"column":4},"end":{"line":33,"column":6}},"9":{"start":{"line":28,"column":23},"end":{"line":28,"column":42}},"10":{"start":{"line":36,"column":31},"end":{"line":50,"column":3}},"11":{"start":{"line":37,"column":21},"end":{"line":37,"column":50}},"12":{"start":{"line":39,"column":4},"end":{"line":49,"column":6}},"13":{"start":{"line":43,"column":23},"end":{"line":43,"column":52}},"14":{"start":{"line":52,"column":2},"end":{"line":73,"column":4}},"15":{"start":{"line":65,"column":31},"end":{"line":65,"column":38}},"16":{"start":{"line":76,"column":15},"end":{"line":131,"column":2}}},"fnMap":{"0":{"name":"(anonymous_0)","decl":{"start":{"line":11,"column":52},"end":{"line":11,"column":53}},"loc":{"start":{"line":11,"column":100},"end":{"line":74,"column":1}},"line":11},"1":{"name":"(anonymous_1)","decl":{"start":{"line":15,"column":51},"end":{"line":15,"column":52}},"loc":{"start":{"line":15,"column":60},"end":{"line":15,"column":74}},"line":15},"2":{"name":"(anonymous_2)","decl":{"start":{"line":20,"column":20},"end":{"line":20,"column":21}},"loc":{"start":{"line":20,"column":29},"end":{"line":20,"column":64}},"line":20},"3":{"name":"(anonymous_3)","decl":{"start":{"line":22,"column":26},"end":{"line":22,"column":27}},"loc":{"start":{"line":22,"column":64},"end":{"line":34,"column":3}},"line":22},"4":{"name":"(anonymous_4)","decl":{"start":{"line":28,"column":17},"end":{"line":28,"column":18}},"loc":{"start":{"line":28,"column":23},"end":{"line":28,"column":42}},"line":28},"5":{"name":"(anonymous_5)","decl":{"start":{"line":36,"column":31},"end":{"line":36,"column":32}},"loc":{"start":{"line":36,"column":53},"end":{"line":50,"column":3}},"line":36},"6":{"name":"(anonymous_6)","decl":{"start":{"line":43,"column":17},"end":{"line":43,"column":18}},"loc":{"start":{"line":43,"column":23},"end":{"line":43,"column":52}},"line":43},"7":{"name":"(anonymous_7)","decl":{"start":{"line":65,"column":21},"end":{"line":65,"column":22}},"loc":{"start":{"line":65,"column":31},"end":{"line":65,"column":38}},"line":65}},"branchMap":{"0":{"loc":{"start":{"line":18,"column":25},"end":{"line":20,"column":65}},"type":"cond-expr","locations":[{"start":{"line":19,"column":6},"end":{"line":19,"column":12}},{"start":{"line":20,"column":6},"end":{"line":20,"column":65}}],"line":18},"1":{"loc":{"start":{"line":27,"column":34},"end":{"line":27,"column":72}},"type":"binary-expr","locations":[{"start":{"line":27,"column":34},"end":{"line":27,"column":44}},{"start":{"line":27,"column":48},"end":{"line":27,"column":72}}],"line":27},"2":{"loc":{"start":{"line":42,"column":39},"end":{"line":42,"column":78}},"type":"binary-expr","locations":[{"start":{"line":42,"column":39},"end":{"line":42,"column":47}},{"start":{"line":42,"column":51},"end":{"line":42,"column":78}}],"line":42},"3":{"loc":{"start":{"line":45,"column":43},"end":{"line":45,"column":80}},"type":"binary-expr","locations":[{"start":{"line":45,"column":43},"end":{"line":45,"column":51}},{"start":{"line":45,"column":55},"end":{"line":45,"column":80}}],"line":45}},"s":{"0":1,"1":8,"2":8,"3":36,"4":8,"5":0,"6":8,"7":0,"8":0,"9":0,"10":8,"11":31,"12":31,"13":0,"14":8,"15":0,"16":1},"f":{"0":8,"1":36,"2":0,"3":0,"4":0,"5":31,"6":0,"7":0},"b":{"0":[8,0],"1":[0,0],"2":[31,8],"3":[31,8]},"_coverageSchema":"1a1c01bbd47fc00a2c39e90264f33305004495a9","hash":"addcf56d0852ad505cc904dcc4f69c3c091ed8f3"}
,"/Users/hemantmalhotra/Documents/VSC/Mindloop-Mobile/mindloop-mobile/src/components/auth/LoginScreen.tsx": {"path":"/Users/hemantmalhotra/Documents/VSC/Mindloop-Mobile/mindloop-mobile/src/components/auth/LoginScreen.tsx","statementMap":{"0":{"start":{"line":3,"column":37},"end":{"line":5,"column":1}},"1":{"start":{"line":4,"column":2},"end":{"line":4,"column":33}}},"fnMap":{"0":{"name":"(anonymous_0)","decl":{"start":{"line":3,"column":37},"end":{"line":3,"column":38}},"loc":{"start":{"line":3,"column":43},"end":{"line":5,"column":1}},"line":3}},"branchMap":{},"s":{"0":2,"1":0},"f":{"0":0},"b":{},"_coverageSchema":"1a1c01bbd47fc00a2c39e90264f33305004495a9","hash":"a63732432017b0d7396f118d6ba6ba24255dc8e1"}
,"/Users/hemantmalhotra/Documents/VSC/Mindloop-Mobile/mindloop-mobile/src/components/auth/RegisterScreen.tsx": {"path":"/Users/hemantmalhotra/Documents/VSC/Mindloop-Mobile/mindloop-mobile/src/components/auth/RegisterScreen.tsx","statementMap":{"0":{"start":{"line":3,"column":40},"end":{"line":5,"column":1}},"1":{"start":{"line":4,"column":2},"end":{"line":4,"column":36}}},"fnMap":{"0":{"name":"(anonymous_0)","decl":{"start":{"line":3,"column":40},"end":{"line":3,"column":41}},"loc":{"start":{"line":3,"column":46},"end":{"line":5,"column":1}},"line":3}},"branchMap":{},"s":{"0":2,"1":0},"f":{"0":0},"b":{},"_coverageSchema":"1a1c01bbd47fc00a2c39e90264f33305004495a9","hash":"05e44c4ff4d97c2b9a3f9f35394c0416bad61080"}
,"/Users/hemantmalhotra/Documents/VSC/Mindloop-Mobile/mindloop-mobile/src/components/breathing/BreathingCircle.tsx": {"path":"/Users/hemantmalhotra/Documents/VSC/Mindloop-Mobile/mindloop-mobile/src/components/breathing/BreathingCircle.tsx","statementMap":{"0":{"start":{"line":3,"column":41},"end":{"line":5,"column":1}},"1":{"start":{"line":4,"column":2},"end":{"line":4,"column":37}}},"fnMap":{"0":{"name":"(anonymous_0)","decl":{"start":{"line":3,"column":41},"end":{"line":3,"column":42}},"loc":{"start":{"line":3,"column":47},"end":{"line":5,"column":1}},"line":3}},"branchMap":{},"s":{"0":1,"1":2},"f":{"0":2},"b":{},"_coverageSchema":"1a1c01bbd47fc00a2c39e90264f33305004495a9","hash":"d375c45166e951e840991a1789da9e29d6d569ae"}
,"/Users/hemantmalhotra/Documents/VSC/Mindloop-Mobile/mindloop-mobile/src/components/breathing/BreathingScreen.tsx": {"path":"/Users/hemantmalhotra/Documents/VSC/Mindloop-Mobile/mindloop-mobile/src/components/breathing/BreathingScreen.tsx","statementMap":{"0":{"start":{"line":7,"column":63},"end":{"line":9,"column":1}},"1":{"start":{"line":8,"column":2},"end":{"line":8,"column":37}}},"fnMap":{"0":{"name":"(anonymous_0)","decl":{"start":{"line":7,"column":63},"end":{"line":7,"column":64}},"loc":{"start":{"line":7,"column":79},"end":{"line":9,"column":1}},"line":7}},"branchMap":{},"s":{"0":1,"1":5},"f":{"0":5},"b":{},"_coverageSchema":"1a1c01bbd47fc00a2c39e90264f33305004495a9","hash":"b9fefc096ec6c8b0786fa00ac90703a707618276"}
,"/Users/hemantmalhotra/Documents/VSC/Mindloop-Mobile/mindloop-mobile/src/components/mood/MoodButton.tsx": {"path":"/Users/hemantmalhotra/Documents/VSC/Mindloop-Mobile/mindloop-mobile/src/components/mood/MoodButton.tsx","statementMap":{"0":{"start":{"line":11,"column":53},"end":{"line":32,"column":1}},"1":{"start":{"line":12,"column":22},"end":{"line":14,"column":3}},"2":{"start":{"line":13,"column":4},"end":{"line":13,"column":18}},"3":{"start":{"line":16,"column":2},"end":{"line":31,"column":4}},"4":{"start":{"line":34,"column":15},"end":{"line":72,"column":2}}},"fnMap":{"0":{"name":"(anonymous_0)","decl":{"start":{"line":11,"column":53},"end":{"line":11,"column":54}},"loc":{"start":{"line":11,"column":88},"end":{"line":32,"column":1}},"line":11},"1":{"name":"(anonymous_1)","decl":{"start":{"line":12,"column":22},"end":{"line":12,"column":23}},"loc":{"start":{"line":12,"column":28},"end":{"line":14,"column":3}},"line":12}},"branchMap":{"0":{"loc":{"start":{"line":20,"column":8},"end":{"line":20,"column":37}},"type":"binary-expr","locations":[{"start":{"line":20,"column":8},"end":{"line":20,"column":18}},{"start":{"line":20,"column":22},"end":{"line":20,"column":37}}],"line":20},"1":{"loc":{"start":{"line":21,"column":8},"end":{"line":21,"column":55}},"type":"binary-expr","locations":[{"start":{"line":21,"column":8},"end":{"line":21,"column":36}},{"start":{"line":21,"column":40},"end":{"line":21,"column":55}}],"line":21},"2":{"loc":{"start":{"line":22,"column":8},"end":{"line":22,"column":53}},"type":"binary-expr","locations":[{"start":{"line":22,"column":8},"end":{"line":22,"column":35}},{"start":{"line":22,"column":39},"end":{"line":22,"column":53}}],"line":22},"3":{"loc":{"start":{"line":23,"column":8},"end":{"line":23,"column":55}},"type":"binary-expr","locations":[{"start":{"line":23,"column":8},"end":{"line":23,"column":36}},{"start":{"line":23,"column":40},"end":{"line":23,"column":55}}],"line":23}},"s":{"0":3,"1":17,"2":1,"3":17,"4":3},"f":{"0":17,"1":1},"b":{"0":[17,1],"1":[17,9],"2":[17,4],"3":[17,4]},"_coverageSchema":"1a1c01bbd47fc00a2c39e90264f33305004495a9","hash":"176c53f18f7976d923e0f982c37833bb8d55de08"}
,"/Users/hemantmalhotra/Documents/VSC/Mindloop-Mobile/mindloop-mobile/src/components/mood/MoodSelector.tsx": {"path":"/Users/hemantmalhotra/Documents/VSC/Mindloop-Mobile/mindloop-mobile/src/components/mood/MoodSelector.tsx","statementMap":{"0":{"start":{"line":12,"column":57},"end":{"line":44,"column":1}},"1":{"start":{"line":17,"column":22},"end":{"line":17,"column":38}},"2":{"start":{"line":19,"column":26},"end":{"line":21,"column":3}},"3":{"start":{"line":20,"column":4},"end":{"line":20,"column":23}},"4":{"start":{"line":23,"column":2},"end":{"line":43,"column":4}},"5":{"start":{"line":30,"column":10},"end":{"line":35,"column":12}},"6":{"start":{"line":46,"column":15},"end":{"line":80,"column":2}}},"fnMap":{"0":{"name":"(anonymous_0)","decl":{"start":{"line":12,"column":57},"end":{"line":12,"column":58}},"loc":{"start":{"line":16,"column":6},"end":{"line":44,"column":1}},"line":16},"1":{"name":"(anonymous_1)","decl":{"start":{"line":19,"column":26},"end":{"line":19,"column":27}},"loc":{"start":{"line":19,"column":48},"end":{"line":21,"column":3}},"line":19},"2":{"name":"(anonymous_2)","decl":{"start":{"line":29,"column":25},"end":{"line":29,"column":26}},"loc":{"start":{"line":30,"column":10},"end":{"line":35,"column":12}},"line":30}},"branchMap":{},"s":{"0":2,"1":7,"2":7,"3":1,"4":7,"5":28,"6":2},"f":{"0":7,"1":1,"2":28},"b":{},"_coverageSchema":"1a1c01bbd47fc00a2c39e90264f33305004495a9","hash":"72bf75d782e80058fcb1bf3b5fa7c14d711d2910"}
,"/Users/hemantmalhotra/Documents/VSC/Mindloop-Mobile/mindloop-mobile/src/components/navigation/BottomSheet.tsx": {"path":"/Users/hemantmalhotra/Documents/VSC/Mindloop-Mobile/mindloop-mobile/src/components/navigation/BottomSheet.tsx","statementMap":{"0":{"start":{"line":8,"column":55},"end":{"line":26,"column":1}},"1":{"start":{"line":12,"column":2},"end":{"line":14,"column":3}},"2":{"start":{"line":13,"column":4},"end":{"line":13,"column":16}},"3":{"start":{"line":16,"column":2},"end":{"line":25,"column":4}}},"fnMap":{"0":{"name":"(anonymous_0)","decl":{"start":{"line":8,"column":55},"end":{"line":8,"column":56}},"loc":{"start":{"line":11,"column":6},"end":{"line":26,"column":1}},"line":11}},"branchMap":{"0":{"loc":{"start":{"line":9,"column":2},"end":{"line":9,"column":18}},"type":"default-arg","locations":[{"start":{"line":9,"column":14},"end":{"line":9,"column":18}}],"line":9},"1":{"loc":{"start":{"line":12,"column":2},"end":{"line":14,"column":3}},"type":"if","locations":[{"start":{"line":12,"column":2},"end":{"line":14,"column":3}},{"start":{},"end":{}}],"line":12}},"s":{"0":1,"1":0,"2":0,"3":0},"f":{"0":0},"b":{"0":[0],"1":[0,0]},"_coverageSchema":"1a1c01bbd47fc00a2c39e90264f33305004495a9","hash":"450c9ea13715c411b618e0551338cc4983ec8260"}
,"/Users/hemantmalhotra/Documents/VSC/Mindloop-Mobile/mindloop-mobile/src/components/navigation/BottomSheetItem.tsx": {"path":"/Users/hemantmalhotra/Documents/VSC/Mindloop-Mobile/mindloop-mobile/src/components/navigation/BottomSheetItem.tsx","statementMap":{"0":{"start":{"line":11,"column":63},"end":{"line":28,"column":1}},"1":{"start":{"line":18,"column":2},"end":{"line":27,"column":4}}},"fnMap":{"0":{"name":"(anonymous_0)","decl":{"start":{"line":11,"column":63},"end":{"line":11,"column":64}},"loc":{"start":{"line":17,"column":6},"end":{"line":28,"column":1}},"line":17}},"branchMap":{},"s":{"0":1,"1":0},"f":{"0":0},"b":{},"_coverageSchema":"1a1c01bbd47fc00a2c39e90264f33305004495a9","hash":"3205531abfc204b3ffb577aac95961fb7f4490ed"}
,"/Users/hemantmalhotra/Documents/VSC/Mindloop-Mobile/mindloop-mobile/src/components/onboarding/OnboardingFlow.tsx": {"path":"/Users/hemantmalhotra/Documents/VSC/Mindloop-Mobile/mindloop-mobile/src/components/onboarding/OnboardingFlow.tsx","statementMap":{"0":{"start":{"line":5,"column":40},"end":{"line":44,"column":1}},"1":{"start":{"line":14,"column":6},"end":{"line":14,"column":21}},"2":{"start":{"line":16,"column":2},"end":{"line":18,"column":3}},"3":{"start":{"line":17,"column":4},"end":{"line":17,"column":16}},"4":{"start":{"line":21,"column":19},"end":{"line":25,"column":3}},"5":{"start":{"line":27,"column":28},"end":{"line":27,"column":49}},"6":{"start":{"line":29,"column":2},"end":{"line":31,"column":3}},"7":{"start":{"line":30,"column":4},"end":{"line":30,"column":16}},"8":{"start":{"line":33,"column":2},"end":{"line":43,"column":4}}},"fnMap":{"0":{"name":"(anonymous_0)","decl":{"start":{"line":5,"column":40},"end":{"line":5,"column":41}},"loc":{"start":{"line":5,"column":46},"end":{"line":44,"column":1}},"line":5}},"branchMap":{"0":{"loc":{"start":{"line":16,"column":2},"end":{"line":18,"column":3}},"type":"if","locations":[{"start":{"line":16,"column":2},"end":{"line":18,"column":3}},{"start":{},"end":{}}],"line":16},"1":{"loc":{"start":{"line":29,"column":2},"end":{"line":31,"column":3}},"type":"if","locations":[{"start":{"line":29,"column":2},"end":{"line":31,"column":3}},{"start":{},"end":{}}],"line":29}},"s":{"0":2,"1":0,"2":0,"3":0,"4":0,"5":0,"6":0,"7":0,"8":0},"f":{"0":0},"b":{"0":[0,0],"1":[0,0]},"_coverageSchema":"1a1c01bbd47fc00a2c39e90264f33305004495a9","hash":"8985a62edcf3e8a4fe559aa1a064ed049e47525a"}
,"/Users/hemantmalhotra/Documents/VSC/Mindloop-Mobile/mindloop-mobile/src/components/onboarding/OnboardingProgress.tsx": {"path":"/Users/hemantmalhotra/Documents/VSC/Mindloop-Mobile/mindloop-mobile/src/components/onboarding/OnboardingProgress.tsx","statementMap":{"0":{"start":{"line":9,"column":69},"end":{"line":21,"column":1}},"1":{"start":{"line":13,"column":19},"end":{"line":13,"column":49}},"2":{"start":{"line":15,"column":2},"end":{"line":20,"column":4}}},"fnMap":{"0":{"name":"(anonymous_0)","decl":{"start":{"line":9,"column":69},"end":{"line":9,"column":70}},"loc":{"start":{"line":12,"column":6},"end":{"line":21,"column":1}},"line":12}},"branchMap":{},"s":{"0":1,"1":0,"2":0},"f":{"0":0},"b":{},"_coverageSchema":"1a1c01bbd47fc00a2c39e90264f33305004495a9","hash":"71429135b3ea7a545414cd289913c3146f052bde"}
,"/Users/hemantmalhotra/Documents/VSC/Mindloop-Mobile/mindloop-mobile/src/components/onboarding/OnboardingScreen.tsx": {"path":"/Users/hemantmalhotra/Documents/VSC/Mindloop-Mobile/mindloop-mobile/src/components/onboarding/OnboardingScreen.tsx","statementMap":{"0":{"start":{"line":14,"column":65},"end":{"line":33,"column":1}},"1":{"start":{"line":23,"column":2},"end":{"line":32,"column":4}}},"fnMap":{"0":{"name":"(anonymous_0)","decl":{"start":{"line":14,"column":65},"end":{"line":14,"column":66}},"loc":{"start":{"line":22,"column":6},"end":{"line":33,"column":1}},"line":22}},"branchMap":{},"s":{"0":3,"1":0},"f":{"0":0},"b":{},"_coverageSchema":"1a1c01bbd47fc00a2c39e90264f33305004495a9","hash":"fc488df181a6fc292c0faabb7b6252c42d4e25e0"}
,"/Users/hemantmalhotra/Documents/VSC/Mindloop-Mobile/mindloop-mobile/src/components/onboarding/OnboardingStep.tsx": {"path":"/Users/hemantmalhotra/Documents/VSC/Mindloop-Mobile/mindloop-mobile/src/components/onboarding/OnboardingStep.tsx","statementMap":{"0":{"start":{"line":12,"column":61},"end":{"line":29,"column":1}},"1":{"start":{"line":19,"column":2},"end":{"line":28,"column":4}}},"fnMap":{"0":{"name":"(anonymous_0)","decl":{"start":{"line":12,"column":61},"end":{"line":12,"column":62}},"loc":{"start":{"line":18,"column":6},"end":{"line":29,"column":1}},"line":18}},"branchMap":{},"s":{"0":1,"1":0},"f":{"0":0},"b":{},"_coverageSchema":"1a1c01bbd47fc00a2c39e90264f33305004495a9","hash":"17a7c8818aa0b452b6b142383b220ddff7f65a03"}
,"/Users/hemantmalhotra/Documents/VSC/Mindloop-Mobile/mindloop-mobile/src/components/progress/AchievementBadge.tsx": {"path":"/Users/hemantmalhotra/Documents/VSC/Mindloop-Mobile/mindloop-mobile/src/components/progress/AchievementBadge.tsx","statementMap":{"0":{"start":{"line":10,"column":65},"end":{"line":18,"column":1}},"1":{"start":{"line":11,"column":2},"end":{"line":17,"column":4}}},"fnMap":{"0":{"name":"(anonymous_0)","decl":{"start":{"line":10,"column":65},"end":{"line":10,"column":66}},"loc":{"start":{"line":10,"column":109},"end":{"line":18,"column":1}},"line":10}},"branchMap":{"0":{"loc":{"start":{"line":15,"column":20},"end":{"line":15,"column":52}},"type":"cond-expr","locations":[{"start":{"line":15,"column":31},"end":{"line":15,"column":41}},{"start":{"line":15,"column":44},"end":{"line":15,"column":52}}],"line":15}},"s":{"0":2,"1":4},"f":{"0":4},"b":{"0":[2,2]},"_coverageSchema":"1a1c01bbd47fc00a2c39e90264f33305004495a9","hash":"885e484a875e47379e28f39be2e2f149f8c1ffa2"}
,"/Users/hemantmalhotra/Documents/VSC/Mindloop-Mobile/mindloop-mobile/src/components/progress/ProgressChart.tsx": {"path":"/Users/hemantmalhotra/Documents/VSC/Mindloop-Mobile/mindloop-mobile/src/components/progress/ProgressChart.tsx","statementMap":{"0":{"start":{"line":8,"column":59},"end":{"line":15,"column":1}},"1":{"start":{"line":9,"column":2},"end":{"line":14,"column":4}}},"fnMap":{"0":{"name":"(anonymous_0)","decl":{"start":{"line":8,"column":59},"end":{"line":8,"column":60}},"loc":{"start":{"line":8,"column":79},"end":{"line":15,"column":1}},"line":8}},"branchMap":{},"s":{"0":2,"1":4},"f":{"0":4},"b":{},"_coverageSchema":"1a1c01bbd47fc00a2c39e90264f33305004495a9","hash":"9493d7374e5b0819c2ce61cc54d408095f5a8478"}
,"/Users/hemantmalhotra/Documents/VSC/Mindloop-Mobile/mindloop-mobile/src/components/progress/ProgressIndicator.tsx": {"path":"/Users/hemantmalhotra/Documents/VSC/Mindloop-Mobile/mindloop-mobile/src/components/progress/ProgressIndicator.tsx","statementMap":{"0":{"start":{"line":9,"column":67},"end":{"line":16,"column":1}},"1":{"start":{"line":10,"column":2},"end":{"line":15,"column":4}}},"fnMap":{"0":{"name":"(anonymous_0)","decl":{"start":{"line":9,"column":67},"end":{"line":9,"column":68}},"loc":{"start":{"line":9,"column":99},"end":{"line":16,"column":1}},"line":9}},"branchMap":{},"s":{"0":2,"1":4},"f":{"0":4},"b":{},"_coverageSchema":"1a1c01bbd47fc00a2c39e90264f33305004495a9","hash":"da14d954355474944ef9c7701853f73dfab66e68"}
,"/Users/hemantmalhotra/Documents/VSC/Mindloop-Mobile/mindloop-mobile/src/components/progress/ProgressScreen.tsx": {"path":"/Users/hemantmalhotra/Documents/VSC/Mindloop-Mobile/mindloop-mobile/src/components/progress/ProgressScreen.tsx","statementMap":{"0":{"start":{"line":12,"column":61},"end":{"line":39,"column":1}},"1":{"start":{"line":13,"column":23},"end":{"line":13,"column":52}},"2":{"start":{"line":15,"column":2},"end":{"line":38,"column":4}},"3":{"start":{"line":27,"column":39},"end":{"line":27,"column":50}},"4":{"start":{"line":35,"column":37},"end":{"line":35,"column":48}}},"fnMap":{"0":{"name":"(anonymous_0)","decl":{"start":{"line":12,"column":61},"end":{"line":12,"column":62}},"loc":{"start":{"line":12,"column":79},"end":{"line":39,"column":1}},"line":12},"1":{"name":"(anonymous_1)","decl":{"start":{"line":27,"column":34},"end":{"line":27,"column":35}},"loc":{"start":{"line":27,"column":39},"end":{"line":27,"column":50}},"line":27},"2":{"name":"(anonymous_2)","decl":{"start":{"line":35,"column":32},"end":{"line":35,"column":33}},"loc":{"start":{"line":35,"column":37},"end":{"line":35,"column":48}},"line":35}},"branchMap":{},"s":{"0":1,"1":0,"2":0,"3":0,"4":0},"f":{"0":0,"1":0,"2":0},"b":{},"_coverageSchema":"1a1c01bbd47fc00a2c39e90264f33305004495a9","hash":"1cf7d4359573594ba7d8100605a6b7ec86c5f108"}
,"/Users/hemantmalhotra/Documents/VSC/Mindloop-Mobile/mindloop-mobile/src/components/progress/StreakCounter.tsx": {"path":"/Users/hemantmalhotra/Documents/VSC/Mindloop-Mobile/mindloop-mobile/src/components/progress/StreakCounter.tsx","statementMap":{"0":{"start":{"line":8,"column":59},"end":{"line":15,"column":1}},"1":{"start":{"line":9,"column":2},"end":{"line":14,"column":4}}},"fnMap":{"0":{"name":"(anonymous_0)","decl":{"start":{"line":8,"column":59},"end":{"line":8,"column":60}},"loc":{"start":{"line":8,"column":97},"end":{"line":15,"column":1}},"line":8}},"branchMap":{},"s":{"0":2,"1":4},"f":{"0":4},"b":{},"_coverageSchema":"1a1c01bbd47fc00a2c39e90264f33305004495a9","hash":"48db7b57ba1c1ca1b42fd1a5c48174690ce03f4e"}
,"/Users/hemantmalhotra/Documents/VSC/Mindloop-Mobile/mindloop-mobile/src/components/session/SessionControls.tsx": {"path":"/Users/hemantmalhotra/Documents/VSC/Mindloop-Mobile/mindloop-mobile/src/components/session/SessionControls.tsx","statementMap":{"0":{"start":{"line":10,"column":63},"end":{"line":28,"column":1}},"1":{"start":{"line":15,"column":2},"end":{"line":27,"column":4}}},"fnMap":{"0":{"name":"(anonymous_0)","decl":{"start":{"line":10,"column":63},"end":{"line":10,"column":64}},"loc":{"start":{"line":14,"column":6},"end":{"line":28,"column":1}},"line":14}},"branchMap":{},"s":{"0":3,"1":3},"f":{"0":3},"b":{},"_coverageSchema":"1a1c01bbd47fc00a2c39e90264f33305004495a9","hash":"c5dfeff8618afc871c230743a79fb2b73bd15da9"}
,"/Users/hemantmalhotra/Documents/VSC/Mindloop-Mobile/mindloop-mobile/src/components/session/SessionScreen.tsx": {"path":"/Users/hemantmalhotra/Documents/VSC/Mindloop-Mobile/mindloop-mobile/src/components/session/SessionScreen.tsx","statementMap":{"0":{"start":{"line":11,"column":59},"end":{"line":163,"column":1}},"1":{"start":{"line":20,"column":6},"end":{"line":20,"column":23}},"2":{"start":{"line":22,"column":46},"end":{"line":22,"column":58}},"3":{"start":{"line":23,"column":48},"end":{"line":23,"column":63}},"4":{"start":{"line":25,"column":31},"end":{"line":31,"column":3}},"5":{"start":{"line":26,"column":4},"end":{"line":29,"column":5}},"6":{"start":{"line":27,"column":6},"end":{"line":27,"column":96}},"7":{"start":{"line":28,"column":6},"end":{"line":28,"column":13}},"8":{"start":{"line":30,"column":4},"end":{"line":30,"column":20}},"9":{"start":{"line":33,"column":31},"end":{"line":42,"column":3}},"10":{"start":{"line":34,"column":21},"end":{"line":34,"column":49}},"11":{"start":{"line":35,"column":4},"end":{"line":38,"column":5}},"12":{"start":{"line":36,"column":6},"end":{"line":36,"column":99}},"13":{"start":{"line":37,"column":6},"end":{"line":37,"column":13}},"14":{"start":{"line":39,"column":4},"end":{"line":39,"column":35}},"15":{"start":{"line":40,"column":4},"end":{"line":40,"column":26}},"16":{"start":{"line":41,"column":4},"end":{"line":41,"column":30}},"17":{"start":{"line":44,"column":34},"end":{"line":96,"column":3}},"18":{"start":{"line":45,"column":4},"end":{"line":95,"column":11}},"19":{"start":{"line":51,"column":25},"end":{"line":51,"column":49}},"20":{"start":{"line":58,"column":25},"end":{"line":58,"column":50}},"21":{"start":{"line":65,"column":25},"end":{"line":65,"column":50}},"22":{"start":{"line":83,"column":71},"end":{"line":83,"column":96}},"23":{"start":{"line":90,"column":25},"end":{"line":90,"column":49}},"24":{"start":{"line":98,"column":30},"end":{"line":112,"column":3}},"25":{"start":{"line":99,"column":4},"end":{"line":111,"column":11}},"26":{"start":{"line":114,"column":32},"end":{"line":129,"column":3}},"27":{"start":{"line":115,"column":4},"end":{"line":128,"column":11}},"28":{"start":{"line":122,"column":8},"end":{"line":124,"column":9}},"29":{"start":{"line":123,"column":10},"end":{"line":123,"column":19}},"30":{"start":{"line":131,"column":24},"end":{"line":146,"column":3}},"31":{"start":{"line":132,"column":4},"end":{"line":134,"column":5}},"32":{"start":{"line":133,"column":6},"end":{"line":133,"column":39}},"33":{"start":{"line":136,"column":4},"end":{"line":138,"column":5}},"34":{"start":{"line":137,"column":6},"end":{"line":137,"column":35}},"35":{"start":{"line":141,"column":4},"end":{"line":143,"column":5}},"36":{"start":{"line":142,"column":6},"end":{"line":142,"column":37}},"37":{"start":{"line":145,"column":4},"end":{"line":145,"column":37}},"38":{"start":{"line":148,"column":2},"end":{"line":162,"column":4}},"39":{"start":{"line":165,"column":15},"end":{"line":320,"column":2}}},"fnMap":{"0":{"name":"(anonymous_0)","decl":{"start":{"line":11,"column":59},"end":{"line":11,"column":60}},"loc":{"start":{"line":11,"column":75},"end":{"line":163,"column":1}},"line":11},"1":{"name":"(anonymous_1)","decl":{"start":{"line":25,"column":31},"end":{"line":25,"column":32}},"loc":{"start":{"line":25,"column":53},"end":{"line":31,"column":3}},"line":25},"2":{"name":"(anonymous_2)","decl":{"start":{"line":33,"column":31},"end":{"line":33,"column":32}},"loc":{"start":{"line":33,"column":37},"end":{"line":42,"column":3}},"line":33},"3":{"name":"(anonymous_3)","decl":{"start":{"line":44,"column":34},"end":{"line":44,"column":35}},"loc":{"start":{"line":45,"column":4},"end":{"line":95,"column":11}},"line":45},"4":{"name":"(anonymous_4)","decl":{"start":{"line":51,"column":19},"end":{"line":51,"column":20}},"loc":{"start":{"line":51,"column":25},"end":{"line":51,"column":49}},"line":51},"5":{"name":"(anonymous_5)","decl":{"start":{"line":58,"column":19},"end":{"line":58,"column":20}},"loc":{"start":{"line":58,"column":25},"end":{"line":58,"column":50}},"line":58},"6":{"name":"(anonymous_6)","decl":{"start":{"line":65,"column":19},"end":{"line":65,"column":20}},"loc":{"start":{"line":65,"column":25},"end":{"line":65,"column":50}},"line":65},"7":{"name":"(anonymous_7)","decl":{"start":{"line":83,"column":65},"end":{"line":83,"column":66}},"loc":{"start":{"line":83,"column":71},"end":{"line":83,"column":96}},"line":83},"8":{"name":"(anonymous_8)","decl":{"start":{"line":90,"column":19},"end":{"line":90,"column":20}},"loc":{"start":{"line":90,"column":25},"end":{"line":90,"column":49}},"line":90},"9":{"name":"(anonymous_9)","decl":{"start":{"line":98,"column":30},"end":{"line":98,"column":31}},"loc":{"start":{"line":99,"column":4},"end":{"line":111,"column":11}},"line":99},"10":{"name":"(anonymous_10)","decl":{"start":{"line":114,"column":32},"end":{"line":114,"column":33}},"loc":{"start":{"line":115,"column":4},"end":{"line":128,"column":11}},"line":115},"11":{"name":"(anonymous_11)","decl":{"start":{"line":120,"column":65},"end":{"line":120,"column":66}},"loc":{"start":{"line":120,"column":71},"end":{"line":125,"column":7}},"line":120},"12":{"name":"(anonymous_12)","decl":{"start":{"line":131,"column":24},"end":{"line":131,"column":25}},"loc":{"start":{"line":131,"column":30},"end":{"line":146,"column":3}},"line":131}},"branchMap":{"0":{"loc":{"start":{"line":26,"column":4},"end":{"line":29,"column":5}},"type":"if","locations":[{"start":{"line":26,"column":4},"end":{"line":29,"column":5}},{"start":{},"end":{}}],"line":26},"1":{"loc":{"start":{"line":26,"column":8},"end":{"line":26,"column":39}},"type":"binary-expr","locations":[{"start":{"line":26,"column":8},"end":{"line":26,"column":20}},{"start":{"line":26,"column":24},"end":{"line":26,"column":39}}],"line":26},"2":{"loc":{"start":{"line":35,"column":4},"end":{"line":38,"column":5}},"type":"if","locations":[{"start":{"line":35,"column":4},"end":{"line":38,"column":5}},{"start":{},"end":{}}],"line":35},"3":{"loc":{"start":{"line":35,"column":8},"end":{"line":35,"column":58}},"type":"binary-expr","locations":[{"start":{"line":35,"column":8},"end":{"line":35,"column":23}},{"start":{"line":35,"column":27},"end":{"line":35,"column":39}},{"start":{"line":35,"column":43},"end":{"line":35,"column":58}}],"line":35},"4":{"loc":{"start":{"line":71,"column":7},"end":{"line":94,"column":7}},"type":"cond-expr","locations":[{"start":{"line":72,"column":8},"end":{"line":86,"column":15}},{"start":{"line":88,"column":8},"end":{"line":93,"column":27}}],"line":71},"5":{"loc":{"start":{"line":106,"column":7},"end":{"line":110,"column":7}},"type":"binary-expr","locations":[{"start":{"line":106,"column":7},"end":{"line":106,"column":15}},{"start":{"line":107,"column":8},"end":{"line":109,"column":15}}],"line":106},"6":{"loc":{"start":{"line":122,"column":8},"end":{"line":124,"column":9}},"type":"if","locations":[{"start":{"line":122,"column":8},"end":{"line":124,"column":9}},{"start":{},"end":{}}],"line":122},"7":{"loc":{"start":{"line":132,"column":4},"end":{"line":134,"column":5}},"type":"if","locations":[{"start":{"line":132,"column":4},"end":{"line":134,"column":5}},{"start":{},"end":{}}],"line":132},"8":{"loc":{"start":{"line":132,"column":8},"end":{"line":132,"column":54}},"type":"binary-expr","locations":[{"start":{"line":132,"column":8},"end":{"line":132,"column":27}},{"start":{"line":132,"column":31},"end":{"line":132,"column":41}},{"start":{"line":132,"column":45},"end":{"line":132,"column":54}}],"line":132},"9":{"loc":{"start":{"line":136,"column":4},"end":{"line":138,"column":5}},"type":"if","locations":[{"start":{"line":136,"column":4},"end":{"line":138,"column":5}},{"start":{},"end":{}}],"line":136},"10":{"loc":{"start":{"line":136,"column":8},"end":{"line":136,"column":29}},"type":"binary-expr","locations":[{"start":{"line":136,"column":8},"end":{"line":136,"column":17}},{"start":{"line":136,"column":21},"end":{"line":136,"column":29}}],"line":136},"11":{"loc":{"start":{"line":141,"column":4},"end":{"line":143,"column":5}},"type":"if","locations":[{"start":{"line":141,"column":4},"end":{"line":143,"column":5}},{"start":{},"end":{}}],"line":141},"12":{"loc":{"start":{"line":141,"column":8},"end":{"line":141,"column":74}},"type":"binary-expr","locations":[{"start":{"line":141,"column":8},"end":{"line":141,"column":27}},{"start":{"line":141,"column":32},"end":{"line":141,"column":51}},{"start":{"line":141,"column":55},"end":{"line":141,"column":73}}],"line":141}},"s":{"0":1,"1":0,"2":0,"3":0,"4":0,"5":0,"6":0,"7":0,"8":0,"9":0,"10":0,"11":0,"12":0,"13":0,"14":0,"15":0,"16":0,"17":0,"18":0,"19":0,"20":0,"21":0,"22":0,"23":0,"24":0,"25":0,"26":0,"27":0,"28":0,"29":0,"30":0,"31":0,"32":0,"33":0,"34":0,"35":0,"36":0,"37":0,"38":0,"39":1},"f":{"0":0,"1":0,"2":0,"3":0,"4":0,"5":0,"6":0,"7":0,"8":0,"9":0,"10":0,"11":0,"12":0},"b":{"0":[0,0],"1":[0,0],"2":[0,0],"3":[0,0,0],"4":[0,0],"5":[0,0],"6":[0,0],"7":[0,0],"8":[0,0,0],"9":[0,0],"10":[0,0],"11":[0,0],"12":[0,0,0]},"_coverageSchema":"1a1c01bbd47fc00a2c39e90264f33305004495a9","hash":"c51a58514049325f3c6c539428c85a4ef6524692"}
,"/Users/hemantmalhotra/Documents/VSC/Mindloop-Mobile/mindloop-mobile/src/components/session/TimerDisplay.tsx": {"path":"/Users/hemantmalhotra/Documents/VSC/Mindloop-Mobile/mindloop-mobile/src/components/session/TimerDisplay.tsx","statementMap":{"0":{"start":{"line":8,"column":57},"end":{"line":27,"column":1}},"1":{"start":{"line":9,"column":21},"end":{"line":13,"column":3}},"2":{"start":{"line":10,"column":20},"end":{"line":10,"column":44}},"3":{"start":{"line":11,"column":29},"end":{"line":11,"column":41}},"4":{"start":{"line":12,"column":4},"end":{"line":12,"column":100}},"5":{"start":{"line":15,"column":2},"end":{"line":26,"column":4}}},"fnMap":{"0":{"name":"(anonymous_0)","decl":{"start":{"line":8,"column":57},"end":{"line":8,"column":58}},"loc":{"start":{"line":8,"column":80},"end":{"line":27,"column":1}},"line":8},"1":{"name":"(anonymous_1)","decl":{"start":{"line":9,"column":21},"end":{"line":9,"column":22}},"loc":{"start":{"line":9,"column":50},"end":{"line":13,"column":3}},"line":9}},"branchMap":{},"s":{"0":3,"1":6,"2":6,"3":6,"4":6,"5":6},"f":{"0":6,"1":6},"b":{},"_coverageSchema":"1a1c01bbd47fc00a2c39e90264f33305004495a9","hash":"fc8437121e60a10a9988592a7dd7173be50fe4cf"}
,"/Users/hemantmalhotra/Documents/VSC/Mindloop-Mobile/mindloop-mobile/src/components/subscription/Paywall.tsx": {"path":"/Users/hemantmalhotra/Documents/VSC/Mindloop-Mobile/mindloop-mobile/src/components/subscription/Paywall.tsx","statementMap":{"0":{"start":{"line":18,"column":47},"end":{"line":202,"column":1}},"1":{"start":{"line":27,"column":28},"end":{"line":27,"column":60}},"2":{"start":{"line":28,"column":56},"end":{"line":28,"column":91}},"3":{"start":{"line":29,"column":32},"end":{"line":29,"column":46}},"4":{"start":{"line":30,"column":28},"end":{"line":30,"column":57}},"5":{"start":{"line":31,"column":60},"end":{"line":35,"column":34}},"6":{"start":{"line":37,"column":30},"end":{"line":37,"column":86}},"7":{"start":{"line":38,"column":31},"end":{"line":38,"column":108}},"8":{"start":{"line":40,"column":2},"end":{"line":42,"column":58}},"9":{"start":{"line":41,"column":4},"end":{"line":41,"column":15}},"10":{"start":{"line":44,"column":19},"end":{"line":81,"column":3}},"11":{"start":{"line":45,"column":4},"end":{"line":80,"column":5}},"12":{"start":{"line":46,"column":6},"end":{"line":46,"column":23}},"13":{"start":{"line":47,"column":6},"end":{"line":47,"column":21}},"14":{"start":{"line":50,"column":29},"end":{"line":50,"column":74}},"15":{"start":{"line":51,"column":6},"end":{"line":51,"column":31}},"16":{"start":{"line":54,"column":31},"end":{"line":54,"column":84}},"17":{"start":{"line":55,"column":6},"end":{"line":55,"column":47}},"18":{"start":{"line":58,"column":6},"end":{"line":75,"column":7}},"19":{"start":{"line":60,"column":28},"end":{"line":68,"column":9}},"20":{"start":{"line":70,"column":31},"end":{"line":73,"column":9}},"21":{"start":{"line":74,"column":8},"end":{"line":74,"column":49}},"22":{"start":{"line":77,"column":6},"end":{"line":77,"column":52}},"23":{"start":{"line":79,"column":6},"end":{"line":79,"column":24}},"24":{"start":{"line":83,"column":26},"end":{"line":85,"column":3}},"25":{"start":{"line":84,"column":4},"end":{"line":84,"column":22}},"26":{"start":{"line":87,"column":22},"end":{"line":90,"column":3}},"27":{"start":{"line":88,"column":4},"end":{"line":88,"column":35}},"28":{"start":{"line":88,"column":21},"end":{"line":88,"column":35}},"29":{"start":{"line":89,"column":4},"end":{"line":89,"column":34}},"30":{"start":{"line":92,"column":2},"end":{"line":100,"column":3}},"31":{"start":{"line":93,"column":4},"end":{"line":99,"column":6}},"32":{"start":{"line":102,"column":2},"end":{"line":113,"column":3}},"33":{"start":{"line":103,"column":4},"end":{"line":112,"column":6}},"34":{"start":{"line":115,"column":2},"end":{"line":201,"column":4}},"35":{"start":{"line":116,"column":41},"end":{"line":116,"column":51}},"36":{"start":{"line":157,"column":16},"end":{"line":190,"column":23}},"37":{"start":{"line":171,"column":22},"end":{"line":173,"column":29}},"38":{"start":{"line":183,"column":35},"end":{"line":183,"column":56}},"39":{"start":{"line":204,"column":15},"end":{"line":357,"column":2}}},"fnMap":{"0":{"name":"(anonymous_0)","decl":{"start":{"line":18,"column":47},"end":{"line":18,"column":48}},"loc":{"start":{"line":26,"column":6},"end":{"line":202,"column":1}},"line":26},"1":{"name":"(anonymous_1)","decl":{"start":{"line":40,"column":12},"end":{"line":40,"column":13}},"loc":{"start":{"line":40,"column":18},"end":{"line":42,"column":3}},"line":40},"2":{"name":"(anonymous_2)","decl":{"start":{"line":44,"column":19},"end":{"line":44,"column":20}},"loc":{"start":{"line":44,"column":31},"end":{"line":81,"column":3}},"line":44},"3":{"name":"(anonymous_3)","decl":{"start":{"line":83,"column":26},"end":{"line":83,"column":27}},"loc":{"start":{"line":83,"column":54},"end":{"line":85,"column":3}},"line":83},"4":{"name":"(anonymous_4)","decl":{"start":{"line":87,"column":22},"end":{"line":87,"column":23}},"loc":{"start":{"line":87,"column":67},"end":{"line":90,"column":3}},"line":87},"5":{"name":"(anonymous_5)","decl":{"start":{"line":116,"column":35},"end":{"line":116,"column":36}},"loc":{"start":{"line":116,"column":41},"end":{"line":116,"column":51}},"line":116},"6":{"name":"(anonymous_6)","decl":{"start":{"line":156,"column":24},"end":{"line":156,"column":25}},"loc":{"start":{"line":157,"column":16},"end":{"line":190,"column":23}},"line":157},"7":{"name":"(anonymous_7)","decl":{"start":{"line":170,"column":39},"end":{"line":170,"column":40}},"loc":{"start":{"line":171,"column":22},"end":{"line":173,"column":29}},"line":171},"8":{"name":"(anonymous_8)","decl":{"start":{"line":183,"column":29},"end":{"line":183,"column":30}},"loc":{"start":{"line":183,"column":35},"end":{"line":183,"column":56}},"line":183}},"branchMap":{"0":{"loc":{"start":{"line":37,"column":30},"end":{"line":37,"column":86}},"type":"binary-expr","locations":[{"start":{"line":37,"column":30},"end":{"line":37,"column":57}},{"start":{"line":37,"column":61},"end":{"line":37,"column":86}}],"line":37},"1":{"loc":{"start":{"line":38,"column":31},"end":{"line":38,"column":108}},"type":"binary-expr","locations":[{"start":{"line":38,"column":31},"end":{"line":38,"column":59}},{"start":{"line":38,"column":63},"end":{"line":38,"column":108}}],"line":38},"2":{"loc":{"start":{"line":58,"column":6},"end":{"line":75,"column":7}},"type":"if","locations":[{"start":{"line":58,"column":6},"end":{"line":75,"column":7}},{"start":{},"end":{}}],"line":58},"3":{"loc":{"start":{"line":88,"column":4},"end":{"line":88,"column":35}},"type":"if","locations":[{"start":{"line":88,"column":4},"end":{"line":88,"column":35}},{"start":{},"end":{}}],"line":88},"4":{"loc":{"start":{"line":92,"column":2},"end":{"line":100,"column":3}},"type":"if","locations":[{"start":{"line":92,"column":2},"end":{"line":100,"column":3}},{"start":{},"end":{}}],"line":92},"5":{"loc":{"start":{"line":102,"column":2},"end":{"line":113,"column":3}},"type":"if","locations":[{"start":{"line":102,"column":2},"end":{"line":113,"column":3}},{"start":{},"end":{}}],"line":102},"6":{"loc":{"start":{"line":128,"column":11},"end":{"line":135,"column":11}},"type":"binary-expr","locations":[{"start":{"line":128,"column":11},"end":{"line":128,"column":49}},{"start":{"line":129,"column":12},"end":{"line":134,"column":19}}],"line":128},"7":{"loc":{"start":{"line":138,"column":11},"end":{"line":144,"column":11}},"type":"binary-expr","locations":[{"start":{"line":138,"column":11},"end":{"line":138,"column":30}},{"start":{"line":139,"column":12},"end":{"line":143,"column":19}}],"line":138},"8":{"loc":{"start":{"line":147,"column":11},"end":{"line":151,"column":11}},"type":"binary-expr","locations":[{"start":{"line":147,"column":11},"end":{"line":147,"column":32}},{"start":{"line":147,"column":36},"end":{"line":147,"column":75}},{"start":{"line":147,"column":79},"end":{"line":147,"column":108}},{"start":{"line":148,"column":12},"end":{"line":150,"column":19}}],"line":147},"9":{"loc":{"start":{"line":155,"column":13},"end":{"line":196,"column":13}},"type":"cond-expr","locations":[{"start":{"line":156,"column":14},"end":{"line":191,"column":16}},{"start":{"line":193,"column":14},"end":{"line":195,"column":21}}],"line":155},"10":{"loc":{"start":{"line":155,"column":13},"end":{"line":155,"column":38}},"type":"binary-expr","locations":[{"start":{"line":155,"column":13},"end":{"line":155,"column":18}},{"start":{"line":155,"column":22},"end":{"line":155,"column":38}}],"line":155},"11":{"loc":{"start":{"line":162,"column":23},"end":{"line":164,"column":23}},"type":"binary-expr","locations":[{"start":{"line":162,"column":23},"end":{"line":162,"column":52}},{"start":{"line":163,"column":24},"end":{"line":163,"column":89}}],"line":162},"12":{"loc":{"start":{"line":181,"column":22},"end":{"line":181,"column":76}},"type":"binary-expr","locations":[{"start":{"line":181,"column":22},"end":{"line":181,"column":48}},{"start":{"line":181,"column":52},"end":{"line":181,"column":76}}],"line":181},"13":{"loc":{"start":{"line":187,"column":23},"end":{"line":187,"column":79}},"type":"cond-expr","locations":[{"start":{"line":187,"column":52},"end":{"line":187,"column":65}},{"start":{"line":187,"column":68},"end":{"line":187,"column":79}}],"line":187}},"s":{"0":1,"1":15,"2":15,"3":15,"4":15,"5":15,"6":15,"7":15,"8":15,"9":8,"10":15,"11":8,"12":8,"13":8,"14":8,"15":6,"16":6,"17":6,"18":6,"19":3,"20":3,"21":3,"22":1,"23":7,"24":15,"25":1,"26":15,"27":8,"28":2,"29":6,"30":15,"31":8,"32":7,"33":1,"34":6,"35":0,"36":8,"37":15,"38":1,"39":1},"f":{"0":15,"1":8,"2":8,"3":1,"4":8,"5":0,"6":8,"7":15,"8":1},"b":{"0":[15,15],"1":[15,15],"2":[3,3],"3":[2,6],"4":[8,7],"5":[1,6],"6":[6,3],"7":[6,1],"8":[6,5,1,1],"9":[5,1],"10":[6,5],"11":[8,6],"12":[8,3],"13":[3,5]},"_coverageSchema":"1a1c01bbd47fc00a2c39e90264f33305004495a9","hash":"b21f3c563c4243b5c219f189d6425ddb5ddb9470"}
,"/Users/hemantmalhotra/Documents/VSC/Mindloop-Mobile/mindloop-mobile/src/components/subscription/PaywallErrorBoundary.tsx": {"path":"/Users/hemantmalhotra/Documents/VSC/Mindloop-Mobile/mindloop-mobile/src/components/subscription/PaywallErrorBoundary.tsx","statementMap":{"0":{"start":{"line":17,"column":4},"end":{"line":17,"column":17}},"1":{"start":{"line":18,"column":4},"end":{"line":18,"column":37}},"2":{"start":{"line":22,"column":4},"end":{"line":22,"column":37}},"3":{"start":{"line":26,"column":4},"end":{"line":26,"column":79}},"4":{"start":{"line":29,"column":16},"end":{"line":34,"column":3}},"5":{"start":{"line":30,"column":4},"end":{"line":30,"column":57}},"6":{"start":{"line":31,"column":4},"end":{"line":33,"column":5}},"7":{"start":{"line":32,"column":6},"end":{"line":32,"column":27}},"8":{"start":{"line":37,"column":4},"end":{"line":55,"column":5}},"9":{"start":{"line":39,"column":6},"end":{"line":41,"column":7}},"10":{"start":{"line":40,"column":8},"end":{"line":40,"column":35}},"11":{"start":{"line":44,"column":6},"end":{"line":54,"column":8}},"12":{"start":{"line":57,"column":4},"end":{"line":57,"column":31}},"13":{"start":{"line":61,"column":15},"end":{"line":92,"column":2}}},"fnMap":{"0":{"name":"(anonymous_0)","decl":{"start":{"line":16,"column":2},"end":{"line":16,"column":3}},"loc":{"start":{"line":16,"column":48},"end":{"line":19,"column":3}},"line":16},"1":{"name":"(anonymous_1)","decl":{"start":{"line":21,"column":2},"end":{"line":21,"column":3}},"loc":{"start":{"line":21,"column":68},"end":{"line":23,"column":3}},"line":21},"2":{"name":"(anonymous_2)","decl":{"start":{"line":25,"column":2},"end":{"line":25,"column":3}},"loc":{"start":{"line":25,"column":62},"end":{"line":27,"column":3}},"line":25},"3":{"name":"(anonymous_3)","decl":{"start":{"line":29,"column":16},"end":{"line":29,"column":17}},"loc":{"start":{"line":29,"column":22},"end":{"line":34,"column":3}},"line":29},"4":{"name":"(anonymous_4)","decl":{"start":{"line":36,"column":2},"end":{"line":36,"column":3}},"loc":{"start":{"line":36,"column":11},"end":{"line":58,"column":3}},"line":36}},"branchMap":{"0":{"loc":{"start":{"line":31,"column":4},"end":{"line":33,"column":5}},"type":"if","locations":[{"start":{"line":31,"column":4},"end":{"line":33,"column":5}},{"start":{},"end":{}}],"line":31},"1":{"loc":{"start":{"line":37,"column":4},"end":{"line":55,"column":5}},"type":"if","locations":[{"start":{"line":37,"column":4},"end":{"line":55,"column":5}},{"start":{},"end":{}}],"line":37},"2":{"loc":{"start":{"line":39,"column":6},"end":{"line":41,"column":7}},"type":"if","locations":[{"start":{"line":39,"column":6},"end":{"line":41,"column":7}},{"start":{},"end":{}}],"line":39},"3":{"loc":{"start":{"line":48,"column":13},"end":{"line":48,"column":67}},"type":"binary-expr","locations":[{"start":{"line":48,"column":13},"end":{"line":48,"column":38}},{"start":{"line":48,"column":42},"end":{"line":48,"column":67}}],"line":48}},"s":{"0":6,"1":6,"2":0,"3":0,"4":6,"5":0,"6":0,"7":0,"8":6,"9":0,"10":0,"11":0,"12":6,"13":1},"f":{"0":6,"1":0,"2":0,"3":0,"4":6},"b":{"0":[0,0],"1":[0,6],"2":[0,0],"3":[0,0]},"_coverageSchema":"1a1c01bbd47fc00a2c39e90264f33305004495a9","hash":"380e76a67f902ede4f83f3452f7debd3993ce15d"}
,"/Users/hemantmalhotra/Documents/VSC/Mindloop-Mobile/mindloop-mobile/src/components/subscription/SubscriptionManagement.tsx": {"path":"/Users/hemantmalhotra/Documents/VSC/Mindloop-Mobile/mindloop-mobile/src/components/subscription/SubscriptionManagement.tsx","statementMap":{"0":{"start":{"line":12,"column":77},"end":{"line":241,"column":1}},"1":{"start":{"line":17,"column":56},"end":{"line":17,"column":91}},"2":{"start":{"line":18,"column":34},"end":{"line":18,"column":83}},"3":{"start":{"line":19,"column":32},"end":{"line":19,"column":46}},"4":{"start":{"line":20,"column":28},"end":{"line":20,"column":57}},"5":{"start":{"line":22,"column":30},"end":{"line":22,"column":86}},"6":{"start":{"line":24,"column":2},"end":{"line":26,"column":15}},"7":{"start":{"line":25,"column":4},"end":{"line":25,"column":27}},"8":{"start":{"line":28,"column":31},"end":{"line":45,"column":3}},"9":{"start":{"line":29,"column":4},"end":{"line":44,"column":5}},"10":{"start":{"line":30,"column":6},"end":{"line":30,"column":23}},"11":{"start":{"line":31,"column":6},"end":{"line":31,"column":21}},"12":{"start":{"line":33,"column":35},"end":{"line":36,"column":8}},"13":{"start":{"line":38,"column":6},"end":{"line":38,"column":43}},"14":{"start":{"line":39,"column":6},"end":{"line":39,"column":24}},"15":{"start":{"line":41,"column":6},"end":{"line":41,"column":58}},"16":{"start":{"line":43,"column":6},"end":{"line":43,"column":24}},"17":{"start":{"line":47,"column":22},"end":{"line":50,"column":3}},"18":{"start":{"line":48,"column":4},"end":{"line":48,"column":35}},"19":{"start":{"line":48,"column":21},"end":{"line":48,"column":35}},"20":{"start":{"line":49,"column":4},"end":{"line":49,"column":62}},"21":{"start":{"line":52,"column":21},"end":{"line":58,"column":3}},"22":{"start":{"line":53,"column":4},"end":{"line":57,"column":7}},"23":{"start":{"line":60,"column":35},"end":{"line":88,"column":3}},"24":{"start":{"line":61,"column":4},"end":{"line":61,"column":37}},"25":{"start":{"line":61,"column":30},"end":{"line":61,"column":37}},"26":{"start":{"line":64,"column":31},"end":{"line":66,"column":5}},"27":{"start":{"line":65,"column":6},"end":{"line":65,"column":76}},"28":{"start":{"line":68,"column":4},"end":{"line":87,"column":6}},"29":{"start":{"line":77,"column":28},"end":{"line":77,"column":54}},"30":{"start":{"line":78,"column":12},"end":{"line":83,"column":13}},"31":{"start":{"line":79,"column":14},"end":{"line":79,"column":37}},"32":{"start":{"line":80,"column":14},"end":{"line":80,"column":78}},"33":{"start":{"line":82,"column":14},"end":{"line":82,"column":87}},"34":{"start":{"line":90,"column":34},"end":{"line":100,"column":3}},"35":{"start":{"line":91,"column":4},"end":{"line":91,"column":37}},"36":{"start":{"line":91,"column":30},"end":{"line":91,"column":37}},"37":{"start":{"line":93,"column":20},"end":{"line":93,"column":87}},"38":{"start":{"line":94,"column":4},"end":{"line":99,"column":5}},"39":{"start":{"line":95,"column":6},"end":{"line":95,"column":29}},"40":{"start":{"line":96,"column":6},"end":{"line":96,"column":68}},"41":{"start":{"line":98,"column":6},"end":{"line":98,"column":78}},"42":{"start":{"line":102,"column":2},"end":{"line":110,"column":3}},"43":{"start":{"line":103,"column":4},"end":{"line":109,"column":6}},"44":{"start":{"line":112,"column":2},"end":{"line":123,"column":3}},"45":{"start":{"line":113,"column":4},"end":{"line":122,"column":6}},"46":{"start":{"line":125,"column":2},"end":{"line":240,"column":4}},"47":{"start":{"line":181,"column":18},"end":{"line":183,"column":25}},"48":{"start":{"line":191,"column":33},"end":{"line":191,"column":64}},"49":{"start":{"line":231,"column":31},"end":{"line":231,"column":62}},"50":{"start":{"line":243,"column":15},"end":{"line":448,"column":2}}},"fnMap":{"0":{"name":"(anonymous_0)","decl":{"start":{"line":12,"column":77},"end":{"line":12,"column":78}},"loc":{"start":{"line":16,"column":6},"end":{"line":241,"column":1}},"line":16},"1":{"name":"(anonymous_1)","decl":{"start":{"line":24,"column":12},"end":{"line":24,"column":13}},"loc":{"start":{"line":24,"column":18},"end":{"line":26,"column":3}},"line":24},"2":{"name":"(anonymous_2)","decl":{"start":{"line":28,"column":31},"end":{"line":28,"column":32}},"loc":{"start":{"line":28,"column":43},"end":{"line":45,"column":3}},"line":28},"3":{"name":"(anonymous_3)","decl":{"start":{"line":47,"column":22},"end":{"line":47,"column":23}},"loc":{"start":{"line":47,"column":67},"end":{"line":50,"column":3}},"line":47},"4":{"name":"(anonymous_4)","decl":{"start":{"line":52,"column":21},"end":{"line":52,"column":22}},"loc":{"start":{"line":52,"column":45},"end":{"line":58,"column":3}},"line":52},"5":{"name":"(anonymous_5)","decl":{"start":{"line":60,"column":35},"end":{"line":60,"column":36}},"loc":{"start":{"line":60,"column":47},"end":{"line":88,"column":3}},"line":60},"6":{"name":"(anonymous_6)","decl":{"start":{"line":64,"column":31},"end":{"line":64,"column":32}},"loc":{"start":{"line":64,"column":37},"end":{"line":66,"column":5}},"line":64},"7":{"name":"(anonymous_7)","decl":{"start":{"line":76,"column":19},"end":{"line":76,"column":20}},"loc":{"start":{"line":76,"column":31},"end":{"line":84,"column":11}},"line":76},"8":{"name":"(anonymous_8)","decl":{"start":{"line":90,"column":34},"end":{"line":90,"column":35}},"loc":{"start":{"line":90,"column":46},"end":{"line":100,"column":3}},"line":90},"9":{"name":"(anonymous_9)","decl":{"start":{"line":180,"column":55},"end":{"line":180,"column":56}},"loc":{"start":{"line":181,"column":18},"end":{"line":183,"column":25}},"line":181},"10":{"name":"(anonymous_10)","decl":{"start":{"line":191,"column":27},"end":{"line":191,"column":28}},"loc":{"start":{"line":191,"column":33},"end":{"line":191,"column":64}},"line":191},"11":{"name":"(anonymous_11)","decl":{"start":{"line":231,"column":25},"end":{"line":231,"column":26}},"loc":{"start":{"line":231,"column":31},"end":{"line":231,"column":62}},"line":231}},"branchMap":{"0":{"loc":{"start":{"line":22,"column":30},"end":{"line":22,"column":86}},"type":"binary-expr","locations":[{"start":{"line":22,"column":30},"end":{"line":22,"column":57}},{"start":{"line":22,"column":61},"end":{"line":22,"column":86}}],"line":22},"1":{"loc":{"start":{"line":48,"column":4},"end":{"line":48,"column":35}},"type":"if","locations":[{"start":{"line":48,"column":4},"end":{"line":48,"column":35}},{"start":{},"end":{}}],"line":48},"2":{"loc":{"start":{"line":49,"column":35},"end":{"line":49,"column":59}},"type":"cond-expr","locations":[{"start":{"line":49,"column":47},"end":{"line":49,"column":54}},{"start":{"line":49,"column":57},"end":{"line":49,"column":59}}],"line":49},"3":{"loc":{"start":{"line":61,"column":4},"end":{"line":61,"column":37}},"type":"if","locations":[{"start":{"line":61,"column":4},"end":{"line":61,"column":37}},{"start":{},"end":{}}],"line":61},"4":{"loc":{"start":{"line":78,"column":12},"end":{"line":83,"column":13}},"type":"if","locations":[{"start":{"line":78,"column":12},"end":{"line":83,"column":13}},{"start":{"line":81,"column":19},"end":{"line":83,"column":13}}],"line":78},"5":{"loc":{"start":{"line":91,"column":4},"end":{"line":91,"column":37}},"type":"if","locations":[{"start":{"line":91,"column":4},"end":{"line":91,"column":37}},{"start":{},"end":{}}],"line":91},"6":{"loc":{"start":{"line":94,"column":4},"end":{"line":99,"column":5}},"type":"if","locations":[{"start":{"line":94,"column":4},"end":{"line":99,"column":5}},{"start":{"line":97,"column":11},"end":{"line":99,"column":5}}],"line":94},"7":{"loc":{"start":{"line":102,"column":2},"end":{"line":110,"column":3}},"type":"if","locations":[{"start":{"line":102,"column":2},"end":{"line":110,"column":3}},{"start":{},"end":{}}],"line":102},"8":{"loc":{"start":{"line":112,"column":2},"end":{"line":123,"column":3}},"type":"if","locations":[{"start":{"line":112,"column":2},"end":{"line":123,"column":3}},{"start":{},"end":{}}],"line":112},"9":{"loc":{"start":{"line":137,"column":11},"end":{"line":236,"column":11}},"type":"cond-expr","locations":[{"start":{"line":138,"column":12},"end":{"line":212,"column":19}},{"start":{"line":215,"column":12},"end":{"line":235,"column":19}}],"line":137},"10":{"loc":{"start":{"line":149,"column":18},"end":{"line":149,"column":97}},"type":"binary-expr","locations":[{"start":{"line":149,"column":18},"end":{"line":149,"column":74}},{"start":{"line":149,"column":78},"end":{"line":149,"column":97}}],"line":149},"11":{"loc":{"start":{"line":150,"column":18},"end":{"line":150,"column":99}},"type":"binary-expr","locations":[{"start":{"line":150,"column":18},"end":{"line":150,"column":75}},{"start":{"line":150,"column":79},"end":{"line":150,"column":99}}],"line":150},"12":{"loc":{"start":{"line":152,"column":19},"end":{"line":152,"column":98}},"type":"cond-expr","locations":[{"start":{"line":152,"column":78},"end":{"line":152,"column":86}},{"start":{"line":152,"column":89},"end":{"line":152,"column":98}}],"line":152},"13":{"loc":{"start":{"line":165,"column":17},"end":{"line":172,"column":17}},"type":"binary-expr","locations":[{"start":{"line":165,"column":17},"end":{"line":165,"column":54}},{"start":{"line":166,"column":18},"end":{"line":171,"column":25}}],"line":165},"14":{"loc":{"start":{"line":196,"column":17},"end":{"line":210,"column":17}},"type":"cond-expr","locations":[{"start":{"line":197,"column":18},"end":{"line":202,"column":37}},{"start":{"line":204,"column":18},"end":{"line":209,"column":37}}],"line":196}},"s":{"0":1,"1":23,"2":23,"3":23,"4":23,"5":23,"6":23,"7":11,"8":23,"9":13,"10":13,"11":13,"12":13,"13":11,"14":11,"15":1,"16":12,"17":23,"18":10,"19":0,"20":10,"21":23,"22":11,"23":23,"24":1,"25":0,"26":1,"27":1,"28":1,"29":1,"30":1,"31":1,"32":1,"33":0,"34":23,"35":1,"36":0,"37":1,"38":1,"39":1,"40":1,"41":0,"42":23,"43":11,"44":12,"45":1,"46":11,"47":7,"48":1,"49":0,"50":1},"f":{"0":23,"1":11,"2":13,"3":10,"4":11,"5":1,"6":1,"7":1,"8":1,"9":7,"10":1,"11":0},"b":{"0":[23,23],"1":[0,10],"2":[10,0],"3":[0,1],"4":[1,0],"5":[0,1],"6":[1,0],"7":[11,12],"8":[1,11],"9":[10,1],"10":[10,7],"11":[10,3],"12":[7,3],"13":[10,1],"14":[3,7]},"_coverageSchema":"1a1c01bbd47fc00a2c39e90264f33305004495a9","hash":"7f93c2301da571be5322df79d7582fa2242921fe"}
,"/Users/hemantmalhotra/Documents/VSC/Mindloop-Mobile/mindloop-mobile/src/config/firebase.ts": {"path":"/Users/hemantmalhotra/Documents/VSC/Mindloop-Mobile/mindloop-mobile/src/config/firebase.ts","statementMap":{"0":{"start":{"line":4,"column":30},"end":{"line":11,"column":1}},"1":{"start":{"line":15,"column":27},"end":{"line":18,"column":1}},"2":{"start":{"line":21,"column":28},"end":{"line":28,"column":1}},"3":{"start":{"line":24,"column":48},"end":{"line":24,"column":83}},"4":{"start":{"line":25,"column":44},"end":{"line":25,"column":79}},"5":{"start":{"line":26,"column":25},"end":{"line":26,"column":60}},"6":{"start":{"line":27,"column":40},"end":{"line":27,"column":75}},"7":{"start":{"line":30,"column":33},"end":{"line":36,"column":1}},"8":{"start":{"line":31,"column":21},"end":{"line":31,"column":171}},"9":{"start":{"line":31,"column":34},"end":{"line":31,"column":51}},"10":{"start":{"line":31,"column":65},"end":{"line":31,"column":168}},"11":{"start":{"line":31,"column":78},"end":{"line":31,"column":95}},"12":{"start":{"line":31,"column":108},"end":{"line":31,"column":166}},"13":{"start":{"line":31,"column":140},"end":{"line":31,"column":145}},"14":{"start":{"line":31,"column":159},"end":{"line":31,"column":163}},"15":{"start":{"line":32,"column":14},"end":{"line":32,"column":150}},"16":{"start":{"line":32,"column":27},"end":{"line":32,"column":85}},"17":{"start":{"line":32,"column":59},"end":{"line":32,"column":64}},"18":{"start":{"line":32,"column":78},"end":{"line":32,"column":82}},"19":{"start":{"line":32,"column":98},"end":{"line":32,"column":115}},"20":{"start":{"line":32,"column":131},"end":{"line":32,"column":148}},"21":{"start":{"line":33,"column":16},"end":{"line":33,"column":33}},"22":{"start":{"line":34,"column":17},"end":{"line":34,"column":46}},"23":{"start":{"line":35,"column":20},"end":{"line":35,"column":28}},"24":{"start":{"line":39,"column":36},"end":{"line":41,"column":1}},"25":{"start":{"line":40,"column":2},"end":{"line":40,"column":73}},"26":{"start":{"line":43,"column":39},"end":{"line":57,"column":1}},"27":{"start":{"line":44,"column":48},"end":{"line":54,"column":3}},"28":{"start":{"line":56,"column":2},"end":{"line":56,"column":87}}},"fnMap":{"0":{"name":"(anonymous_0)","decl":{"start":{"line":23,"column":22},"end":{"line":23,"column":23}},"loc":{"start":{"line":23,"column":28},"end":{"line":23,"column":30}},"line":23},"1":{"name":"(anonymous_1)","decl":{"start":{"line":24,"column":34},"end":{"line":24,"column":35}},"loc":{"start":{"line":24,"column":46},"end":{"line":24,"column":85}},"line":24},"2":{"name":"(anonymous_2)","decl":{"start":{"line":25,"column":30},"end":{"line":25,"column":31}},"loc":{"start":{"line":25,"column":42},"end":{"line":25,"column":81}},"line":25},"3":{"name":"(anonymous_3)","decl":{"start":{"line":26,"column":11},"end":{"line":26,"column":12}},"loc":{"start":{"line":26,"column":23},"end":{"line":26,"column":62}},"line":26},"4":{"name":"(anonymous_4)","decl":{"start":{"line":27,"column":26},"end":{"line":27,"column":27}},"loc":{"start":{"line":27,"column":38},"end":{"line":27,"column":77}},"line":27},"5":{"name":"(anonymous_5)","decl":{"start":{"line":31,"column":14},"end":{"line":31,"column":15}},"loc":{"start":{"line":31,"column":21},"end":{"line":31,"column":171}},"line":31},"6":{"name":"(anonymous_6)","decl":{"start":{"line":31,"column":28},"end":{"line":31,"column":29}},"loc":{"start":{"line":31,"column":34},"end":{"line":31,"column":51}},"line":31},"7":{"name":"(anonymous_7)","decl":{"start":{"line":31,"column":58},"end":{"line":31,"column":59}},"loc":{"start":{"line":31,"column":65},"end":{"line":31,"column":168}},"line":31},"8":{"name":"(anonymous_8)","decl":{"start":{"line":31,"column":72},"end":{"line":31,"column":73}},"loc":{"start":{"line":31,"column":78},"end":{"line":31,"column":95}},"line":31},"9":{"name":"(anonymous_9)","decl":{"start":{"line":31,"column":102},"end":{"line":31,"column":103}},"loc":{"start":{"line":31,"column":108},"end":{"line":31,"column":166}},"line":31},"10":{"name":"(anonymous_10)","decl":{"start":{"line":31,"column":134},"end":{"line":31,"column":135}},"loc":{"start":{"line":31,"column":140},"end":{"line":31,"column":145}},"line":31},"11":{"name":"(anonymous_11)","decl":{"start":{"line":31,"column":153},"end":{"line":31,"column":154}},"loc":{"start":{"line":31,"column":159},"end":{"line":31,"column":163}},"line":31},"12":{"name":"(anonymous_12)","decl":{"start":{"line":32,"column":7},"end":{"line":32,"column":8}},"loc":{"start":{"line":32,"column":14},"end":{"line":32,"column":150}},"line":32},"13":{"name":"(anonymous_13)","decl":{"start":{"line":32,"column":21},"end":{"line":32,"column":22}},"loc":{"start":{"line":32,"column":27},"end":{"line":32,"column":85}},"line":32},"14":{"name":"(anonymous_14)","decl":{"start":{"line":32,"column":53},"end":{"line":32,"column":54}},"loc":{"start":{"line":32,"column":59},"end":{"line":32,"column":64}},"line":32},"15":{"name":"(anonymous_15)","decl":{"start":{"line":32,"column":72},"end":{"line":32,"column":73}},"loc":{"start":{"line":32,"column":78},"end":{"line":32,"column":82}},"line":32},"16":{"name":"(anonymous_16)","decl":{"start":{"line":32,"column":92},"end":{"line":32,"column":93}},"loc":{"start":{"line":32,"column":98},"end":{"line":32,"column":115}},"line":32},"17":{"name":"(anonymous_17)","decl":{"start":{"line":32,"column":125},"end":{"line":32,"column":126}},"loc":{"start":{"line":32,"column":131},"end":{"line":32,"column":148}},"line":32},"18":{"name":"(anonymous_18)","decl":{"start":{"line":33,"column":10},"end":{"line":33,"column":11}},"loc":{"start":{"line":33,"column":16},"end":{"line":33,"column":33}},"line":33},"19":{"name":"(anonymous_19)","decl":{"start":{"line":34,"column":11},"end":{"line":34,"column":12}},"loc":{"start":{"line":34,"column":17},"end":{"line":34,"column":46}},"line":34},"20":{"name":"(anonymous_20)","decl":{"start":{"line":35,"column":14},"end":{"line":35,"column":15}},"loc":{"start":{"line":35,"column":20},"end":{"line":35,"column":28}},"line":35},"21":{"name":"(anonymous_21)","decl":{"start":{"line":35,"column":20},"end":{"line":35,"column":21}},"loc":{"start":{"line":35,"column":26},"end":{"line":35,"column":28}},"line":35},"22":{"name":"(anonymous_22)","decl":{"start":{"line":39,"column":36},"end":{"line":39,"column":37}},"loc":{"start":{"line":39,"column":51},"end":{"line":41,"column":1}},"line":39},"23":{"name":"(anonymous_23)","decl":{"start":{"line":43,"column":39},"end":{"line":43,"column":40}},"loc":{"start":{"line":43,"column":70},"end":{"line":57,"column":1}},"line":43}},"branchMap":{"0":{"loc":{"start":{"line":5,"column":10},"end":{"line":5,"column":79}},"type":"binary-expr","locations":[{"start":{"line":5,"column":10},"end":{"line":5,"column":38}},{"start":{"line":5,"column":42},"end":{"line":5,"column":79}}],"line":5},"1":{"loc":{"start":{"line":6,"column":14},"end":{"line":6,"column":80}},"type":"binary-expr","locations":[{"start":{"line":6,"column":14},"end":{"line":6,"column":46}},{"start":{"line":6,"column":50},"end":{"line":6,"column":80}}],"line":6},"2":{"loc":{"start":{"line":7,"column":13},"end":{"line":7,"column":62}},"type":"binary-expr","locations":[{"start":{"line":7,"column":13},"end":{"line":7,"column":44}},{"start":{"line":7,"column":48},"end":{"line":7,"column":62}}],"line":7},"3":{"loc":{"start":{"line":8,"column":17},"end":{"line":8,"column":82}},"type":"binary-expr","locations":[{"start":{"line":8,"column":17},"end":{"line":8,"column":52}},{"start":{"line":8,"column":56},"end":{"line":8,"column":82}}],"line":8},"4":{"loc":{"start":{"line":9,"column":21},"end":{"line":9,"column":76}},"type":"binary-expr","locations":[{"start":{"line":9,"column":21},"end":{"line":9,"column":61}},{"start":{"line":9,"column":65},"end":{"line":9,"column":76}}],"line":9},"5":{"loc":{"start":{"line":10,"column":9},"end":{"line":10,"column":64}},"type":"binary-expr","locations":[{"start":{"line":10,"column":9},"end":{"line":10,"column":36}},{"start":{"line":10,"column":40},"end":{"line":10,"column":64}}],"line":10},"6":{"loc":{"start":{"line":56,"column":9},"end":{"line":56,"column":86}},"type":"binary-expr","locations":[{"start":{"line":56,"column":9},"end":{"line":56,"column":33}},{"start":{"line":56,"column":37},"end":{"line":56,"column":86}}],"line":56}},"s":{"0":1,"1":1,"2":1,"3":0,"4":0,"5":0,"6":0,"7":1,"8":0,"9":0,"10":0,"11":0,"12":0,"13":0,"14":0,"15":0,"16":0,"17":0,"18":0,"19":0,"20":0,"21":0,"22":0,"23":0,"24":1,"25":0,"26":1,"27":0,"28":0},"f":{"0":0,"1":0,"2":0,"3":0,"4":0,"5":0,"6":0,"7":0,"8":0,"9":0,"10":0,"11":0,"12":0,"13":0,"14":0,"15":0,"16":0,"17":0,"18":0,"19":0,"20":0,"21":0,"22":0,"23":0},"b":{"0":[1,1],"1":[1,1],"2":[1,1],"3":[1,1],"4":[1,1],"5":[1,1],"6":[0,0]},"_coverageSchema":"1a1c01bbd47fc00a2c39e90264f33305004495a9","hash":"a2f94933d8bd342d9e1e52e22ff6e90fce8a0099"}
,"/Users/hemantmalhotra/Documents/VSC/Mindloop-Mobile/mindloop-mobile/src/contexts/AccessibilityContext.tsx": {"path":"/Users/hemantmalhotra/Documents/VSC/Mindloop-Mobile/mindloop-mobile/src/contexts/AccessibilityContext.tsx","statementMap":{"0":{"start":{"line":26,"column":29},"end":{"line":26,"column":91}},"1":{"start":{"line":29,"column":72},"end":{"line":155,"column":1}},"2":{"start":{"line":30,"column":34},"end":{"line":36,"column":4}},"3":{"start":{"line":39,"column":2},"end":{"line":74,"column":9}},"4":{"start":{"line":41,"column":4},"end":{"line":73,"column":5}},"5":{"start":{"line":43,"column":6},"end":{"line":45,"column":9}},"6":{"start":{"line":44,"column":8},"end":{"line":44,"column":75}},"7":{"start":{"line":44,"column":29},"end":{"line":44,"column":72}},"8":{"start":{"line":48,"column":6},"end":{"line":50,"column":9}},"9":{"start":{"line":49,"column":8},"end":{"line":49,"column":68}},"10":{"start":{"line":49,"column":29},"end":{"line":49,"column":65}},"11":{"start":{"line":53,"column":39},"end":{"line":58,"column":7}},"12":{"start":{"line":56,"column":10},"end":{"line":56,"column":77}},"13":{"start":{"line":56,"column":31},"end":{"line":56,"column":74}},"14":{"start":{"line":61,"column":39},"end":{"line":66,"column":7}},"15":{"start":{"line":64,"column":10},"end":{"line":64,"column":70}},"16":{"start":{"line":64,"column":31},"end":{"line":64,"column":67}},"17":{"start":{"line":69,"column":6},"end":{"line":72,"column":8}},"18":{"start":{"line":70,"column":8},"end":{"line":70,"column":43}},"19":{"start":{"line":71,"column":8},"end":{"line":71,"column":43}},"20":{"start":{"line":76,"column":33},"end":{"line":81,"column":3}},"21":{"start":{"line":77,"column":4},"end":{"line":80,"column":8}},"22":{"start":{"line":77,"column":25},"end":{"line":80,"column":5}},"23":{"start":{"line":83,"column":29},"end":{"line":88,"column":3}},"24":{"start":{"line":84,"column":4},"end":{"line":87,"column":8}},"25":{"start":{"line":84,"column":25},"end":{"line":87,"column":5}},"26":{"start":{"line":90,"column":27},"end":{"line":95,"column":3}},"27":{"start":{"line":91,"column":4},"end":{"line":94,"column":8}},"28":{"start":{"line":91,"column":25},"end":{"line":94,"column":5}},"29":{"start":{"line":97,"column":27},"end":{"line":102,"column":3}},"30":{"start":{"line":98,"column":4},"end":{"line":101,"column":8}},"31":{"start":{"line":98,"column":25},"end":{"line":101,"column":5}},"32":{"start":{"line":104,"column":29},"end":{"line":109,"column":3}},"33":{"start":{"line":105,"column":4},"end":{"line":108,"column":8}},"34":{"start":{"line":105,"column":25},"end":{"line":108,"column":5}},"35":{"start":{"line":111,"column":30},"end":{"line":116,"column":3}},"36":{"start":{"line":112,"column":4},"end":{"line":115,"column":8}},"37":{"start":{"line":112,"column":25},"end":{"line":115,"column":5}},"38":{"start":{"line":118,"column":35},"end":{"line":129,"column":3}},"39":{"start":{"line":119,"column":4},"end":{"line":128,"column":5}},"40":{"start":{"line":120,"column":6},"end":{"line":127,"column":7}},"41":{"start":{"line":122,"column":8},"end":{"line":124,"column":16}},"42":{"start":{"line":123,"column":10},"end":{"line":123,"column":67}},"43":{"start":{"line":126,"column":8},"end":{"line":126,"column":65}},"44":{"start":{"line":131,"c
[...]
,"/Users/hemantmalhotra/Documents/VSC/Mindloop-Mobile/mindloop-mobile/src/utils/wcagComplianceUtils.ts": {"path":"/Users/hemantmalhotra/Documents/VSC/Mindloop-Mobile/mindloop-mobile/src/utils/wcagComplianceUtils.ts","statementMap":{"0":{"start":{"line":63,"column":26},"end":{"line":66,"column":5}},"1":{"start":{"line":68,"column":26},"end":{"line":68,"column":49}},"2":{"start":{"line":70,"column":4},"end":{"line":86,"column":5}},"3":{"start":{"line":71,"column":6},"end":{"line":75,"column":8}},"4":{"start":{"line":77,"column":6},"end":{"line":85,"column":8}},"5":{"start":{"line":96,"column":45},"end":{"line":96,"column":47}},"6":{"start":{"line":99,"column":4},"end":{"line":112,"column":5}},"7":{"start":{"line":100,"column":6},"end":{"line":105,"column":9}},"8":{"start":{"line":106,"column":11},"end":{"line":112,"column":5}},"9":{"start":{"line":107,"column":6},"end":{"line":111,"column":9}},"10":{"start":{"line":115,"column":4},"end":{"line":130,"column":5}},"11":{"start":{"line":116,"column":6},"end":{"line":129,"column":7}},"12":{"start":{"line":117,"column":8},"end":{"line":122,"column":11}},"13":{"start":{"line":124,"column":8},"end":{"line":128,"column":11}},"14":{"start":{"line":133,"column":4},"end":{"line":140,"column":5}},"15":{"start":{"line":134,"column":6},"end":{"line":139,"column":9}},"16":{"start":{"line":142,"column":4},"end":{"line":142,"column":19}},"17":{"start":{"line":152,"column":20},"end":{"line":152,"column":22}},"18":{"start":{"line":154,"column":4},"end":{"line":170,"column":5}},"19":{"start":{"line":155,"column":6},"end":{"line":159,"column":8}},"20":{"start":{"line":161,"column":6},"end":{"line":169,"column":8}},"21":{"start":{"line":181,"column":4},"end":{"line":191,"column":5}},"22":{"start":{"line":182,"column":6},"end":{"line":190,"column":8}},"23":{"start":{"line":193,"column":4},"end":{"line":197,"column":6}},"24":{"start":{"line":207,"column":4},"end":{"line":229,"column":5}},"25":{"start":{"line":208,"column":6},"end":{"line":212,"column":8}},"26":{"start":{"line":213,"column":11},"end":{"line":229,"column":5}},"27":{"start":{"line":214,"column":6},"end":{"line":222,"column":8}},"28":{"start":{"line":224,"column":6},"end":{"line":228,"column":8}},"29":{"start":{"line":236,"column":22},"end":{"line":239,"column":6}},"30":{"start":{"line":237,"column":6},"end":{"line":237,"column":17}},"31":{"start":{"line":238,"column":6},"end":{"line":238,"column":81}},"32":{"start":{"line":241,"column":4},"end":{"line":241,"column":48}},"33":{"start":{"line":251,"column":17},"end":{"line":251,"column":50}},"34":{"start":{"line":252,"column":17},"end":{"line":252,"column":50}},"35":{"start":{"line":254,"column":22},"end":{"line":254,"column":42}},"36":{"start":{"line":255,"column":20},"end":{"line":255,"column":40}},"37":{"start":{"line":257,"column":4},"end":{"line":257,"column":49}},"38":{"start":{"line":265,"column":4},"end":{"line":267,"column":5}},"39":{"start":{"line":266,"column":6},"end":{"line":266,"column":70}},"40":{"start":{"line":269,"column":19},"end":{"line":269,"column":72}},"41":{"start":{"line":271,"column":4},"end":{"line":274,"column":5}},"42":{"start":{"line":273,"column":6},"end":{"line":273,"column":34}},"43":{"start":{"line":276,"column":4},"end":{"line":280,"column":6}},"44":{"start":{"line":294,"column":45},"end":{"line":294,"column":47}},"45":{"start":{"line":297,"column":4},"end":{"line":297,"column":61}},"46":{"start":{"line":300,"column":4},"end":{"line":302,"column":5}},"47":{"start":{"line":301,"column":6},"end":{"line":301,"column":61}},"48":{"start":{"line":305,"column":4},"end":{"line":307,"column":5}},"49":{"start":{"line":306,"column":6},"end":{"line":306,"column":91}},"50":{"start":{"line":309,"column":4},"end":{"line":309,"column":19}},"51":{"start":{"line":316,"column":60},"end":{"line":429,"column":1}},"52":{"start":{"line":434,"column":25},"end":{"line":503,"column":1}},"53":{"start":{"line":439,"column":4},"end":{"line":439,"column":70}},"54":{"start":{"line":439,"column":50},"end":{"line":439,"column":68}},"55":{"start":{"line":446,"column":4},"end":{"line":446,"column":78}},"56":{"start":{"line":446,"column":52},"end":{"line":446,"column":76}},"57":{"start":{"line":453,"column":4},"end":{"line":453,"column":50}},"58":{"start":{"line":453,"column":35},"end":{"line":453,"column":48}},"59":{"start":{"line":460,"column":4},"end":{"line":460,"column":52}},"60":{"start":{"line":460,"column":36},"end":{"line":460,"column":50}},"61":{"start":{"line":467,"column":4},"end":{"line":467,"column":51}},"62":{"start":{"line":467,"column":36},"end":{"line":467,"column":49}},"63":{"start":{"line":474,"column":19},"end":{"line":474,"column":55}},"64":{"start":{"line":474,"column":39},"end":{"line":474,"column":47}},"65":{"start":{"line":475,"column":19},"end":{"line":475,"column":56}},"66":{"start":{"line":475,"column":39},"end":{"line":475,"column":48}},"67":{"start":{"line":476,"column":18},"end":{"line":476,"column":32}},"68":{"start":{"line":478,"column":17},"end":{"line":478,"column":43}},"69":{"start":{"line":479,"column":4},"end":{"line":479,"column":40}},"70":{"start":{"line":480,"column":4},"end":{"line":480,"column":41}},"71":{"start":{"line":481,"column":4},"end":{"line":481,"column":36}},"72":{"start":{"line":482,"column":4},"end":{"line":482,"column":36}},"73":{"start":{"line":483,"column":4},"end":{"line":483,"column":92}},"74":{"start":{"line":485,"column":4},"end":{"line":499,"column":5}},"75":{"start":{"line":486,"column":6},"end":{"line":486,"column":37}},"76":{"start":{"line":487,"column":6},"end":{"line":487,"column":37}},"77":{"start":{"line":488,"column":6},"end":{"line":498,"column":11}},"78":{"start":{"line":489,"column":21},"end":{"line":489,"column":30}},"79":{"start":{"line":491,"column":27},"end":{"line":491,"column":66}},"80":{"start":{"line":492,"column":10},"end":{"line":492,"column":84}},"81":{"start":{"line":493,"column":10},"end":{"line":493,"column":39}},"82":{"start":{"line":494,"column":10},"end":{"line":496,"column":11}},"83":{"start":{"line":495,"column":12},"end":{"line":495,"column":63}},"84":{"start":{"line":495,"column":39},"end":{"line":495,"column":61}},"85":{"start":{"line":497,"column":10},"end":{"line":497,"column":25}},"86":{"start":{"line":501,"column":4},"end":{"line":501,"column":18}}},"fnMap":{"0":{"name":"(anonymous_0)","decl":{"start":{"line":58,"column":2},"end":{"line":58,"column":3}},"loc":{"start":{"line":62,"column":27},"end":{"line":87,"column":3}},"line":62},"1":{"name":"(anonymous_1)","decl":{"start":{"line":92,"column":2},"end":{"line":92,"column":3}},"loc":{"start":{"line":95,"column":29},"end":{"line":143,"column":3}},"line":95},"2":{"name":"(anonymous_2)","decl":{"start":{"line":148,"column":2},"end":{"line":148,"column":3}},"loc":{"start":{"line":151,"column":27},"end":{"line":171,"column":3}},"line":151},"3":{"name":"(anonymous_3)","decl":{"start":{"line":176,"column":2},"end":{"line":176,"column":3}},"loc":{"start":{"line":180,"column":27},"end":{"line":198,"column":3}},"line":180},"4":{"name":"(anonymous_4)","decl":{"start":{"line":203,"column":2},"end":{"line":203,"column":3}},"loc":{"start":{"line":206,"column":27},"end":{"line":230,"column":3}},"line":206},"5":{"name":"(anonymous_5)","decl":{"start":{"line":235,"column":2},"end":{"line":235,"column":3}},"loc":{"start":{"line":235,"column":88},"end":{"line":242,"column":3}},"line":235},"6":{"name":"(anonymous_6)","decl":{"start":{"line":236,"column":48},"end":{"line":236,"column":49}},"loc":{"start":{"line":236,"column":55},"end":{"line":239,"column":5}},"line":236},"7":{"name":"(anonymous_7)","decl":{"start":{"line":247,"column":2},"end":{"line":247,"column":3}},"loc":{"start":{"line":250,"column":12},"end":{"line":258,"column":3}},"line":250},"8":{"name":"(anonymous_8)","decl":{"start":{"line":263,"column":2},"end":{"line":263,"column":3}},"loc":{"start":{"line":263,"column":76},"end":{"line":281,"column":3}},"line":263},"9":{"name":"(anonymous_9)","decl":{"start":{"line":286,"column":2},"end":{"line":286,"column":3}},"loc":{"start":{"line":293,"column":29},"end":{"line":310,"column":3}},"line":293},"10":{"name":"(anonymous_10)","decl":{"start":{"line":438,"column":19},"end":{"line":438,"column":20}},"loc":{"start":{"line":438,"column":68},"end":{"line":440,"column":3}},"line":438},"11":{"name":"(anonymous_11)","decl":{"start":{"line":439,"column":38},"end":{"line":439,"column":39}},"loc":{"start":{"line":439,"column":50},"end":{"line":439,"column":68}},"line":439},"12":{"name":"(anonymous_12)","decl":{"start":{"line":445,"column":22},"end":{"line":445,"column":23}},"loc":{"start":{"line":445,"column":67},"end":{"line":447,"column":3}},"line":445},"13":{"name":"(anonymous_13)","decl":{"start":{"line":446,"column":40},"end":{"line":446,"column":41}},"loc":{"start":{"line":446,"column":52},"end":{"line":446,"column":76}},"line":446},"14":{"name":"(anonymous_14)","decl":{"start":{"line":452,"column":13},"end":{"line":452,"column":14}},"loc":{"start":{"line":452,"column":60},"end":{"line":454,"column":3}},"line":452},"15":{"name":"(anonymous_15)","decl":{"start":{"line":453,"column":25},"end":{"line":453,"column":26}},"loc":{"start":{"line":453,"column":35},"end":{"line":453,"column":48}},"line":453},"16":{"name":"(anonymous_16)","decl":{"start":{"line":459,"column":20},"end":{"line":459,"column":21}},"loc":{"start":{"line":459,"column":83},"end":{"line":461,"column":3}},"line":459},"17":{"name":"(anonymous_17)","decl":{"start":{"line":460,"column":26},"end":{"line":460,"column":27}},"loc":{"start":{"line":460,"column":36},"end":{"line":460,"column":50}},"line":460},"18":{"name":"(anonymous_18)","decl":{"start":{"line":466,"column":20},"end":{"line":466,"column":21}},"loc":{"start":{"line":466,"column":83},"end":{"line":468,"column":3}},"line":466},"19":{"name":"(anonymous_19)","decl":{"start":{"line":467,"column":26},"end":{"line":467,"column":27}},"loc":{"start":{"line":467,"column":36},"end":{"line":467,"column":49}},"line":467},"20":{"name":"(anonymous_20)","decl":{"start":{"line":473,"column":18},"end":{"line":473,"column":19}},"loc":{"start":{"line":473,"column":64},"end":{"line":502,"column":3}},"line":473},"21":{"name":"(anonymous_21)","decl":{"start":{"line":474,"column":34},"end":{"line":474,"column":35}},"loc":{"start":{"line":474,"column":39},"end":{"line":474,"column":47}},"line":474},"22":{"name":"(anonymous_22)","decl":{"start":{"line":475,"column":34},"end":{"line":475,"column":35}},"loc":{"start":{"line":475,"column":39},"end":{"line":475,"column":48}},"line":475},"23":{"name":"(anonymous_23)","decl":{"start":{"line":489,"column":16},"end":{"line":489,"column":17}},"loc":{"start":{"line":489,"column":21},"end":{"line":489,"column":30}},"line":489},"24":{"name":"(anonymous_24)","decl":{"start":{"line":490,"column":17},"end":{"line":490,"column":18}},"loc":{"start":{"line":490,"column":22},"end":{"line":498,"column":9}},"line":490},"25":{"name":"(anonymous_25)","decl":{"start":{"line":495,"column":34},"end":{"line":495,"column":35}},"loc":{"start":{"line":495,"column":39},"end":{"line":495,"column":61}},"line":495}},"branchMap":{"0":{"loc":{"start":{"line":61,"column":4},"end":{"line":61,"column":32}},"type":"default-arg","locations":[{"start":{"line":61,"column":27},"end":{"line":61,"column":32}}],"line":61},"1":{"loc":{"start":{"line":68,"column":26},"end":{"line":68,"column":49}},"type":"cond-expr","locations":[{"start":{"line":68,"column":40},"end":{"line":68,"column":43}},{"start":{"line":68,"column":46},"end":{"line":68,"column":49}}],"line":68},"2":{"loc":{"start":{"line":70,"column":4},"end":{"line":86,"column":5}},"type":"if","locations":[{"start":{"line":70,"column":4},"end":{"line":86,"column":5}},{"start":{"line":76,"column":11},"end":{"line":86,"column":5}}],"line":70},"3":{"loc":{"start":{"line":94,"column":4},"end":{"line":94,"column":37}},"type":"default-arg","locations":[{"start":{"line":94,"column":28},"end":{"line":94,"column":37}}],"line":94},"4":{"loc":{"start":{"line":99,"column":4},"end":{"line":112,"column":5}},"type":"if","locations":[{"start":{"line":99,"column":4},"end":{"line":112,"column":5}},{"start":{"line":106,"column":11},"end":{"line":112,"column":5}}],"line":99},"5":{"loc":{"start":{"line":99,"column":8},"end":{"line":99,"column":63}},"type":"binary-expr","locations":[{"start":{"line":99,"column":8},"end":{"line":99,"column":34}},{"start":{"line":99,"column":38},"end":{"line":99,"column":63}}],"line":99},"6":{"loc":{"start":{"line":106,"column":11},"end":{"line":112,"column":5}},"type":"if","locations":[{"start":{"line":106,"column":11},"end":{"line":112,"column":5}},{"start":{},"end":{}}],"line":106},"7":{"loc":{"start":{"line":115,"column":4},"end":{"line":130,"column":5}},"type":"if","locations":[{"start":{"line":115,"column":4},"end":{"line":130,"column":5}},{"start":{},"end":{}}],"line":115},"8":{"loc":{"start":{"line":116,"column":6},"end":{"line":129,"column":7}},"type":"if","locations":[{"start":{"line":116,"column":6},"end":{"line":129,"column":7}},{"start":{"line":123,"column":13},"end":{"line":129,"column":7}}],"line":116},"9":{"loc":{"start":{"line":133,"column":4},"end":{"line":140,"column":5}},"type":"if","locations":[{"start":{"line":133,"column":4},"end":{"line":140,"column":5}},{"start":{},"end":{}}],"line":133},"10":{"loc":{"start":{"line":133,"column":8},"end":{"line":133,"column":44}},"type":"binary-expr","locations":[{"start":{"line":133,"column":8},"end":{"line":133,"column":23}},{"start":{"line":133,"column":27},"end":{"line":133,"column":44}}],"line":133},"11":{"loc":{"start":{"line":154,"column":4},"end":{"line":170,"column":5}},"type":"if","locations":[{"start":{"line":154,"column":4},"end":{"line":170,"column":5}},{"start":{"line":160,"column":11},"end":{"line":170,"column":5}}],"line":154},"12":{"loc":{"start":{"line":154,"column":8},"end":{"line":154,"column":45}},"type":"binary-expr","locations":[{"start":{"line":154,"column":8},"end":{"line":154,"column":24}},{"start":{"line":154,"column":28},"end":{"line":154,"column":45}}],"line":154},"13":{"loc":{"start":{"line":181,"column":4},"end":{"line":191,"column":5}},"type":"if","locations":[{"start":{"line":181,"column":4},"end":{"line":191,"column":5}},{"start":{},"end":{}}],"line":181},"14":{"loc":{"start":{"line":181,"column":8},"end":{"line":181,"column":30}},"type":"binary-expr","locations":[{"start":{"line":181,"column":8},"end":{"line":181,"column":14}},{"start":{"line":181,"column":18},"end":{"line":181,"column":30}}],"line":181},"15":{"loc":{"start":{"line":207,"column":4},"end":{"line":229,"column":5}},"type":"if","locations":[{"start":{"line":207,"column":4},"end":{"line":229,"column":5}},{"start":{"line":213,"column":11},"end":{"line":229,"column":5}}],"line":207},"16":{"loc":{"start":{"line":207,"column":8},"end":{"line":207,"column":36}},"type":"binary-expr","locations":[{"start":{"line":207,"column":8},"end":{"line":207,"column":20}},{"start":{"line":207,"column":24},"end":{"line":207,"column":36}}],"line":207},"17":{"loc":{"start":{"line":213,"column":11},"end":{"line":229,"column":5}},"type":"if","locations":[{"start":{"line":213,"column":11},"end":{"line":229,"column":5}},{"start":{"line":223,"column":11},"end":{"line":229,"column":5}}],"line":213},"18":{"loc":{"start":{"line":213,"column":15},"end":{"line":213,"column":44}},"type":"binary-expr","locations":[{"start":{"line":213,"column":15},"end":{"line":213,"column":27}},{"start":{"line":213,"column":31},"end":{"line":213,"column":44}}],"line":213},"19":{"loc":{"start":{"line":238,"column":13},"end":{"line":238,"column":80}},"type":"cond-expr","locations":[{"start":{"line":238,"column":30},"end":{"line":238,"column":41}},{"start":{"line":238,"column":44},"end":{"line":238,"column":80}}],"line":238},"20":{"loc":{"start":{"line":265,"column":4},"end":{"line":267,"column":5}},"type":"if","locations":[{"start":{"line":265,"column":4},"end":{"line":267,"column":5}},{"start":{},"end":{}}],"line":265},"21":{"loc":{"start":{"line":271,"column":4},"end":{"line":274,"column":5}},"type":"if","locations":[{"start":{"line":271,"column":4},"end":{"line":274,"column":5}},{"start":{},"end":{}}],"line":271},"22":{"loc":{"start":{"line":292,"column":4},"end":{"line":292,"column":32}},"type":"default-arg","locations":[{"start":{"line":292,"column":27},"end":{"line":292,"column":32}}],"line":292},"23":{"loc":{"start":{"line":300,"column":4},"end":{"line":302,"column":5}},"type":"if","locations":[{"start":{"line":300,"column":4},"end":{"line":302,"column":5}},{"start":{},"end":{}}],"line":300},"24":{"loc":{"start":{"line":300,"column":8},"end":{"line":300,"column":51}},"type":"binary-expr","locations":[{"start":{"line":300,"column":8},"end":{"line":300,"column":27}},{"start":{"line":300,"column":31},"end":{"line":300,"column":51}}],"line":300},"25":{"loc":{"start":{"line":305,"column":4},"end":{"line":307,"column":5}},"type":"if","locations":[{"start":{"line":305,"column":4},"end":{"line":307,"column":5}},{"start":{},"end":{}}],"line":305},"26":{"loc":{"start":{"line":305,"column":8},"end":{"line":305,"column":42}},"type":"binary-expr","locations":[{"start":{"line":305,"column":8},"end":{"line":305,"column":23}},{"start":{"line":305,"column":27},"end":{"line":305,"column":42}}],"line":305},"27":{"loc":{"start":{"line":483,"column":29},"end":{"line":483,"column":84}},"type":"cond-expr","locations":[{"start":{"line":483,"column":41},"end":{"line":483,"column":76}},{"start":{"line":483,"column":79},"end":{"line":483,"column":84}}],"line":483},"28":{"loc":{"start":{"line":485,"column":4},"end":{"line":499,"column":5}},"type":"if","locations":[{"start":{"line":485,"column":4},"end":{"line":499,"column":5}},{"start":{},"end":{}}],"line":485},"29":{"loc":{"start":{"line":492,"column":42},"end":{"line":492,"column":79}},"type":"binary-expr","locations":[{"start":{"line":492,"column":42},"end":{"line":492,"column":57}},{"start":{"line":492,"column":61},"end":{"line":492,"column":79}}],"line":492},"30":{"loc":{"start":{"line":494,"column":10},"end":{"line":496,"column":11}},"type":"if","locations":[{"start":{"line":494,"column":10},"end":{"line":496,"column":11}},{"start":{},"end":{}}],"line":494}},"s":{"0":5,"1":5,"2":5,"3":4,"4":1,"5":6,"6":6,"7":2,"8":4,"9":4,"10":6,"11":6,"12":2,"13":4,"14":6,"15":1,"16":6,"17":4,"18":4,"19":2,"20":2,"21":3,"22":1,"23":2,"24":3,"25":1,"26":2,"27":1,"28":1,"29":10,"30":30,"31":30,"32":10,"33":5,"34":5,"35":5,"36":5,"37":5,"38":10,"39":2,"40":10,"41":10,"42":0,"43":10,"44":1,"45":1,"46":1,"47":1,"48":1,"49":1,"50":1,"51":1,"52":1,"53":3,"54":26,"55":2,"56":32,"57":2,"58":4,"59":1,"60":4,"61":1,"62":4,"63":3,"64":4,"65":3,"66":4,"67":3,"68":3,"69":3,"70":3,"71":3,"72":3,"73":3,"74":3,"75":1,"76":1,"77":1,"78":2,"79":1,"80":1,"81":1,"82":1,"83":1,"84":1,"85":1,"86":3},"f":{"0":5,"1":6,"2":4,"3":3,"4":3,"5":10,"6":30,"7":5,"8":10,"9":1,"10":3,"11":26,"12":2,"13":32,"14":2,"15":4,"16":1,"17":4,"18":1,"19":4,"20":3,"21":4,"22":4,"23":2,"24":1,"25":1},"b":{"0":[3],"1":[1,4],"2":[4,1],"3":[1],"4":[2,4],"5":[6,6],"6":[4,0],"7":[6,0],"8":[2,4],"9":[1,5],"10":[6,2],"11":[2,2],"12":[4,3],"13":[1,2],"14":[3,2],"15":[1,2],"16":[3,2],"17":[1,1],"18":[2,1],"19":[9,21],"20":[2,8],"21":[0,10],"22":[1],"23":[1,0],"24":[1,1],"25":[1,0],"26":[1,1],"27":[2,1],"28":[1,2],"29":[1,0],"30":[1,0]},"_coverageSchema":"1a1c01bbd47fc00a2c39e90264f33305004495a9","hash":"d4a5fb2984f99fe101931e914058eb25d582d292"}
}
