TN:
SF:src/animations/breathingAnimation.ts
FN:14,(anonymous_0)
FN:18,(anonymous_1)
FN:19,(anonymous_2)
FN:20,(anonymous_3)
FNF:4
FNH:1
FNDA:4,(anonymous_0)
FNDA:0,(anonymous_1)
FNDA:0,(anonymous_2)
FNDA:0,(anonymous_3)
DA:14,1
DA:15,4
DA:18,0
LF:3
LH:2
BRF:0
BRH:0
end_of_record
TN:
SF:src/components/audio/AudioControls.tsx
FN:17,(anonymous_0)
FN:32,(anonymous_1)
FN:33,(anonymous_2)
FN:34,(anonymous_3)
FN:42,(anonymous_4)
FN:54,(anonymous_5)
FN:62,(anonymous_6)
FN:74,(anonymous_7)
FN:86,(anonymous_8)
FN:98,(anonymous_9)
FNF:10
FNH:5
FNDA:10,(anonymous_0)
FNDA:0,(anonymous_1)
FNDA:0,(anonymous_2)
FNDA:0,(anonymous_3)
FNDA:0,(anonymous_4)
FNDA:1,(anonymous_5)
FNDA:2,(anonymous_6)
FNDA:1,(anonymous_7)
FNDA:1,(anonymous_8)
FNDA:0,(anonymous_9)
DA:17,1
DA:26,10
DA:29,10
DA:32,0
DA:33,0
DA:37,0
DA:38,0
DA:39,0
DA:45,0
DA:46,0
DA:47,0
DA:54,10
DA:55,1
DA:56,1
DA:62,10
DA:63,2
DA:64,2
DA:65,1
DA:68,0
DA:74,10
DA:75,1
DA:76,1
DA:77,1
DA:80,0
DA:86,10
DA:87,1
DA:88,1
DA:89,1
DA:92,0
DA:98,10
DA:99,0
DA:101,0
DA:102,0
DA:104,0
DA:108,10
DA:155,1
LF:36
LH:21
BRDA:24,0,0,0
BRDA:30,1,0,0
BRDA:30,1,1,10
BRDA:37,2,0,0
BRDA:37,2,1,0
BRDA:45,3,0,0
BRDA:45,3,1,0
BRDA:64,4,0,1
BRDA:64,4,1,1
BRDA:76,5,0,1
BRDA:76,5,1,0
BRDA:88,6,0,1
BRDA:88,6,1,0
BRDA:114,7,0,10
BRDA:114,7,1,8
BRDA:115,8,0,10
BRDA:115,8,1,8
BRDA:115,8,2,4
BRDA:123,9,0,10
BRDA:123,9,1,8
BRDA:124,10,0,10
BRDA:124,10,1,8
BRDA:124,10,2,8
BRDA:133,11,0,10
BRDA:133,11,1,2
BRDA:145,12,0,0
BRDA:145,12,1,10
BRF:27
BRH:18
end_of_record
TN:
SF:src/components/audio/AudioPlayer.tsx
FN:18,(anonymous_0)
FN:28,(anonymous_1)
FN:34,(anonymous_2)
FN:40,(anonymous_3)
FN:44,(anonymous_4)
FNF:5
FNH:5
FNDA:9,(anonymous_0)
FNDA:1,(anonymous_1)
FNDA:1,(anonymous_2)
FNDA:1,(anonymous_3)
FNDA:18,(anonymous_4)
DA:18,1
DA:28,9
DA:29,1
DA:30,1
DA:34,9
DA:35,1
DA:36,1
DA:40,9
DA:41,1
DA:44,9
DA:45,18
DA:46,18
DA:47,18
DA:50,9
DA:52,9
DA:97,1
LF:16
LH:16
BRDA:26,0,0,0
BRDA:29,1,0,1
BRDA:29,1,1,0
BRDA:35,2,0,1
BRDA:35,2,1,0
BRDA:50,3,0,9
BRDA:50,3,1,0
BRDA:75,4,0,1
BRDA:75,4,1,8
BRDA:78,5,0,1
BRDA:78,5,1,8
BRF:11
BRH:7
end_of_record
TN:
SF:src/components/audio/SoundSelector.tsx
FN:11,(anonymous_0)
FN:15,(anonymous_1)
FN:20,(anonymous_2)
FN:22,(anonymous_3)
FN:28,(anonymous_4)
FN:36,(anonymous_5)
FN:43,(anonymous_6)
FN:65,(anonymous_7)
FNF:8
FNH:3
FNDA:8,(anonymous_0)
FNDA:36,(anonymous_1)
FNDA:0,(anonymous_2)
FNDA:0,(anonymous_3)
FNDA:0,(anonymous_4)
FNDA:31,(anonymous_5)
FNDA:0,(anonymous_6)
FNDA:0,(anonymous_7)
DA:11,1
DA:12,8
DA:15,36
DA:18,8
DA:20,0
DA:22,8
DA:23,0
DA:25,0
DA:28,0
DA:36,8
DA:37,31
DA:39,31
DA:43,0
DA:52,8
DA:65,0
DA:76,1
LF:16
LH:10
BRDA:18,0,0,8
BRDA:18,0,1,0
BRDA:27,1,0,0
BRDA:27,1,1,0
BRDA:42,2,0,31
BRDA:42,2,1,8
BRDA:45,3,0,31
BRDA:45,3,1,8
BRF:8
BRH:5
end_of_record
TN:
SF:src/components/auth/LoginScreen.tsx
FN:3,(anonymous_0)
FNF:1
FNH:0
FNDA:0,(anonymous_0)
DA:3,2
DA:4,0
LF:2
LH:1
BRF:0
BRH:0
end_of_record
TN:
SF:src/components/auth/RegisterScreen.tsx
FN:3,(anonymous_0)
FNF:1
FNH:0
FNDA:0,(anonymous_0)
DA:3,2
DA:4,0
LF:2
LH:1
BRF:0
BRH:0
end_of_record
TN:
SF:src/components/breathing/BreathingCircle.tsx
FN:3,(anonymous_0)
FNF:1
FNH:1
FNDA:2,(anonymous_0)
DA:3,1
DA:4,2
LF:2
LH:2
BRF:0
BRH:0
end_of_record
TN:
SF:src/components/breathing/BreathingScreen.tsx
FN:7,(anonymous_0)
FNF:1
FNH:1
FNDA:5,(anonymous_0)
DA:7,1
DA:8,5
LF:2
LH:2
BRF:0
BRH:0
end_of_record
TN:
SF:src/components/mood/MoodButton.tsx
FN:11,(anonymous_0)
FN:12,(anonymous_1)
FNF:2
FNH:2
FNDA:17,(anonymous_0)
FNDA:1,(anonymous_1)
DA:11,3
DA:12,17
DA:13,1
DA:16,17
DA:34,3
LF:5
LH:5
BRDA:20,0,0,17
BRDA:20,0,1,1
BRDA:21,1,0,17
BRDA:21,1,1,9
BRDA:22,2,0,17
BRDA:22,2,1,4
BRDA:23,3,0,17
BRDA:23,3,1,4
BRF:8
BRH:8
end_of_record
TN:
SF:src/components/mood/MoodSelector.tsx
FN:12,(anonymous_0)
FN:19,(anonymous_1)
FN:29,(anonymous_2)
FNF:3
FNH:3
FNDA:7,(anonymous_0)
FNDA:1,(anonymous_1)
FNDA:28,(anonymous_2)
DA:12,2
DA:17,7
DA:19,7
DA:20,1
DA:23,7
DA:30,28
DA:46,2
LF:7
LH:7
BRF:0
BRH:0
end_of_record
TN:
SF:src/components/navigation/BottomSheet.tsx
FN:8,(anonymous_0)
FNF:1
FNH:0
FNDA:0,(anonymous_0)
DA:8,1
DA:12,0
DA:13,0
DA:16,0
LF:4
LH:1
BRDA:9,0,0,0
BRDA:12,1,0,0
BRDA:12,1,1,0
BRF:3
BRH:0
end_of_record
TN:
SF:src/components/navigation/BottomSheetItem.tsx
FN:11,(anonymous_0)
FNF:1
FNH:0
FNDA:0,(anonymous_0)
DA:11,1
DA:18,0
LF:2
LH:1
BRF:0
BRH:0
end_of_record
TN:
SF:src/components/onboarding/OnboardingFlow.tsx
FN:5,(anonymous_0)
FNF:1
FNH:0
FNDA:0,(anonymous_0)
DA:5,2
DA:14,0
DA:16,0
DA:17,0
DA:21,0
DA:27,0
DA:29,0
DA:30,0
DA:33,0
LF:9
LH:1
BRDA:16,0,0,0
BRDA:16,0,1,0
BRDA:29,1,0,0
BRDA:29,1,1,0
BRF:4
BRH:0
end_of_record
TN:
SF:src/components/onboarding/OnboardingProgress.tsx
FN:9,(anonymous_0)
FNF:1
FNH:0
FNDA:0,(anonymous_0)
DA:9,1
DA:13,0
DA:15,0
LF:3
LH:1
BRF:0
BRH:0
end_of_record
TN:
SF:src/components/onboarding/OnboardingScreen.tsx
FN:14,(anonymous_0)
FNF:1
FNH:0
FNDA:0,(anonymous_0)
DA:14,3
DA:23,0
LF:2
LH:1
BRF:0
BRH:0
end_of_record
TN:
SF:src/components/onboarding/OnboardingStep.tsx
FN:12,(anonymous_0)
FNF:1
FNH:0
FNDA:0,(anonymous_0)
DA:12,1
DA:19,0
LF:2
LH:1
BRF:0
BRH:0
end_of_record
TN:
SF:src/components/progress/AchievementBadge.tsx
FN:10,(anonymous_0)
FNF:1
FNH:1
FNDA:4,(anonymous_0)
DA:10,2
DA:11,4
LF:2
LH:2
BRDA:15,0,0,2
BRDA:15,0,1,2
BRF:2
BRH:2
end_of_record
TN:
SF:src/components/progress/ProgressChart.tsx
FN:8,(anonymous_0)
FNF:1
FNH:1
FNDA:4,(anonymous_0)
DA:8,2
DA:9,4
LF:2
LH:2
BRF:0
BRH:0
end_of_record
TN:
SF:src/components/progress/ProgressIndicator.tsx
FN:9,(anonymous_0)
FNF:1
FNH:1
FNDA:4,(anonymous_0)
DA:9,2
DA:10,4
LF:2
LH:2
BRF:0
BRH:0
end_of_record
TN:
SF:src/components/progress/ProgressScreen.tsx
FN:12,(anonymous_0)
FN:27,(anonymous_1)
FN:35,(anonymous_2)
FNF:3
FNH:0
FNDA:0,(anonymous_0)
FNDA:0,(anonymous_1)
FNDA:0,(anonymous_2)
DA:12,1
DA:13,0
DA:15,0
DA:27,0
DA:35,0
LF:5
LH:1
BRF:0
BRH:0
end_of_record
TN:
SF:src/components/progress/StreakCounter.tsx
FN:8,(anonymous_0)
FNF:1
FNH:1
FNDA:4,(anonymous_0)
DA:8,2
DA:9,4
LF:2
LH:2
BRF:0
BRH:0
end_of_record
TN:
SF:src/components/session/SessionControls.tsx
FN:10,(anonymous_0)
FNF:1
FNH:1
FNDA:3,(anonymous_0)
DA:10,3
DA:15,3
LF:2
LH:2
BRF:0
BRH:0
end_of_record
TN:
SF:src/components/session/SessionScreen.tsx
FN:11,(anonymous_0)
FN:25,(anonymous_1)
FN:33,(anonymous_2)
FN:44,(anonymous_3)
FN:51,(anonymous_4)
FN:58,(anonymous_5)
FN:65,(anonymous_6)
FN:83,(anonymous_7)
FN:90,(anonymous_8)
FN:98,(anonymous_9)
FN:114,(anonymous_10)
FN:120,(anonymous_11)
FN:131,(anonymous_12)
FNF:13
FNH:0
FNDA:0,(anonymous_0)
FNDA:0,(anonymous_1)
FNDA:0,(anonymous_2)
FNDA:0,(anonymous_3)
FNDA:0,(anonymous_4)
FNDA:0,(anonymous_5)
FNDA:0,(anonymous_6)
FNDA:0,(anonymous_7)
FNDA:0,(anonymous_8)
FNDA:0,(anonymous_9)
FNDA:0,(anonymous_10)
FNDA:0,(anonymous_11)
FNDA:0,(anonymous_12)
DA:11,1
DA:20,0
DA:22,0
DA:23,0
DA:25,0
DA:26,0
DA:27,0
DA:28,0
DA:30,0
DA:33,0
DA:34,0
DA:35,0
DA:36,0
DA:37,0
DA:39,0
DA:40,0
DA:41,0
DA:44,0
DA:45,0
DA:51,0
DA:58,0
DA:65,0
DA:83,0
DA:90,0
DA:98,0
DA:99,0
DA:114,0
DA:115,0
DA:122,0
DA:123,0
DA:131,0
DA:132,0
DA:133,0
DA:136,0
DA:137,0
DA:141,0
DA:142,0
DA:145,0
DA:148,0
DA:165,1
LF:40
LH:2
BRDA:26,0,0,0
BRDA:26,0,1,0
BRDA:26,1,0,0
BRDA:26,1,1,0
BRDA:35,2,0,0
BRDA:35,2,1,0
BRDA:35,3,0,0
BRDA:35,3,1,0
BRDA:35,3,2,0
BRDA:71,4,0,0
BRDA:71,4,1,0
BRDA:106,5,0,0
BRDA:106,5,1,0
BRDA:122,6,0,0
BRDA:122,6,1,0
BRDA:132,7,0,0
BRDA:132,7,1,0
BRDA:132,8,0,0
BRDA:132,8,1,0
BRDA:132,8,2,0
BRDA:136,9,0,0
BRDA:136,9,1,0
BRDA:136,10,0,0
BRDA:136,10,1,0
BRDA:141,11,0,0
BRDA:141,11,1,0
BRDA:141,12,0,0
BRDA:141,12,1,0
BRDA:141,12,2,0
BRF:29
BRH:0
end_of_record
TN:
SF:src/components/session/TimerDisplay.tsx
FN:8,(anonymous_0)
FN:9,(anonymous_1)
FNF:2
FNH:2
FNDA:6,(anonymous_0)
FNDA:6,(anonymous_1)
DA:8,3
DA:9,6
DA:10,6
DA:11,6
DA:12,6
DA:15,6
LF:6
LH:6
BRF:0
BRH:0
end_of_record
TN:
SF:src/components/subscription/Paywall.tsx
FN:18,(anonymous_0)
FN:40,(anonymous_1)
FN:44,(anonymous_2)
FN:83,(anonymous_3)
FN:87,(anonymous_4)
FN:116,(anonymous_5)
FN:156,(anonymous_6)
FN:170,(anonymous_7)
FN:183,(anonymous_8)
FNF:9
FNH:8
FNDA:15,(anonymous_0)
FNDA:8,(anonymous_1)
FNDA:8,(anonymous_2)
FNDA:1,(anonymous_3)
FNDA:8,(anonymous_4)
FNDA:0,(anonymous_5)
FNDA:8,(anonymous_6)
FNDA:15,(anonymous_7)
FNDA:1,(anonymous_8)
DA:18,1
DA:27,15
DA:28,15
DA:29,15
DA:30,15
DA:31,15
DA:37,15
DA:38,15
DA:40,15
DA:41,8
DA:44,15
DA:45,8
DA:46,8
DA:47,8
DA:50,8
DA:51,6
DA:54,6
DA:55,6
DA:58,6
DA:60,3
DA:70,3
DA:74,3
DA:77,1
DA:79,7
DA:83,15
DA:84,1
DA:87,15
DA:88,8
DA:89,6
DA:92,15
DA:93,8
DA:102,7
DA:103,1
DA:115,6
DA:116,0
DA:157,8
DA:171,15
DA:183,1
DA:204,1
LF:39
LH:38
BRDA:37,0,0,15
BRDA:37,0,1,15
BRDA:38,1,0,15
BRDA:38,1,1,15
BRDA:58,2,0,3
BRDA:58,2,1,3
BRDA:88,3,0,2
BRDA:88,3,1,6
BRDA:92,4,0,8
BRDA:92,4,1,7
BRDA:102,5,0,1
BRDA:102,5,1,6
BRDA:128,6,0,6
BRDA:128,6,1,3
BRDA:138,7,0,6
BRDA:138,7,1,1
BRDA:147,8,0,6
BRDA:147,8,1,5
BRDA:147,8,2,1
BRDA:147,8,3,1
BRDA:155,9,0,5
BRDA:155,9,1,1
BRDA:155,10,0,6
BRDA:155,10,1,5
BRDA:162,11,0,8
BRDA:162,11,1,6
BRDA:181,12,0,8
BRDA:181,12,1,3
BRDA:187,13,0,3
BRDA:187,13,1,5
BRF:30
BRH:30
end_of_record
TN:
SF:src/components/subscription/PaywallErrorBoundary.tsx
FN:16,(anonymous_0)
FN:21,(anonymous_1)
FN:25,(anonymous_2)
FN:29,(anonymous_3)
FN:36,(anonymous_4)
FNF:5
FNH:2
FNDA:6,(anonymous_0)
FNDA:0,(anonymous_1)
FNDA:0,(anonymous_2)
FNDA:0,(anonymous_3)
FNDA:6,(anonymous_4)
DA:17,6
DA:18,6
DA:22,0
DA:26,0
DA:29,6
DA:30,0
DA:31,0
DA:32,0
DA:37,6
DA:39,0
DA:40,0
DA:44,0
DA:57,6
DA:61,1
LF:14
LH:6
BRDA:31,0,0,0
BRDA:31,0,1,0
BRDA:37,1,0,0
BRDA:37,1,1,6
BRDA:39,2,0,0
BRDA:39,2,1,0
BRDA:48,3,0,0
BRDA:48,3,1,0
BRF:8
BRH:1
end_of_record
TN:
SF:src/components/subscription/SubscriptionManagement.tsx
FN:12,(anonymous_0)
FN:24,(anonymous_1)
FN:28,(anonymous_2)
FN:47,(anonymous_3)
FN:52,(anonymous_4)
FN:60,(anonymous_5)
FN:64,(anonymous_6)
FN:76,(anonymous_7)
FN:90,(anonymous_8)
FN:180,(anonymous_9)
FN:191,(anonymous_10)
FN:231,(anonymous_11)
FNF:12
FNH:11
FNDA:23,(anonymous_0)
FNDA:11,(anonymous_1)
FNDA:13,(anonymous_2)
FNDA:10,(anonymous_3)
FNDA:11,(anonymous_4)
FNDA:1,(anonymous_5)
FNDA:1,(anonymous_6)
FNDA:1,(anonymous_7)
FNDA:1,(anonymous_8)
FNDA:7,(anonymous_9)
FNDA:1,(anonymous_10)
FNDA:0,(anonymous_11)
DA:12,1
DA:17,23
DA:18,23
DA:19,23
DA:20,23
DA:22,23
DA:24,23
DA:25,11
DA:28,23
DA:29,13
DA:30,13
DA:31,13
DA:33,13
DA:38,11
DA:39,11
DA:41,1
DA:43,12
DA:47,23
DA:48,10
DA:49,10
DA:52,23
DA:53,11
DA:60,23
DA:61,1
DA:64,1
DA:65,1
DA:68,1
DA:77,1
DA:78,1
DA:79,1
DA:80,1
DA:82,0
DA:90,23
DA:91,1
DA:93,1
DA:94,1
DA:95,1
DA:96,1
DA:98,0
DA:102,23
DA:103,11
DA:112,12
DA:113,1
DA:125,11
DA:181,7
DA:191,1
DA:231,0
DA:243,1
LF:48
LH:45
BRDA:22,0,0,23
BRDA:22,0,1,23
BRDA:48,1,0,0
BRDA:48,1,1,10
BRDA:49,2,0,10
BRDA:49,2,1,0
BRDA:61,3,0,0
BRDA:61,3,1,1
BRDA:78,4,0,1
BRDA:78,4,1,0
BRDA:91,5,0,0
BRDA:91,5,1,1
BRDA:94,6,0,1
BRDA:94,6,1,0
BRDA:102,7,0,11
BRDA:102,7,1,12
BRDA:112,8,0,1
BRDA:112,8,1,11
BRDA:137,9,0,10
BRDA:137,9,1,1
BRDA:149,10,0,10
BRDA:149,10,1,7
BRDA:150,11,0,10
BRDA:150,11,1,3
BRDA:152,12,0,7
BRDA:152,12,1,3
BRDA:165,13,0,10
BRDA:165,13,1,1
BRDA:196,14,0,3
BRDA:196,14,1,7
BRF:30
BRH:24
end_of_record
TN:
SF:src/config/firebase.ts
FN:23,(anonymous_0)
FN:24,(anonymous_1)
FN:25,(anonymous_2)
FN:26,(anonymous_3)
FN:27,(anonymous_4)
FN:31,(anonymous_5)
FN:31,(anonymous_6)
FN:31,(anonymous_7)
FN:31,(anonymous_8)
FN:31,(anonymous_9)
FN:31,(anonymous_10)
FN:31,(anonymous_11)
FN:32,(anonymous_12)
FN:32,(anonymous_13)
FN:32,(anonymous_14)
FN:32,(anonymous_15)
FN:32,(anonymous_16)
FN:32,(anonymous_17)
FN:33,(anonymous_18)
FN:34,(anonymous_19)
FN:35,(anonymous_20)
FN:35,(anonymous_21)
FN:39,(anonymous_22)
FN:43,(anonymous_23)
FNF:24
FNH:0
FNDA:0,(anonymous_0)
FNDA:0,(anonymous_1)
FNDA:0,(anonymous_2)
FNDA:0,(anonymous_3)
FNDA:0,(anonymous_4)
FNDA:0,(anonymous_5)
FNDA:0,(anonymous_6)
FNDA:0,(anonymous_7)
FNDA:0,(anonymous_8)
FNDA:0,(anonymous_9)
FNDA:0,(anonymous_10)
FNDA:0,(anonymous_11)
FNDA:0,(anonymous_12)
FNDA:0,(anonymous_13)
FNDA:0,(anonymous_14)
FNDA:0,(anonymous_15)
FNDA:0,(anonymous_16)
FNDA:0,(anonymous_17)
FNDA:0,(anonymous_18)
FNDA:0,(anonymous_19)
FNDA:0,(anonymous_20)
FNDA:0,(anonymous_21)
FNDA:0,(anonymous_22)
FNDA:0,(anonymous_23)
DA:4,1
DA:15,1
DA:21,1
DA:24,0
DA:25,0
DA:26,0
DA:27,0
DA:30,1
DA:31,0
DA:32,0
DA:33,0
DA:34,0
DA:35,0
DA:39,1
DA:40,0
DA:43,1
DA:44,0
DA:56,0
LF:18
LH:6
BRDA:5,0,0,1
BRDA:5,0,1,1
BRDA:6,1,0,1
BRDA:6,1,1,1
BRDA:7,2,0,1
BRDA:7,2,1,1
BRDA:8,3,0,1
BRDA:8,3,1,1
BRDA:9,4,0,1
BRDA:9,4,1,1
BRDA:10,5,0,1
BRDA:10,5,1,1
BRDA:56,6,0,0
BRDA:56,6,1,0
BRF:14
BRH:12
end_of_record
TN:
SF:src/contexts/AccessibilityContext.tsx
FN:29,(anonymous_0)
FN:39,(anonymous_1)
FN:43,(anonymous_2)
FN:44,(anonymous_3)
FN:48,(anonymous_4)
FN:49,(anonymous_5)
FN:55,(anonymous_6)
FN:56,(anonymous_7)
FN:63,(anonymous_8)
FN:64,(anonymous_9)
FN:69,(anonymous_10)
FN:76,(anonymous_11)
FN:77,(anonymous_12)
FN:83,(anonymous_13)
FN:84,(anonymous_14)
FN:90,(anonymous_15)
FN:91,(anonymous_16)
FN:97,(anonymous_17)
FN:98,(anonymous_18)
FN:104,(anonymous_19)
FN:105,(anonymous_20)
FN:111,(anonymous_21)
FN:112,(anonymous_22)
FN:118,(anonymous_23)
FN:122,(anonymous_24)
FN:131,(anonymous_25)
FN:132,(anonymous_26)
FN:158,(anonymous_27)
FNF:28
FNH:12
FNDA:17,(anonymous_0)
FNDA:11,(anonymous_1)
FNDA:0,(anonymous_2)
FNDA:0,(anonymous_3)
FNDA:0,(anonymous_4)
FNDA:0,(anonymous_5)
FNDA:0,(anonymous_6)
FNDA:0,(anonymous_7)
FNDA:0,(anonymous_8)
FNDA:0,(anonymous_9)
FNDA:0,(anonymous_10)
FNDA:2,(anonymous_11)
FNDA:2,(anonymous_12)
FNDA:1,(anonymous_13)
FNDA:1,(anonymous_14)
FNDA:1,(anonymous_15)
FNDA:1,(anonymous_16)
FNDA:0,(anonymous_17)
FNDA:0,(anonymous_18)
FNDA:2,(anonymous_19)
FNDA:2,(anonymous_20)
FNDA:0,(anonymous_21)
FNDA:0,(anonymous_22)
FNDA:1,(anonymous_23)
FNDA:0,(anonymous_24)
FNDA:0,(anonymous_25)
FNDA:0,(anonymous_26)
FNDA:17,(anonymous_27)
DA:26,5
DA:29,5
DA:30,17
DA:39,17
DA:41,11
DA:43,0
DA:44,0
DA:48,0
DA:49,0
DA:53,0
DA:56,0
DA:61,0
DA:64,0
DA:69,0
DA:70,0
DA:71,0
DA:76,17
DA:77,2
DA:83,17
DA:84,1
DA:90,17
DA:91,1
DA:97,17
DA:98,0
DA:104,17
DA:105,2
DA:111,17
DA:112,0
DA:118,17
DA:119,1
DA:120,0
DA:122,0
DA:123,0
DA:126,0
DA:131,17
DA:132,0
DA:138,17
DA:150,17
DA:158,5
DA:159,17
DA:160,17
DA:161,0
DA:163,17
LF:43
LH:24
BRDA:41,0,0,0
BRDA:41,0,1,11
BRDA:41,1,0,11
BRDA:41,1,1,0
BRDA:119,2,0,0
BRDA:119,2,1,1
BRDA:119,3,0,1
BRDA:119,3,1,0
BRDA:120,4,0,0
BRDA:120,4,1,0
BRDA:160,5,0,0
BRDA:160,5,1,17
BRF:12
BRH:5
end_of_record
TN:
SF:src/data/ambientSounds.ts
FN:99,(anonymous_0)
FN:100,(anonymous_1)
FN:103,(anonymous_2)
FN:104,(anonymous_3)
FN:107,(anonymous_4)
FN:108,(anonymous_5)
FN:111,(anonymous_6)
FN:112,(anonymous_7)
FNF:8
FNH:0
FNDA:0,(anonymous_0)
FNDA:0,(anonymous_1)
FNDA:0,(anonymous_2)
FNDA:0,(anonymous_3)
FNDA:0,(anonymous_4)
FNDA:0,(anonymous_5)
FNDA:0,(anonymous_6)
FNDA:0,(anonymous_7)
DA:18,3
DA:99,3
DA:100,0
DA:103,3
DA:104,0
DA:107,3
DA:108,0
DA:111,3
DA:112,0
LF:9
LH:5
BRF:0
BRH:0
end_of_record
TN:
SF:src/data/moodOptions.ts
FN:41,(anonymous_0)
FN:45,(anonymous_1)
FN:46,(anonymous_2)
FNF:3
FNH:3
FNDA:10,(anonymous_0)
FNDA:2,(anonymous_1)
FNDA:5,(anonymous_2)
DA:14,6
DA:41,6
DA:42,10
DA:45,6
DA:46,5
LF:5
LH:5
BRF:0
BRH:0
end_of_record
TN:
SF:src/hooks/useAudioPlayer.ts
FN:18,(anonymous_0)
FN:33,(anonymous_1)
FN:35,(anonymous_2)
FN:40,(anonymous_3)
FN:48,(anonymous_4)
FN:70,(anonymous_5)
FN:82,(anonymous_6)
FN:100,(anonymous_7)
FN:112,(anonymous_8)
FN:130,(anonymous_9)
FN:147,(anonymous_10)
FN:158,(anonymous_11)
FN:178,(anonymous_12)
FN:193,(anonymous_13)
FN:194,(anonymous_14)
FN:208,(anonymous_15)
FNF:16
FNH:12
FNDA:17,(anonymous_0)
FNDA:9,(anonymous_1)
FNDA:9,(anonymous_2)
FNDA:5,(anonymous_3)
FNDA:5,(anonymous_4)
FNDA:2,(anonymous_5)
FNDA:2,(anonymous_6)
FNDA:0,(anonymous_7)
FNDA:2,(anonymous_8)
FNDA:0,(anonymous_9)
FNDA:1,(anonymous_10)
FNDA:9,(anonymous_11)
FNDA:0,(anonymous_12)
FNDA:9,(anonymous_13)
FNDA:0,(anonymous_14)
FNDA:9,(anonymous_15)
DA:18,1
DA:19,17
DA:20,17
DA:21,17
DA:22,17
DA:23,17
DA:26,17
DA:28,17
DA:30,17
DA:33,17
DA:34,9
DA:35,9
DA:36,9
DA:40,17
DA:41,5
DA:42,5
DA:43,5
DA:45,5
DA:48,17
DA:49,5
DA:51,5
DA:52,5
DA:54,2
DA:55,2
DA:57,2
DA:60,2
DA:61,2
DA:62,2
DA:63,2
DA:64,2
DA:65,2
DA:68,2
DA:70,2
DA:71,2
DA:72,2
DA:78,0
DA:82,17
DA:83,2
DA:84,2
DA:85,2
DA:87,0
DA:90,0
DA:91,0
DA:92,0
DA:93,0
DA:94,0
DA:95,0
DA:98,0
DA:100,0
DA:101,0
DA:102,0
DA:108,0
DA:112,17
DA:113,2
DA:114,2
DA:115,2
DA:117,1
DA:120,1
DA:121,1
DA:122,1
DA:123,1
DA:124,1
DA:125,1
DA:128,1
DA:130,0
DA:131,0
DA:132,0
DA:136,1
DA:137,1
DA:143,0
DA:147,17
DA:149,1
DA:150,0
DA:151,0
DA:153,1
DA:154,1
DA:158,17
DA:160,9
DA:162,9
DA:164,9
DA:167,9
DA:169,9
DA:170,9
DA:171,9
DA:172,9
DA:173,9
DA:176,9
DA:178,0
DA:179,0
DA:180,0
DA:184,9
DA:188,0
DA:193,17
DA:194,9
DA:196,0
DA:197,0
DA:202,9
DA:205,9
DA:208,9
DA:209,9
DA:210,9
DA:211,9
DA:215,9
DA:219,17
LF:104
LH:79
BRDA:45,0,0,5
BRDA:45,0,1,0
BRDA:52,1,0,3
BRDA:52,1,1,2
BRDA:55,2,0,2
BRDA:55,2,1,0
BRDA:60,3,0,2
BRDA:60,3,1,0
BRDA:68,4,0,2
BRDA:68,4,1,0
BRDA:71,5,0,2
BRDA:71,5,1,0
BRDA:71,6,0,2
BRDA:71,6,1,2
BRDA:85,7,0,0
BRDA:85,7,1,2
BRDA:90,8,0,0
BRDA:90,8,1,0
BRDA:98,9,0,0
BRDA:98,9,1,0
BRDA:101,10,0,0
BRDA:101,10,1,0
BRDA:101,11,0,0
BRDA:101,11,1,0
BRDA:115,12,0,1
BRDA:115,12,1,1
BRDA:120,13,0,1
BRDA:120,13,1,0
BRDA:128,14,0,0
BRDA:128,14,1,1
BRDA:131,15,0,0
BRDA:131,15,1,0
BRDA:131,16,0,0
BRDA:131,16,1,0
BRDA:136,17,0,1
BRDA:136,17,1,0
BRDA:149,18,0,0
BRDA:149,18,1,1
BRDA:149,19,0,1
BRDA:149,19,1,1
BRDA:160,20,0,0
BRDA:160,20,1,9
BRDA:167,21,0,9
BRDA:167,21,1,0
BRDA:176,22,0,0
BRDA:176,22,1,9
BRDA:179,23,0,0
BRDA:179,23,1,0
BRDA:179,24,0,0
BRDA:179,24,1,0
BRDA:196,25,0,0
BRDA:196,25,1,0
BRDA:196,26,0,0
BRDA:196,26,1,0
BRDA:209,27,0,9
BRDA:209,27,1,0
BRF:56
BRH:22
end_of_record
TN:
SF:src/hooks/useAuthSubscription.ts
FN:7,(anonymous_0)
FN:19,(anonymous_1)
FN:23,(anonymous_2)
FN:64,(anonymous_3)
FN:71,(anonymous_4)
FN:77,(anonymous_5)
FN:106,(anonymous_6)
FN:142,(anonymous_7)
FN:179,(anonymous_8)
FN:200,(anonymous_9)
FN:274,(anonymous_10)
FN:284,(anonymous_11)
FNF:12
FNH:6
FNDA:19,(anonymous_0)
FNDA:9,(anonymous_1)
FNDA:9,(anonymous_2)
FNDA:9,(anonymous_3)
FNDA:0,(anonymous_4)
FNDA:0,(anonymous_5)
FNDA:0,(anonymous_6)
FNDA:0,(anonymous_7)
FNDA:1,(anonymous_8)
FNDA:0,(anonymous_9)
FNDA:2,(anonymous_10)
FNDA:0,(anonymous_11)
DA:7,1
DA:8,19
DA:9,19
DA:10,19
DA:11,19
DA:12,19
DA:13,19
DA:16,19
DA:19,19
DA:21,9
DA:23,9
DA:24,9
DA:25,9
DA:26,9
DA:27,9
DA:28,6
DA:30,6
DA:31,6
DA:32,4
DA:36,2
DA:37,2
DA:38,2
DA:39,2
DA:40,2
DA:41,2
DA:44,0
DA:45,0
DA:51,0
DA:52,0
DA:55,9
DA:56,9
DA:61,9
DA:64,9
DA:65,9
DA:66,9
DA:71,19
DA:72,0
DA:73,0
DA:74,0
DA:76,0
DA:77,0
DA:78,0
DA:79,0
DA:80,0
DA:81,0
DA:85,0
DA:86,0
DA:87,0
DA:88,0
DA:89,0
DA:90,0
DA:92,0
DA:93,0
DA:96,0
DA:97,0
DA:100,0
DA:101,0
DA:106,19
DA:107,0
DA:108,0
DA:109,0
DA:110,0
DA:114,0
DA:116,0
DA:117,0
DA:118,0
DA:119,0
DA:121,0
DA:122,0
DA:124,0
DA:127,0
DA:130,0
DA:131,0
DA:132,0
DA:134,0
DA:136,0
DA:137,0
DA:142,19
DA:143,0
DA:144,0
DA:145,0
DA:146,0
DA:150,0
DA:152,0
DA:153,0
DA:154,0
DA:155,0
DA:158,0
DA:159,0
DA:161,0
DA:164,0
DA:167,0
DA:168,0
DA:169,0
DA:171,0
DA:173,0
DA:174,0
DA:179,19
DA:180,1
DA:181,1
DA:182,1
DA:183,1
DA:184,1
DA:185,1
DA:188,0
DA:189,0
DA:190,0
DA:192,0
DA:194,1
DA:195,1
DA:200,19
DA:201,0
DA:202,0
DA:205,0
DA:207,0
DA:208,0
DA:212,0
DA:213,0
DA:217,0
DA:218,0
DA:222,0
DA:223,0
DA:224,0
DA:225,0
DA:229,0
DA:230,0
DA:231,0
DA:232,0
DA:236,0
DA:238,0
DA:241,0
DA:248,0
DA:250,0
DA:254,0
DA:255,0
DA:257,0
DA:259,0
DA:262,0
DA:263,0
DA:264,0
DA:266,0
DA:268,0
DA:269,0
DA:274,19
DA:275,2
DA:276,1
DA:281,1
DA:284,19
DA:285,0
DA:286,0
DA:290,0
DA:291,0
DA:294,19
LF:153
LH:50
BRDA:8,0,0,19
BRDA:8,0,1,0
BRDA:9,1,0,19
BRDA:9,1,1,0
BRDA:27,2,0,6
BRDA:27,2,1,3
BRDA:27,3,0,9
BRDA:27,3,1,6
BRDA:27,3,2,6
BRDA:31,4,0,4
BRDA:31,4,1,2
BRDA:31,5,0,6
BRDA:31,5,1,4
BRDA:31,5,2,4
BRDA:38,6,0,2
BRDA:38,6,1,0
BRDA:38,7,0,2
BRDA:38,7,1,2
BRDA:38,7,2,2
BRDA:40,8,0,2
BRDA:40,8,1,0
BRDA:40,9,0,2
BRDA:40,9,1,2
BRDA:40,9,2,2
BRDA:44,10,0,0
BRDA:44,10,1,0
BRDA:44,11,0,0
BRDA:44,11,1,0
BRDA:51,12,0,0
BRDA:51,12,1,0
BRDA:51,13,0,0
BRDA:51,13,1,0
BRDA:52,14,0,0
BRDA:52,14,1,0
BRDA:55,15,0,9
BRDA:55,15,1,0
BRDA:55,16,0,9
BRDA:55,16,1,9
BRDA:74,17,0,0
BRDA:74,17,1,0
BRDA:78,18,0,0
BRDA:78,18,1,0
BRDA:80,19,0,0
BRDA:80,19,1,0
BRDA:80,20,0,0
BRDA:80,20,1,0
BRDA:87,21,0,0
BRDA:87,21,1,0
BRDA:87,22,0,0
BRDA:87,22,1,0
BRDA:89,23,0,0
BRDA:89,23,1,0
BRDA:89,24,0,0
BRDA:89,24,1,0
BRDA:92,25,0,0
BRDA:92,25,1,0
BRDA:96,26,0,0
BRDA:96,26,1,0
BRDA:100,27,0,0
BRDA:100,27,1,0
BRDA:101,28,0,0
BRDA:101,28,1,0
BRDA:109,29,0,0
BRDA:109,29,1,0
BRDA:116,30,0,0
BRDA:116,30,1,0
BRDA:118,31,0,0
BRDA:118,31,1,0
BRDA:118,32,0,0
BRDA:118,32,1,0
BRDA:127,33,0,0
BRDA:127,33,1,0
BRDA:130,34,0,0
BRDA:130,34,1,0
BRDA:131,35,0,0
BRDA:131,35,1,0
BRDA:136,36,0,0
BRDA:136,36,1,0
BRDA:145,37,0,0
BRDA:145,37,1,0
BRDA:152,38,0,0
BRDA:152,38,1,0
BRDA:154,39,0,0
BRDA:154,39,1,0
BRDA:154,40,0,0
BRDA:154,40,1,0
BRDA:164,41,0,0
BRDA:164,41,1,0
BRDA:167,42,0,0
BRDA:167,42,1,0
BRDA:168,43,0,0
BRDA:168,43,1,0
BRDA:173,44,0,0
BRDA:173,44,1,0
BRDA:183,45,0,1
BRDA:183,45,1,0
BRDA:188,46,0,0
BRDA:188,46,1,0
BRDA:189,47,0,0
BRDA:189,47,1,0
BRDA:194,48,0,1
BRDA:194,48,1,0
BRDA:201,49,0,0
BRDA:201,49,1,0
BRDA:207,50,0,0
BRDA:207,50,1,0
BRDA:212,51,0,0
BRDA:212,51,1,0
BRDA:212,52,0,0
BRDA:212,52,1,0
BRDA:217,53,0,0
BRDA:217,53,1,0
BRDA:217,54,0,0
BRDA:217,54,1,0
BRDA:222,55,0,0
BRDA:222,55,1,0
BRDA:224,56,0,0
BRDA:224,56,1,0
BRDA:229,57,0,0
BRDA:229,57,1,0
BRDA:231,58,0,0
BRDA:231,58,1,0
BRDA:243,59,0,0
BRDA:243,59,1,0
BRDA:244,60,0,0
BRDA:244,60,1,0
BRDA:245,61,0,0
BRDA:245,61,1,0
BRDA:248,62,0,0
BRDA:248,62,1,0
BRDA:254,63,0,0
BRDA:254,63,1,0
BRDA:254,64,0,0
BRDA:254,64,1,0
BRDA:262,65,0,0
BRDA:262,65,1,0
BRDA:263,66,0,0
BRDA:263,66,1,0
BRDA:268,67,0,0
BRDA:268,67,1,0
BRDA:275,68,0,1
BRDA:275,68,1,1
BRDA:275,69,0,2
BRDA:275,69,1,1
BRDA:285,70,0,0
BRDA:285,70,1,0
BRDA:285,71,0,0
BRDA:285,71,1,0
BRDA:290,72,0,0
BRDA:290,72,1,0
BRDA:305,73,0,19
BRDA:305,73,1,14
BRF:152
BRH:31
end_of_record
TN:
SF:src/hooks/useBreathingSession.ts
FN:10,(anonymous_0)
FN:14,(anonymous_1)
FN:15,(anonymous_2)
FN:16,(anonymous_3)
FN:17,(anonymous_4)
FNF:5
FNH:1
FNDA:6,(anonymous_0)
FNDA:0,(anonymous_1)
FNDA:0,(anonymous_2)
FNDA:0,(anonymous_3)
FNDA:0,(anonymous_4)
DA:10,1
DA:12,6
LF:2
LH:2
BRF:0
BRH:0
end_of_record
TN:
SF:src/hooks/useMoodTracking.ts
FN:22,(anonymous_0)
FN:26,(anonymous_1)
FN:38,(anonymous_2)
FN:47,(anonymous_3)
FN:51,(anonymous_4)
FN:55,(anonymous_5)
FNF:6
FNH:5
FNDA:14,(anonymous_0)
FNDA:6,(anonymous_1)
FNDA:2,(anonymous_2)
FNDA:1,(anonymous_3)
FNDA:0,(anonymous_4)
FNDA:4,(anonymous_5)
DA:22,1
DA:23,14
DA:24,14
DA:26,14
DA:27,6
DA:28,6
DA:29,6
DA:30,6
DA:32,0
DA:34,6
DA:38,14
DA:39,2
DA:40,2
DA:41,2
DA:43,0
DA:47,14
DA:48,1
DA:51,14
DA:52,0
DA:55,14
DA:56,4
DA:59,14
LF:22
LH:19
BRF:0
BRH:0
end_of_record
TN:
SF:src/hooks/useNavigation.ts
FN:7,(anonymous_0)
FN:9,(anonymous_1)
FN:10,(anonymous_2)
FNF:3
FNH:1
FNDA:3,(anonymous_0)
FNDA:0,(anonymous_1)
FNDA:0,(anonymous_2)
DA:7,1
DA:8,3
LF:2
LH:2
BRF:0
BRH:0
end_of_record
TN:
SF:src/hooks/useOnboarding.ts
FN:3,(anonymous_0)
FN:8,(anonymous_1)
FN:10,(anonymous_2)
FN:14,(anonymous_3)
FN:16,(anonymous_4)
FN:20,(anonymous_5)
FN:24,(anonymous_6)
FNF:7
FNH:7
FNDA:16,(anonymous_0)
FNDA:3,(anonymous_1)
FNDA:3,(anonymous_2)
FNDA:1,(anonymous_3)
FNDA:1,(anonymous_4)
FNDA:1,(anonymous_5)
FNDA:1,(anonymous_6)
DA:3,3
DA:4,16
DA:5,16
DA:6,16
DA:8,16
DA:9,3
DA:10,3
DA:14,16
DA:15,1
DA:16,1
DA:20,16
DA:21,1
DA:24,16
DA:25,1
DA:28,16
LF:15
LH:15
BRDA:9,0,0,3
BRDA:9,0,1,0
BRDA:15,1,0,1
BRDA:15,1,1,0
BRF:4
BRH:2
end_of_record
TN:
SF:src/hooks/useProgressTracking.ts
FN:8,(anonymous_0)
FNF:1
FNH:1
FNDA:1,(anonymous_0)
DA:8,2
DA:9,1
DA:11,1
LF:3
LH:3
BRF:0
BRH:0
end_of_record
TN:
SF:src/hooks/useSessionTimer.ts
FN:14,(anonymous_0)
FN:15,(anonymous_1)
FN:20,(anonymous_2)
FN:25,(anonymous_3)
FN:36,(anonymous_4)
FN:41,(anonymous_5)
FN:49,(anonymous_6)
FN:57,(anonymous_7)
FN:65,(anonymous_8)
FNF:9
FNH:4
FNDA:3,(anonymous_0)
FNDA:3,(anonymous_1)
FNDA:3,(anonymous_2)
FNDA:0,(anonymous_3)
FNDA:3,(anonymous_4)
FNDA:0,(anonymous_5)
FNDA:0,(anonymous_6)
FNDA:0,(anonymous_7)
FNDA:0,(anonymous_8)
DA:14,3
DA:15,3
DA:16,3
DA:17,3
DA:18,3
DA:20,3
DA:24,3
DA:25,0
DA:27,0
DA:30,0
DA:31,0
DA:32,0
DA:36,3
DA:37,3
DA:41,3
DA:42,0
DA:44,0
DA:45,0
DA:46,0
DA:49,3
DA:50,0
DA:52,0
DA:53,0
DA:54,0
DA:57,3
DA:58,0
DA:60,0
DA:61,0
DA:62,0
DA:65,3
DA:66,0
DA:68,0
DA:69,0
DA:70,0
DA:73,3
LF:35
LH:14
BRDA:24,0,0,0
BRDA:24,0,1,3
BRDA:37,1,0,0
BRDA:37,1,1,3
BRF:4
BRH:2
end_of_record
TN:
SF:src/models/Session.ts
FN:18,(anonymous_0)
FNF:1
FNH:1
FNDA:2,(anonymous_0)
DA:19,2
DA:20,2
DA:21,2
DA:22,2
DA:23,2
DA:24,2
LF:6
LH:6
BRF:0
BRH:0
end_of_record
TN:
SF:src/models/User.ts
FN:21,(anonymous_0)
FNF:1
FNH:1
FNDA:7,(anonymous_0)
DA:22,7
DA:23,7
DA:24,7
DA:25,7
DA:26,7
LF:5
LH:5
BRF:0
BRH:0
end_of_record
TN:
SF:src/models/subscription.ts
FN:38,(anonymous_0)
FN:70,(anonymous_1)
FN:80,(anonymous_2)
FN:87,(anonymous_3)
FN:116,(anonymous_4)
FN:126,(anonymous_5)
FNF:6
FNH:6
FNDA:119,(anonymous_0)
FNDA:41,(anonymous_1)
FNDA:6,(anonymous_2)
FNDA:5,(anonymous_3)
FNDA:16,(anonymous_4)
FNDA:17,(anonymous_5)
DA:36,119
DA:39,119
DA:40,119
DA:41,119
DA:42,119
DA:43,119
DA:44,119
DA:45,119
DA:71,41
DA:72,41
DA:73,41
DA:74,41
DA:75,41
DA:76,41
DA:77,41
DA:81,6
DA:82,6
DA:88,5
DA:89,5
DA:90,5
DA:91,5
DA:117,16
DA:118,16
DA:119,16
DA:120,16
DA:121,16
DA:122,16
DA:123,16
DA:127,17
DA:128,17
DA:129,17
DA:130,17
LF:32
LH:32
BRDA:82,0,0,6
BRDA:82,0,1,4
BRDA:82,0,2,4
BRDA:91,1,0,5
BRDA:91,1,1,4
BRDA:130,2,0,17
BRDA:130,2,1,11
BRF:7
BRH:7
end_of_record
TN:
SF:src/navigation/AppNavigator.tsx
FN:23,(anonymous_0)
FNF:1
FNH:0
FNDA:0,(anonymous_0)
DA:23,1
DA:28,0
DA:39,0
LF:3
LH:1
BRDA:24,0,0,0
BRDA:41,1,0,0
BRDA:41,1,1,0
BRF:3
BRH:0
end_of_record
TN:
SF:src/screens/HistoryScreen.tsx
FN:8,(anonymous_0)
FNF:1
FNH:0
FNDA:0,(anonymous_0)
DA:8,1
DA:9,0
LF:2
LH:1
BRF:0
BRH:0
end_of_record
TN:
SF:src/screens/HomeScreen.tsx
FN:12,(anonymous_0)
FN:34,(anonymous_1)
FN:40,(anonymous_2)
FN:41,(anonymous_3)
FN:47,(anonymous_4)
FN:48,(anonymous_5)
FN:54,(anonymous_6)
FNF:7
FNH:0
FNDA:0,(anonymous_0)
FNDA:0,(anonymous_1)
FNDA:0,(anonymous_2)
FNDA:0,(anonymous_3)
FNDA:0,(anonymous_4)
FNDA:0,(anonymous_5)
FNDA:0,(anonymous_6)
DA:12,2
DA:13,0
DA:14,0
DA:15,0
DA:18,0
DA:23,0
DA:28,0
DA:34,0
DA:35,0
DA:36,0
DA:40,0
DA:41,0
DA:42,0
DA:43,0
DA:47,0
DA:48,0
DA:49,0
DA:50,0
DA:54,0
DA:55,0
DA:59,0
DA:60,0
DA:62,0
DA:66,0
DA:131,2
LF:25
LH:2
BRDA:19,0,0,0
BRDA:19,0,1,0
BRDA:24,1,0,0
BRDA:24,1,1,0
BRDA:29,2,0,0
BRDA:29,2,1,0
BRDA:35,3,0,0
BRDA:35,3,1,0
BRDA:42,4,0,0
BRDA:42,4,1,0
BRDA:49,5,0,0
BRDA:49,5,1,0
BRDA:55,6,0,0
BRDA:55,6,1,0
BRDA:56,7,0,0
BRDA:56,7,1,0
BRDA:57,8,0,0
BRDA:57,8,1,0
BRDA:59,9,0,0
BRDA:59,9,1,0
BRDA:84,10,0,0
BRDA:84,10,1,0
BRDA:98,11,0,0
BRDA:98,11,1,0
BRDA:112,12,0,0
BRDA:112,12,1,0
BRF:26
BRH:0
end_of_record
TN:
SF:src/screens/ProfileScreen.tsx
FN:8,(anonymous_0)
FNF:1
FNH:0
FNDA:0,(anonymous_0)
DA:8,1
DA:9,0
LF:2
LH:1
BRF:0
BRH:0
end_of_record
TN:
SF:src/screens/SettingsScreen.tsx
FN:8,(anonymous_0)
FNF:1
FNH:0
FNDA:0,(anonymous_0)
DA:8,1
DA:9,0
LF:2
LH:1
BRF:0
BRH:0
end_of_record
TN:
SF:src/services/audioService.ts
FN:18,(anonymous_0)
FN:26,(anonymous_1)
FN:43,(anonymous_2)
FN:55,(anonymous_3)
FN:71,(anonymous_4)
FN:92,(anonymous_5)
FN:105,(anonymous_6)
FN:150,(anonymous_7)
FN:164,(anonymous_8)
FN:174,(anonymous_9)
FN:182,(anonymous_10)
FN:191,(anonymous_11)
FN:207,(anonymous_12)
FN:216,(anonymous_13)
FN:226,(anonymous_14)
FN:235,(anonymous_15)
FN:249,(anonymous_16)
FN:263,(anonymous_17)
FN:276,(anonymous_18)
FN:286,(anonymous_19)
FN:322,(anonymous_20)
FN:325,(anonymous_21)
FN:328,(anonymous_22)
FN:331,(anonymous_23)
FN:334,(anonymous_24)
FN:337,(anonymous_25)
FN:340,(anonymous_26)
FN:343,(anonymous_27)
FN:346,(anonymous_28)
FN:350,(anonymous_29)
FN:354,(anonymous_30)
FNF:31
FNH:23
FNDA:6,(anonymous_0)
FNDA:14,(anonymous_1)
FNDA:0,(anonymous_2)
FNDA:3,(anonymous_3)
FNDA:31,(anonymous_4)
FNDA:8,(anonymous_5)
FNDA:0,(anonymous_6)
FNDA:15,(anonymous_7)
FNDA:0,(anonymous_8)
FNDA:4,(anonymous_9)
FNDA:0,(anonymous_10)
FNDA:0,(anonymous_11)
FNDA:13,(anonymous_12)
FNDA:0,(anonymous_13)
FNDA:37,(anonymous_14)
FNDA:12,(anonymous_15)
FNDA:12,(anonymous_16)
FNDA:4,(anonymous_17)
FNDA:12,(anonymous_18)
FNDA:12,(anonymous_19)
FNDA:6,(anonymous_20)
FNDA:3,(anonymous_21)
FNDA:31,(anonymous_22)
FNDA:4,(anonymous_23)
FNDA:3,(anonymous_24)
FNDA:1,(anonymous_25)
FNDA:1,(anonymous_26)
FNDA:0,(anonymous_27)
FNDA:0,(anonymous_28)
FNDA:8,(anonymous_29)
FNDA:12,(anonymous_30)
DA:6,2
DA:7,2
DA:12,2
DA:13,2
DA:14,2
DA:15,2
DA:16,2
DA:19,6
DA:21,6
DA:22,0
DA:26,14
DA:27,6
DA:28,1
DA:32,5
DA:33,5
DA:39,5
DA:42,5
DA:43,4
DA:44,0
DA:48,5
DA:50,0
DA:51,0
DA:56,3
DA:57,3
DA:58,0
DA:59,0
DA:60,0
DA:61,0
DA:64,3
DA:66,0
DA:67,0
DA:72,31
DA:73,31
DA:74,2
DA:75,2
DA:78,2
DA:79,2
DA:80,2
DA:82,2
DA:84,29
DA:86,0
DA:87,0
DA:93,8
DA:94,8
DA:95,2
DA:96,2
DA:98,8
DA:99,8
DA:101,0
DA:107,0
DA:108,0
DA:111,0
DA:112,0
DA:115,0
DA:116,0
DA:119,0
DA:120,0
DA:121,0
DA:123,0
DA:124,0
DA:126,0
DA:128,0
DA:134,0
DA:135,0
DA:139,0
DA:140,0
DA:141,0
DA:144,0
DA:146,0
DA:151,15
DA:152,15
DA:153,3
DA:154,3
DA:157,12
DA:159,0
DA:160,0
DA:165,0
DA:166,0
DA:167,0
DA:169,0
DA:170,0
DA:175,4
DA:176,4
DA:177,2
DA:179,2
DA:182,2
DA:183,0
DA:186,2
DA:187,2
DA:192,0
DA:193,0
DA:194,0
DA:197,0
DA:198,0
DA:199,0
DA:202,0
DA:203,0
DA:208,13
DA:209,13
DA:211,0
DA:212,0
DA:217,0
DA:218,0
DA:219,0
DA:221,0
DA:222,0
DA:227,37
DA:228,37
DA:230,0
DA:231,0
DA:236,12
DA:237,12
DA:238,12
DA:239,2
DA:240,2
DA:242,10
DA:244,0
DA:245,0
DA:250,12
DA:251,12
DA:252,12
DA:253,2
DA:254,2
DA:256,10
DA:258,0
DA:259,0
DA:264,4
DA:265,4
DA:266,4
DA:267,4
DA:269,0
DA:271,0
DA:272,0
DA:277,12
DA:278,12
DA:280,0
DA:281,0
DA:294,12
DA:295,12
DA:304,0
DA:305,0
DA:318,2
DA:321,2
DA:323,6
DA:326,3
DA:329,31
DA:332,4
DA:335,3
DA:338,1
DA:341,1
DA:344,0
DA:347,0
DA:351,8
DA:362,12
LF:154
LH:83
BRDA:18,0,0,0
BRDA:21,1,0,0
BRDA:21,1,1,6
BRDA:21,2,0,6
BRDA:21,2,1,6
BRDA:27,3,0,1
BRDA:27,3,1,5
BRDA:42,4,0,4
BRDA:42,4,1,1
BRDA:57,5,0,0
BRDA:57,5,1,3
BRDA:59,6,0,0
BRDA:59,6,1,0
BRDA:73,7,0,2
BRDA:73,7,1,29
BRDA:78,8,0,2
BRDA:78,8,1,0
BRDA:78,9,0,2
BRDA:78,9,1,2
BRDA:94,10,0,2
BRDA:94,10,1,6
BRDA:107,11,0,0
BRDA:107,11,1,0
BRDA:120,12,0,0
BRDA:120,12,1,0
BRDA:124,13,0,0
BRDA:124,13,1,0
BRDA:139,14,0,0
BRDA:139,14,1,0
BRDA:139,15,0,0
BRDA:139,15,1,0
BRDA:153,16,0,3
BRDA:153,16,1,0
BRDA:167,17,0,0
BRDA:167,17,1,0
BRDA:176,18,0,2
BRDA:176,18,1,2
BRDA:176,19,0,4
BRDA:176,19,1,3
BRDA:193,20,0,0
BRDA:193,20,1,0
BRDA:193,21,0,0
BRDA:193,21,1,0
BRDA:198,22,0,0
BRDA:198,22,1,0
BRDA:219,23,0,0
BRDA:219,23,1,0
BRDA:238,24,0,2
BRDA:238,24,1,10
BRDA:240,25,0,2
BRDA:240,25,1,0
BRDA:252,26,0,2
BRDA:252,26,1,10
BRDA:254,27,0,2
BRDA:254,27,1,0
BRDA:266,28,0,4
BRDA:266,28,1,0
BRDA:322,29,0,2
BRF:58
BRH:28
end_of_record
TN:
SF:src/services/authService.ts
FN:16,(anonymous_0)
FN:24,(anonymous_1)
FN:40,(anonymous_2)
FN:94,(anonymous_3)
FN:135,(anonymous_4)
FN:154,(anonymous_5)
FN:177,(anonymous_6)
FN:184,(anonymous_7)
FNF:8
FNH:5
FNDA:2,(anonymous_0)
FNDA:1,(anonymous_1)
FNDA:1,(anonymous_2)
FNDA:1,(anonymous_3)
FNDA:0,(anonymous_4)
FNDA:1,(anonymous_5)
FNDA:0,(anonymous_6)
FNDA:0,(anonymous_7)
DA:11,2
DA:17,2
DA:18,2
DA:27,1
DA:30,1
DA:31,1
DA:34,0
DA:41,1
DA:43,1
DA:44,0
DA:47,1
DA:48,0
DA:51,1
DA:52,0
DA:62,1
DA:63,1
DA:64,0
DA:68,1
DA:76,1
DA:77,1
DA:79,0
DA:82,1
DA:87,0
DA:95,1
DA:97,1
DA:98,0
DA:101,1
DA:102,0
DA:110,1
DA:117,1
DA:118,1
DA:120,0
DA:123,1
DA:128,0
DA:136,0
DA:137,0
DA:140,0
DA:141,0
DA:143,0
DA:146,0
DA:147,0
DA:156,1
DA:157,0
DA:161,1
DA:162,1
DA:163,1
DA:164,0
DA:165,0
DA:168,0
DA:171,1
DA:178,0
DA:185,0
DA:186,0
DA:187,0
DA:190,0
DA:191,0
DA:196,0
DA:198,0
DA:200,0
LF:59
LH:28
BRDA:30,0,0,1
BRDA:30,0,1,0
BRDA:43,1,0,0
BRDA:43,1,1,1
BRDA:43,2,0,1
BRDA:43,2,1,1
BRDA:47,3,0,0
BRDA:47,3,1,1
BRDA:51,4,0,0
BRDA:51,4,1,1
BRDA:63,5,0,0
BRDA:63,5,1,1
BRDA:63,6,0,1
BRDA:63,6,1,0
BRDA:87,7,0,0
BRDA:87,7,1,0
BRDA:97,8,0,0
BRDA:97,8,1,1
BRDA:97,9,0,1
BRDA:97,9,1,1
BRDA:101,10,0,0
BRDA:101,10,1,1
BRDA:128,11,0,0
BRDA:128,11,1,0
BRDA:156,12,0,0
BRDA:156,12,1,1
BRDA:163,13,0,0
BRDA:163,13,1,1
BRDA:186,14,0,0
BRDA:186,14,1,0
BRDA:190,15,0,0
BRDA:190,15,1,0
BRDA:202,16,0,0
BRDA:202,16,1,0
BRF:34
BRH:14
end_of_record
TN:
SF:src/services/contentAccessControl.ts
FN:22,(anonymous_0)
FN:24,(anonymous_1)
FN:51,(anonymous_2)
FN:64,(anonymous_3)
FN:89,(anonymous_4)
FN:94,(anonymous_5)
FN:99,(anonymous_6)
FN:103,(anonymous_7)
FN:110,(anonymous_8)
FNF:9
FNH:9
FNDA:15,(anonymous_0)
FNDA:14,(anonymous_1)
FNDA:2,(anonymous_2)
FNDA:3,(anonymous_3)
FNDA:6,(anonymous_4)
FNDA:3,(anonymous_5)
FNDA:8,(anonymous_6)
FNDA:1,(anonymous_7)
FNDA:14,(anonymous_8)
DA:26,14
DA:27,1
DA:34,13
DA:37,13
DA:38,8
DA:43,5
DA:52,2
DA:54,2
DA:55,5
DA:56,5
DA:57,3
DA:61,2
DA:65,3
DA:67,3
DA:68,2
DA:73,1
DA:76,1
DA:77,1
DA:84,0
DA:90,6
DA:91,6
DA:95,3
DA:97,3
DA:99,8
DA:104,1
DA:105,1
DA:106,1
DA:107,1
DA:111,14
DA:120,14
DA:121,14
DA:122,14
DA:123,14
DA:125,14
LF:34
LH:33
BRDA:26,0,0,1
BRDA:26,0,1,13
BRDA:37,1,0,8
BRDA:37,1,1,5
BRDA:56,2,0,3
BRDA:56,2,1,2
BRDA:67,3,0,2
BRDA:67,3,1,1
BRDA:76,4,0,1
BRDA:76,4,1,0
BRDA:120,5,0,14
BRDA:120,5,1,0
BRF:12
BRH:10
end_of_record
TN:
SF:src/services/databaseService.ts
FN:17,(anonymous_0)
FN:28,(anonymous_1)
FN:40,(anonymous_2)
FN:52,(anonymous_3)
FN:64,(anonymous_4)
FN:75,(anonymous_5)
FN:86,(anonymous_6)
FN:98,(anonymous_7)
FN:105,(anonymous_8)
FNF:9
FNH:2
FNDA:0,(anonymous_0)
FNDA:0,(anonymous_1)
FNDA:0,(anonymous_2)
FNDA:0,(anonymous_3)
FNDA:8,(anonymous_4)
FNDA:0,(anonymous_5)
FNDA:0,(anonymous_6)
FNDA:8,(anonymous_7)
FNDA:0,(anonymous_8)
DA:15,43
DA:18,0
DA:22,0
DA:24,0
DA:29,0
DA:31,0
DA:34,0
DA:36,0
DA:41,0
DA:43,0
DA:46,0
DA:48,0
DA:53,0
DA:55,0
DA:58,0
DA:60,0
DA:65,8
DA:67,0
DA:69,0
DA:71,0
DA:76,0
DA:78,0
DA:80,0
DA:82,0
DA:87,0
DA:89,0
DA:91,0
DA:93,0
DA:99,8
DA:100,8
DA:106,0
LF:31
LH:4
BRDA:24,0,0,0
BRDA:24,0,1,0
BRDA:36,1,0,0
BRDA:36,1,1,0
BRDA:48,2,0,0
BRDA:48,2,1,0
BRDA:60,3,0,0
BRDA:60,3,1,0
BRDA:71,4,0,0
BRDA:71,4,1,0
BRDA:82,5,0,0
BRDA:82,5,1,0
BRDA:93,6,0,0
BRDA:93,6,1,0
BRDA:99,7,0,8
BRDA:99,7,1,0
BRF:16
BRH:1
end_of_record
TN:
SF:src/services/moodService.ts
FN:39,(anonymous_0)
FN:49,(anonymous_1)
FN:57,(anonymous_2)
FN:69,(anonymous_3)
FN:73,(anonymous_4)
FN:94,(anonymous_5)
FNF:6
FNH:6
FNDA:5,(anonymous_0)
FNDA:2,(anonymous_1)
FNDA:2,(anonymous_2)
FNDA:2,(anonymous_3)
FNDA:1,(anonymous_4)
FNDA:5,(anonymous_5)
DA:20,2
DA:26,2
DA:34,2
DA:40,5
DA:41,5
DA:42,5
DA:44,0
DA:45,0
DA:50,2
DA:51,2
DA:53,0
DA:58,2
DA:59,2
DA:65,2
DA:66,2
DA:70,2
DA:74,1
DA:75,1
DA:77,1
DA:78,0
DA:90,1
DA:91,1
DA:92,1
DA:94,1
DA:95,5
DA:96,3
DA:97,2
DA:98,2
DA:99,0
DA:100,0
DA:104,1
DA:116,2
LF:32
LH:26
BRDA:34,0,0,2
BRDA:34,0,1,0
BRDA:34,1,0,2
BRDA:34,1,1,2
BRDA:42,2,0,2
BRDA:42,2,1,3
BRDA:61,3,0,2
BRDA:61,3,1,1
BRDA:77,4,0,0
BRDA:77,4,1,1
BRDA:95,5,0,3
BRDA:95,5,1,2
BRDA:95,6,0,5
BRDA:95,6,1,2
BRDA:97,7,0,2
BRDA:97,7,1,0
BRDA:99,8,0,0
BRDA:99,8,1,0
BRF:18
BRH:13
end_of_record
TN:
SF:src/services/notificationService.ts
FN:61,(anonymous_0)
FN:67,(anonymous_1)
FN:71,(anonymous_2)
FN:91,(anonymous_3)
FN:102,(anonymous_4)
FN:103,(anonymous_5)
FN:116,(anonymous_6)
FN:125,(anonymous_7)
FN:137,(anonymous_8)
FN:149,(anonymous_9)
FN:226,(anonymous_10)
FN:276,(anonymous_11)
FN:338,(anonymous_12)
FN:355,(anonymous_13)
FN:396,(anonymous_14)
FN:408,(anonymous_15)
FN:422,(anonymous_16)
FN:429,(anonymous_17)
FN:436,(anonymous_18)
FN:437,(anonymous_19)
FNF:20
FNH:14
FNDA:1,(anonymous_0)
FNDA:1,(anonymous_1)
FNDA:5,(anonymous_2)
FNDA:2,(anonymous_3)
FNDA:1,(anonymous_4)
FNDA:0,(anonymous_5)
FNDA:21,(anonymous_6)
FNDA:1,(anonymous_7)
FNDA:1,(anonymous_8)
FNDA:6,(anonymous_9)
FNDA:6,(anonymous_10)
FNDA:4,(anonymous_11)
FNDA:3,(anonymous_12)
FNDA:9,(anonymous_13)
FNDA:1,(anonymous_14)
FNDA:0,(anonymous_15)
FNDA:0,(anonymous_16)
FNDA:0,(anonymous_17)
FNDA:0,(anonymous_18)
FNDA:0,(anonymous_19)
DA:5,1
DA:20,1
DA:58,21
DA:59,21
DA:63,1
DA:64,1
DA:68,1
DA:72,5
DA:73,0
DA:77,5
DA:78,0
DA:82,5
DA:88,5
DA:92,2
DA:93,1
DA:94,1
DA:95,1
DA:97,1
DA:99,1
DA:103,1
DA:104,0
DA:105,0
DA:108,1
DA:114,21
DA:119,21
DA:126,1
DA:127,1
DA:129,0
DA:130,0
DA:138,1
DA:139,1
DA:141,0
DA:142,0
DA:151,6
DA:152,1
DA:155,5
DA:156,1
DA:160,4
DA:161,4
DA:162,2
DA:165,2
DA:166,1
DA:167,1
DA:170,1
DA:172,1
DA:176,1
DA:177,1
DA:181,1
DA:182,1
DA:183,1
DA:187,1
DA:196,1
DA:209,0
DA:211,0
DA:219,0
DA:228,6
DA:229,3
DA:232,3
DA:233,2
DA:236,1
DA:238,1
DA:247,1
DA:259,0
DA:261,0
DA:269,0
DA:278,4
DA:279,1
DA:283,3
DA:284,3
DA:285,1
DA:288,2
DA:290,2
DA:291,2
DA:292,2
DA:295,2
DA:296,1
DA:300,1
DA:309,1
DA:321,0
DA:323,0
DA:331,0
DA:340,3
DA:341,1
DA:344,2
DA:345,2
DA:347,0
DA:348,0
DA:363,9
DA:364,1
DA:367,8
DA:368,2
DA:371,6
DA:372,2
DA:375,4
DA:376,2
DA:379,2
DA:380,2
DA:388,0
DA:389,0
DA:397,1
DA:398,1
DA:400,0
DA:401,0
DA:409,0
DA:410,0
DA:411,0
DA:414,0
DA:423,0
DA:430,0
DA:437,0
LF:110
LH:80
BRDA:72,0,0,0
BRDA:72,0,1,5
BRDA:77,1,0,0
BRDA:77,1,1,5
BRDA:77,2,0,5
BRDA:77,2,1,5
BRDA:77,2,2,5
BRDA:77,2,3,5
BRDA:92,3,0,1
BRDA:92,3,1,1
BRDA:94,4,0,1
BRDA:94,4,1,0
BRDA:104,5,0,0
BRDA:104,5,1,0
BRDA:119,6,0,21
BRDA:119,6,1,21
BRDA:151,7,0,1
BRDA:151,7,1,5
BRDA:155,8,0,1
BRDA:155,8,1,4
BRDA:155,9,0,5
BRDA:155,9,1,4
BRDA:161,10,0,2
BRDA:161,10,1,2
BRDA:165,11,0,1
BRDA:165,11,1,1
BRDA:182,12,0,1
BRDA:182,12,1,0
BRDA:228,13,0,3
BRDA:228,13,1,3
BRDA:228,14,0,6
BRDA:228,14,1,6
BRDA:228,14,2,5
BRDA:232,15,0,2
BRDA:232,15,1,1
BRDA:232,16,0,3
BRDA:232,16,1,1
BRDA:278,17,0,1
BRDA:278,17,1,3
BRDA:278,18,0,4
BRDA:278,18,1,3
BRDA:284,19,0,1
BRDA:284,19,1,2
BRDA:295,20,0,1
BRDA:295,20,1,1
BRDA:340,21,0,1
BRDA:340,21,1,2
BRDA:340,22,0,3
BRDA:340,22,1,2
BRDA:363,23,0,1
BRDA:363,23,1,8
BRDA:363,24,0,9
BRDA:363,24,1,8
BRDA:367,25,0,2
BRDA:367,25,1,6
BRDA:367,26,0,8
BRDA:367,26,1,6
BRDA:371,27,0,2
BRDA:371,27,1,4
BRDA:371,28,0,6
BRDA:371,28,1,4
BRDA:375,29,0,2
BRDA:375,29,1,2
BRDA:375,30,0,4
BRDA:375,30,1,3
BRDA:409,31,0,0
BRDA:409,31,1,0
BRDA:409,32,0,0
BRDA:409,32,1,0
BRF:69
BRH:59
end_of_record
TN:
SF:src/services/progressService.ts
FN:7,(anonymous_0)
FN:13,(anonymous_1)
FN:31,(anonymous_2)
FN:37,(anonymous_3)
FNF:4
FNH:4
FNDA:4,(anonymous_0)
FNDA:8,(anonymous_1)
FNDA:3,(anonymous_2)
FNDA:28,(anonymous_3)
DA:8,4
DA:9,0
DA:13,4
DA:14,8
DA:17,4
DA:20,4
DA:21,10
DA:22,6
DA:24,4
DA:28,4
DA:32,3
DA:33,0
DA:37,3
DA:38,28
DA:41,3
DA:42,3
DA:44,3
DA:45,16
DA:46,12
DA:47,12
DA:49,4
DA:53,3
LF:22
LH:20
BRDA:8,0,0,0
BRDA:8,0,1,4
BRDA:8,1,0,4
BRDA:8,1,1,4
BRDA:21,2,0,6
BRDA:21,2,1,4
BRDA:32,3,0,0
BRDA:32,3,1,3
BRDA:32,4,0,3
BRDA:32,4,1,3
BRDA:45,5,0,12
BRDA:45,5,1,4
BRF:12
BRH:10
end_of_record
TN:
SF:src/services/sessionService.ts
FN:25,(anonymous_0)
FN:30,(anonymous_1)
FN:38,(anonymous_2)
FN:42,(anonymous_3)
FN:46,(anonymous_4)
FN:50,(anonymous_5)
FN:54,(anonymous_6)
FN:58,(anonymous_7)
FN:75,(anonymous_8)
FN:90,(anonymous_9)
FN:97,(anonymous_10)
FN:104,(anonymous_11)
FN:113,(anonymous_12)
FN:127,(anonymous_13)
FNF:14
FNH:14
FNDA:38,(anonymous_0)
FNDA:35,(anonymous_1)
FNDA:2,(anonymous_2)
FNDA:9,(anonymous_3)
FNDA:9,(anonymous_4)
FNDA:4,(anonymous_5)
FNDA:6,(anonymous_6)
FNDA:29,(anonymous_7)
FNDA:8,(anonymous_8)
FNDA:3,(anonymous_9)
FNDA:2,(anonymous_10)
FNDA:10,(anonymous_11)
FNDA:10,(anonymous_12)
FNDA:10,(anonymous_13)
DA:14,5
DA:15,5
DA:18,38
DA:19,38
DA:20,38
DA:21,38
DA:26,38
DA:27,38
DA:31,35
DA:39,2
DA:43,9
DA:47,9
DA:51,4
DA:55,6
DA:60,29
DA:61,2
DA:63,27
DA:64,1
DA:66,26
DA:67,1
DA:70,25
DA:71,25
DA:72,25
DA:76,8
DA:77,1
DA:80,7
DA:81,7
DA:85,7
DA:86,2
DA:91,3
DA:92,1
DA:94,2
DA:98,2
DA:99,1
DA:101,1
DA:105,10
DA:106,0
DA:109,10
DA:110,10
DA:114,10
DA:124,10
DA:128,10
DA:129,10
DA:130,10
DA:133,8
LF:45
LH:44
BRDA:26,0,0,38
BRDA:26,0,1,35
BRDA:27,1,0,38
BRDA:27,1,1,35
BRDA:60,2,0,2
BRDA:60,2,1,27
BRDA:63,3,0,1
BRDA:63,3,1,26
BRDA:66,4,0,1
BRDA:66,4,1,25
BRDA:76,5,0,1
BRDA:76,5,1,7
BRDA:80,6,0,7
BRDA:80,6,1,0
BRDA:85,7,0,2
BRDA:85,7,1,5
BRDA:91,8,0,1
BRDA:91,8,1,2
BRDA:98,9,0,1
BRDA:98,9,1,1
BRDA:105,10,0,0
BRDA:105,10,1,10
BRDA:128,11,0,10
BRDA:128,11,1,0
BRF:24
BRH:21
end_of_record
TN:
SF:src/services/subscriptionService.ts
FN:20,(anonymous_0)
FN:24,(anonymous_1)
FN:31,(anonymous_2)
FN:73,(anonymous_3)
FN:76,(anonymous_4)
FN:91,(anonymous_5)
FN:96,(anonymous_6)
FN:108,(anonymous_7)
FN:136,(anonymous_8)
FN:137,(anonymous_9)
FN:158,(anonymous_10)
FN:159,(anonymous_11)
FN:180,(anonymous_12)
FN:210,(anonymous_13)
FN:225,(anonymous_14)
FN:235,(anonymous_15)
FN:253,(anonymous_16)
FN:273,(anonymous_17)
FN:294,(anonymous_18)
FN:315,(anonymous_19)
FN:322,(anonymous_20)
FN:332,(anonymous_21)
FN:348,(anonymous_22)
FN:358,(anonymous_23)
FN:379,(anonymous_24)
FN:401,(anonymous_25)
FN:412,(anonymous_26)
FN:437,(anonymous_27)
FN:454,(anonymous_28)
FN:501,(anonymous_29)
FN:516,(anonymous_30)
FN:531,(anonymous_31)
FNF:32
FNH:30
FNDA:31,(anonymous_0)
FNDA:111,(anonymous_1)
FNDA:31,(anonymous_2)
FNDA:93,(anonymous_3)
FNDA:30,(anonymous_4)
FNDA:1,(anonymous_5)
FNDA:39,(anonymous_6)
FNDA:45,(anonymous_7)
FNDA:2,(anonymous_8)
FNDA:2,(anonymous_9)
FNDA:4,(anonymous_10)
FNDA:9,(anonymous_11)
FNDA:13,(anonymous_12)
FNDA:3,(anonymous_13)
FNDA:2,(anonymous_14)
FNDA:1,(anonymous_15)
FNDA:3,(anonymous_16)
FNDA:0,(anonymous_17)
FNDA:28,(anonymous_18)
FNDA:25,(anonymous_19)
FNDA:2,(anonymous_20)
FNDA:1,(anonymous_21)
FNDA:1,(anonymous_22)
FNDA:1,(anonymous_23)
FNDA:0,(anonymous_24)
FNDA:2,(anonymous_25)
FNDA:1,(anonymous_26)
FNDA:8,(anonymous_27)
FNDA:23,(anonymous_28)
FNDA:7,(anonymous_29)
FNDA:1,(anonymous_30)
FNDA:32,(anonymous_31)
DA:13,5
DA:14,5
DA:17,31
DA:18,31
DA:21,31
DA:25,111
DA:26,30
DA:27,30
DA:32,31
DA:73,93
DA:77,30
DA:79,30
DA:80,30
DA:82,17
DA:85,0
DA:87,0
DA:92,1
DA:93,1
DA:97,39
DA:99,39
DA:100,39
DA:101,39
DA:103,39
DA:104,27
DA:108,45
DA:110,39
DA:111,14
DA:115,25
DA:116,25
DA:118,0
DA:119,0
DA:123,25
DA:129,25
DA:131,0
DA:132,0
DA:137,2
DA:138,2
DA:139,0
DA:142,2
DA:152,2
DA:153,2
DA:155,2
DA:159,9
DA:160,4
DA:161,0
DA:164,4
DA:174,4
DA:175,4
DA:177,4
DA:181,13
DA:182,13
DA:183,13
DA:185,13
DA:186,2
DA:190,13
DA:210,13
DA:211,13
DA:212,0
DA:214,13
DA:217,13
DA:219,0
DA:220,0
DA:226,2
DA:228,2
DA:229,2
DA:230,2
DA:231,1
DA:234,1
DA:235,1
DA:237,1
DA:238,0
DA:242,1
DA:243,1
DA:245,1
DA:246,1
DA:248,0
DA:249,0
DA:254,3
DA:256,3
DA:261,3
DA:262,1
DA:263,2
DA:264,2
DA:267,0
DA:268,0
DA:269,0
DA:272,0
DA:273,0
DA:275,0
DA:276,0
DA:279,0
DA:282,3
DA:283,3
DA:284,0
DA:287,3
DA:289,0
DA:290,0
DA:295,28
DA:298,28
DA:299,28
DA:300,22
DA:305,6
DA:306,3
DA:307,3
DA:308,1
DA:311,2
DA:316,25
DA:318,25
DA:319,25
DA:323,2
DA:325,2
DA:326,2
DA:327,2
DA:328,1
DA:331,1
DA:332,1
DA:334,1
DA:335,0
DA:338,1
DA:339,1
DA:343,0
DA:344,0
DA:349,1
DA:351,1
DA:352,1
DA:353,1
DA:354,0
DA:357,1
DA:358,1
DA:360,1
DA:361,0
DA:365,1
DA:366,1
DA:368,1
DA:369,1
DA:371,1
DA:372,1
DA:374,1
DA:375,1
DA:377,1
DA:379,0
DA:380,0
DA:381,0
DA:385,1
DA:388,1
DA:394,1
DA:396,0
DA:397,0
DA:402,2
DA:404,2
DA:406,2
DA:407,2
DA:408,1
DA:411,1
DA:412,1
DA:414,1
DA:415,0
DA:419,1
DA:420,1
DA:423,1
DA:430,1
DA:432,0
DA:433,0
DA:438,8
DA:440,8
DA:442,8
DA:443,0
DA:446,8
DA:447,0
DA:451,8
DA:454,23
DA:455,8
DA:456,1
DA:461,7
DA:462,7
DA:465,0
DA:469,7
DA:470,7
DA:473,7
DA:484,7
DA:485,7
DA:487,7
DA:489,0
DA:491,0
DA:495,0
DA:497,0
DA:502,7
DA:503,7
DA:505,7
DA:507,0
DA:510,0
DA:512,0
DA:517,1
DA:519,1
DA:521,0
DA:524,0
DA:526,0
DA:532,32
DA:533,32
DA:534,32
DA:536,32
DA:538,0
LF:202
LH:150
BRDA:25,0,0,30
BRDA:25,0,1,81
BRDA:80,1,0,17
BRDA:80,1,1,13
BRDA:103,2,0,27
BRDA:103,2,1,12
BRDA:110,3,0,14
BRDA:110,3,1,25
BRDA:116,4,0,0
BRDA:116,4,1,25
BRDA:116,5,0,25
BRDA:116,5,1,0
BRDA:138,6,0,0
BRDA:138,6,1,2
BRDA:160,7,0,0
BRDA:160,7,1,4
BRDA:185,8,0,2
BRDA:185,8,1,11
BRDA:211,9,0,0
BRDA:211,9,1,13
BRDA:230,10,0,1
BRDA:230,10,1,1
BRDA:237,11,0,0
BRDA:237,11,1,1
BRDA:261,12,0,1
BRDA:261,12,1,2
BRDA:263,13,0,2
BRDA:263,13,1,0
BRDA:268,14,0,0
BRDA:268,14,1,0
BRDA:275,15,0,0
BRDA:275,15,1,0
BRDA:275,16,0,0
BRDA:275,16,1,0
BRDA:283,17,0,0
BRDA:283,17,1,3
BRDA:299,18,0,22
BRDA:299,18,1,6
BRDA:305,19,0,3
BRDA:305,19,1,3
BRDA:307,20,0,1
BRDA:307,20,1,2
BRDA:319,21,0,25
BRDA:319,21,1,0
BRDA:327,22,0,1
BRDA:327,22,1,1
BRDA:334,23,0,0
BRDA:334,23,1,1
BRDA:339,24,0,1
BRDA:339,24,1,1
BRDA:339,24,2,1
BRDA:353,25,0,0
BRDA:353,25,1,1
BRDA:360,26,0,0
BRDA:360,26,1,1
BRDA:365,27,0,1
BRDA:365,27,1,0
BRDA:368,28,0,1
BRDA:368,28,1,0
BRDA:371,29,0,1
BRDA:371,29,1,0
BRDA:374,30,0,1
BRDA:374,30,1,0
BRDA:377,31,0,0
BRDA:377,31,1,1
BRDA:380,32,0,0
BRDA:380,32,1,0
BRDA:407,33,0,1
BRDA:407,33,1,1
BRDA:414,34,0,0
BRDA:414,34,1,1
BRDA:442,35,0,0
BRDA:442,35,1,8
BRDA:442,36,0,8
BRDA:442,36,1,8
BRDA:442,36,2,8
BRDA:446,37,0,0
BRDA:446,37,1,8
BRDA:446,38,0,8
BRDA:446,38,1,8
BRDA:446,38,2,8
BRDA:455,39,0,1
BRDA:455,39,1,7
BRDA:462,40,0,0
BRDA:462,40,1,7
BRDA:462,41,0,7
BRDA:462,41,1,0
BRDA:462,41,2,0
BRDA:491,42,0,0
BRDA:491,42,1,0
BRDA:491,43,0,0
BRDA:491,43,1,0
BRDA:491,43,2,0
BRDA:491,43,3,0
BRDA:503,44,0,7
BRDA:503,44,1,0
BRDA:503,44,2,0
BRDA:503,44,3,0
BRDA:517,45,0,1
BRDA:517,45,1,0
BRDA:517,45,2,0
BRDA:517,45,3,0
BRF:102
BRH:59
end_of_record
TN:
SF:src/utils/accessibilityTestUtils.ts
FN:31,(anonymous_0)
FN:33,(anonymous_1)
FN:40,(anonymous_2)
FN:44,(anonymous_3)
FN:48,(anonymous_4)
FN:53,(anonymous_5)
FN:57,(anonymous_6)
FN:61,(anonymous_7)
FN:65,(anonymous_8)
FN:69,(anonymous_9)
FN:73,(anonymous_10)
FN:77,(anonymous_11)
FN:89,(anonymous_12)
FN:123,(anonymous_13)
FN:139,(anonymous_14)
FN:157,(anonymous_15)
FN:172,(anonymous_16)
FN:193,(anonymous_17)
FN:225,(anonymous_18)
FN:227,(anonymous_19)
FN:234,(anonymous_20)
FN:239,(anonymous_21)
FN:243,(anonymous_22)
FN:247,(anonymous_23)
FN:252,(anonymous_24)
FN:264,(anonymous_25)
FN:273,(anonymous_26)
FN:282,(anonymous_27)
FN:290,(anonymous_28)
FN:298,(anonymous_29)
FN:337,(anonymous_30)
FN:365,(anonymous_31)
FN:376,(anonymous_32)
FN:380,(anonymous_33)
FN:387,(anonymous_34)
FN:391,(anonymous_35)
FN:395,(anonymous_36)
FN:399,(anonymous_37)
FN:403,(anonymous_38)
FN:411,(anonymous_39)
FNF:40
FNH:24
FNDA:1,(anonymous_0)
FNDA:23,(anonymous_1)
FNDA:3,(anonymous_2)
FNDA:6,(anonymous_3)
FNDA:19,(anonymous_4)
FNDA:1,(anonymous_5)
FNDA:0,(anonymous_6)
FNDA:1,(anonymous_7)
FNDA:0,(anonymous_8)
FNDA:0,(anonymous_9)
FNDA:0,(anonymous_10)
FNDA:0,(anonymous_11)
FNDA:4,(anonymous_12)
FNDA:2,(anonymous_13)
FNDA:1,(anonymous_14)
FNDA:1,(anonymous_15)
FNDA:0,(anonymous_16)
FNDA:1,(anonymous_17)
FNDA:1,(anonymous_18)
FNDA:19,(anonymous_19)
FNDA:3,(anonymous_20)
FNDA:4,(anonymous_21)
FNDA:4,(anonymous_22)
FNDA:19,(anonymous_23)
FNDA:5,(anonymous_24)
FNDA:0,(anonymous_25)
FNDA:0,(anonymous_26)
FNDA:0,(anonymous_27)
FNDA:3,(anonymous_28)
FNDA:2,(anonymous_29)
FNDA:4,(anonymous_30)
FNDA:2,(anonymous_31)
FNDA:0,(anonymous_32)
FNDA:0,(anonymous_33)
FNDA:0,(anonymous_34)
FNDA:0,(anonymous_35)
FNDA:0,(anonymous_36)
FNDA:0,(anonymous_37)
FNDA:0,(anonymous_38)
FNDA:17,(anonymous_39)
DA:29,1
DA:34,23
DA:35,1
DA:37,23
DA:41,3
DA:45,6
DA:49,19
DA:54,1
DA:58,0
DA:62,1
DA:66,0
DA:70,0
DA:74,0
DA:78,0
DA:99,4
DA:100,3
DA:103,4
DA:104,4
DA:107,3
DA:108,3
DA:111,3
DA:112,1
DA:115,3
DA:116,2
DA:127,2
DA:130,2
DA:131,2
DA:132,2
DA:144,1
DA:151,1
DA:162,1
DA:178,0
DA:180,0
DA:187,0
DA:198,1
DA:201,1
DA:202,1
DA:205,1
DA:208,1
DA:210,1
DA:211,1
DA:222,1
DA:223,1
DA:228,19
DA:229,1
DA:231,19
DA:235,3
DA:236,3
DA:240,4
DA:244,4
DA:248,19
DA:249,19
DA:253,5
DA:260,1
DA:265,0
DA:266,0
DA:268,0
DA:269,0
DA:270,0
DA:271,0
DA:273,0
DA:276,0
DA:283,0
DA:284,0
DA:291,3
DA:299,2
DA:300,2
DA:302,2
DA:303,2
DA:306,2
DA:307,2
DA:310,2
DA:311,0
DA:314,2
DA:315,0
DA:318,2
DA:320,2
DA:321,1
DA:324,1
DA:325,1
DA:326,1
DA:331,2
DA:338,4
DA:341,4
DA:342,1
DA:346,4
DA:347,1
DA:351,4
DA:352,1
DA:355,4
DA:365,1
DA:366,2
DA:367,2
DA:368,1
DA:372,2
DA:374,2
DA:375,0
DA:376,0
DA:378,2
DA:379,0
DA:380,0
DA:385,2
DA:386,0
DA:387,0
DA:389,2
DA:390,0
DA:391,0
DA:393,2
DA:394,0
DA:395,0
DA:397,2
DA:398,0
DA:399,0
DA:401,2
DA:402,0
DA:403,0
DA:411,1
DA:412,17
DA:413,17
DA:415,17
DA:416,17
LF:121
LH:87
BRDA:34,0,0,1
BRDA:34,0,1,22
BRDA:54,1,0,1
BRDA:54,1,1,0
BRDA:58,2,0,0
BRDA:58,2,1,0
BRDA:62,3,0,1
BRDA:62,3,1,1
BRDA:66,4,0,0
BRDA:66,4,1,0
BRDA:70,5,0,0
BRDA:70,5,1,0
BRDA:74,6,0,0
BRDA:74,6,1,0
BRDA:78,7,0,0
BRDA:78,7,1,0
BRDA:99,8,0,3
BRDA:99,8,1,1
BRDA:103,9,0,4
BRDA:103,9,1,0
BRDA:107,10,0,3
BRDA:107,10,1,0
BRDA:111,11,0,1
BRDA:111,11,1,2
BRDA:115,12,0,2
BRDA:115,12,1,1
BRDA:125,13,0,0
BRDA:130,14,0,2
BRDA:130,14,1,0
BRDA:160,15,0,0
BRDA:176,16,0,0
BRDA:178,17,0,0
BRDA:178,17,1,0
BRDA:195,18,0,0
BRDA:205,19,0,1
BRDA:205,19,1,0
BRDA:208,20,0,1
BRDA:208,20,1,0
BRDA:228,21,0,1
BRDA:228,21,1,18
BRDA:264,22,0,0
BRDA:270,23,0,0
BRDA:270,23,1,0
BRDA:291,24,0,3
BRDA:291,24,1,2
BRDA:298,25,0,1
BRDA:300,26,0,2
BRDA:300,26,1,0
BRDA:302,27,0,2
BRDA:302,27,1,0
BRDA:306,28,0,2
BRDA:306,28,1,0
BRDA:310,29,0,0
BRDA:310,29,1,2
BRDA:314,30,0,0
BRDA:314,30,1,2
BRDA:320,31,0,1
BRDA:320,31,1,1
BRDA:321,32,0,1
BRDA:321,32,1,0
BRDA:325,33,0,1
BRDA:325,33,1,0
BRDA:325,34,0,1
BRDA:325,34,1,1
BRDA:341,35,0,1
BRDA:341,35,1,3
BRDA:341,36,0,4
BRDA:341,36,1,2
BRDA:346,37,0,1
BRDA:346,37,1,3
BRDA:346,38,0,4
BRDA:346,38,1,2
BRDA:351,39,0,1
BRDA:351,39,1,3
BRDA:351,40,0,4
BRDA:351,40,1,1
BRDA:367,41,0,1
BRDA:367,41,1,1
BRDA:372,42,0,2
BRDA:372,42,1,0
BRDA:374,43,0,0
BRDA:374,43,1,2
BRDA:374,44,0,2
BRDA:374,44,1,0
BRDA:378,45,0,0
BRDA:378,45,1,2
BRDA:378,46,0,2
BRDA:378,46,1,0
BRDA:385,47,0,0
BRDA:385,47,1,2
BRDA:385,48,0,2
BRDA:385,48,1,0
BRDA:389,49,0,0
BRDA:389,49,1,2
BRDA:389,50,0,2
BRDA:389,50,1,0
BRDA:393,51,0,0
BRDA:393,51,1,2
BRDA:393,52,0,2
BRDA:393,52,1,0
BRDA:397,53,0,0
BRDA:397,53,1,2
BRDA:397,54,0,2
BRDA:397,54,1,0
BRDA:401,55,0,0
BRDA:401,55,1,2
BRDA:401,56,0,2
BRDA:401,56,1,0
BRF:108
BRH:61
end_of_record
TN:
SF:src/utils/audioUtils.ts
FN:11,(anonymous_0)
FN:24,(anonymous_1)
FN:38,(anonymous_2)
FN:46,(anonymous_3)
FN:58,(anonymous_4)
FN:59,(anonymous_5)
FN:70,(anonymous_6)
FNF:7
FNH:7
FNDA:8,(anonymous_0)
FNDA:7,(anonymous_1)
FNDA:10,(anonymous_2)
FNDA:33,(anonymous_3)
FNDA:5,(anonymous_4)
FNDA:5,(anonymous_5)
FNDA:2,(anonymous_6)
DA:11,1
DA:12,8
DA:13,6
DA:14,4
DA:16,2
DA:24,1
DA:25,7
DA:27,7
DA:28,7
DA:30,7
DA:38,1
DA:39,10
DA:41,9
DA:42,9
DA:43,8
DA:44,8
DA:46,33
DA:49,1
DA:58,1
DA:59,5
DA:60,5
DA:61,3
DA:62,3
DA:68,2
DA:70,2
DA:72,2
DA:75,0
LF:27
LH:26
BRDA:12,0,0,2
BRDA:12,0,1,6
BRDA:13,1,0,2
BRDA:13,1,1,4
BRDA:14,2,0,2
BRDA:14,2,1,2
BRDA:25,3,0,1
BRDA:25,3,1,6
BRDA:39,4,0,1
BRDA:39,4,1,9
BRDA:39,5,0,10
BRDA:39,5,1,9
BRDA:60,6,0,3
BRDA:60,6,1,2
BRDA:60,7,0,5
BRDA:60,7,1,2
BRF:16
BRH:16
end_of_record
TN:
SF:src/utils/highContrastUtils.ts
FN:66,(anonymous_0)
FN:84,(anonymous_1)
FN:110,(anonymous_2)
FN:128,(anonymous_3)
FN:137,(anonymous_4)
FN:155,(anonymous_5)
FN:180,(anonymous_6)
FN:215,(anonymous_7)
FN:236,(anonymous_8)
FN:255,(anonymous_9)
FNF:10
FNH:10
FNDA:19,(anonymous_0)
FNDA:4,(anonymous_1)
FNDA:3,(anonymous_2)
FNDA:5,(anonymous_3)
FNDA:12,(anonymous_4)
FNDA:3,(anonymous_5)
FNDA:4,(anonymous_6)
FNDA:3,(anonymous_7)
FNDA:2,(anonymous_8)
FNDA:6,(anonymous_9)
DA:22,3
DA:35,3
DA:48,3
DA:66,3
DA:70,19
DA:71,4
DA:74,15
DA:84,3
DA:89,4
DA:91,4
DA:110,3
DA:114,3
DA:115,1
DA:120,2
DA:128,3
DA:130,5
DA:131,4
DA:132,4
DA:133,4
DA:134,4
DA:137,4
DA:138,12
DA:141,4
DA:145,1
DA:155,3
DA:160,3
DA:161,1
DA:165,2
DA:180,3
DA:186,4
DA:188,4
DA:193,4
DA:194,1
DA:197,4
DA:198,1
DA:202,4
DA:203,3
DA:206,4
DA:215,3
DA:219,3
DA:221,3
DA:228,3
DA:236,3
DA:237,2
DA:238,1
DA:241,1
DA:255,3
DA:261,6
DA:262,6
DA:263,8
DA:264,8
DA:269,6
DA:270,1
DA:274,5
DA:277,5
DA:280,5
DA:281,4
DA:284,5
DA:285,2
DA:288,5
DA:289,2
DA:293,5
DA:294,2
DA:295,3
DA:297,3
DA:298,3
DA:301,5
LF:67
LH:67
BRDA:68,0,0,1
BRDA:70,1,0,4
BRDA:70,1,1,15
BRDA:74,2,0,5
BRDA:74,2,1,10
BRDA:86,3,0,1
BRDA:87,4,0,3
BRDA:92,5,0,4
BRDA:92,5,1,3
BRDA:93,6,0,4
BRDA:93,6,1,3
BRDA:94,7,0,4
BRDA:94,7,1,4
BRDA:95,8,0,4
BRDA:95,8,1,4
BRDA:96,9,0,4
BRDA:96,9,1,4
BRDA:97,10,0,4
BRDA:97,10,1,4
BRDA:98,11,0,4
BRDA:98,11,1,4
BRDA:99,12,0,4
BRDA:99,12,1,4
BRDA:100,13,0,4
BRDA:100,13,1,4
BRDA:114,14,0,1
BRDA:114,14,1,2
BRDA:120,15,0,1
BRDA:120,15,1,1
BRDA:130,16,0,4
BRDA:130,16,1,1
BRDA:130,17,0,5
BRDA:130,17,1,5
BRDA:138,18,0,6
BRDA:138,18,1,6
BRDA:157,19,0,0
BRDA:160,20,0,1
BRDA:160,20,1,2
BRDA:161,21,0,1
BRDA:161,21,1,0
BRDA:167,22,0,2
BRDA:167,22,1,1
BRDA:182,23,0,1
BRDA:193,24,0,1
BRDA:193,24,1,3
BRDA:197,25,0,1
BRDA:197,25,1,3
BRDA:202,26,0,3
BRDA:202,26,1,1
BRDA:203,27,0,3
BRDA:203,27,1,2
BRDA:217,28,0,1
BRDA:224,29,0,2
BRDA:224,29,1,1
BRDA:237,30,0,1
BRDA:237,30,1,1
BRDA:258,31,0,4
BRDA:263,32,0,8
BRDA:263,32,1,0
BRDA:263,33,0,8
BRDA:263,33,1,8
BRDA:269,34,0,1
BRDA:269,34,1,5
BRDA:280,35,0,4
BRDA:280,35,1,1
BRDA:284,36,0,2
BRDA:284,36,1,3
BRDA:288,37,0,2
BRDA:288,37,1,3
BRDA:293,38,0,2
BRDA:293,38,1,3
BRDA:295,39,0,3
BRDA:295,39,1,0
BRF:73
BRH:69
end_of_record
TN:
SF:src/utils/keyboardNavigationUtils.ts
FN:23,(anonymous_0)
FN:27,(anonymous_1)
FN:37,(anonymous_2)
FN:49,(anonymous_3)
FN:51,(anonymous_4)
FN:54,(anonymous_5)
FN:64,(anonymous_6)
FN:71,(anonymous_7)
FN:79,(anonymous_8)
FN:87,(anonymous_9)
FN:95,(anonymous_10)
FN:102,(anonymous_11)
FN:109,(anonymous_12)
FN:116,(anonymous_13)
FN:123,(anonymous_14)
FN:130,(anonymous_15)
FN:137,(anonymous_16)
FN:144,(anonymous_17)
FN:151,(anonymous_18)
FN:161,(anonymous_19)
FN:168,(anonymous_20)
FN:178,(anonymous_21)
FN:179,(anonymous_22)
FN:191,(anonymous_23)
FN:202,(anonymous_24)
FN:205,(anonymous_25)
FN:216,(anonymous_26)
FN:225,(anonymous_27)
FN:238,(anonymous_28)
FN:245,(anonymous_29)
FN:252,(anonymous_30)
FN:259,(anonymous_31)
FN:266,(anonymous_32)
FN:273,(anonymous_33)
FNF:34
FNH:29
FNDA:1,(anonymous_0)
FNDA:34,(anonymous_1)
FNDA:1,(anonymous_2)
FNDA:1,(anonymous_3)
FNDA:1,(anonymous_4)
FNDA:0,(anonymous_5)
FNDA:16,(anonymous_6)
FNDA:8,(anonymous_7)
FNDA:3,(anonymous_8)
FNDA:4,(anonymous_9)
FNDA:10,(anonymous_10)
FNDA:1,(anonymous_11)
FNDA:3,(anonymous_12)
FNDA:1,(anonymous_13)
FNDA:2,(anonymous_14)
FNDA:1,(anonymous_15)
FNDA:2,(anonymous_16)
FNDA:1,(anonymous_17)
FNDA:1,(anonymous_18)
FNDA:4,(anonymous_19)
FNDA:1,(anonymous_20)
FNDA:15,(anonymous_21)
FNDA:4,(anonymous_22)
FNDA:3,(anonymous_23)
FNDA:0,(anonymous_24)
FNDA:0,(anonymous_25)
FNDA:0,(anonymous_26)
FNDA:0,(anonymous_27)
FNDA:9,(anonymous_28)
FNDA:1,(anonymous_29)
FNDA:2,(anonymous_30)
FNDA:1,(anonymous_31)
FNDA:2,(anonymous_32)
FNDA:3,(anonymous_33)
DA:16,1
DA:17,1
DA:18,1
DA:19,1
DA:20,1
DA:21,1
DA:24,1
DA:28,34
DA:29,1
DA:31,34
DA:40,1
DA:42,1
DA:50,1
DA:51,1
DA:53,1
DA:56,0
DA:65,16
DA:72,8
DA:73,8
DA:80,3
DA:81,3
DA:88,4
DA:89,4
DA:96,10
DA:103,1
DA:110,3
DA:117,1
DA:124,2
DA:131,1
DA:138,2
DA:145,1
DA:152,1
DA:153,1
DA:154,1
DA:162,4
DA:169,1
DA:170,1
DA:171,1
DA:179,15
DA:180,4
DA:181,4
DA:183,1
DA:192,3
DA:203,0
DA:205,0
DA:206,0
DA:207,0
DA:217,0
DA:218,0
DA:228,0
DA:233,1
DA:238,1
DA:239,9
DA:245,1
DA:246,1
DA:252,1
DA:253,2
DA:259,1
DA:260,1
DA:266,1
DA:267,2
DA:273,1
DA:274,3
LF:63
LH:55
BRDA:28,0,0,1
BRDA:28,0,1,33
BRDA:40,1,0,1
BRDA:40,1,1,0
BRDA:40,2,0,1
BRDA:40,2,1,0
BRDA:50,3,0,1
BRDA:50,3,1,0
BRDA:50,4,0,1
BRDA:50,4,1,1
BRDA:96,5,0,10
BRDA:96,5,1,7
BRDA:153,6,0,1
BRDA:153,6,1,0
BRDA:170,7,0,1
BRDA:170,7,1,0
BRDA:203,8,0,0
BRDA:203,8,1,0
BRDA:203,9,0,0
BRDA:203,9,1,0
BRDA:206,10,0,0
BRDA:206,10,1,0
BRDA:217,11,0,0
BRDA:217,11,1,0
BRF:24
BRH:11
end_of_record
TN:
SF:src/utils/screenReaderUtils.ts
FN:12,(anonymous_0)
FN:13,(anonymous_1)
FN:17,(anonymous_2)
FN:37,(anonymous_3)
FN:49,(anonymous_4)
FN:61,(anonymous_5)
FN:69,(anonymous_6)
FN:78,(anonymous_7)
FN:86,(anonymous_8)
FN:97,(anonymous_9)
FN:105,(anonymous_10)
FNF:11
FNH:9
FNDA:1,(anonymous_0)
FNDA:1,(anonymous_1)
FNDA:1,(anonymous_2)
FNDA:2,(anonymous_3)
FNDA:2,(anonymous_4)
FNDA:1,(anonymous_5)
FNDA:1,(anonymous_6)
FNDA:1,(anonymous_7)
FNDA:0,(anonymous_8)
FNDA:1,(anonymous_9)
FNDA:0,(anonymous_10)
DA:12,3
DA:13,1
DA:14,1
DA:15,1
DA:17,1
DA:18,1
DA:19,1
DA:22,0
DA:23,0
DA:27,0
DA:28,0
DA:37,3
DA:38,2
DA:39,2
DA:42,0
DA:49,3
DA:50,2
DA:51,2
DA:54,0
DA:61,3
DA:62,1
DA:69,3
DA:70,1
DA:78,3
DA:81,1
DA:82,1
DA:85,0
DA:97,3
DA:100,1
DA:101,1
DA:104,0
LF:31
LH:23
BRDA:14,0,0,1
BRDA:14,0,1,0
BRDA:14,1,0,1
BRDA:14,1,1,1
BRDA:15,2,0,1
BRDA:15,2,1,0
BRDA:38,3,0,2
BRDA:38,3,1,0
BRDA:38,4,0,2
BRDA:38,4,1,2
BRDA:50,5,0,2
BRDA:50,5,1,0
BRDA:50,6,0,2
BRDA:50,6,1,2
BRDA:81,7,0,1
BRDA:81,7,1,0
BRDA:81,8,0,1
BRDA:81,8,1,1
BRDA:100,9,0,1
BRDA:100,9,1,0
BRDA:100,10,0,1
BRDA:100,10,1,1
BRF:22
BRH:16
end_of_record
TN:
SF:src/utils/wcagComplianceUtils.ts
FN:58,(anonymous_0)
FN:92,(anonymous_1)
FN:148,(anonymous_2)
FN:176,(anonymous_3)
FN:203,(anonymous_4)
FN:235,(anonymous_5)
FN:236,(anonymous_6)
FN:247,(anonymous_7)
FN:263,(anonymous_8)
FN:286,(anonymous_9)
FN:438,(anonymous_10)
FN:439,(anonymous_11)
FN:445,(anonymous_12)
FN:446,(anonymous_13)
FN:452,(anonymous_14)
FN:453,(anonymous_15)
FN:459,(anonymous_16)
FN:460,(anonymous_17)
FN:466,(anonymous_18)
FN:467,(anonymous_19)
FN:473,(anonymous_20)
FN:474,(anonymous_21)
FN:475,(anonymous_22)
FN:489,(anonymous_23)
FN:490,(anonymous_24)
FN:495,(anonymous_25)
FNF:26
FNH:26
FNDA:5,(anonymous_0)
FNDA:6,(anonymous_1)
FNDA:4,(anonymous_2)
FNDA:3,(anonymous_3)
FNDA:3,(anonymous_4)
FNDA:10,(anonymous_5)
FNDA:30,(anonymous_6)
FNDA:5,(anonymous_7)
FNDA:10,(anonymous_8)
FNDA:1,(anonymous_9)
FNDA:3,(anonymous_10)
FNDA:26,(anonymous_11)
FNDA:2,(anonymous_12)
FNDA:32,(anonymous_13)
FNDA:2,(anonymous_14)
FNDA:4,(anonymous_15)
FNDA:1,(anonymous_16)
FNDA:4,(anonymous_17)
FNDA:1,(anonymous_18)
FNDA:4,(anonymous_19)
FNDA:3,(anonymous_20)
FNDA:4,(anonymous_21)
FNDA:4,(anonymous_22)
FNDA:2,(anonymous_23)
FNDA:1,(anonymous_24)
FNDA:1,(anonymous_25)
DA:63,5
DA:68,5
DA:70,5
DA:71,4
DA:77,1
DA:96,6
DA:99,6
DA:100,2
DA:106,4
DA:107,4
DA:115,6
DA:116,6
DA:117,2
DA:124,4
DA:133,6
DA:134,1
DA:142,6
DA:152,4
DA:154,4
DA:155,2
DA:161,2
DA:181,3
DA:182,1
DA:193,2
DA:207,3
DA:208,1
DA:213,2
DA:214,1
DA:224,1
DA:236,10
DA:237,30
DA:238,30
DA:241,10
DA:251,5
DA:252,5
DA:254,5
DA:255,5
DA:257,5
DA:265,10
DA:266,2
DA:269,10
DA:271,10
DA:273,0
DA:276,10
DA:294,1
DA:297,1
DA:300,1
DA:301,1
DA:305,1
DA:306,1
DA:309,1
DA:316,1
DA:434,1
DA:439,26
DA:446,32
DA:453,4
DA:460,4
DA:467,4
DA:474,4
DA:475,4
DA:476,3
DA:478,3
DA:479,3
DA:480,3
DA:481,3
DA:482,3
DA:483,3
DA:485,3
DA:486,1
DA:487,1
DA:488,1
DA:489,2
DA:491,1
DA:492,1
DA:493,1
DA:494,1
DA:495,1
DA:497,1
DA:501,3
LF:79
LH:78
BRDA:61,0,0,3
BRDA:68,1,0,1
BRDA:68,1,1,4
BRDA:70,2,0,4
BRDA:70,2,1,1
BRDA:94,3,0,1
BRDA:99,4,0,2
BRDA:99,4,1,4
BRDA:99,5,0,6
BRDA:99,5,1,6
BRDA:106,6,0,4
BRDA:106,6,1,0
BRDA:115,7,0,6
BRDA:115,7,1,0
BRDA:116,8,0,2
BRDA:116,8,1,4
BRDA:133,9,0,1
BRDA:133,9,1,5
BRDA:133,10,0,6
BRDA:133,10,1,2
BRDA:154,11,0,2
BRDA:154,11,1,2
BRDA:154,12,0,4
BRDA:154,12,1,3
BRDA:181,13,0,1
BRDA:181,13,1,2
BRDA:181,14,0,3
BRDA:181,14,1,2
BRDA:207,15,0,1
BRDA:207,15,1,2
BRDA:207,16,0,3
BRDA:207,16,1,2
BRDA:213,17,0,1
BRDA:213,17,1,1
BRDA:213,18,0,2
BRDA:213,18,1,1
BRDA:238,19,0,9
BRDA:238,19,1,21
BRDA:265,20,0,2
BRDA:265,20,1,8
BRDA:271,21,0,0
BRDA:271,21,1,10
BRDA:292,22,0,1
BRDA:300,23,0,1
BRDA:300,23,1,0
BRDA:300,24,0,1
BRDA:300,24,1,1
BRDA:305,25,0,1
BRDA:305,25,1,0
BRDA:305,26,0,1
BRDA:305,26,1,1
BRDA:483,27,0,2
BRDA:483,27,1,1
BRDA:485,28,0,1
BRDA:485,28,1,2
BRDA:492,29,0,1
BRDA:492,29,1,0
BRDA:494,30,0,1
BRDA:494,30,1,0
BRF:59
BRH:52
end_of_record
