TN:
SF:src/animations/breathingAnimation.ts
FN:18,(anonymous_0)
FN:23,(anonymous_1)
FN:24,(anonymous_2)
FN:51,(anonymous_3)
FNF:4
FNH:1
FNDA:4,(anonymous_0)
FNDA:0,(anonymous_1)
FNDA:0,(anonymous_2)
FNDA:0,(anonymous_3)
DA:18,1
DA:19,4
DA:23,0
DA:26,0
DA:49,0
DA:53,0
DA:54,0
LF:7
LH:2
BRDA:22,0,0,4
BRDA:22,0,1,4
BRDA:36,1,0,0
BRDA:36,1,1,0
BRDA:45,2,0,0
BRDA:45,2,1,0
BRF:6
BRH:2
end_of_record
TN:
SF:src/components/audio/AudioControls.tsx
FN:17,(anonymous_0)
FN:32,(anonymous_1)
FN:33,(anonymous_2)
FN:34,(anonymous_3)
FN:42,(anonymous_4)
FN:54,(anonymous_5)
FN:62,(anonymous_6)
FN:74,(anonymous_7)
FN:86,(anonymous_8)
FN:98,(anonymous_9)
FNF:10
FNH:7
FNDA:10,(anonymous_0)
FNDA:1,(anonymous_1)
FNDA:1,(anonymous_2)
FNDA:0,(anonymous_3)
FNDA:0,(anonymous_4)
FNDA:1,(anonymous_5)
FNDA:1,(anonymous_6)
FNDA:1,(anonymous_7)
FNDA:1,(anonymous_8)
FNDA:0,(anonymous_9)
DA:17,1
DA:26,10
DA:29,10
DA:32,1
DA:33,1
DA:37,0
DA:38,0
DA:39,0
DA:45,0
DA:46,0
DA:47,0
DA:54,10
DA:55,1
DA:56,1
DA:62,10
DA:63,1
DA:64,1
DA:65,1
DA:68,0
DA:74,10
DA:75,1
DA:76,1
DA:77,1
DA:80,0
DA:86,10
DA:87,1
DA:88,1
DA:89,1
DA:92,0
DA:98,10
DA:99,0
DA:101,0
DA:102,0
DA:104,0
DA:108,10
DA:155,1
LF:36
LH:23
BRDA:24,0,0,0
BRDA:30,1,0,10
BRDA:30,1,1,0
BRDA:37,2,0,0
BRDA:37,2,1,0
BRDA:45,3,0,0
BRDA:45,3,1,0
BRDA:64,4,0,1
BRDA:64,4,1,0
BRDA:76,5,0,1
BRDA:76,5,1,0
BRDA:88,6,0,1
BRDA:88,6,1,0
BRDA:114,7,0,10
BRDA:114,7,1,8
BRDA:115,8,0,10
BRDA:115,8,1,8
BRDA:115,8,2,4
BRDA:123,9,0,10
BRDA:123,9,1,8
BRDA:124,10,0,10
BRDA:124,10,1,8
BRDA:124,10,2,8
BRDA:133,11,0,10
BRDA:133,11,1,2
BRDA:145,12,0,10
BRDA:145,12,1,0
BRF:27
BRH:17
end_of_record
TN:
SF:src/components/audio/AudioPlayer.tsx
FN:18,(anonymous_0)
FN:28,(anonymous_1)
FN:34,(anonymous_2)
FN:40,(anonymous_3)
FN:44,(anonymous_4)
FNF:5
FNH:5
FNDA:9,(anonymous_0)
FNDA:1,(anonymous_1)
FNDA:1,(anonymous_2)
FNDA:1,(anonymous_3)
FNDA:18,(anonymous_4)
DA:18,1
DA:28,9
DA:29,1
DA:30,1
DA:34,9
DA:35,1
DA:36,1
DA:40,9
DA:41,1
DA:44,9
DA:45,18
DA:46,18
DA:47,18
DA:50,9
DA:52,9
DA:97,1
LF:16
LH:16
BRDA:26,0,0,0
BRDA:29,1,0,1
BRDA:29,1,1,0
BRDA:35,2,0,1
BRDA:35,2,1,0
BRDA:50,3,0,9
BRDA:50,3,1,0
BRDA:75,4,0,1
BRDA:75,4,1,8
BRDA:78,5,0,1
BRDA:78,5,1,8
BRF:11
BRH:7
end_of_record
TN:
SF:src/components/audio/SoundSelector.tsx
FN:11,(anonymous_0)
FN:15,(anonymous_1)
FN:20,(anonymous_2)
FN:22,(anonymous_3)
FN:28,(anonymous_4)
FN:36,(anonymous_5)
FN:43,(anonymous_6)
FN:65,(anonymous_7)
FNF:8
FNH:5
FNDA:8,(anonymous_0)
FNDA:36,(anonymous_1)
FNDA:0,(anonymous_2)
FNDA:36,(anonymous_3)
FNDA:0,(anonymous_4)
FNDA:31,(anonymous_5)
FNDA:0,(anonymous_6)
FNDA:43,(anonymous_7)
DA:11,1
DA:12,8
DA:15,36
DA:18,8
DA:20,0
DA:22,8
DA:23,36
DA:25,36
DA:28,0
DA:36,8
DA:37,31
DA:39,31
DA:43,0
DA:52,8
DA:65,43
DA:76,1
LF:16
LH:13
BRDA:18,0,0,8
BRDA:18,0,1,0
BRDA:27,1,0,36
BRDA:27,1,1,6
BRDA:42,2,0,31
BRDA:42,2,1,8
BRDA:45,3,0,31
BRDA:45,3,1,8
BRF:8
BRH:7
end_of_record
TN:
SF:src/components/auth/LoginScreen.tsx
FN:12,(anonymous_0)
FN:29,(anonymous_1)
FN:43,(anonymous_2)
FN:56,(anonymous_3)
FN:84,(anonymous_4)
FN:89,(anonymous_5)
FN:94,(anonymous_6)
FN:98,(anonymous_7)
FN:123,(anonymous_8)
FN:148,(anonymous_9)
FN:160,(anonymous_10)
FNF:11
FNH:11
FNDA:71,(anonymous_0)
FNDA:13,(anonymous_1)
FNDA:10,(anonymous_2)
FNDA:8,(anonymous_3)
FNDA:11,(anonymous_4)
FNDA:9,(anonymous_5)
FNDA:2,(anonymous_6)
FNDA:1,(anonymous_7)
FNDA:4,(anonymous_8)
FNDA:2,(anonymous_9)
FNDA:1,(anonymous_10)
DA:12,5
DA:18,71
DA:19,71
DA:20,71
DA:21,71
DA:22,71
DA:23,71
DA:24,71
DA:26,71
DA:27,71
DA:29,71
DA:30,13
DA:31,13
DA:32,2
DA:33,2
DA:35,11
DA:36,2
DA:37,2
DA:39,9
DA:40,9
DA:43,71
DA:44,10
DA:45,2
DA:46,2
DA:48,8
DA:49,1
DA:50,1
DA:52,7
DA:53,7
DA:56,71
DA:57,8
DA:58,8
DA:60,8
DA:61,1
DA:62,1
DA:65,7
DA:66,7
DA:68,7
DA:69,7
DA:71,6
DA:72,4
DA:73,4
DA:75,2
DA:78,0
DA:80,6
DA:84,71
DA:85,11
DA:86,11
DA:89,71
DA:90,9
DA:91,9
DA:94,71
DA:95,2
DA:98,71
DA:99,1
DA:102,71
DA:123,4
DA:148,2
DA:160,1
DA:217,5
LF:60
LH:59
BRDA:26,0,0,71
BRDA:26,0,1,60
BRDA:31,1,0,2
BRDA:31,1,1,11
BRDA:35,2,0,2
BRDA:35,2,1,9
BRDA:44,3,0,2
BRDA:44,3,1,8
BRDA:48,4,0,1
BRDA:48,4,1,7
BRDA:60,5,0,1
BRDA:60,5,1,7
BRDA:60,6,0,8
BRDA:60,6,1,7
BRDA:71,7,0,4
BRDA:71,7,1,2
BRDA:75,8,0,2
BRDA:75,8,1,0
BRDA:86,9,0,1
BRDA:86,9,1,10
BRDA:91,10,0,0
BRDA:91,10,1,9
BRDA:106,11,0,71
BRDA:106,11,1,0
BRDA:119,12,0,4
BRDA:119,12,1,67
BRDA:133,13,0,4
BRDA:133,13,1,67
BRDA:144,14,0,3
BRDA:144,14,1,68
BRDA:161,15,0,1
BRDA:161,15,1,70
BRDA:165,16,0,1
BRDA:165,16,1,70
BRDA:169,17,0,3
BRDA:169,17,1,68
BRDA:183,18,0,3
BRDA:183,18,1,68
BRDA:190,19,0,71
BRDA:190,19,1,7
BRDA:197,20,0,7
BRDA:197,20,1,64
BRF:42
BRH:39
end_of_record
TN:
SF:src/components/auth/RegisterScreen.tsx
FN:11,(anonymous_0)
FN:33,(anonymous_1)
FN:55,(anonymous_2)
FN:69,(anonymous_3)
FN:86,(anonymous_4)
FN:99,(anonymous_5)
FN:108,(anonymous_6)
FN:122,(anonymous_7)
FN:146,(anonymous_8)
FN:151,(anonymous_9)
FN:159,(anonymous_10)
FN:164,(anonymous_11)
FN:168,(anonymous_12)
FN:172,(anonymous_13)
FN:203,(anonymous_14)
FN:228,(anonymous_15)
FN:239,(anonymous_16)
FN:272,(anonymous_17)
FN:283,(anonymous_18)
FN:300,(anonymous_19)
FNF:20
FNH:19
FNDA:155,(anonymous_0)
FNDA:155,(anonymous_1)
FNDA:22,(anonymous_2)
FNDA:19,(anonymous_3)
FNDA:20,(anonymous_4)
FNDA:15,(anonymous_5)
FNDA:15,(anonymous_6)
FNDA:15,(anonymous_7)
FNDA:16,(anonymous_8)
FNDA:24,(anonymous_9)
FNDA:14,(anonymous_10)
FNDA:2,(anonymous_11)
FNDA:1,(anonymous_12)
FNDA:0,(anonymous_13)
FNDA:5,(anonymous_14)
FNDA:3,(anonymous_15)
FNDA:1,(anonymous_16)
FNDA:4,(anonymous_17)
FNDA:1,(anonymous_18)
FNDA:11,(anonymous_19)
DA:11,6
DA:16,155
DA:17,155
DA:18,155
DA:19,155
DA:20,155
DA:21,155
DA:22,155
DA:23,155
DA:24,155
DA:25,155
DA:26,155
DA:27,155
DA:29,155
DA:30,155
DA:31,155
DA:33,155
DA:34,155
DA:36,66
DA:37,66
DA:38,66
DA:39,66
DA:40,66
DA:41,66
DA:43,66
DA:52,66
DA:55,155
DA:56,22
DA:57,22
DA:58,6
DA:59,6
DA:61,16
DA:62,3
DA:63,3
DA:65,13
DA:66,13
DA:69,155
DA:70,19
DA:71,6
DA:72,6
DA:74,13
DA:75,2
DA:76,2
DA:78,11
DA:79,2
DA:80,2
DA:82,9
DA:83,9
DA:86,155
DA:87,20
DA:88,6
DA:89,6
DA:91,14
DA:92,3
DA:93,3
DA:95,11
DA:96,11
DA:99,155
DA:100,15
DA:101,7
DA:102,7
DA:104,8
DA:105,8
DA:108,155
DA:109,15
DA:110,15
DA:111,15
DA:112,15
DA:114,15
DA:115,7
DA:116,7
DA:119,8
DA:122,155
DA:123,15
DA:124,7
DA:127,8
DA:128,8
DA:130,8
DA:131,8
DA:133,7
DA:134,5
DA:135,5
DA:137,2
DA:140,0
DA:142,7
DA:146,155
DA:147,16
DA:148,16
DA:151,155
DA:152,24
DA:153,24
DA:154,24
DA:155,0
DA:159,155
DA:160,14
DA:161,14
DA:164,155
DA:165,2
DA:168,155
DA:169,1
DA:172,155
DA:173,0
DA:176,155
DA:178,155
DA:203,5
DA:228,3
DA:239,1
DA:272,4
DA:283,1
DA:301,11
DA:302,11
DA:360,6
LF:112
LH:109
BRDA:29,0,0,155
BRDA:29,0,1,123
BRDA:34,1,0,89
BRDA:34,1,1,66
BRDA:37,2,0,59
BRDA:37,2,1,7
BRDA:38,3,0,40
BRDA:38,3,1,26
BRDA:39,4,0,47
BRDA:39,4,1,19
BRDA:39,5,0,66
BRDA:39,5,1,66
BRDA:40,6,0,55
BRDA:40,6,1,11
BRDA:41,7,0,12
BRDA:41,7,1,54
BRDA:52,8,0,66
BRDA:52,8,1,0
BRDA:57,9,0,6
BRDA:57,9,1,16
BRDA:61,10,0,3
BRDA:61,10,1,13
BRDA:70,11,0,6
BRDA:70,11,1,13
BRDA:74,12,0,2
BRDA:74,12,1,11
BRDA:78,13,0,2
BRDA:78,13,1,9
BRDA:87,14,0,6
BRDA:87,14,1,14
BRDA:91,15,0,3
BRDA:91,15,1,11
BRDA:100,16,0,7
BRDA:100,16,1,8
BRDA:114,17,0,7
BRDA:114,17,1,8
BRDA:114,18,0,15
BRDA:114,18,1,10
BRDA:114,18,2,9
BRDA:114,18,3,8
BRDA:123,19,0,7
BRDA:123,19,1,8
BRDA:133,20,0,5
BRDA:133,20,1,2
BRDA:137,21,0,2
BRDA:137,21,1,0
BRDA:148,22,0,2
BRDA:148,22,1,14
BRDA:153,23,0,1
BRDA:153,23,1,23
BRDA:154,24,0,0
BRDA:154,24,1,24
BRDA:154,25,0,24
BRDA:154,25,1,0
BRDA:161,26,0,1
BRDA:161,26,1,13
BRDA:182,27,0,155
BRDA:182,27,1,0
BRDA:199,28,0,10
BRDA:199,28,1,145
BRDA:213,29,0,10
BRDA:213,29,1,145
BRDA:224,30,0,12
BRDA:224,30,1,143
BRDA:240,31,0,1
BRDA:240,31,1,154
BRDA:244,32,0,1
BRDA:244,32,1,154
BRDA:248,33,0,12
BRDA:248,33,1,143
BRDA:252,34,0,66
BRDA:252,34,1,89
BRDA:268,35,0,12
BRDA:268,35,1,143
BRDA:284,36,0,1
BRDA:284,36,1,154
BRDA:288,37,0,1
BRDA:288,37,1,154
BRDA:292,38,0,12
BRDA:292,38,1,143
BRDA:302,39,0,1
BRDA:302,39,1,10
BRDA:308,40,0,155
BRDA:308,40,1,26
BRDA:309,41,0,155
BRDA:309,41,1,26
BRDA:321,42,0,9
BRDA:321,42,1,146
BRDA:325,43,0,12
BRDA:325,43,1,143
BRDA:332,44,0,155
BRDA:332,44,1,8
BRDA:339,45,0,8
BRDA:339,45,1,147
BRF:94
BRH:89
end_of_record
TN:
SF:src/components/breathing/BreathingCircle.tsx
FN:12,(anonymous_0)
FN:22,(anonymous_1)
FN:83,(anonymous_2)
FNF:3
FNH:3
FNDA:7,(anonymous_0)
FNDA:7,(anonymous_1)
FNDA:6,(anonymous_2)
DA:12,1
DA:19,7
DA:20,7
DA:22,7
DA:23,7
DA:25,1
DA:37,1
DA:41,6
DA:79,6
DA:80,6
DA:83,6
DA:84,6
DA:88,7
DA:106,1
LF:14
LH:14
BRDA:13,0,0,7
BRDA:14,1,0,7
BRDA:15,2,0,4
BRDA:16,3,0,5
BRDA:23,4,0,1
BRDA:23,4,1,6
BRF:6
BRH:6
end_of_record
TN:
SF:src/components/breathing/BreathingScreen.tsx
FN:15,(anonymous_0)
FN:33,(anonymous_1)
FN:36,(anonymous_2)
FN:37,(anonymous_3)
FN:47,(anonymous_4)
FN:64,(anonymous_5)
FN:67,(anonymous_6)
FN:68,(anonymous_7)
FN:76,(anonymous_8)
FNF:9
FNH:4
FNDA:6,(anonymous_0)
FNDA:6,(anonymous_1)
FNDA:0,(anonymous_2)
FNDA:0,(anonymous_3)
FNDA:0,(anonymous_4)
FNDA:6,(anonymous_5)
FNDA:0,(anonymous_6)
FNDA:0,(anonymous_7)
FNDA:12,(anonymous_8)
DA:15,3
DA:20,6
DA:21,6
DA:22,6
DA:23,6
DA:24,6
DA:27,6
DA:28,6
DA:29,6
DA:30,6
DA:33,6
DA:34,6
DA:36,6
DA:37,0
DA:38,0
DA:39,0
DA:40,0
DA:41,0
DA:43,0
DA:47,0
DA:48,0
DA:50,0
DA:51,0
DA:52,0
DA:53,0
DA:54,0
DA:55,0
DA:57,0
DA:60,0
DA:64,6
DA:67,6
DA:68,0
DA:69,0
DA:70,0
DA:72,0
DA:76,6
DA:77,12
DA:79,12
DA:81,0
DA:83,0
DA:85,0
DA:89,6
DA:149,3
LF:43
LH:20
BRDA:16,0,0,4
BRDA:34,1,0,0
BRDA:34,1,1,6
BRDA:34,2,0,6
BRDA:34,2,1,6
BRDA:38,3,0,0
BRDA:38,3,1,0
BRDA:50,4,0,0
BRDA:50,4,1,0
BRDA:52,5,0,0
BRDA:52,5,1,0
BRDA:54,6,0,0
BRDA:54,6,1,0
BRDA:69,7,0,0
BRDA:69,7,1,0
BRDA:77,8,0,12
BRDA:77,8,1,0
BRDA:77,8,2,0
BRDA:77,8,3,0
BRDA:120,9,0,6
BRDA:120,9,1,6
BRDA:137,10,0,0
BRDA:137,10,1,6
BRDA:141,11,0,0
BRDA:141,11,1,6
BRF:25
BRH:9
end_of_record
TN:
SF:src/components/breathing/OrganicBlob.tsx
FN:12,(anonymous_0)
FN:23,(anonymous_1)
FN:103,(anonymous_2)
FNF:3
FNH:3
FNDA:6,(anonymous_0)
FNDA:6,(anonymous_1)
FNDA:6,(anonymous_2)
DA:12,3
DA:18,6
DA:19,6
DA:20,6
DA:21,6
DA:23,6
DA:24,6
DA:25,0
DA:26,0
DA:27,0
DA:28,0
DA:32,6
DA:72,6
DA:82,6
DA:99,6
DA:100,6
DA:101,6
DA:103,6
DA:104,6
DA:105,6
DA:106,6
DA:110,6
DA:115,6
DA:120,6
DA:125,6
DA:184,3
LF:26
LH:22
BRDA:13,0,0,0
BRDA:14,1,0,0
BRDA:15,2,0,0
BRDA:24,3,0,0
BRDA:24,3,1,6
BRF:5
BRH:1
end_of_record
TN:
SF:src/components/common/AccessibleButton.tsx
FN:19,(anonymous_0)
FN:30,(anonymous_1)
FNF:2
FNH:2
FNDA:13,(anonymous_0)
FNDA:1,(anonymous_1)
DA:19,2
DA:28,13
DA:30,13
DA:31,1
DA:33,1
DA:34,1
DA:35,1
DA:39,13
DA:46,13
DA:68,2
LF:10
LH:10
BRDA:22,0,0,12
BRDA:31,1,0,1
BRDA:31,1,1,0
BRDA:33,2,0,1
BRDA:33,2,1,0
BRDA:41,3,0,13
BRDA:41,3,1,3
BRDA:42,4,0,13
BRDA:42,4,1,1
BRDA:52,5,0,13
BRDA:52,5,1,10
BRDA:60,6,0,13
BRDA:60,6,1,1
BRF:13
BRH:11
end_of_record
TN:
SF:src/components/common/AccessibleTextInput.tsx
FN:22,(anonymous_0)
FN:36,(anonymous_1)
FNF:2
FNH:2
FNDA:10,(anonymous_0)
FNDA:1,(anonymous_1)
DA:22,2
DA:34,10
DA:36,10
DA:37,1
DA:40,1
DA:41,0
DA:43,1
DA:47,10
DA:78,2
LF:9
LH:8
BRDA:29,0,0,9
BRDA:31,1,0,9
BRDA:32,2,0,9
BRDA:40,3,0,0
BRDA:40,3,1,1
BRDA:40,4,0,1
BRDA:40,4,1,0
BRDA:58,5,0,10
BRDA:58,5,1,1
BRDA:59,6,0,10
BRDA:59,6,1,1
BRDA:64,7,0,10
BRDA:64,7,1,1
BRDA:65,8,0,10
BRDA:65,8,1,1
BRDA:69,9,0,10
BRDA:69,9,1,1
BRDA:69,9,2,1
BRF:18
BRH:16
end_of_record
TN:
SF:src/components/common/ErrorBoundary.tsx
FN:17,(anonymous_0)
FN:22,(anonymous_1)
FN:26,(anonymous_2)
FN:35,(anonymous_3)
FN:39,(anonymous_4)
FNF:5
FNH:4
FNDA:4,(anonymous_0)
FNDA:4,(anonymous_1)
FNDA:2,(anonymous_2)
FNDA:0,(anonymous_3)
FNDA:8,(anonymous_4)
DA:18,4
DA:19,4
DA:23,4
DA:27,2
DA:30,2
DA:31,0
DA:35,4
DA:36,0
DA:40,8
DA:42,4
DA:43,0
DA:44,0
DA:48,4
DA:63,4
DA:67,3
LF:15
LH:11
BRDA:30,0,0,0
BRDA:30,0,1,2
BRDA:40,1,0,4
BRDA:40,1,1,4
BRDA:42,2,0,0
BRDA:42,2,1,4
BRDA:52,3,0,4
BRDA:52,3,1,0
BRDA:54,4,0,4
BRDA:54,4,1,4
BRF:10
BRH:7
end_of_record
TN:
SF:src/components/common/GlowingLoop.tsx
FN:12,(anonymous_0)
FN:22,(anonymous_1)
FN:80,(anonymous_2)
FNF:3
FNH:0
FNDA:0,(anonymous_0)
FNDA:0,(anonymous_1)
FNDA:0,(anonymous_2)
DA:12,3
DA:18,0
DA:19,0
DA:20,0
DA:22,0
DA:23,0
DA:24,0
DA:25,0
DA:26,0
DA:27,0
DA:31,0
DA:41,0
DA:59,0
DA:76,0
DA:77,0
DA:78,0
DA:80,0
DA:81,0
DA:82,0
DA:83,0
DA:87,0
DA:92,0
DA:93,0
DA:95,0
DA:148,3
LF:25
LH:2
BRDA:13,0,0,0
BRDA:14,1,0,0
BRDA:16,2,0,0
BRDA:23,3,0,0
BRDA:23,3,1,0
BRF:5
BRH:0
end_of_record
TN:
SF:src/components/common/MulticolorBlob.tsx
FN:11,(anonymous_0)
FN:21,(anonymous_1)
FN:92,(anonymous_2)
FNF:3
FNH:0
FNDA:0,(anonymous_0)
FNDA:0,(anonymous_1)
FNDA:0,(anonymous_2)
DA:11,2
DA:16,0
DA:17,0
DA:18,0
DA:19,0
DA:21,0
DA:22,0
DA:25,0
DA:35,0
DA:53,0
DA:70,0
DA:87,0
DA:88,0
DA:89,0
DA:90,0
DA:92,0
DA:93,0
DA:94,0
DA:95,0
DA:96,0
DA:100,0
DA:105,0
DA:110,0
DA:115,0
DA:120,0
DA:125,0
DA:130,0
DA:206,2
LF:28
LH:2
BRDA:12,0,0,0
BRDA:13,1,0,0
BRDA:22,2,0,0
BRDA:22,2,1,0
BRF:4
BRH:0
end_of_record
TN:
SF:src/components/mood/MoodButton.tsx
FN:11,(anonymous_0)
FN:12,(anonymous_1)
FNF:2
FNH:2
FNDA:17,(anonymous_0)
FNDA:1,(anonymous_1)
DA:11,3
DA:12,17
DA:13,1
DA:16,17
DA:34,3
LF:5
LH:5
BRDA:20,0,0,17
BRDA:20,0,1,1
BRDA:21,1,0,17
BRDA:21,1,1,9
BRDA:22,2,0,17
BRDA:22,2,1,4
BRDA:23,3,0,17
BRDA:23,3,1,4
BRF:8
BRH:8
end_of_record
TN:
SF:src/components/mood/MoodSelector.tsx
FN:12,(anonymous_0)
FN:19,(anonymous_1)
FN:29,(anonymous_2)
FNF:3
FNH:3
FNDA:7,(anonymous_0)
FNDA:1,(anonymous_1)
FNDA:28,(anonymous_2)
DA:12,2
DA:17,7
DA:19,7
DA:20,1
DA:23,7
DA:30,28
DA:46,2
LF:7
LH:7
BRF:0
BRH:0
end_of_record
TN:
SF:src/components/navigation/BottomSheet.tsx
FN:8,(anonymous_0)
FNF:1
FNH:0
FNDA:0,(anonymous_0)
DA:8,1
DA:12,0
DA:13,0
DA:16,0
LF:4
LH:1
BRDA:9,0,0,0
BRDA:12,1,0,0
BRDA:12,1,1,0
BRF:3
BRH:0
end_of_record
TN:
SF:src/components/navigation/BottomSheetItem.tsx
FN:11,(anonymous_0)
FNF:1
FNH:0
FNDA:0,(anonymous_0)
DA:11,1
DA:18,0
LF:2
LH:1
BRF:0
BRH:0
end_of_record
TN:
SF:src/components/onboarding/OnboardingFlow.tsx
FN:5,(anonymous_0)
FNF:1
FNH:0
FNDA:0,(anonymous_0)
DA:5,3
DA:14,0
DA:16,0
DA:17,0
DA:21,0
DA:27,0
DA:29,0
DA:30,0
DA:33,0
LF:9
LH:1
BRDA:16,0,0,0
BRDA:16,0,1,0
BRDA:29,1,0,0
BRDA:29,1,1,0
BRF:4
BRH:0
end_of_record
TN:
SF:src/components/onboarding/OnboardingProgress.tsx
FN:9,(anonymous_0)
FNF:1
FNH:0
FNDA:0,(anonymous_0)
DA:9,1
DA:13,0
DA:15,0
LF:3
LH:1
BRF:0
BRH:0
end_of_record
TN:
SF:src/components/onboarding/OnboardingScreen.tsx
FN:14,(anonymous_0)
FNF:1
FNH:0
FNDA:0,(anonymous_0)
DA:14,4
DA:23,0
LF:2
LH:1
BRF:0
BRH:0
end_of_record
TN:
SF:src/components/onboarding/OnboardingStep.tsx
FN:12,(anonymous_0)
FNF:1
FNH:0
FNDA:0,(anonymous_0)
DA:12,1
DA:19,0
LF:2
LH:1
BRF:0
BRH:0
end_of_record
TN:
SF:src/components/progress/AchievementBadge.tsx
FN:10,(anonymous_0)
FNF:1
FNH:1
FNDA:4,(anonymous_0)
DA:10,2
DA:11,4
LF:2
LH:2
BRDA:15,0,0,2
BRDA:15,0,1,2
BRF:2
BRH:2
end_of_record
TN:
SF:src/components/progress/ProgressChart.tsx
FN:8,(anonymous_0)
FNF:1
FNH:1
FNDA:4,(anonymous_0)
DA:8,2
DA:9,4
LF:2
LH:2
BRF:0
BRH:0
end_of_record
TN:
SF:src/components/progress/ProgressIndicator.tsx
FN:9,(anonymous_0)
FNF:1
FNH:1
FNDA:4,(anonymous_0)
DA:9,2
DA:10,4
LF:2
LH:2
BRF:0
BRH:0
end_of_record
TN:
SF:src/components/progress/ProgressScreen.tsx
FN:12,(anonymous_0)
FN:27,(anonymous_1)
FN:35,(anonymous_2)
FNF:3
FNH:0
FNDA:0,(anonymous_0)
FNDA:0,(anonymous_1)
FNDA:0,(anonymous_2)
DA:12,1
DA:13,0
DA:15,0
DA:27,0
DA:35,0
LF:5
LH:1
BRF:0
BRH:0
end_of_record
TN:
SF:src/components/progress/StreakCounter.tsx
FN:8,(anonymous_0)
FNF:1
FNH:1
FNDA:4,(anonymous_0)
DA:8,2
DA:9,4
LF:2
LH:2
BRF:0
BRH:0
end_of_record
TN:
SF:src/components/session/SessionControls.tsx
FN:10,(anonymous_0)
FNF:1
FNH:1
FNDA:3,(anonymous_0)
DA:10,5
DA:15,3
LF:2
LH:2
BRF:0
BRH:0
end_of_record
TN:
SF:src/components/session/SessionScreen.tsx
FN:12,(anonymous_0)
FN:28,(anonymous_1)
FN:37,(anonymous_2)
FN:48,(anonymous_3)
FN:55,(anonymous_4)
FN:62,(anonymous_5)
FN:69,(anonymous_6)
FN:87,(anonymous_7)
FN:94,(anonymous_8)
FN:102,(anonymous_9)
FN:118,(anonymous_10)
FN:130,(anonymous_11)
FN:145,(anonymous_12)
FNF:13
FNH:10
FNDA:33,(anonymous_0)
FNDA:8,(anonymous_1)
FNDA:2,(anonymous_2)
FNDA:21,(anonymous_3)
FNDA:2,(anonymous_4)
FNDA:2,(anonymous_5)
FNDA:2,(anonymous_6)
FNDA:0,(anonymous_7)
FNDA:2,(anonymous_8)
FNDA:0,(anonymous_9)
FNDA:12,(anonymous_10)
FNDA:0,(anonymous_11)
FNDA:33,(anonymous_12)
DA:12,5
DA:22,33
DA:24,33
DA:25,33
DA:26,33
DA:28,33
DA:29,8
DA:30,0
DA:31,0
DA:33,8
DA:34,8
DA:37,33
DA:38,2
DA:39,2
DA:40,0
DA:41,0
DA:43,2
DA:44,2
DA:45,2
DA:48,33
DA:49,21
DA:55,2
DA:62,2
DA:69,2
DA:87,0
DA:94,2
DA:102,33
DA:103,0
DA:118,33
DA:121,12
DA:122,12
DA:124,12
DA:132,0
DA:133,0
DA:134,0
DA:135,0
DA:136,0
DA:145,33
DA:147,33
DA:148,12
DA:151,21
DA:152,0
DA:156,21
DA:157,11
DA:160,10
DA:163,33
DA:180,5
LF:47
LH:35
BRDA:29,0,0,0
BRDA:29,0,1,8
BRDA:29,1,0,8
BRDA:29,1,1,8
BRDA:39,2,0,0
BRDA:39,2,1,2
BRDA:39,3,0,2
BRDA:39,3,1,2
BRDA:39,3,2,2
BRDA:75,4,0,4
BRDA:75,4,1,17
BRDA:110,5,0,0
BRDA:110,5,1,0
BRDA:121,6,0,8
BRDA:121,6,1,4
BRDA:122,7,0,6
BRDA:122,7,1,6
BRDA:135,8,0,0
BRDA:135,8,1,0
BRDA:147,9,0,12
BRDA:147,9,1,21
BRDA:151,10,0,0
BRDA:151,10,1,21
BRDA:151,11,0,21
BRDA:151,11,1,21
BRDA:156,12,0,11
BRDA:156,12,1,10
BRDA:156,13,0,21
BRDA:156,13,1,11
BRDA:156,13,2,11
BRDA:156,13,3,11
BRF:31
BRH:24
end_of_record
TN:
SF:src/components/session/TimerDisplay.tsx
FN:9,(anonymous_0)
FNF:1
FNH:1
FNDA:6,(anonymous_0)
DA:9,5
DA:10,6
LF:2
LH:2
BRF:0
BRH:0
end_of_record
TN:
SF:src/components/subscription/Paywall.tsx
FN:18,(anonymous_0)
FN:40,(anonymous_1)
FN:44,(anonymous_2)
FN:83,(anonymous_3)
FN:87,(anonymous_4)
FN:116,(anonymous_5)
FN:156,(anonymous_6)
FN:170,(anonymous_7)
FN:183,(anonymous_8)
FNF:9
FNH:8
FNDA:15,(anonymous_0)
FNDA:8,(anonymous_1)
FNDA:8,(anonymous_2)
FNDA:1,(anonymous_3)
FNDA:8,(anonymous_4)
FNDA:0,(anonymous_5)
FNDA:8,(anonymous_6)
FNDA:15,(anonymous_7)
FNDA:1,(anonymous_8)
DA:18,1
DA:27,15
DA:28,15
DA:29,15
DA:30,15
DA:31,15
DA:37,15
DA:38,15
DA:40,15
DA:41,8
DA:44,15
DA:45,8
DA:46,8
DA:47,8
DA:50,8
DA:51,6
DA:54,6
DA:55,6
DA:58,6
DA:60,3
DA:70,3
DA:74,3
DA:77,1
DA:79,7
DA:83,15
DA:84,1
DA:87,15
DA:88,8
DA:89,6
DA:92,15
DA:93,8
DA:102,7
DA:103,1
DA:115,6
DA:116,0
DA:157,8
DA:171,15
DA:183,1
DA:204,1
LF:39
LH:38
BRDA:37,0,0,15
BRDA:37,0,1,15
BRDA:38,1,0,15
BRDA:38,1,1,15
BRDA:58,2,0,3
BRDA:58,2,1,3
BRDA:88,3,0,2
BRDA:88,3,1,6
BRDA:92,4,0,8
BRDA:92,4,1,7
BRDA:102,5,0,1
BRDA:102,5,1,6
BRDA:128,6,0,6
BRDA:128,6,1,3
BRDA:138,7,0,6
BRDA:138,7,1,1
BRDA:147,8,0,6
BRDA:147,8,1,5
BRDA:147,8,2,1
BRDA:147,8,3,1
BRDA:155,9,0,5
BRDA:155,9,1,1
BRDA:155,10,0,6
BRDA:155,10,1,5
BRDA:162,11,0,8
BRDA:162,11,1,6
BRDA:181,12,0,8
BRDA:181,12,1,3
BRDA:187,13,0,3
BRDA:187,13,1,5
BRF:30
BRH:30
end_of_record
TN:
SF:src/components/subscription/PaywallErrorBoundary.tsx
FN:16,(anonymous_0)
FN:21,(anonymous_1)
FN:25,(anonymous_2)
FN:29,(anonymous_3)
FN:36,(anonymous_4)
FNF:5
FNH:2
FNDA:6,(anonymous_0)
FNDA:0,(anonymous_1)
FNDA:0,(anonymous_2)
FNDA:0,(anonymous_3)
FNDA:6,(anonymous_4)
DA:17,6
DA:18,6
DA:22,0
DA:26,0
DA:29,6
DA:30,0
DA:31,0
DA:32,0
DA:37,6
DA:39,0
DA:40,0
DA:44,0
DA:57,6
DA:61,1
LF:14
LH:6
BRDA:31,0,0,0
BRDA:31,0,1,0
BRDA:37,1,0,0
BRDA:37,1,1,6
BRDA:39,2,0,0
BRDA:39,2,1,0
BRDA:48,3,0,0
BRDA:48,3,1,0
BRF:8
BRH:1
end_of_record
TN:
SF:src/components/subscription/SubscriptionManagement.tsx
FN:12,(anonymous_0)
FN:24,(anonymous_1)
FN:28,(anonymous_2)
FN:47,(anonymous_3)
FN:52,(anonymous_4)
FN:60,(anonymous_5)
FN:64,(anonymous_6)
FN:76,(anonymous_7)
FN:90,(anonymous_8)
FN:180,(anonymous_9)
FN:191,(anonymous_10)
FN:231,(anonymous_11)
FNF:12
FNH:11
FNDA:23,(anonymous_0)
FNDA:11,(anonymous_1)
FNDA:13,(anonymous_2)
FNDA:10,(anonymous_3)
FNDA:11,(anonymous_4)
FNDA:1,(anonymous_5)
FNDA:1,(anonymous_6)
FNDA:1,(anonymous_7)
FNDA:1,(anonymous_8)
FNDA:7,(anonymous_9)
FNDA:1,(anonymous_10)
FNDA:0,(anonymous_11)
DA:12,1
DA:17,23
DA:18,23
DA:19,23
DA:20,23
DA:22,23
DA:24,23
DA:25,11
DA:28,23
DA:29,13
DA:30,13
DA:31,13
DA:33,13
DA:38,11
DA:39,11
DA:41,1
DA:43,12
DA:47,23
DA:48,10
DA:49,10
DA:52,23
DA:53,11
DA:60,23
DA:61,1
DA:64,1
DA:65,1
DA:68,1
DA:77,1
DA:78,1
DA:79,1
DA:80,1
DA:82,0
DA:90,23
DA:91,1
DA:93,1
DA:94,1
DA:95,1
DA:96,1
DA:98,0
DA:102,23
DA:103,11
DA:112,12
DA:113,1
DA:125,11
DA:181,7
DA:191,1
DA:231,0
DA:243,1
LF:48
LH:45
BRDA:22,0,0,23
BRDA:22,0,1,23
BRDA:48,1,0,0
BRDA:48,1,1,10
BRDA:49,2,0,10
BRDA:49,2,1,0
BRDA:61,3,0,0
BRDA:61,3,1,1
BRDA:78,4,0,1
BRDA:78,4,1,0
BRDA:91,5,0,0
BRDA:91,5,1,1
BRDA:94,6,0,1
BRDA:94,6,1,0
BRDA:102,7,0,11
BRDA:102,7,1,12
BRDA:112,8,0,1
BRDA:112,8,1,11
BRDA:137,9,0,10
BRDA:137,9,1,1
BRDA:149,10,0,10
BRDA:149,10,1,7
BRDA:150,11,0,10
BRDA:150,11,1,3
BRDA:152,12,0,7
BRDA:152,12,1,3
BRDA:165,13,0,10
BRDA:165,13,1,1
BRDA:196,14,0,3
BRDA:196,14,1,7
BRF:30
BRH:24
end_of_record
TN:
SF:src/config/theme.ts
FNF:0
FNH:0
DA:4,3
DA:38,3
DA:47,3
DA:55,3
DA:72,3
DA:90,3
LF:6
LH:6
BRF:0
BRH:0
end_of_record
TN:
SF:src/data/ambientSounds.ts
FN:99,(anonymous_0)
FN:100,(anonymous_1)
FN:103,(anonymous_2)
FN:104,(anonymous_3)
FN:107,(anonymous_4)
FN:108,(anonymous_5)
FN:111,(anonymous_6)
FN:112,(anonymous_7)
FNF:8
FNH:0
FNDA:0,(anonymous_0)
FNDA:0,(anonymous_1)
FNDA:0,(anonymous_2)
FNDA:0,(anonymous_3)
FNDA:0,(anonymous_4)
FNDA:0,(anonymous_5)
FNDA:0,(anonymous_6)
FNDA:0,(anonymous_7)
DA:18,14
DA:99,14
DA:100,0
DA:103,14
DA:104,0
DA:107,14
DA:108,0
DA:111,14
DA:112,0
LF:9
LH:5
BRF:0
BRH:0
end_of_record
TN:
SF:src/data/moodOptions.ts
FN:41,(anonymous_0)
FN:45,(anonymous_1)
FN:46,(anonymous_2)
FNF:3
FNH:3
FNDA:10,(anonymous_0)
FNDA:2,(anonymous_1)
FNDA:5,(anonymous_2)
DA:14,8
DA:41,8
DA:42,10
DA:45,8
DA:46,5
LF:5
LH:5
BRF:0
BRH:0
end_of_record
TN:
SF:src/hooks/useAudioPlayer.ts
FN:18,(anonymous_0)
FN:33,(anonymous_1)
FN:35,(anonymous_2)
FN:40,(anonymous_3)
FN:48,(anonymous_4)
FN:70,(anonymous_5)
FN:82,(anonymous_6)
FN:100,(anonymous_7)
FN:112,(anonymous_8)
FN:130,(anonymous_9)
FN:147,(anonymous_10)
FN:158,(anonymous_11)
FN:178,(anonymous_12)
FN:193,(anonymous_13)
FN:195,(anonymous_14)
FN:210,(anonymous_15)
FNF:16
FNH:14
FNDA:23,(anonymous_0)
FNDA:9,(anonymous_1)
FNDA:9,(anonymous_2)
FNDA:5,(anonymous_3)
FNDA:6,(anonymous_4)
FNDA:35,(anonymous_5)
FNDA:2,(anonymous_6)
FNDA:7,(anonymous_7)
FNDA:2,(anonymous_8)
FNDA:0,(anonymous_9)
FNDA:1,(anonymous_10)
FNDA:9,(anonymous_11)
FNDA:14,(anonymous_12)
FNDA:9,(anonymous_13)
FNDA:0,(anonymous_14)
FNDA:9,(anonymous_15)
DA:18,1
DA:19,23
DA:20,23
DA:21,23
DA:22,23
DA:23,23
DA:26,23
DA:28,23
DA:30,23
DA:33,23
DA:34,9
DA:35,9
DA:36,9
DA:40,23
DA:41,5
DA:42,5
DA:43,5
DA:45,5
DA:48,23
DA:49,6
DA:51,6
DA:52,6
DA:54,5
DA:55,5
DA:57,5
DA:60,5
DA:61,5
DA:62,5
DA:63,5
DA:64,5
DA:65,5
DA:68,5
DA:70,35
DA:71,5
DA:72,5
DA:78,0
DA:82,23
DA:83,2
DA:84,2
DA:85,2
DA:87,1
DA:90,1
DA:91,1
DA:92,1
DA:93,1
DA:94,1
DA:95,1
DA:98,1
DA:100,7
DA:101,1
DA:102,1
DA:108,0
DA:112,23
DA:113,2
DA:114,2
DA:115,2
DA:117,1
DA:120,1
DA:121,1
DA:122,1
DA:123,1
DA:124,1
DA:125,1
DA:128,1
DA:130,0
DA:131,0
DA:132,0
DA:136,1
DA:137,1
DA:143,0
DA:147,23
DA:149,1
DA:150,0
DA:151,0
DA:153,1
DA:154,1
DA:158,23
DA:160,9
DA:162,9
DA:164,9
DA:167,9
DA:169,9
DA:170,9
DA:171,9
DA:172,9
DA:173,9
DA:176,9
DA:178,14
DA:179,2
DA:180,2
DA:184,7
DA:188,0
DA:193,23
DA:194,9
DA:195,9
DA:197,0
DA:198,0
DA:204,9
DA:207,9
DA:210,9
DA:211,9
DA:212,9
DA:213,9
DA:217,9
DA:220,0
DA:225,23
LF:106
LH:94
BRDA:45,0,0,5
BRDA:45,0,1,0
BRDA:52,1,0,1
BRDA:52,1,1,5
BRDA:55,2,0,5
BRDA:55,2,1,0
BRDA:60,3,0,5
BRDA:60,3,1,0
BRDA:68,4,0,5
BRDA:68,4,1,0
BRDA:71,5,0,5
BRDA:71,5,1,0
BRDA:71,6,0,5
BRDA:71,6,1,5
BRDA:85,7,0,1
BRDA:85,7,1,1
BRDA:90,8,0,1
BRDA:90,8,1,0
BRDA:98,9,0,1
BRDA:98,9,1,0
BRDA:101,10,0,1
BRDA:101,10,1,0
BRDA:101,11,0,1
BRDA:101,11,1,1
BRDA:115,12,0,1
BRDA:115,12,1,1
BRDA:120,13,0,1
BRDA:120,13,1,0
BRDA:128,14,0,0
BRDA:128,14,1,1
BRDA:131,15,0,0
BRDA:131,15,1,0
BRDA:131,16,0,0
BRDA:131,16,1,0
BRDA:136,17,0,1
BRDA:136,17,1,0
BRDA:149,18,0,0
BRDA:149,18,1,1
BRDA:149,19,0,1
BRDA:149,19,1,1
BRDA:160,20,0,0
BRDA:160,20,1,9
BRDA:167,21,0,9
BRDA:167,21,1,0
BRDA:176,22,0,2
BRDA:176,22,1,7
BRDA:179,23,0,2
BRDA:179,23,1,0
BRDA:179,24,0,2
BRDA:179,24,1,2
BRDA:197,25,0,0
BRDA:197,25,1,0
BRDA:197,26,0,0
BRDA:197,26,1,0
BRDA:211,27,0,9
BRDA:211,27,1,0
BRF:56
BRH:32
end_of_record
TN:
SF:src/hooks/useAuthSubscription.ts
FN:7,(anonymous_0)
FN:19,(anonymous_1)
FN:23,(anonymous_2)
FN:64,(anonymous_3)
FN:71,(anonymous_4)
FN:77,(anonymous_5)
FN:106,(anonymous_6)
FN:142,(anonymous_7)
FN:179,(anonymous_8)
FN:200,(anonymous_9)
FN:274,(anonymous_10)
FN:284,(anonymous_11)
FNF:12
FNH:6
FNDA:19,(anonymous_0)
FNDA:9,(anonymous_1)
FNDA:9,(anonymous_2)
FNDA:9,(anonymous_3)
FNDA:0,(anonymous_4)
FNDA:0,(anonymous_5)
FNDA:0,(anonymous_6)
FNDA:0,(anonymous_7)
FNDA:1,(anonymous_8)
FNDA:0,(anonymous_9)
FNDA:2,(anonymous_10)
FNDA:0,(anonymous_11)
DA:7,1
DA:8,19
DA:9,19
DA:10,19
DA:11,19
DA:12,19
DA:13,19
DA:16,19
DA:19,19
DA:21,9
DA:23,9
DA:24,9
DA:25,9
DA:26,9
DA:27,9
DA:28,6
DA:30,6
DA:31,6
DA:32,4
DA:36,2
DA:37,2
DA:38,2
DA:39,2
DA:40,2
DA:41,2
DA:44,0
DA:45,0
DA:51,0
DA:52,0
DA:55,9
DA:56,9
DA:61,9
DA:64,9
DA:65,9
DA:66,9
DA:71,19
DA:72,0
DA:73,0
DA:74,0
DA:76,0
DA:77,0
DA:78,0
DA:79,0
DA:80,0
DA:81,0
DA:85,0
DA:86,0
DA:87,0
DA:88,0
DA:89,0
DA:90,0
DA:92,0
DA:93,0
DA:96,0
DA:97,0
DA:100,0
DA:101,0
DA:106,19
DA:107,0
DA:108,0
DA:109,0
DA:110,0
DA:114,0
DA:116,0
DA:117,0
DA:118,0
DA:119,0
DA:121,0
DA:122,0
DA:124,0
DA:127,0
DA:130,0
DA:131,0
DA:132,0
DA:134,0
DA:136,0
DA:137,0
DA:142,19
DA:143,0
DA:144,0
DA:145,0
DA:146,0
DA:150,0
DA:152,0
DA:153,0
DA:154,0
DA:155,0
DA:158,0
DA:159,0
DA:161,0
DA:164,0
DA:167,0
DA:168,0
DA:169,0
DA:171,0
DA:173,0
DA:174,0
DA:179,19
DA:180,1
DA:181,1
DA:182,1
DA:183,1
DA:184,1
DA:185,1
DA:188,0
DA:189,0
DA:190,0
DA:192,0
DA:194,1
DA:195,1
DA:200,19
DA:201,0
DA:202,0
DA:205,0
DA:207,0
DA:208,0
DA:212,0
DA:213,0
DA:217,0
DA:218,0
DA:222,0
DA:223,0
DA:224,0
DA:225,0
DA:229,0
DA:230,0
DA:231,0
DA:232,0
DA:236,0
DA:238,0
DA:241,0
DA:248,0
DA:250,0
DA:254,0
DA:255,0
DA:257,0
DA:259,0
DA:262,0
DA:263,0
DA:264,0
DA:266,0
DA:268,0
DA:269,0
DA:274,19
DA:275,2
DA:276,1
DA:281,1
DA:284,19
DA:285,0
DA:286,0
DA:290,0
DA:291,0
DA:294,19
LF:153
LH:50
BRDA:8,0,0,19
BRDA:8,0,1,0
BRDA:9,1,0,19
BRDA:9,1,1,0
BRDA:27,2,0,6
BRDA:27,2,1,3
BRDA:27,3,0,9
BRDA:27,3,1,6
BRDA:27,3,2,6
BRDA:31,4,0,4
BRDA:31,4,1,2
BRDA:31,5,0,6
BRDA:31,5,1,4
BRDA:31,5,2,4
BRDA:38,6,0,2
BRDA:38,6,1,0
BRDA:38,7,0,2
BRDA:38,7,1,2
BRDA:38,7,2,2
BRDA:40,8,0,2
BRDA:40,8,1,0
BRDA:40,9,0,2
BRDA:40,9,1,2
BRDA:40,9,2,2
BRDA:44,10,0,0
BRDA:44,10,1,0
BRDA:44,11,0,0
BRDA:44,11,1,0
BRDA:51,12,0,0
BRDA:51,12,1,0
BRDA:51,13,0,0
BRDA:51,13,1,0
BRDA:52,14,0,0
BRDA:52,14,1,0
BRDA:55,15,0,9
BRDA:55,15,1,0
BRDA:55,16,0,9
BRDA:55,16,1,9
BRDA:74,17,0,0
BRDA:74,17,1,0
BRDA:78,18,0,0
BRDA:78,18,1,0
BRDA:80,19,0,0
BRDA:80,19,1,0
BRDA:80,20,0,0
BRDA:80,20,1,0
BRDA:87,21,0,0
BRDA:87,21,1,0
BRDA:87,22,0,0
BRDA:87,22,1,0
BRDA:89,23,0,0
BRDA:89,23,1,0
BRDA:89,24,0,0
BRDA:89,24,1,0
BRDA:92,25,0,0
BRDA:92,25,1,0
BRDA:96,26,0,0
BRDA:96,26,1,0
BRDA:100,27,0,0
BRDA:100,27,1,0
BRDA:101,28,0,0
BRDA:101,28,1,0
BRDA:109,29,0,0
BRDA:109,29,1,0
BRDA:116,30,0,0
BRDA:116,30,1,0
BRDA:118,31,0,0
BRDA:118,31,1,0
BRDA:118,32,0,0
BRDA:118,32,1,0
BRDA:127,33,0,0
BRDA:127,33,1,0
BRDA:130,34,0,0
BRDA:130,34,1,0
BRDA:131,35,0,0
BRDA:131,35,1,0
BRDA:136,36,0,0
BRDA:136,36,1,0
BRDA:145,37,0,0
BRDA:145,37,1,0
BRDA:152,38,0,0
BRDA:152,38,1,0
BRDA:154,39,0,0
BRDA:154,39,1,0
BRDA:154,40,0,0
BRDA:154,40,1,0
BRDA:164,41,0,0
BRDA:164,41,1,0
BRDA:167,42,0,0
BRDA:167,42,1,0
BRDA:168,43,0,0
BRDA:168,43,1,0
BRDA:173,44,0,0
BRDA:173,44,1,0
BRDA:183,45,0,1
BRDA:183,45,1,0
BRDA:188,46,0,0
BRDA:188,46,1,0
BRDA:189,47,0,0
BRDA:189,47,1,0
BRDA:194,48,0,1
BRDA:194,48,1,0
BRDA:201,49,0,0
BRDA:201,49,1,0
BRDA:207,50,0,0
BRDA:207,50,1,0
BRDA:212,51,0,0
BRDA:212,51,1,0
BRDA:212,52,0,0
BRDA:212,52,1,0
BRDA:217,53,0,0
BRDA:217,53,1,0
BRDA:217,54,0,0
BRDA:217,54,1,0
BRDA:222,55,0,0
BRDA:222,55,1,0
BRDA:224,56,0,0
BRDA:224,56,1,0
BRDA:229,57,0,0
BRDA:229,57,1,0
BRDA:231,58,0,0
BRDA:231,58,1,0
BRDA:243,59,0,0
BRDA:243,59,1,0
BRDA:244,60,0,0
BRDA:244,60,1,0
BRDA:245,61,0,0
BRDA:245,61,1,0
BRDA:248,62,0,0
BRDA:248,62,1,0
BRDA:254,63,0,0
BRDA:254,63,1,0
BRDA:254,64,0,0
BRDA:254,64,1,0
BRDA:262,65,0,0
BRDA:262,65,1,0
BRDA:263,66,0,0
BRDA:263,66,1,0
BRDA:268,67,0,0
BRDA:268,67,1,0
BRDA:275,68,0,1
BRDA:275,68,1,1
BRDA:275,69,0,2
BRDA:275,69,1,1
BRDA:285,70,0,0
BRDA:285,70,1,0
BRDA:285,71,0,0
BRDA:285,71,1,0
BRDA:290,72,0,0
BRDA:290,72,1,0
BRDA:305,73,0,19
BRDA:305,73,1,14
BRF:152
BRH:31
end_of_record
TN:
SF:src/hooks/useBreathingSession.ts
FN:10,(anonymous_0)
FN:14,(anonymous_1)
FN:15,(anonymous_2)
FN:16,(anonymous_3)
FN:17,(anonymous_4)
FNF:5
FNH:1
FNDA:6,(anonymous_0)
FNDA:0,(anonymous_1)
FNDA:0,(anonymous_2)
FNDA:0,(anonymous_3)
FNDA:0,(anonymous_4)
DA:10,1
DA:12,6
LF:2
LH:2
BRF:0
BRH:0
end_of_record
TN:
SF:src/hooks/useMoodTracking.ts
FN:22,(anonymous_0)
FN:26,(anonymous_1)
FN:38,(anonymous_2)
FN:47,(anonymous_3)
FN:51,(anonymous_4)
FN:55,(anonymous_5)
FNF:6
FNH:5
FNDA:14,(anonymous_0)
FNDA:6,(anonymous_1)
FNDA:2,(anonymous_2)
FNDA:1,(anonymous_3)
FNDA:0,(anonymous_4)
FNDA:4,(anonymous_5)
DA:22,1
DA:23,14
DA:24,14
DA:26,14
DA:27,6
DA:28,6
DA:29,6
DA:30,6
DA:32,0
DA:34,6
DA:38,14
DA:39,2
DA:40,2
DA:41,2
DA:43,0
DA:47,14
DA:48,1
DA:51,14
DA:52,0
DA:55,14
DA:56,4
DA:59,14
LF:22
LH:19
BRF:0
BRH:0
end_of_record
TN:
SF:src/hooks/useNavigation.ts
FNF:0
FNH:0
LF:0
LH:0
BRF:0
BRH:0
end_of_record
TN:
SF:src/hooks/useOnboarding.ts
FN:3,(anonymous_0)
FN:8,(anonymous_1)
FN:10,(anonymous_2)
FN:14,(anonymous_3)
FN:16,(anonymous_4)
FN:20,(anonymous_5)
FN:24,(anonymous_6)
FNF:7
FNH:7
FNDA:16,(anonymous_0)
FNDA:3,(anonymous_1)
FNDA:3,(anonymous_2)
FNDA:1,(anonymous_3)
FNDA:1,(anonymous_4)
FNDA:1,(anonymous_5)
FNDA:1,(anonymous_6)
DA:3,4
DA:4,16
DA:5,16
DA:6,16
DA:8,16
DA:9,3
DA:10,3
DA:14,16
DA:15,1
DA:16,1
DA:20,16
DA:21,1
DA:24,16
DA:25,1
DA:28,16
LF:15
LH:15
BRDA:9,0,0,3
BRDA:9,0,1,0
BRDA:15,1,0,1
BRDA:15,1,1,0
BRF:4
BRH:2
end_of_record
TN:
SF:src/hooks/useProgressTracking.ts
FN:8,(anonymous_0)
FNF:1
FNH:1
FNDA:1,(anonymous_0)
DA:8,2
DA:9,1
DA:11,1
LF:3
LH:3
BRF:0
BRH:0
end_of_record
TN:
SF:src/hooks/useSessionTimer.ts
FN:15,(anonymous_0)
FN:16,(anonymous_1)
FN:22,(anonymous_2)
FN:27,(anonymous_3)
FN:45,(anonymous_4)
FN:50,(anonymous_5)
FN:59,(anonymous_6)
FN:68,(anonymous_7)
FN:77,(anonymous_8)
FNF:9
FNH:4
FNDA:3,(anonymous_0)
FNDA:3,(anonymous_1)
FNDA:3,(anonymous_2)
FNDA:0,(anonymous_3)
FNDA:3,(anonymous_4)
FNDA:0,(anonymous_5)
FNDA:0,(anonymous_6)
FNDA:0,(anonymous_7)
FNDA:0,(anonymous_8)
DA:15,3
DA:16,3
DA:17,3
DA:18,3
DA:19,3
DA:20,3
DA:22,3
DA:26,3
DA:27,0
DA:29,0
DA:32,0
DA:33,0
DA:34,0
DA:35,0
DA:39,3
DA:40,3
DA:41,3
DA:42,3
DA:45,3
DA:46,3
DA:50,3
DA:51,0
DA:53,0
DA:54,0
DA:55,0
DA:56,0
DA:59,3
DA:60,0
DA:62,0
DA:63,0
DA:64,0
DA:65,0
DA:68,3
DA:69,0
DA:71,0
DA:72,0
DA:73,0
DA:74,0
DA:77,3
DA:78,0
DA:80,0
DA:81,0
DA:82,0
DA:83,0
DA:86,3
LF:45
LH:19
BRDA:26,0,0,0
BRDA:26,0,1,3
BRDA:46,1,0,0
BRDA:46,1,1,3
BRF:4
BRH:2
end_of_record
TN:
SF:src/models/Session.ts
FN:18,(anonymous_0)
FNF:1
FNH:1
FNDA:8,(anonymous_0)
DA:19,8
DA:20,8
DA:21,8
DA:22,8
DA:23,8
DA:24,8
LF:6
LH:6
BRF:0
BRH:0
end_of_record
TN:
SF:src/models/User.ts
FN:21,(anonymous_0)
FNF:1
FNH:1
FNDA:31,(anonymous_0)
DA:22,31
DA:23,31
DA:24,31
DA:25,31
DA:26,31
LF:5
LH:5
BRF:0
BRH:0
end_of_record
TN:
SF:src/models/subscription.ts
FN:38,(anonymous_0)
FN:70,(anonymous_1)
FN:80,(anonymous_2)
FN:87,(anonymous_3)
FN:116,(anonymous_4)
FN:126,(anonymous_5)
FNF:6
FNH:6
FNDA:158,(anonymous_0)
FNDA:60,(anonymous_1)
FNDA:5,(anonymous_2)
FNDA:3,(anonymous_3)
FNDA:16,(anonymous_4)
FNDA:17,(anonymous_5)
DA:36,158
DA:39,158
DA:40,158
DA:41,158
DA:42,158
DA:43,158
DA:44,158
DA:45,158
DA:71,60
DA:72,60
DA:73,60
DA:74,60
DA:75,60
DA:76,60
DA:77,60
DA:81,5
DA:82,5
DA:88,3
DA:89,3
DA:90,3
DA:91,3
DA:117,16
DA:118,16
DA:119,16
DA:120,16
DA:121,16
DA:122,16
DA:123,16
DA:127,17
DA:128,17
DA:129,17
DA:130,17
LF:32
LH:32
BRDA:82,0,0,5
BRDA:82,0,1,3
BRDA:82,0,2,3
BRDA:91,1,0,3
BRDA:91,1,1,3
BRDA:130,2,0,17
BRDA:130,2,1,11
BRF:7
BRH:7
end_of_record
TN:
SF:src/navigation/AppNavigator.tsx
FN:55,(anonymous_0)
FN:72,(anonymous_1)
FN:81,(anonymous_2)
FN:82,(anonymous_3)
FN:85,(anonymous_4)
FN:88,(anonymous_5)
FN:94,(anonymous_6)
FN:101,(anonymous_7)
FN:102,(anonymous_8)
FN:103,(anonymous_9)
FN:112,(anonymous_10)
FN:124,(anonymous_11)
FN:128,(anonymous_12)
FN:134,(anonymous_13)
FN:141,(anonymous_14)
FN:215,(anonymous_15)
FN:221,(anonymous_16)
FN:227,(anonymous_17)
FN:233,(anonymous_18)
FN:239,(anonymous_19)
FN:245,(anonymous_20)
FN:251,(anonymous_21)
FN:343,(anonymous_22)
FN:348,(anonymous_23)
FN:353,(anonymous_24)
FNF:25
FNH:5
FNDA:3,(anonymous_0)
FNDA:0,(anonymous_1)
FNDA:8,(anonymous_2)
FNDA:0,(anonymous_3)
FNDA:0,(anonymous_4)
FNDA:0,(anonymous_5)
FNDA:8,(anonymous_6)
FNDA:0,(anonymous_7)
FNDA:0,(anonymous_8)
FNDA:0,(anonymous_9)
FNDA:8,(anonymous_10)
FNDA:0,(anonymous_11)
FNDA:0,(anonymous_12)
FNDA:0,(anonymous_13)
FNDA:5,(anonymous_14)
FNDA:0,(anonymous_15)
FNDA:0,(anonymous_16)
FNDA:0,(anonymous_17)
FNDA:0,(anonymous_18)
FNDA:0,(anonymous_19)
FNDA:0,(anonymous_20)
FNDA:0,(anonymous_21)
FNDA:0,(anonymous_22)
FNDA:0,(anonymous_23)
FNDA:0,(anonymous_24)
DA:5,2
DA:6,2
DA:8,2
DA:10,2
DA:11,2
DA:12,0
DA:13,0
DA:16,2
DA:53,2
DA:55,2
DA:56,3
DA:57,3
DA:58,0
DA:60,3
DA:69,2
DA:72,2
DA:73,0
DA:81,8
DA:83,0
DA:86,0
DA:89,0
DA:94,2
DA:95,8
DA:97,8
DA:98,8
DA:100,0
DA:101,0
DA:102,0
DA:103,0
DA:107,8
DA:112,2
DA:116,8
DA:119,8
DA:120,8
DA:123,8
DA:125,0
DA:126,0
DA:129,0
DA:130,0
DA:131,0
DA:135,0
DA:136,0
DA:141,8
DA:142,5
DA:144,5
DA:151,0
DA:158,0
DA:165,0
DA:172,0
DA:179,0
DA:186,0
DA:193,0
DA:202,8
DA:215,0
DA:221,0
DA:227,0
DA:233,0
DA:239,0
DA:245,0
DA:251,0
DA:277,0
DA:343,2
DA:344,0
DA:345,0
DA:348,2
DA:349,0
DA:350,0
DA:353,2
DA:354,0
DA:355,0
LF:70
LH:31
BRDA:57,0,0,0
BRDA:57,0,1,3
BRDA:69,1,0,0
BRDA:69,1,1,2
BRDA:113,2,0,0
BRDA:119,3,0,8
BRDA:119,3,1,0
BRDA:119,4,0,8
BRDA:119,4,1,0
BRDA:119,4,2,0
BRDA:130,5,0,0
BRDA:130,5,1,0
BRDA:142,6,0,5
BRDA:142,6,1,0
BRDA:142,6,2,0
BRDA:142,6,3,0
BRDA:142,6,4,0
BRDA:142,6,5,0
BRDA:142,6,6,0
BRDA:142,6,7,0
BRDA:205,7,0,8
BRDA:205,7,1,5
BRF:22
BRH:7
end_of_record
TN:
SF:src/screens/CompletionScreen.tsx
FN:12,(anonymous_0)
FN:17,(anonymous_1)
FNF:2
FNH:0
FNDA:0,(anonymous_0)
FNDA:0,(anonymous_1)
DA:12,2
DA:17,0
DA:18,0
DA:19,0
DA:22,0
DA:24,0
DA:28,0
DA:75,2
LF:8
LH:2
BRDA:13,0,0,0
BRF:1
BRH:0
end_of_record
TN:
SF:src/screens/HistoryScreen.tsx
FN:8,(anonymous_0)
FNF:1
FNH:0
FNDA:0,(anonymous_0)
DA:8,2
DA:9,0
LF:2
LH:1
BRF:0
BRH:0
end_of_record
TN:
SF:src/screens/HomeScreen.tsx
FN:13,(anonymous_0)
FN:17,(anonymous_1)
FN:23,(anonymous_2)
FNF:3
FNH:0
FNDA:0,(anonymous_0)
FNDA:0,(anonymous_1)
FNDA:0,(anonymous_2)
DA:13,3
DA:14,0
DA:17,0
DA:18,0
DA:19,0
DA:23,0
DA:24,0
DA:25,0
DA:27,0
DA:30,0
DA:79,3
LF:11
LH:2
BRDA:18,0,0,0
BRDA:18,0,1,0
BRDA:24,1,0,0
BRDA:24,1,1,0
BRF:4
BRH:0
end_of_record
TN:
SF:src/screens/MoodCheckInScreen.tsx
FN:13,(anonymous_0)
FN:22,(anonymous_1)
FN:27,(anonymous_2)
FN:60,(anonymous_3)
FN:64,(anonymous_4)
FN:74,(anonymous_5)
FN:78,(anonymous_6)
FNF:7
FNH:0
FNDA:0,(anonymous_0)
FNDA:0,(anonymous_1)
FNDA:0,(anonymous_2)
FNDA:0,(anonymous_3)
FNDA:0,(anonymous_4)
FNDA:0,(anonymous_5)
FNDA:0,(anonymous_6)
DA:13,2
DA:19,0
DA:20,0
DA:22,0
DA:23,0
DA:24,0
DA:27,0
DA:28,0
DA:29,0
DA:35,0
DA:61,0
DA:64,0
DA:75,0
DA:78,0
DA:116,2
LF:15
LH:2
BRDA:17,0,0,0
BRDA:31,1,0,0
BRDA:31,1,1,0
BRDA:102,2,0,0
BRDA:102,2,1,0
BRF:5
BRH:0
end_of_record
TN:
SF:src/screens/ProfileScreen.tsx
FN:8,(anonymous_0)
FNF:1
FNH:0
FNDA:0,(anonymous_0)
DA:8,2
DA:9,0
LF:2
LH:1
BRF:0
BRH:0
end_of_record
TN:
SF:src/screens/SettingsScreen.tsx
FN:8,(anonymous_0)
FNF:1
FNH:0
FNDA:0,(anonymous_0)
DA:8,2
DA:9,0
LF:2
LH:1
BRF:0
BRH:0
end_of_record
TN:
SF:src/services/audioService.ts
FN:41,(anonymous_0)
FN:47,(anonymous_1)
FN:53,(anonymous_2)
FN:55,(anonymous_3)
FN:63,(anonymous_4)
FN:65,(anonymous_5)
FN:71,(anonymous_6)
FN:75,(anonymous_7)
FN:79,(anonymous_8)
FN:83,(anonymous_9)
FN:85,(anonymous_10)
FN:93,(anonymous_11)
FN:98,(anonymous_12)
FN:103,(anonymous_13)
FN:108,(anonymous_14)
FN:110,(anonymous_15)
FN:116,(anonymous_16)
FN:125,(anonymous_17)
FN:129,(anonymous_18)
FN:134,(anonymous_19)
FN:142,(anonymous_20)
FN:149,(anonymous_21)
FN:160,(anonymous_22)
FN:170,(anonymous_23)
FN:178,(anonymous_24)
FN:190,(anonymous_25)
FN:202,(anonymous_26)
FN:211,(anonymous_27)
FN:214,(anonymous_28)
FN:237,(anonymous_29)
FN:255,(anonymous_30)
FN:273,(anonymous_31)
FN:288,(anonymous_32)
FN:309,(anonymous_33)
FN:331,(anonymous_34)
FN:346,(anonymous_35)
FN:360,(anonymous_36)
FN:370,(anonymous_37)
FN:377,(anonymous_38)
FN:389,(anonymous_39)
FN:413,(anonymous_40)
FN:422,(anonymous_41)
FN:432,(anonymous_42)
FN:441,(anonymous_43)
FN:450,(anonymous_44)
FN:470,(anonymous_45)
FN:486,(anonymous_46)
FN:491,(anonymous_47)
FN:513,(anonymous_48)
FN:522,(anonymous_49)
FN:526,(anonymous_50)
FN:562,(anonymous_51)
FN:565,(anonymous_52)
FN:568,(anonymous_53)
FN:571,(anonymous_54)
FN:574,(anonymous_55)
FN:577,(anonymous_56)
FN:580,(anonymous_57)
FN:583,(anonymous_58)
FN:586,(anonymous_59)
FN:589,(anonymous_60)
FN:592,(anonymous_61)
FN:595,(anonymous_62)
FN:598,(anonymous_63)
FN:601,(anonymous_64)
FN:604,(anonymous_65)
FN:607,(anonymous_66)
FN:610,(anonymous_67)
FN:614,(anonymous_68)
FN:616,(anonymous_69)
FN:617,(anonymous_70)
FN:622,(anonymous_71)
FN:624,(anonymous_72)
FN:637,(anonymous_73)
FN:641,(anonymous_74)
FN:644,(anonymous_75)
FN:645,(anonymous_76)
FN:658,(anonymous_77)
FN:661,(anonymous_78)
FN:665,(anonymous_79)
FNF:80
FNH:50
FNDA:145,(anonymous_0)
FNDA:0,(anonymous_1)
FNDA:0,(anonymous_2)
FNDA:0,(anonymous_3)
FNDA:0,(anonymous_4)
FNDA:0,(anonymous_5)
FNDA:0,(anonymous_6)
FNDA:0,(anonymous_7)
FNDA:0,(anonymous_8)
FNDA:0,(anonymous_9)
FNDA:0,(anonymous_10)
FNDA:0,(anonymous_11)
FNDA:0,(anonymous_12)
FNDA:0,(anonymous_13)
FNDA:0,(anonymous_14)
FNDA:0,(anonymous_15)
FNDA:0,(anonymous_16)
FNDA:0,(anonymous_17)
FNDA:0,(anonymous_18)
FNDA:0,(anonymous_19)
FNDA:170,(anonymous_20)
FNDA:387,(anonymous_21)
FNDA:2,(anonymous_22)
FNDA:4,(anonymous_23)
FNDA:19,(anonymous_24)
FNDA:0,(anonymous_25)
FNDA:0,(anonymous_26)
FNDA:145,(anonymous_27)
FNDA:0,(anonymous_28)
FNDA:145,(anonymous_29)
FNDA:14,(anonymous_30)
FNDA:79,(anonymous_31)
FNDA:4,(anonymous_32)
FNDA:209,(anonymous_33)
FNDA:116,(anonymous_34)
FNDA:98,(anonymous_35)
FNDA:9,(anonymous_36)
FNDA:9,(anonymous_37)
FNDA:7,(anonymous_38)
FNDA:9,(anonymous_39)
FNDA:88,(anonymous_40)
FNDA:11,(anonymous_41)
FNDA:252,(anonymous_42)
FNDA:85,(anonymous_43)
FNDA:51,(anonymous_44)
FNDA:82,(anonymous_45)
FNDA:8,(anonymous_46)
FNDA:8,(anonymous_47)
FNDA:83,(anonymous_48)
FNDA:1,(anonymous_49)
FNDA:80,(anonymous_50)
FNDA:170,(anonymous_51)
FNDA:14,(anonymous_52)
FNDA:79,(anonymous_53)
FNDA:4,(anonymous_54)
FNDA:14,(anonymous_55)
FNDA:9,(anonymous_56)
FNDA:18,(anonymous_57)
FNDA:9,(anonymous_58)
FNDA:8,(anonymous_59)
FNDA:11,(anonymous_60)
FNDA:9,(anonymous_61)
FNDA:5,(anonymous_62)
FNDA:5,(anonymous_63)
FNDA:2,(anonymous_64)
FNDA:8,(anonymous_65)
FNDA:116,(anonymous_66)
FNDA:80,(anonymous_67)
FNDA:0,(anonymous_68)
FNDA:0,(anonymous_69)
FNDA:0,(anonymous_70)
FNDA:0,(anonymous_71)
FNDA:0,(anonymous_72)
FNDA:0,(anonymous_73)
FNDA:0,(anonymous_74)
FNDA:2,(anonymous_75)
FNDA:2,(anonymous_76)
FNDA:1,(anonymous_77)
FNDA:0,(anonymous_78)
FNDA:1,(anonymous_79)
DA:7,12
DA:36,12
DA:37,12
DA:38,12
DA:39,12
DA:43,145
DA:44,66
DA:47,145
DA:55,0
DA:56,0
DA:57,0
DA:62,0
DA:64,0
DA:65,0
DA:66,0
DA:68,0
DA:72,0
DA:76,0
DA:80,0
DA:84,0
DA:85,0
DA:86,0
DA:87,0
DA:89,0
DA:94,0
DA:95,0
DA:99,0
DA:100,0
DA:104,0
DA:105,0
DA:109,0
DA:110,0
DA:111,0
DA:113,0
DA:117,0
DA:120,0
DA:126,0
DA:130,0
DA:131,0
DA:135,0
DA:139,0
DA:144,170
DA:145,0
DA:149,387
DA:152,170
DA:154,25
DA:155,25
DA:156,6
DA:157,6
DA:160,2
DA:165,2
DA:166,2
DA:170,4
DA:171,4
DA:177,19
DA:178,19
DA:179,19
DA:185,145
DA:186,145
DA:187,0
DA:188,0
DA:190,0
DA:191,0
DA:197,145
DA:198,145
DA:199,145
DA:200,145
DA:202,0
DA:203,0
DA:211,145
DA:213,145
DA:214,145
DA:215,0
DA:216,0
DA:218,0
DA:219,0
DA:224,145
DA:234,145
DA:237,145
DA:238,145
DA:239,0
DA:241,0
DA:243,145
DA:244,145
DA:247,145
DA:249,145
DA:256,14
DA:257,14
DA:259,14
DA:260,4
DA:261,4
DA:262,4
DA:266,14
DA:268,0
DA:269,0
DA:274,79
DA:275,79
DA:277,79
DA:278,0
DA:279,0
DA:281,79
DA:283,0
DA:284,0
DA:289,4
DA:290,4
DA:291,4
DA:292,4
DA:293,4
DA:294,4
DA:296,4
DA:297,1
DA:298,1
DA:300,4
DA:302,0
DA:304,0
DA:305,0
DA:310,209
DA:311,209
DA:312,139
DA:313,139
DA:315,209
DA:316,209
DA:319,209
DA:320,79
DA:321,79
DA:324,209
DA:326,0
DA:327,0
DA:332,116
DA:333,116
DA:334,116
DA:337,116
DA:338,0
DA:339,0
DA:342,0
DA:347,98
DA:348,98
DA:349,59
DA:350,55
DA:353,43
DA:355,0
DA:356,0
DA:361,9
DA:362,9
DA:363,9
DA:365,0
DA:366,0
DA:371,9
DA:372,9
DA:373,4
DA:375,5
DA:377,5
DA:378,7
DA:381,7
DA:384,4
DA:385,4
DA:390,9
DA:391,9
DA:392,4
DA:395,5
DA:396,5
DA:397,5
DA:399,5
DA:403,5
DA:404,3
DA:408,4
DA:409,4
DA:414,88
DA:415,88
DA:417,0
DA:418,0
DA:423,11
DA:424,11
DA:425,11
DA:427,0
DA:428,0
DA:433,252
DA:434,252
DA:436,0
DA:437,0
DA:442,85
DA:443,85
DA:444,85
DA:445,51
DA:446,51
DA:447,51
DA:450,51
DA:451,51
DA:455,51
DA:456,51
DA:457,51
DA:460,0
DA:463,34
DA:465,0
DA:466,0
DA:471,82
DA:472,82
DA:473,82
DA:474,48
DA:475,48
DA:476,48
DA:479,34
DA:481,0
DA:482,0
DA:487,8
DA:488,8
DA:489,8
DA:490,8
DA:491,8
DA:492,8
DA:496,8
DA:497,8
DA:498,8
DA:501,8
DA:506,0
DA:508,0
DA:509,0
DA:514,83
DA:515,83
DA:517,0
DA:518,0
DA:523,1
DA:534,80
DA:535,80
DA:544,0
DA:545,0
DA:558,12
DA:561,12
DA:563,170
DA:566,14
DA:569,79
DA:572,4
DA:575,14
DA:578,9
DA:581,18
DA:584,9
DA:587,8
DA:590,11
DA:593,9
DA:596,5
DA:599,5
DA:602,2
DA:605,8
DA:608,116
DA:611,80
DA:615,0
DA:617,0
DA:618,0
DA:619,0
DA:622,0
DA:623,0
DA:624,0
DA:625,0
DA:626,0
DA:627,0
DA:630,0
DA:638,0
DA:639,0
DA:642,0
DA:645,2
DA:646,2
DA:647,2
DA:648,2
DA:656,0
DA:659,1
DA:662,0
DA:663,0
DA:666,1
LF:268
LH:169
BRDA:43,0,0,66
BRDA:43,0,1,79
BRDA:56,1,0,0
BRDA:56,1,1,0
BRDA:86,2,0,0
BRDA:86,2,1,0
BRDA:89,3,0,0
BRDA:89,3,1,0
BRDA:120,4,0,0
BRDA:120,4,1,0
BRDA:142,5,0,0
BRDA:144,6,0,0
BRDA:144,6,1,170
BRDA:144,7,0,170
BRDA:144,7,1,170
BRDA:152,8,0,25
BRDA:152,8,1,145
BRDA:154,9,0,6
BRDA:154,9,1,19
BRDA:155,10,0,6
BRDA:155,10,1,19
BRDA:157,11,0,2
BRDA:157,11,1,4
BRDA:185,12,0,0
BRDA:185,12,1,145
BRDA:186,13,0,0
BRDA:186,13,1,145
BRDA:188,14,0,0
BRDA:188,14,1,0
BRDA:197,15,0,145
BRDA:197,15,1,0
BRDA:198,16,0,145
BRDA:198,16,1,0
BRDA:200,17,0,0
BRDA:200,17,1,145
BRDA:213,18,0,145
BRDA:213,18,1,0
BRDA:215,19,0,0
BRDA:215,19,1,0
BRDA:238,20,0,0
BRDA:238,20,1,145
BRDA:260,21,0,4
BRDA:260,21,1,0
BRDA:277,22,0,0
BRDA:277,22,1,79
BRDA:291,23,0,4
BRDA:291,23,1,0
BRDA:296,24,0,1
BRDA:296,24,1,3
BRDA:298,25,0,0
BRDA:298,25,1,1
BRDA:319,26,0,79
BRDA:319,26,1,130
BRDA:337,27,0,0
BRDA:337,27,1,116
BRDA:349,28,0,55
BRDA:349,28,1,4
BRDA:363,29,0,9
BRDA:363,29,1,0
BRDA:372,30,0,4
BRDA:372,30,1,5
BRDA:372,31,0,9
BRDA:372,31,1,7
BRDA:391,32,0,4
BRDA:391,32,1,5
BRDA:391,33,0,9
BRDA:391,33,1,7
BRDA:396,34,0,5
BRDA:396,34,1,0
BRDA:403,35,0,3
BRDA:403,35,1,2
BRDA:403,36,0,5
BRDA:403,36,1,4
BRDA:425,37,0,11
BRDA:425,37,1,0
BRDA:444,38,0,51
BRDA:444,38,1,34
BRDA:446,39,0,51
BRDA:446,39,1,0
BRDA:455,40,0,51
BRDA:455,40,1,0
BRDA:455,41,0,51
BRDA:455,41,1,51
BRDA:473,42,0,48
BRDA:473,42,1,34
BRDA:475,43,0,48
BRDA:475,43,1,0
BRDA:489,44,0,8
BRDA:489,44,1,0
BRDA:496,45,0,8
BRDA:496,45,1,0
BRDA:496,46,0,8
BRDA:496,46,1,8
BRDA:562,47,0,146
BRDA:618,48,0,0
BRDA:618,48,1,0
BRDA:623,49,0,0
BRDA:623,49,1,0
BRDA:625,50,0,0
BRDA:625,50,1,0
BRDA:646,51,0,2
BRDA:646,51,1,0
BRDA:650,52,0,2
BRDA:650,52,1,0
BRF:104
BRH:62
end_of_record
TN:
SF:src/services/authService.ts
FN:16,(anonymous_0)
FN:24,(anonymous_1)
FN:35,(anonymous_2)
FN:87,(anonymous_3)
FN:132,(anonymous_4)
FN:153,(anonymous_5)
FN:188,(anonymous_6)
FN:195,(anonymous_7)
FNF:8
FNH:4
FNDA:2,(anonymous_0)
FNDA:1,(anonymous_1)
FNDA:1,(anonymous_2)
FNDA:1,(anonymous_3)
FNDA:0,(anonymous_4)
FNDA:0,(anonymous_5)
FNDA:0,(anonymous_6)
FNDA:0,(anonymous_7)
DA:11,2
DA:17,2
DA:18,2
DA:27,1
DA:29,1
DA:36,1
DA:38,1
DA:39,0
DA:42,1
DA:43,0
DA:46,1
DA:47,0
DA:54,1
DA:55,1
DA:58,1
DA:59,1
DA:64,1
DA:66,0
DA:69,1
DA:79,0
DA:80,0
DA:88,1
DA:90,1
DA:91,0
DA:94,1
DA:95,0
DA:99,1
DA:100,1
DA:103,1
DA:104,1
DA:109,1
DA:111,0
DA:114,1
DA:124,0
DA:125,0
DA:133,0
DA:134,0
DA:135,0
DA:138,0
DA:139,0
DA:140,0
DA:142,0
DA:145,0
DA:146,0
DA:155,0
DA:156,0
DA:160,0
DA:161,0
DA:162,0
DA:167,0
DA:171,0
DA:172,0
DA:173,0
DA:174,0
DA:175,0
DA:176,0
DA:179,0
DA:182,0
DA:189,0
DA:196,0
DA:197,0
DA:198,0
DA:201,0
DA:202,0
DA:206,0
DA:208,0
DA:210,0
DA:211,0
LF:68
LH:24
BRDA:38,0,0,0
BRDA:38,0,1,1
BRDA:38,1,0,1
BRDA:38,1,1,1
BRDA:42,2,0,0
BRDA:42,2,1,1
BRDA:46,3,0,0
BRDA:46,3,1,1
BRDA:62,4,0,1
BRDA:62,4,1,0
BRDA:74,5,0,1
BRDA:74,5,1,0
BRDA:79,6,0,0
BRDA:79,6,1,0
BRDA:90,7,0,0
BRDA:90,7,1,1
BRDA:90,8,0,1
BRDA:90,8,1,1
BRDA:94,9,0,0
BRDA:94,9,1,1
BRDA:124,10,0,0
BRDA:124,10,1,0
BRDA:155,11,0,0
BRDA:155,11,1,0
BRDA:161,12,0,0
BRDA:161,12,1,0
BRDA:173,13,0,0
BRDA:173,13,1,0
BRDA:189,14,0,0
BRDA:189,14,1,0
BRDA:197,15,0,0
BRDA:197,15,1,0
BRDA:201,16,0,0
BRDA:201,16,1,0
BRDA:210,17,0,0
BRDA:210,17,1,0
BRF:36
BRH:11
end_of_record
TN:
SF:src/services/contentAccessControl.ts
FN:22,(anonymous_0)
FN:24,(anonymous_1)
FN:51,(anonymous_2)
FN:64,(anonymous_3)
FN:89,(anonymous_4)
FN:94,(anonymous_5)
FN:99,(anonymous_6)
FN:103,(anonymous_7)
FN:110,(anonymous_8)
FNF:9
FNH:9
FNDA:15,(anonymous_0)
FNDA:14,(anonymous_1)
FNDA:2,(anonymous_2)
FNDA:3,(anonymous_3)
FNDA:6,(anonymous_4)
FNDA:3,(anonymous_5)
FNDA:8,(anonymous_6)
FNDA:1,(anonymous_7)
FNDA:14,(anonymous_8)
DA:26,14
DA:27,1
DA:34,13
DA:37,13
DA:38,8
DA:43,5
DA:52,2
DA:54,2
DA:55,5
DA:56,5
DA:57,3
DA:61,2
DA:65,3
DA:67,3
DA:68,2
DA:73,1
DA:76,1
DA:77,1
DA:84,0
DA:90,6
DA:91,6
DA:95,3
DA:97,3
DA:99,8
DA:104,1
DA:105,1
DA:106,1
DA:107,1
DA:111,14
DA:120,14
DA:121,14
DA:122,14
DA:123,14
DA:125,14
LF:34
LH:33
BRDA:26,0,0,1
BRDA:26,0,1,13
BRDA:37,1,0,8
BRDA:37,1,1,5
BRDA:56,2,0,3
BRDA:56,2,1,2
BRDA:67,3,0,2
BRDA:67,3,1,1
BRDA:76,4,0,1
BRDA:76,4,1,0
BRDA:120,5,0,14
BRDA:120,5,1,0
BRF:12
BRH:10
end_of_record
TN:
SF:src/services/databaseService.ts
FN:17,(anonymous_0)
FN:39,(anonymous_1)
FN:54,(anonymous_2)
FN:102,(anonymous_3)
FN:105,(anonymous_4)
FN:112,(anonymous_5)
FN:133,(anonymous_6)
FN:175,(anonymous_7)
FN:198,(anonymous_8)
FN:242,(anonymous_9)
FN:288,(anonymous_10)
FN:306,(anonymous_11)
FN:321,(anonymous_12)
FN:352,(anonymous_13)
FN:362,(anonymous_14)
FN:367,(anonymous_15)
FN:376,(anonymous_16)
FNF:17
FNH:12
FNDA:9,(anonymous_0)
FNDA:8,(anonymous_1)
FNDA:8,(anonymous_2)
FNDA:7,(anonymous_3)
FNDA:23,(anonymous_4)
FNDA:4,(anonymous_5)
FNDA:6,(anonymous_6)
FNDA:4,(anonymous_7)
FNDA:0,(anonymous_8)
FNDA:9,(anonymous_9)
FNDA:2,(anonymous_10)
FNDA:0,(anonymous_11)
FNDA:0,(anonymous_12)
FNDA:27,(anonymous_13)
FNDA:0,(anonymous_14)
FNDA:0,(anonymous_15)
FNDA:6,(anonymous_16)
DA:22,9
DA:23,9
DA:28,51
DA:29,51
DA:30,51
DA:31,51
DA:32,51
DA:35,7
DA:36,7
DA:37,7
DA:40,8
DA:42,8
DA:43,8
DA:45,0
DA:55,8
DA:57,8
DA:58,8
DA:59,7
DA:60,7
DA:61,7
DA:63,18
DA:67,18
DA:72,8
DA:73,8
DA:74,7
DA:75,7
DA:76,7
DA:78,5
DA:82,5
DA:87,8
DA:88,8
DA:89,7
DA:90,7
DA:91,7
DA:94,0
DA:103,7
DA:105,23
DA:109,6
DA:112,6
DA:116,6
DA:119,6
DA:123,6
DA:125,1
DA:134,6
DA:136,6
DA:138,6
DA:139,0
DA:143,6
DA:146,6
DA:152,6
DA:153,0
DA:157,6
DA:160,6
DA:162,5
DA:164,1
DA:165,1
DA:167,0
DA:176,4
DA:178,4
DA:180,4
DA:181,0
DA:185,4
DA:187,0
DA:188,0
DA:190,0
DA:199,0
DA:201,0
DA:203,0
DA:204,0
DA:207,0
DA:208,0
DA:212,0
DA:213,0
DA:214,0
DA:218,0
DA:224,0
DA:227,0
DA:229,0
DA:231,0
DA:232,0
DA:234,0
DA:243,9
DA:245,1
DA:247,1
DA:248,0
DA:251,1
DA:252,0
DA:256,1
DA:259,1
DA:265,1
DA:266,0
DA:270,1
DA:273,1
DA:275,1
DA:277,0
DA:278,0
DA:280,0
DA:289,2
DA:291,2
DA:293,2
DA:294,0
DA:298,2
DA:299,2
DA:300,2
DA:301,2
DA:306,2
DA:308,2
DA:310,0
DA:311,0
DA:313,0
DA:322,0
DA:324,0
DA:326,0
DA:327,0
DA:331,0
DA:334,0
DA:335,0
DA:338,0
DA:340,0
DA:341,0
DA:343,0
DA:353,27
DA:354,8
DA:363,0
DA:368,0
DA:377,6
DA:379,6
DA:380,6
DA:381,6
DA:382,6
DA:383,6
DA:386,6
DA:392,0
LF:133
LH:84
BRDA:48,0,0,0
BRDA:48,0,1,0
BRDA:58,1,0,7
BRDA:58,1,1,1
BRDA:73,2,0,7
BRDA:73,2,1,1
BRDA:88,3,0,7
BRDA:88,3,1,1
BRDA:90,4,0,7
BRDA:90,4,1,0
BRDA:91,5,0,7
BRDA:91,5,1,0
BRDA:97,6,0,0
BRDA:97,6,1,0
BRDA:128,7,0,1
BRDA:128,7,1,0
BRDA:138,8,0,0
BRDA:138,8,1,6
BRDA:143,9,0,6
BRDA:143,9,1,0
BRDA:143,10,0,6
BRDA:143,10,1,6
BRDA:152,11,0,0
BRDA:152,11,1,6
BRDA:152,12,0,6
BRDA:152,12,1,6
BRDA:164,13,0,1
BRDA:164,13,1,0
BRDA:170,14,0,0
BRDA:170,14,1,0
BRDA:180,15,0,0
BRDA:180,15,1,4
BRDA:180,16,0,4
BRDA:180,16,1,4
BRDA:185,17,0,4
BRDA:185,17,1,0
BRDA:187,18,0,0
BRDA:187,18,1,0
BRDA:193,19,0,0
BRDA:193,19,1,0
BRDA:203,20,0,0
BRDA:203,20,1,0
BRDA:203,21,0,0
BRDA:203,21,1,0
BRDA:207,22,0,0
BRDA:207,22,1,0
BRDA:207,23,0,0
BRDA:207,23,1,0
BRDA:213,24,0,0
BRDA:213,24,1,0
BRDA:231,25,0,0
BRDA:231,25,1,0
BRDA:237,26,0,0
BRDA:237,26,1,0
BRDA:247,27,0,0
BRDA:247,27,1,1
BRDA:251,28,0,0
BRDA:251,28,1,1
BRDA:251,29,0,1
BRDA:251,29,1,1
BRDA:256,30,0,1
BRDA:256,30,1,0
BRDA:256,31,0,1
BRDA:256,31,1,1
BRDA:265,32,0,0
BRDA:265,32,1,1
BRDA:265,33,0,1
BRDA:265,33,1,1
BRDA:277,34,0,0
BRDA:277,34,1,0
BRDA:283,35,0,0
BRDA:283,35,1,0
BRDA:293,36,0,0
BRDA:293,36,1,2
BRDA:293,37,0,2
BRDA:293,37,1,2
BRDA:300,38,0,2
BRDA:300,38,1,0
BRDA:310,39,0,0
BRDA:310,39,1,0
BRDA:316,40,0,0
BRDA:316,40,1,0
BRDA:326,41,0,0
BRDA:326,41,1,0
BRDA:326,42,0,0
BRDA:326,42,1,0
BRDA:334,43,0,0
BRDA:334,43,1,0
BRDA:340,44,0,0
BRDA:340,44,1,0
BRDA:346,45,0,0
BRDA:346,45,1,0
BRDA:353,46,0,8
BRDA:353,46,1,19
BRDA:395,47,0,0
BRDA:395,47,1,0
BRF:96
BRH:37
end_of_record
TN:
SF:src/services/moodService.ts
FN:39,(anonymous_0)
FN:49,(anonymous_1)
FN:57,(anonymous_2)
FN:69,(anonymous_3)
FN:73,(anonymous_4)
FN:94,(anonymous_5)
FNF:6
FNH:6
FNDA:5,(anonymous_0)
FNDA:2,(anonymous_1)
FNDA:2,(anonymous_2)
FNDA:2,(anonymous_3)
FNDA:1,(anonymous_4)
FNDA:5,(anonymous_5)
DA:20,2
DA:26,2
DA:34,2
DA:40,5
DA:41,5
DA:42,5
DA:44,0
DA:45,0
DA:50,2
DA:51,2
DA:53,0
DA:58,2
DA:59,2
DA:65,2
DA:66,2
DA:70,2
DA:74,1
DA:75,1
DA:77,1
DA:78,0
DA:90,1
DA:91,1
DA:92,1
DA:94,1
DA:95,5
DA:96,3
DA:97,2
DA:98,2
DA:99,0
DA:100,0
DA:104,1
DA:116,2
LF:32
LH:26
BRDA:34,0,0,2
BRDA:34,0,1,0
BRDA:34,1,0,2
BRDA:34,1,1,2
BRDA:42,2,0,2
BRDA:42,2,1,3
BRDA:61,3,0,2
BRDA:61,3,1,1
BRDA:77,4,0,0
BRDA:77,4,1,1
BRDA:95,5,0,3
BRDA:95,5,1,2
BRDA:95,6,0,5
BRDA:95,6,1,2
BRDA:97,7,0,2
BRDA:97,7,1,0
BRDA:99,8,0,0
BRDA:99,8,1,0
BRF:18
BRH:13
end_of_record
TN:
SF:src/services/notificationService.ts
FN:61,(anonymous_0)
FN:73,(anonymous_1)
FN:78,(anonymous_2)
FN:97,(anonymous_3)
FN:107,(anonymous_4)
FN:119,(anonymous_5)
FN:127,(anonymous_6)
FN:139,(anonymous_7)
FN:151,(anonymous_8)
FN:228,(anonymous_9)
FN:278,(anonymous_10)
FN:340,(anonymous_11)
FN:357,(anonymous_12)
FN:398,(anonymous_13)
FN:410,(anonymous_14)
FN:424,(anonymous_15)
FN:431,(anonymous_16)
FN:438,(anonymous_17)
FN:439,(anonymous_18)
FNF:19
FNH:14
FNDA:1,(anonymous_0)
FNDA:1,(anonymous_1)
FNDA:5,(anonymous_2)
FNDA:2,(anonymous_3)
FNDA:1,(anonymous_4)
FNDA:21,(anonymous_5)
FNDA:1,(anonymous_6)
FNDA:1,(anonymous_7)
FNDA:6,(anonymous_8)
FNDA:6,(anonymous_9)
FNDA:4,(anonymous_10)
FNDA:3,(anonymous_11)
FNDA:9,(anonymous_12)
FNDA:1,(anonymous_13)
FNDA:0,(anonymous_14)
FNDA:0,(anonymous_15)
FNDA:0,(anonymous_16)
FNDA:0,(anonymous_17)
FNDA:0,(anonymous_18)
DA:5,1
DA:20,1
DA:58,21
DA:59,21
DA:62,1
DA:65,1
DA:66,1
DA:68,0
DA:69,0
DA:75,1
DA:79,5
DA:80,0
DA:81,0
DA:85,5
DA:86,0
DA:91,5
DA:92,5
DA:94,5
DA:99,2
DA:100,2
DA:101,1
DA:102,1
DA:104,1
DA:109,1
DA:110,1
DA:111,1
DA:117,21
DA:121,21
DA:128,1
DA:129,1
DA:131,0
DA:132,0
DA:140,1
DA:141,1
DA:143,0
DA:144,0
DA:153,6
DA:154,1
DA:157,5
DA:158,1
DA:162,4
DA:163,4
DA:164,2
DA:167,2
DA:168,1
DA:169,1
DA:172,1
DA:174,1
DA:178,1
DA:179,1
DA:183,1
DA:184,1
DA:185,0
DA:189,1
DA:198,1
DA:211,0
DA:213,0
DA:221,0
DA:230,6
DA:231,3
DA:234,3
DA:235,2
DA:238,1
DA:240,1
DA:249,1
DA:261,0
DA:263,0
DA:271,0
DA:280,4
DA:281,1
DA:285,3
DA:286,3
DA:287,1
DA:290,2
DA:292,2
DA:293,2
DA:294,2
DA:297,2
DA:298,1
DA:302,1
DA:311,1
DA:323,0
DA:325,0
DA:333,0
DA:342,3
DA:343,1
DA:346,2
DA:347,2
DA:349,0
DA:350,0
DA:365,9
DA:366,1
DA:369,8
DA:370,2
DA:373,6
DA:374,2
DA:377,4
DA:378,2
DA:381,2
DA:382,2
DA:390,0
DA:391,0
DA:399,1
DA:400,1
DA:402,0
DA:403,0
DA:411,0
DA:412,0
DA:413,0
DA:416,0
DA:425,0
DA:432,0
DA:439,0
LF:113
LH:81
BRDA:79,0,0,0
BRDA:79,0,1,5
BRDA:85,1,0,0
BRDA:85,1,1,5
BRDA:85,2,0,5
BRDA:85,2,1,5
BRDA:85,2,2,5
BRDA:85,2,3,5
BRDA:100,3,0,1
BRDA:100,3,1,1
BRDA:121,4,0,21
BRDA:121,4,1,21
BRDA:153,5,0,1
BRDA:153,5,1,5
BRDA:157,6,0,1
BRDA:157,6,1,4
BRDA:157,7,0,5
BRDA:157,7,1,4
BRDA:163,8,0,2
BRDA:163,8,1,2
BRDA:167,9,0,1
BRDA:167,9,1,1
BRDA:184,10,0,0
BRDA:184,10,1,1
BRDA:230,11,0,3
BRDA:230,11,1,3
BRDA:230,12,0,6
BRDA:230,12,1,6
BRDA:230,12,2,5
BRDA:234,13,0,2
BRDA:234,13,1,1
BRDA:234,14,0,3
BRDA:234,14,1,1
BRDA:280,15,0,1
BRDA:280,15,1,3
BRDA:280,16,0,4
BRDA:280,16,1,3
BRDA:286,17,0,1
BRDA:286,17,1,2
BRDA:297,18,0,1
BRDA:297,18,1,1
BRDA:342,19,0,1
BRDA:342,19,1,2
BRDA:342,20,0,3
BRDA:342,20,1,2
BRDA:365,21,0,1
BRDA:365,21,1,8
BRDA:365,22,0,9
BRDA:365,22,1,8
BRDA:369,23,0,2
BRDA:369,23,1,6
BRDA:369,24,0,8
BRDA:369,24,1,6
BRDA:373,25,0,2
BRDA:373,25,1,4
BRDA:373,26,0,6
BRDA:373,26,1,4
BRDA:377,27,0,2
BRDA:377,27,1,2
BRDA:377,28,0,4
BRDA:377,28,1,3
BRDA:411,29,0,0
BRDA:411,29,1,0
BRDA:411,30,0,0
BRDA:411,30,1,0
BRF:65
BRH:58
end_of_record
TN:
SF:src/services/progressService.ts
FN:7,(anonymous_0)
FN:13,(anonymous_1)
FN:31,(anonymous_2)
FN:37,(anonymous_3)
FNF:4
FNH:4
FNDA:4,(anonymous_0)
FNDA:8,(anonymous_1)
FNDA:3,(anonymous_2)
FNDA:28,(anonymous_3)
DA:8,4
DA:9,0
DA:13,4
DA:14,8
DA:17,4
DA:20,4
DA:21,10
DA:22,6
DA:24,4
DA:28,4
DA:32,3
DA:33,0
DA:37,3
DA:38,28
DA:41,3
DA:42,3
DA:44,3
DA:45,16
DA:46,12
DA:47,12
DA:49,4
DA:53,3
LF:22
LH:20
BRDA:8,0,0,0
BRDA:8,0,1,4
BRDA:8,1,0,4
BRDA:8,1,1,4
BRDA:21,2,0,6
BRDA:21,2,1,4
BRDA:32,3,0,0
BRDA:32,3,1,3
BRDA:32,4,0,3
BRDA:32,4,1,3
BRDA:45,5,0,12
BRDA:45,5,1,4
BRF:12
BRH:10
end_of_record
TN:
SF:src/services/sessionService.ts
FN:25,(anonymous_0)
FN:30,(anonymous_1)
FN:38,(anonymous_2)
FN:42,(anonymous_3)
FN:46,(anonymous_4)
FN:50,(anonymous_5)
FN:54,(anonymous_6)
FN:58,(anonymous_7)
FN:75,(anonymous_8)
FN:90,(anonymous_9)
FN:97,(anonymous_10)
FN:104,(anonymous_11)
FN:113,(anonymous_12)
FN:127,(anonymous_13)
FNF:14
FNH:14
FNDA:38,(anonymous_0)
FNDA:35,(anonymous_1)
FNDA:2,(anonymous_2)
FNDA:18,(anonymous_3)
FNDA:12,(anonymous_4)
FNDA:4,(anonymous_5)
FNDA:6,(anonymous_6)
FNDA:29,(anonymous_7)
FNDA:8,(anonymous_8)
FNDA:3,(anonymous_9)
FNDA:2,(anonymous_10)
FNDA:10,(anonymous_11)
FNDA:10,(anonymous_12)
FNDA:10,(anonymous_13)
DA:14,5
DA:15,5
DA:18,38
DA:19,38
DA:20,38
DA:21,38
DA:26,38
DA:27,38
DA:31,35
DA:39,2
DA:43,18
DA:47,12
DA:51,4
DA:55,6
DA:60,29
DA:61,2
DA:63,27
DA:64,1
DA:66,26
DA:67,1
DA:70,25
DA:71,25
DA:72,25
DA:76,8
DA:77,1
DA:80,7
DA:81,7
DA:85,7
DA:86,2
DA:91,3
DA:92,1
DA:94,2
DA:98,2
DA:99,1
DA:101,1
DA:105,10
DA:106,0
DA:109,10
DA:110,10
DA:114,10
DA:124,10
DA:128,10
DA:129,10
DA:130,10
DA:133,8
LF:45
LH:44
BRDA:26,0,0,38
BRDA:26,0,1,35
BRDA:27,1,0,38
BRDA:27,1,1,35
BRDA:60,2,0,2
BRDA:60,2,1,27
BRDA:63,3,0,1
BRDA:63,3,1,26
BRDA:66,4,0,1
BRDA:66,4,1,25
BRDA:76,5,0,1
BRDA:76,5,1,7
BRDA:80,6,0,7
BRDA:80,6,1,0
BRDA:85,7,0,2
BRDA:85,7,1,5
BRDA:91,8,0,1
BRDA:91,8,1,2
BRDA:98,9,0,1
BRDA:98,9,1,1
BRDA:105,10,0,0
BRDA:105,10,1,10
BRDA:128,11,0,10
BRDA:128,11,1,0
BRF:24
BRH:21
end_of_record
TN:
SF:src/services/subscriptionService.ts
FN:20,(anonymous_0)
FN:24,(anonymous_1)
FN:31,(anonymous_2)
FN:73,(anonymous_3)
FN:76,(anonymous_4)
FN:91,(anonymous_5)
FN:96,(anonymous_6)
FN:126,(anonymous_7)
FN:222,(anonymous_8)
FN:223,(anonymous_9)
FN:244,(anonymous_10)
FN:245,(anonymous_11)
FN:266,(anonymous_12)
FN:296,(anonymous_13)
FN:312,(anonymous_14)
FN:322,(anonymous_15)
FN:341,(anonymous_16)
FN:368,(anonymous_17)
FN:394,(anonymous_18)
FN:408,(anonymous_19)
FN:422,(anonymous_20)
FN:429,(anonymous_21)
FN:439,(anonymous_22)
FN:455,(anonymous_23)
FN:465,(anonymous_24)
FN:502,(anonymous_25)
FN:537,(anonymous_26)
FN:548,(anonymous_27)
FN:573,(anonymous_28)
FN:590,(anonymous_29)
FN:637,(anonymous_30)
FN:652,(anonymous_31)
FN:667,(anonymous_32)
FNF:33
FNH:25
FNDA:37,(anonymous_0)
FNDA:160,(anonymous_1)
FNDA:37,(anonymous_2)
FNDA:111,(anonymous_3)
FNDA:37,(anonymous_4)
FNDA:1,(anonymous_5)
FNDA:78,(anonymous_6)
FNDA:56,(anonymous_7)
FNDA:0,(anonymous_8)
FNDA:0,(anonymous_9)
FNDA:0,(anonymous_10)
FNDA:0,(anonymous_11)
FNDA:37,(anonymous_12)
FNDA:15,(anonymous_13)
FNDA:2,(anonymous_14)
FNDA:1,(anonymous_15)
FNDA:4,(anonymous_16)
FNDA:0,(anonymous_17)
FNDA:0,(anonymous_18)
FNDA:0,(anonymous_19)
FNDA:32,(anonymous_20)
FNDA:2,(anonymous_21)
FNDA:1,(anonymous_22)
FNDA:1,(anonymous_23)
FNDA:1,(anonymous_24)
FNDA:0,(anonymous_25)
FNDA:2,(anonymous_26)
FNDA:1,(anonymous_27)
FNDA:38,(anonymous_28)
FNDA:98,(anonymous_29)
FNDA:37,(anonymous_30)
FNDA:1,(anonymous_31)
FNDA:71,(anonymous_32)
DA:13,6
DA:14,6
DA:17,37
DA:18,37
DA:21,37
DA:25,160
DA:26,37
DA:27,37
DA:32,37
DA:73,111
DA:77,37
DA:79,37
DA:80,37
DA:82,37
DA:85,0
DA:87,0
DA:92,1
DA:93,1
DA:97,78
DA:99,78
DA:100,78
DA:101,78
DA:102,78
DA:104,78
DA:106,78
DA:107,43
DA:108,43
DA:109,43
DA:111,43
DA:112,0
DA:113,0
DA:114,0
DA:117,0
DA:118,0
DA:119,0
DA:122,35
DA:126,78
DA:128,78
DA:129,58
DA:133,20
DA:135,20
DA:138,20
DA:139,0
DA:140,0
DA:142,20
DA:143,0
DA:144,0
DA:146,20
DA:147,0
DA:148,0
DA:150,20
DA:151,0
DA:152,0
DA:155,20
DA:156,20
DA:158,20
DA:159,20
DA:160,0
DA:161,20
DA:162,20
DA:165,0
DA:168,20
DA:169,0
DA:170,20
DA:171,20
DA:174,0
DA:177,0
DA:178,0
DA:181,20
DA:182,0
DA:183,0
DA:185,20
DA:186,0
DA:187,0
DA:190,20
DA:193,20
DA:194,20
DA:196,0
DA:197,0
DA:201,20
DA:211,20
DA:213,0
DA:214,0
DA:217,0
DA:218,0
DA:223,0
DA:224,0
DA:225,0
DA:228,0
DA:238,0
DA:239,0
DA:241,0
DA:245,0
DA:246,0
DA:247,0
DA:250,0
DA:260,0
DA:261,0
DA:263,0
DA:267,37
DA:268,37
DA:269,37
DA:271,37
DA:272,15
DA:276,37
DA:296,37
DA:297,37
DA:298,0
DA:300,37
DA:303,37
DA:304,37
DA:306,0
DA:307,0
DA:313,2
DA:315,2
DA:316,2
DA:317,2
DA:318,1
DA:321,1
DA:322,1
DA:324,1
DA:325,0
DA:329,1
DA:330,1
DA:332,1
DA:333,1
DA:334,1
DA:336,0
DA:337,0
DA:342,4
DA:344,4
DA:349,4
DA:350,1
DA:351,3
DA:352,2
DA:355,1
DA:356,1
DA:357,1
DA:360,0
DA:361,0
DA:363,0
DA:364,0
DA:365,0
DA:368,0
DA:370,0
DA:371,0
DA:374,0
DA:376,0
DA:377,0
DA:381,3
DA:382,3
DA:384,2
DA:387,1
DA:389,0
DA:390,0
DA:395,0
DA:398,0
DA:399,0
DA:400,0
DA:405,0
DA:409,0
DA:412,0
DA:413,0
DA:414,0
DA:419,0
DA:423,32
DA:425,32
DA:426,32
DA:430,2
DA:432,2
DA:433,2
DA:434,2
DA:435,1
DA:438,1
DA:439,1
DA:441,1
DA:442,0
DA:445,1
DA:446,1
DA:450,0
DA:451,0
DA:456,1
DA:458,1
DA:459,1
DA:460,1
DA:461,0
DA:464,1
DA:465,1
DA:467,1
DA:468,0
DA:472,1
DA:473,1
DA:475,1
DA:477,1
DA:478,1
DA:479,0
DA:480,0
DA:483,0
DA:486,1
DA:488,1
DA:489,1
DA:490,0
DA:491,0
DA:494,0
DA:497,1
DA:498,1
DA:500,1
DA:502,0
DA:503,0
DA:504,0
DA:517,1
DA:520,1
DA:530,1
DA:532,0
DA:533,0
DA:538,2
DA:540,2
DA:542,2
DA:543,2
DA:544,1
DA:547,1
DA:548,1
DA:550,1
DA:551,0
DA:555,1
DA:556,1
DA:559,1
DA:566,1
DA:568,0
DA:569,0
DA:574,38
DA:576,38
DA:578,38
DA:579,0
DA:582,38
DA:583,0
DA:587,38
DA:590,98
DA:591,38
DA:592,1
DA:597,37
DA:598,37
DA:601,0
DA:605,37
DA:606,37
DA:609,37
DA:620,37
DA:621,37
DA:623,37
DA:625,0
DA:627,0
DA:631,0
DA:633,0
DA:638,37
DA:639,37
DA:641,37
DA:643,0
DA:646,0
DA:648,0
DA:653,1
DA:655,1
DA:657,0
DA:660,0
DA:662,0
DA:668,71
DA:669,71
DA:670,71
DA:672,71
DA:673,71
DA:675,0
LF:270
LH:162
BRDA:25,0,0,37
BRDA:25,0,1,123
BRDA:80,1,0,37
BRDA:80,1,1,0
BRDA:106,2,0,43
BRDA:106,2,1,35
BRDA:106,3,0,78
BRDA:106,3,1,43
BRDA:111,4,0,0
BRDA:111,4,1,43
BRDA:128,5,0,58
BRDA:128,5,1,20
BRDA:138,6,0,0
BRDA:138,6,1,20
BRDA:138,7,0,20
BRDA:138,7,1,20
BRDA:142,8,0,0
BRDA:142,8,1,20
BRDA:142,9,0,20
BRDA:142,9,1,20
BRDA:142,9,2,20
BRDA:146,10,0,0
BRDA:146,10,1,20
BRDA:146,11,0,20
BRDA:146,11,1,20
BRDA:150,12,0,0
BRDA:150,12,1,20
BRDA:150,13,0,20
BRDA:150,13,1,20
BRDA:159,14,0,0
BRDA:159,14,1,20
BRDA:161,15,0,20
BRDA:161,15,1,0
BRDA:168,16,0,0
BRDA:168,16,1,20
BRDA:170,17,0,20
BRDA:170,17,1,0
BRDA:181,18,0,0
BRDA:181,18,1,20
BRDA:181,19,0,20
BRDA:181,19,1,20
BRDA:185,20,0,0
BRDA:185,20,1,20
BRDA:185,21,0,20
BRDA:185,21,1,20
BRDA:194,22,0,0
BRDA:194,22,1,20
BRDA:194,23,0,20
BRDA:194,23,1,0
BRDA:224,24,0,0
BRDA:224,24,1,0
BRDA:246,25,0,0
BRDA:246,25,1,0
BRDA:271,26,0,15
BRDA:271,26,1,22
BRDA:271,27,0,37
BRDA:271,27,1,15
BRDA:297,28,0,0
BRDA:297,28,1,37
BRDA:317,29,0,1
BRDA:317,29,1,1
BRDA:321,30,0,1
BRDA:321,30,1,0
BRDA:324,31,0,0
BRDA:324,31,1,1
BRDA:349,32,0,1
BRDA:349,32,1,3
BRDA:351,33,0,2
BRDA:351,33,1,1
BRDA:356,34,0,1
BRDA:356,34,1,0
BRDA:361,35,0,0
BRDA:361,35,1,0
BRDA:363,36,0,0
BRDA:363,36,1,0
BRDA:370,37,0,0
BRDA:370,37,1,0
BRDA:370,38,0,0
BRDA:370,38,1,0
BRDA:382,39,0,2
BRDA:382,39,1,1
BRDA:399,40,0,0
BRDA:399,40,1,0
BRDA:413,41,0,0
BRDA:413,41,1,0
BRDA:426,42,0,16
BRDA:426,42,1,16
BRDA:434,43,0,1
BRDA:434,43,1,1
BRDA:438,44,0,1
BRDA:438,44,1,0
BRDA:441,45,0,0
BRDA:441,45,1,1
BRDA:446,46,0,1
BRDA:446,46,1,1
BRDA:446,46,2,1
BRDA:460,47,0,0
BRDA:460,47,1,1
BRDA:464,48,0,1
BRDA:464,48,1,0
BRDA:467,49,0,0
BRDA:467,49,1,1
BRDA:472,50,0,1
BRDA:472,50,1,0
BRDA:475,51,0,1
BRDA:475,51,1,0
BRDA:477,52,0,1
BRDA:477,52,1,0
BRDA:479,53,0,0
BRDA:479,53,1,0
BRDA:486,54,0,1
BRDA:486,54,1,0
BRDA:488,55,0,1
BRDA:488,55,1,0
BRDA:490,56,0,0
BRDA:490,56,1,0
BRDA:497,57,0,1
BRDA:497,57,1,0
BRDA:500,58,0,0
BRDA:500,58,1,1
BRDA:500,59,0,1
BRDA:500,59,1,0
BRDA:503,60,0,0
BRDA:503,60,1,0
BRDA:543,61,0,1
BRDA:543,61,1,1
BRDA:547,62,0,1
BRDA:547,62,1,0
BRDA:550,63,0,0
BRDA:550,63,1,1
BRDA:578,64,0,0
BRDA:578,64,1,38
BRDA:578,65,0,38
BRDA:578,65,1,38
BRDA:578,65,2,38
BRDA:582,66,0,0
BRDA:582,66,1,38
BRDA:582,67,0,38
BRDA:582,67,1,38
BRDA:582,67,2,38
BRDA:591,68,0,1
BRDA:591,68,1,37
BRDA:598,69,0,0
BRDA:598,69,1,37
BRDA:598,70,0,37
BRDA:598,70,1,0
BRDA:598,70,2,0
BRDA:627,71,0,0
BRDA:627,71,1,0
BRDA:627,72,0,0
BRDA:627,72,1,0
BRDA:627,72,2,0
BRDA:627,72,3,0
BRDA:639,73,0,37
BRDA:639,73,1,0
BRDA:639,73,2,0
BRDA:639,73,3,0
BRDA:653,74,0,1
BRDA:653,74,1,0
BRDA:653,74,2,0
BRDA:653,74,3,0
BRF:161
BRH:89
end_of_record
TN:
SF:src/utils/accessibilityTestUtils.ts
FN:31,(anonymous_0)
FN:33,(anonymous_1)
FN:40,(anonymous_2)
FN:44,(anonymous_3)
FN:48,(anonymous_4)
FN:53,(anonymous_5)
FN:57,(anonymous_6)
FN:61,(anonymous_7)
FN:65,(anonymous_8)
FN:69,(anonymous_9)
FN:73,(anonymous_10)
FN:77,(anonymous_11)
FN:89,(anonymous_12)
FN:123,(anonymous_13)
FN:139,(anonymous_14)
FN:157,(anonymous_15)
FN:172,(anonymous_16)
FN:193,(anonymous_17)
FN:225,(anonymous_18)
FN:227,(anonymous_19)
FN:234,(anonymous_20)
FN:239,(anonymous_21)
FN:243,(anonymous_22)
FN:247,(anonymous_23)
FN:252,(anonymous_24)
FN:264,(anonymous_25)
FN:273,(anonymous_26)
FN:282,(anonymous_27)
FN:290,(anonymous_28)
FN:298,(anonymous_29)
FN:337,(anonymous_30)
FN:365,(anonymous_31)
FN:376,(anonymous_32)
FN:380,(anonymous_33)
FN:387,(anonymous_34)
FN:391,(anonymous_35)
FN:395,(anonymous_36)
FN:399,(anonymous_37)
FN:403,(anonymous_38)
FN:411,(anonymous_39)
FNF:40
FNH:24
FNDA:1,(anonymous_0)
FNDA:23,(anonymous_1)
FNDA:3,(anonymous_2)
FNDA:6,(anonymous_3)
FNDA:19,(anonymous_4)
FNDA:1,(anonymous_5)
FNDA:0,(anonymous_6)
FNDA:1,(anonymous_7)
FNDA:0,(anonymous_8)
FNDA:0,(anonymous_9)
FNDA:0,(anonymous_10)
FNDA:0,(anonymous_11)
FNDA:4,(anonymous_12)
FNDA:2,(anonymous_13)
FNDA:1,(anonymous_14)
FNDA:1,(anonymous_15)
FNDA:0,(anonymous_16)
FNDA:1,(anonymous_17)
FNDA:1,(anonymous_18)
FNDA:19,(anonymous_19)
FNDA:3,(anonymous_20)
FNDA:4,(anonymous_21)
FNDA:4,(anonymous_22)
FNDA:19,(anonymous_23)
FNDA:5,(anonymous_24)
FNDA:0,(anonymous_25)
FNDA:0,(anonymous_26)
FNDA:0,(anonymous_27)
FNDA:3,(anonymous_28)
FNDA:2,(anonymous_29)
FNDA:4,(anonymous_30)
FNDA:2,(anonymous_31)
FNDA:0,(anonymous_32)
FNDA:0,(anonymous_33)
FNDA:0,(anonymous_34)
FNDA:0,(anonymous_35)
FNDA:0,(anonymous_36)
FNDA:0,(anonymous_37)
FNDA:0,(anonymous_38)
FNDA:17,(anonymous_39)
DA:29,1
DA:34,23
DA:35,1
DA:37,23
DA:41,3
DA:45,6
DA:49,19
DA:54,1
DA:58,0
DA:62,1
DA:66,0
DA:70,0
DA:74,0
DA:78,0
DA:99,4
DA:100,3
DA:103,4
DA:104,4
DA:107,3
DA:108,3
DA:111,3
DA:112,1
DA:115,3
DA:116,2
DA:127,2
DA:130,2
DA:131,2
DA:132,2
DA:144,1
DA:151,1
DA:162,1
DA:178,0
DA:180,0
DA:187,0
DA:198,1
DA:201,1
DA:202,1
DA:205,1
DA:208,1
DA:210,1
DA:211,1
DA:222,1
DA:223,1
DA:228,19
DA:229,1
DA:231,19
DA:235,3
DA:236,3
DA:240,4
DA:244,4
DA:248,19
DA:249,19
DA:253,5
DA:260,1
DA:265,0
DA:266,0
DA:268,0
DA:269,0
DA:270,0
DA:271,0
DA:273,0
DA:276,0
DA:283,0
DA:284,0
DA:291,3
DA:299,2
DA:300,2
DA:302,2
DA:303,2
DA:306,2
DA:307,2
DA:310,2
DA:311,0
DA:314,2
DA:315,0
DA:318,2
DA:320,2
DA:321,1
DA:324,1
DA:325,1
DA:326,1
DA:331,2
DA:338,4
DA:341,4
DA:342,1
DA:346,4
DA:347,1
DA:351,4
DA:352,1
DA:355,4
DA:365,1
DA:366,2
DA:367,2
DA:368,1
DA:372,2
DA:374,2
DA:375,2
DA:376,0
DA:378,2
DA:379,2
DA:380,0
DA:385,2
DA:386,0
DA:387,0
DA:389,2
DA:390,0
DA:391,0
DA:393,2
DA:394,0
DA:395,0
DA:397,2
DA:398,0
DA:399,0
DA:401,2
DA:402,0
DA:403,0
DA:411,1
DA:412,17
DA:413,17
DA:415,17
DA:416,17
LF:121
LH:89
BRDA:34,0,0,1
BRDA:34,0,1,22
BRDA:54,1,0,1
BRDA:54,1,1,0
BRDA:58,2,0,0
BRDA:58,2,1,0
BRDA:62,3,0,1
BRDA:62,3,1,1
BRDA:66,4,0,0
BRDA:66,4,1,0
BRDA:70,5,0,0
BRDA:70,5,1,0
BRDA:74,6,0,0
BRDA:74,6,1,0
BRDA:78,7,0,0
BRDA:78,7,1,0
BRDA:99,8,0,3
BRDA:99,8,1,1
BRDA:103,9,0,4
BRDA:103,9,1,0
BRDA:107,10,0,3
BRDA:107,10,1,0
BRDA:111,11,0,1
BRDA:111,11,1,2
BRDA:115,12,0,2
BRDA:115,12,1,1
BRDA:125,13,0,0
BRDA:130,14,0,2
BRDA:130,14,1,0
BRDA:160,15,0,0
BRDA:176,16,0,0
BRDA:178,17,0,0
BRDA:178,17,1,0
BRDA:195,18,0,0
BRDA:205,19,0,1
BRDA:205,19,1,0
BRDA:208,20,0,1
BRDA:208,20,1,0
BRDA:228,21,0,1
BRDA:228,21,1,18
BRDA:264,22,0,0
BRDA:270,23,0,0
BRDA:270,23,1,0
BRDA:291,24,0,3
BRDA:291,24,1,2
BRDA:298,25,0,1
BRDA:300,26,0,2
BRDA:300,26,1,0
BRDA:302,27,0,2
BRDA:302,27,1,0
BRDA:306,28,0,2
BRDA:306,28,1,0
BRDA:310,29,0,0
BRDA:310,29,1,2
BRDA:314,30,0,0
BRDA:314,30,1,2
BRDA:320,31,0,1
BRDA:320,31,1,1
BRDA:321,32,0,1
BRDA:321,32,1,0
BRDA:325,33,0,1
BRDA:325,33,1,0
BRDA:325,34,0,1
BRDA:325,34,1,1
BRDA:341,35,0,1
BRDA:341,35,1,3
BRDA:341,36,0,4
BRDA:341,36,1,2
BRDA:346,37,0,1
BRDA:346,37,1,3
BRDA:346,38,0,4
BRDA:346,38,1,2
BRDA:351,39,0,1
BRDA:351,39,1,3
BRDA:351,40,0,4
BRDA:351,40,1,1
BRDA:367,41,0,1
BRDA:367,41,1,1
BRDA:372,42,0,2
BRDA:372,42,1,0
BRDA:374,43,0,2
BRDA:374,43,1,0
BRDA:374,44,0,2
BRDA:374,44,1,2
BRDA:378,45,0,2
BRDA:378,45,1,0
BRDA:378,46,0,2
BRDA:378,46,1,2
BRDA:385,47,0,0
BRDA:385,47,1,2
BRDA:385,48,0,2
BRDA:385,48,1,2
BRDA:389,49,0,0
BRDA:389,49,1,2
BRDA:389,50,0,2
BRDA:389,50,1,2
BRDA:393,51,0,0
BRDA:393,51,1,2
BRDA:393,52,0,2
BRDA:393,52,1,2
BRDA:397,53,0,0
BRDA:397,53,1,2
BRDA:397,54,0,2
BRDA:397,54,1,2
BRDA:401,55,0,0
BRDA:401,55,1,2
BRDA:401,56,0,2
BRDA:401,56,1,2
BRF:108
BRH:68
end_of_record
TN:
SF:src/utils/audioUtils.ts
FN:11,(anonymous_0)
FN:24,(anonymous_1)
FN:38,(anonymous_2)
FN:46,(anonymous_3)
FN:58,(anonymous_4)
FN:59,(anonymous_5)
FN:70,(anonymous_6)
FNF:7
FNH:7
FNDA:8,(anonymous_0)
FNDA:7,(anonymous_1)
FNDA:12,(anonymous_2)
FNDA:34,(anonymous_3)
FNDA:6,(anonymous_4)
FNDA:6,(anonymous_5)
FNDA:2,(anonymous_6)
DA:11,2
DA:12,8
DA:13,6
DA:14,4
DA:16,2
DA:24,2
DA:25,7
DA:27,7
DA:28,7
DA:30,7
DA:38,2
DA:39,12
DA:41,11
DA:42,11
DA:43,9
DA:44,9
DA:46,34
DA:49,2
DA:58,2
DA:59,6
DA:60,6
DA:61,3
DA:62,3
DA:68,3
DA:70,3
DA:72,2
DA:75,0
LF:27
LH:26
BRDA:12,0,0,2
BRDA:12,0,1,6
BRDA:13,1,0,2
BRDA:13,1,1,4
BRDA:14,2,0,2
BRDA:14,2,1,2
BRDA:25,3,0,1
BRDA:25,3,1,6
BRDA:39,4,0,1
BRDA:39,4,1,11
BRDA:39,5,0,12
BRDA:39,5,1,11
BRDA:60,6,0,3
BRDA:60,6,1,3
BRDA:60,7,0,6
BRDA:60,7,1,3
BRF:16
BRH:16
end_of_record
TN:
SF:src/utils/highContrastUtils.ts
FN:66,(anonymous_0)
FN:84,(anonymous_1)
FN:110,(anonymous_2)
FN:128,(anonymous_3)
FN:137,(anonymous_4)
FN:155,(anonymous_5)
FN:180,(anonymous_6)
FN:215,(anonymous_7)
FN:236,(anonymous_8)
FN:255,(anonymous_9)
FNF:10
FNH:10
FNDA:19,(anonymous_0)
FNDA:4,(anonymous_1)
FNDA:3,(anonymous_2)
FNDA:5,(anonymous_3)
FNDA:12,(anonymous_4)
FNDA:3,(anonymous_5)
FNDA:4,(anonymous_6)
FNDA:3,(anonymous_7)
FNDA:2,(anonymous_8)
FNDA:6,(anonymous_9)
DA:22,1
DA:35,1
DA:48,1
DA:66,1
DA:70,19
DA:71,4
DA:74,15
DA:84,1
DA:89,4
DA:91,4
DA:110,1
DA:114,3
DA:115,1
DA:120,2
DA:128,1
DA:130,5
DA:131,4
DA:132,4
DA:133,4
DA:134,4
DA:137,4
DA:138,12
DA:141,4
DA:145,1
DA:155,1
DA:160,3
DA:161,1
DA:165,2
DA:180,1
DA:186,4
DA:188,4
DA:193,4
DA:194,1
DA:197,4
DA:198,1
DA:202,4
DA:203,3
DA:206,4
DA:215,1
DA:219,3
DA:221,3
DA:228,3
DA:236,1
DA:237,2
DA:238,1
DA:241,1
DA:255,1
DA:261,6
DA:262,6
DA:263,8
DA:264,8
DA:269,6
DA:270,1
DA:274,5
DA:277,5
DA:280,5
DA:281,4
DA:284,5
DA:285,2
DA:288,5
DA:289,2
DA:293,5
DA:294,2
DA:295,3
DA:297,3
DA:298,3
DA:301,5
LF:67
LH:67
BRDA:68,0,0,1
BRDA:70,1,0,4
BRDA:70,1,1,15
BRDA:74,2,0,5
BRDA:74,2,1,10
BRDA:86,3,0,1
BRDA:87,4,0,3
BRDA:92,5,0,4
BRDA:92,5,1,3
BRDA:93,6,0,4
BRDA:93,6,1,3
BRDA:94,7,0,4
BRDA:94,7,1,4
BRDA:95,8,0,4
BRDA:95,8,1,4
BRDA:96,9,0,4
BRDA:96,9,1,4
BRDA:97,10,0,4
BRDA:97,10,1,4
BRDA:98,11,0,4
BRDA:98,11,1,4
BRDA:99,12,0,4
BRDA:99,12,1,4
BRDA:100,13,0,4
BRDA:100,13,1,4
BRDA:114,14,0,1
BRDA:114,14,1,2
BRDA:120,15,0,1
BRDA:120,15,1,1
BRDA:130,16,0,4
BRDA:130,16,1,1
BRDA:130,17,0,5
BRDA:130,17,1,5
BRDA:138,18,0,6
BRDA:138,18,1,6
BRDA:157,19,0,0
BRDA:160,20,0,1
BRDA:160,20,1,2
BRDA:161,21,0,1
BRDA:161,21,1,0
BRDA:167,22,0,2
BRDA:167,22,1,1
BRDA:182,23,0,1
BRDA:193,24,0,1
BRDA:193,24,1,3
BRDA:197,25,0,1
BRDA:197,25,1,3
BRDA:202,26,0,3
BRDA:202,26,1,1
BRDA:203,27,0,3
BRDA:203,27,1,2
BRDA:217,28,0,1
BRDA:224,29,0,2
BRDA:224,29,1,1
BRDA:237,30,0,1
BRDA:237,30,1,1
BRDA:258,31,0,4
BRDA:263,32,0,8
BRDA:263,32,1,0
BRDA:263,33,0,8
BRDA:263,33,1,8
BRDA:269,34,0,1
BRDA:269,34,1,5
BRDA:280,35,0,4
BRDA:280,35,1,1
BRDA:284,36,0,2
BRDA:284,36,1,3
BRDA:288,37,0,2
BRDA:288,37,1,3
BRDA:293,38,0,2
BRDA:293,38,1,3
BRDA:295,39,0,3
BRDA:295,39,1,0
BRF:73
BRH:69
end_of_record
TN:
SF:src/utils/keyboardNavigationUtils.ts
FN:23,(anonymous_0)
FN:27,(anonymous_1)
FN:37,(anonymous_2)
FN:49,(anonymous_3)
FN:51,(anonymous_4)
FN:54,(anonymous_5)
FN:64,(anonymous_6)
FN:71,(anonymous_7)
FN:79,(anonymous_8)
FN:87,(anonymous_9)
FN:95,(anonymous_10)
FN:102,(anonymous_11)
FN:109,(anonymous_12)
FN:116,(anonymous_13)
FN:123,(anonymous_14)
FN:130,(anonymous_15)
FN:137,(anonymous_16)
FN:144,(anonymous_17)
FN:151,(anonymous_18)
FN:161,(anonymous_19)
FN:168,(anonymous_20)
FN:178,(anonymous_21)
FN:179,(anonymous_22)
FN:191,(anonymous_23)
FN:202,(anonymous_24)
FN:205,(anonymous_25)
FN:216,(anonymous_26)
FN:225,(anonymous_27)
FN:238,(anonymous_28)
FN:245,(anonymous_29)
FN:252,(anonymous_30)
FN:259,(anonymous_31)
FN:266,(anonymous_32)
FN:273,(anonymous_33)
FNF:34
FNH:29
FNDA:1,(anonymous_0)
FNDA:34,(anonymous_1)
FNDA:1,(anonymous_2)
FNDA:1,(anonymous_3)
FNDA:1,(anonymous_4)
FNDA:0,(anonymous_5)
FNDA:16,(anonymous_6)
FNDA:8,(anonymous_7)
FNDA:3,(anonymous_8)
FNDA:4,(anonymous_9)
FNDA:10,(anonymous_10)
FNDA:1,(anonymous_11)
FNDA:3,(anonymous_12)
FNDA:1,(anonymous_13)
FNDA:2,(anonymous_14)
FNDA:1,(anonymous_15)
FNDA:2,(anonymous_16)
FNDA:1,(anonymous_17)
FNDA:1,(anonymous_18)
FNDA:4,(anonymous_19)
FNDA:1,(anonymous_20)
FNDA:15,(anonymous_21)
FNDA:4,(anonymous_22)
FNDA:3,(anonymous_23)
FNDA:0,(anonymous_24)
FNDA:0,(anonymous_25)
FNDA:0,(anonymous_26)
FNDA:0,(anonymous_27)
FNDA:9,(anonymous_28)
FNDA:1,(anonymous_29)
FNDA:2,(anonymous_30)
FNDA:1,(anonymous_31)
FNDA:2,(anonymous_32)
FNDA:3,(anonymous_33)
DA:16,1
DA:17,1
DA:18,1
DA:19,1
DA:20,1
DA:21,1
DA:24,1
DA:28,34
DA:29,1
DA:31,34
DA:40,1
DA:42,1
DA:50,1
DA:51,1
DA:53,1
DA:56,0
DA:65,16
DA:72,8
DA:73,8
DA:80,3
DA:81,3
DA:88,4
DA:89,4
DA:96,10
DA:103,1
DA:110,3
DA:117,1
DA:124,2
DA:131,1
DA:138,2
DA:145,1
DA:152,1
DA:153,1
DA:154,1
DA:162,4
DA:169,1
DA:170,1
DA:171,1
DA:179,15
DA:180,4
DA:181,4
DA:183,1
DA:192,3
DA:203,0
DA:205,0
DA:206,0
DA:207,0
DA:217,0
DA:218,0
DA:228,0
DA:233,1
DA:238,1
DA:239,9
DA:245,1
DA:246,1
DA:252,1
DA:253,2
DA:259,1
DA:260,1
DA:266,1
DA:267,2
DA:273,1
DA:274,3
LF:63
LH:55
BRDA:28,0,0,1
BRDA:28,0,1,33
BRDA:40,1,0,1
BRDA:40,1,1,0
BRDA:40,2,0,1
BRDA:40,2,1,0
BRDA:50,3,0,1
BRDA:50,3,1,0
BRDA:50,4,0,1
BRDA:50,4,1,1
BRDA:96,5,0,10
BRDA:96,5,1,7
BRDA:153,6,0,1
BRDA:153,6,1,0
BRDA:170,7,0,1
BRDA:170,7,1,0
BRDA:203,8,0,0
BRDA:203,8,1,0
BRDA:203,9,0,0
BRDA:203,9,1,0
BRDA:206,10,0,0
BRDA:206,10,1,0
BRDA:217,11,0,0
BRDA:217,11,1,0
BRF:24
BRH:11
end_of_record
TN:
SF:src/utils/screenReaderUtils.ts
FN:12,(anonymous_0)
FN:13,(anonymous_1)
FN:17,(anonymous_2)
FN:37,(anonymous_3)
FN:49,(anonymous_4)
FN:61,(anonymous_5)
FN:69,(anonymous_6)
FN:78,(anonymous_7)
FN:86,(anonymous_8)
FN:97,(anonymous_9)
FN:105,(anonymous_10)
FNF:11
FNH:9
FNDA:1,(anonymous_0)
FNDA:1,(anonymous_1)
FNDA:1,(anonymous_2)
FNDA:2,(anonymous_3)
FNDA:2,(anonymous_4)
FNDA:1,(anonymous_5)
FNDA:1,(anonymous_6)
FNDA:1,(anonymous_7)
FNDA:0,(anonymous_8)
FNDA:1,(anonymous_9)
FNDA:0,(anonymous_10)
DA:12,4
DA:13,1
DA:14,1
DA:15,1
DA:17,1
DA:18,1
DA:19,1
DA:22,0
DA:23,0
DA:27,0
DA:28,0
DA:37,4
DA:38,2
DA:39,2
DA:42,0
DA:49,4
DA:50,2
DA:51,2
DA:54,0
DA:61,4
DA:62,1
DA:69,4
DA:70,1
DA:78,4
DA:81,1
DA:82,1
DA:85,0
DA:97,4
DA:100,1
DA:101,1
DA:104,0
LF:31
LH:23
BRDA:14,0,0,1
BRDA:14,0,1,0
BRDA:14,1,0,1
BRDA:14,1,1,1
BRDA:15,2,0,1
BRDA:15,2,1,0
BRDA:38,3,0,2
BRDA:38,3,1,0
BRDA:38,4,0,2
BRDA:38,4,1,2
BRDA:50,5,0,2
BRDA:50,5,1,0
BRDA:50,6,0,2
BRDA:50,6,1,2
BRDA:81,7,0,1
BRDA:81,7,1,0
BRDA:81,8,0,1
BRDA:81,8,1,1
BRDA:100,9,0,1
BRDA:100,9,1,0
BRDA:100,10,0,1
BRDA:100,10,1,1
BRF:22
BRH:16
end_of_record
TN:
SF:src/utils/securityUtils.ts
FN:11,(anonymous_0)
FN:41,(anonymous_1)
FN:68,base64Encode
FN:84,base64Decode
FN:112,(anonymous_4)
FN:117,(anonymous_5)
FN:124,(anonymous_6)
FN:156,(anonymous_7)
FN:199,(anonymous_8)
FN:243,(anonymous_9)
FN:274,(anonymous_10)
FN:284,(anonymous_11)
FN:303,(anonymous_12)
FN:315,(anonymous_13)
FN:319,(anonymous_14)
FN:330,(anonymous_15)
FN:347,(anonymous_16)
FN:361,(anonymous_17)
FN:364,(anonymous_18)
FN:381,(anonymous_19)
FN:389,(anonymous_20)
FN:411,(anonymous_21)
FN:482,(anonymous_22)
FN:526,(anonymous_23)
FN:529,(anonymous_24)
FN:529,(anonymous_25)
FN:549,(anonymous_26)
FN:565,(anonymous_27)
FN:583,(anonymous_28)
FN:602,(anonymous_29)
FN:616,(anonymous_30)
FN:626,(anonymous_31)
FN:648,(anonymous_32)
FN:702,(anonymous_33)
FN:708,(anonymous_34)
FN:725,(anonymous_35)
FNF:36
FNH:32
FNDA:0,(anonymous_0)
FNDA:0,(anonymous_1)
FNDA:96,base64Encode
FNDA:75,base64Decode
FNDA:19,(anonymous_4)
FNDA:19,(anonymous_5)
FNDA:19,(anonymous_6)
FNDA:96,(anonymous_7)
FNDA:75,(anonymous_8)
FNDA:171,(anonymous_9)
FNDA:1237,(anonymous_10)
FNDA:293,(anonymous_11)
FNDA:161,(anonymous_12)
FNDA:54,(anonymous_13)
FNDA:54,(anonymous_14)
FNDA:438,(anonymous_15)
FNDA:235,(anonymous_16)
FNDA:4460,(anonymous_17)
FNDA:19026,(anonymous_18)
FNDA:904,(anonymous_19)
FNDA:19926,(anonymous_20)
FNDA:100,(anonymous_21)
FNDA:168,(anonymous_22)
FNDA:88,(anonymous_23)
FNDA:23,(anonymous_24)
FNDA:85,(anonymous_25)
FNDA:152,(anonymous_26)
FNDA:0,(anonymous_27)
FNDA:0,(anonymous_28)
FNDA:1,(anonymous_29)
FNDA:6,(anonymous_30)
FNDA:69,(anonymous_31)
FNDA:3,(anonymous_32)
FNDA:112,(anonymous_33)
FNDA:153,(anonymous_34)
FNDA:1,(anonymous_35)
DA:5,19
DA:6,19
DA:10,19
DA:13,0
DA:14,0
DA:15,0
DA:16,0
DA:17,0
DA:18,0
DA:19,0
DA:20,0
DA:21,0
DA:22,0
DA:23,0
DA:24,0
DA:25,0
DA:27,0
DA:28,0
DA:29,0
DA:30,0
DA:31,0
DA:32,0
DA:33,0
DA:36,0
DA:40,19
DA:43,0
DA:44,0
DA:45,0
DA:46,0
DA:47,0
DA:48,0
DA:49,0
DA:50,0
DA:51,0
DA:52,0
DA:53,0
DA:54,0
DA:56,0
DA:59,0
DA:60,0
DA:63,0
DA:69,96
DA:71,96
DA:74,0
DA:75,0
DA:76,0
DA:77,0
DA:79,0
DA:85,75
DA:87,75
DA:90,0
DA:91,0
DA:92,0
DA:93,0
DA:95,0
DA:109,19
DA:110,19
DA:114,19
DA:118,19
DA:119,19
DA:121,19
DA:125,19
DA:127,19
DA:130,0
DA:131,0
DA:134,0
DA:139,19
DA:144,0
DA:146,0
DA:148,0
DA:157,96
DA:158,96
DA:160,96
DA:163,96
DA:166,96
DA:169,96
DA:180,96
DA:181,96
DA:182,96
DA:184,96
DA:186,0
DA:187,0
DA:191,0
DA:200,75
DA:201,75
DA:203,75
DA:204,75
DA:205,75
DA:206,53887
DA:210,75
DA:211,75
DA:214,75
DA:217,75
DA:228,67
DA:231,0
DA:234,8
DA:236,8
DA:247,171
DA:255,171
DA:268,171
DA:275,1237
DA:277,756
DA:283,481
DA:284,293
DA:287,351
DA:288,127
DA:289,127
DA:291,848
DA:292,848
DA:294,127
DA:297,224
DA:306,161
DA:307,0
DA:311,161
DA:313,142
DA:315,76
DA:316,54
DA:317,54
DA:319,54
DA:320,54
DA:322,0
DA:327,66
DA:328,66
DA:330,438
DA:332,66
DA:334,62
DA:341,23
DA:350,235
DA:361,235
DA:362,4460
DA:364,19026
DA:365,2718
DA:366,0
DA:369,2718
DA:370,2718
DA:371,0
DA:375,0
DA:376,0
DA:379,2718
DA:380,1742
DA:381,904
DA:382,1473
DA:385,555
DA:387,3321
DA:388,3321
DA:389,19926
DA:390,0
DA:395,3321
DA:396,0
DA:399,555
DA:402,918
DA:405,235
DA:412,100
DA:414,100
DA:415,1
DA:418,99
DA:419,3
DA:423,96
DA:426,96
DA:427,0
DA:431,96
DA:432,0
DA:437,96
DA:449,96
DA:450,96
DA:452,0
DA:453,0
DA:456,96
DA:457,96
DA:459,0
DA:460,0
DA:463,96
DA:464,96
DA:466,0
DA:467,0
DA:468,0
DA:469,0
DA:473,4
DA:474,4
DA:475,4
DA:483,168
DA:484,168
DA:485,0
DA:488,168
DA:489,168
DA:490,168
DA:492,168
DA:493,93
DA:494,93
DA:498,75
DA:501,75
DA:502,8
DA:503,8
DA:504,8
DA:507,67
DA:509,67
DA:510,65
DA:513,65
DA:514,65
DA:515,0
DA:516,0
DA:517,0
DA:521,65
DA:525,65
DA:526,88
DA:528,62
DA:529,62
DA:530,85
DA:532,62
DA:533,62
DA:536,3
DA:537,3
DA:540,2
DA:541,2
DA:542,2
DA:550,152
DA:551,1
DA:554,151
DA:555,151
DA:557,0
DA:558,0
DA:566,0
DA:567,0
DA:569,0
DA:570,0
DA:573,0
DA:575,0
DA:576,0
DA:584,0
DA:585,0
DA:587,0
DA:588,0
DA:593,19
DA:603,1
DA:606,1
DA:616,1
DA:617,6
DA:618,6
DA:619,4
DA:620,2
DA:621,0
DA:626,1
DA:627,69
DA:628,69
DA:635,5
DA:639,1
DA:649,3
DA:651,3
DA:652,0
DA:653,0
DA:657,3
DA:663,3
DA:664,0
DA:667,3
DA:668,0
DA:669,0
DA:673,3
DA:674,2
DA:675,2
DA:676,1
DA:681,3
DA:682,1
DA:683,1
DA:685,1
DA:686,0
DA:690,3
DA:704,112
DA:706,112
DA:708,112
DA:709,153
DA:710,153
DA:715,3
DA:717,150
DA:722,112
DA:727,1
LF:275
LH:176
BRDA:6,0,0,3
BRDA:6,0,1,16
BRDA:10,1,0,19
BRDA:10,1,1,0
BRDA:17,2,0,0
BRDA:17,2,1,0
BRDA:19,3,0,0
BRDA:19,3,1,0
BRDA:22,4,0,0
BRDA:22,4,1,0
BRDA:22,5,0,0
BRDA:22,5,1,0
BRDA:40,6,0,19
BRDA:40,6,1,0
BRDA:46,7,0,0
BRDA:46,7,1,0
BRDA:48,8,0,0
BRDA:48,8,1,0
BRDA:50,9,0,0
BRDA:50,9,1,0
BRDA:52,10,0,0
BRDA:52,10,1,0
BRDA:60,11,0,0
BRDA:60,11,1,0
BRDA:69,12,0,96
BRDA:69,12,1,0
BRDA:85,13,0,75
BRDA:85,13,1,0
BRDA:118,14,0,19
BRDA:118,14,1,0
BRDA:127,15,0,0
BRDA:127,15,1,19
BRDA:127,16,0,19
BRDA:127,16,1,19
BRDA:130,17,0,0
BRDA:130,17,1,0
BRDA:144,18,0,0
BRDA:144,18,1,0
BRDA:157,19,0,96
BRDA:157,19,1,0
BRDA:201,20,0,75
BRDA:201,20,1,0
BRDA:275,21,0,756
BRDA:275,21,1,481
BRDA:283,22,0,130
BRDA:283,22,1,351
BRDA:287,23,0,127
BRDA:287,23,1,224
BRDA:287,24,0,351
BRDA:287,24,1,127
BRDA:306,25,0,0
BRDA:306,25,1,161
BRDA:306,26,0,161
BRDA:306,26,1,161
BRDA:311,27,0,142
BRDA:311,27,1,19
BRDA:311,28,0,161
BRDA:311,28,1,142
BRDA:311,28,2,142
BRDA:313,29,0,76
BRDA:313,29,1,66
BRDA:316,30,0,54
BRDA:316,30,1,0
BRDA:316,31,0,54
BRDA:316,31,1,54
BRDA:320,32,0,54
BRDA:320,32,1,54
BRDA:327,33,0,66
BRDA:327,33,1,0
BRDA:327,34,0,66
BRDA:327,34,1,66
BRDA:332,35,0,62
BRDA:332,35,1,4
BRDA:362,36,0,2718
BRDA:362,36,1,1742
BRDA:365,37,0,0
BRDA:365,37,1,2718
BRDA:370,38,0,0
BRDA:370,38,1,2718
BRDA:370,39,0,2718
BRDA:370,39,1,2718
BRDA:375,40,0,0
BRDA:375,40,1,0
BRDA:375,41,0,0
BRDA:375,41,1,0
BRDA:380,42,0,269
BRDA:380,42,1,1473
BRDA:382,43,0,555
BRDA:382,43,1,918
BRDA:382,44,0,1473
BRDA:382,44,1,555
BRDA:387,45,0,3321
BRDA:387,45,1,0
BRDA:389,46,0,0
BRDA:389,46,1,3321
BRDA:395,47,0,0
BRDA:395,47,1,3321
BRDA:414,48,0,1
BRDA:414,48,1,99
BRDA:414,49,0,100
BRDA:414,49,1,99
BRDA:418,50,0,3
BRDA:418,50,1,96
BRDA:418,51,0,99
BRDA:418,51,1,98
BRDA:426,52,0,0
BRDA:426,52,1,96
BRDA:431,53,0,0
BRDA:431,53,1,96
BRDA:466,54,0,0
BRDA:466,54,1,0
BRDA:469,55,0,0
BRDA:469,55,1,0
BRDA:473,56,0,4
BRDA:473,56,1,0
BRDA:474,57,0,4
BRDA:474,57,1,0
BRDA:484,58,0,0
BRDA:484,58,1,168
BRDA:484,59,0,168
BRDA:484,59,1,168
BRDA:490,60,0,75
BRDA:490,60,1,93
BRDA:492,61,0,93
BRDA:492,61,1,75
BRDA:501,62,0,8
BRDA:501,62,1,67
BRDA:514,63,0,0
BRDA:514,63,1,65
BRDA:526,64,0,62
BRDA:526,64,1,3
BRDA:526,65,0,65
BRDA:526,65,1,65
BRDA:540,66,0,2
BRDA:540,66,1,0
BRDA:541,67,0,2
BRDA:541,67,1,0
BRDA:550,68,0,1
BRDA:550,68,1,151
BRDA:550,69,0,152
BRDA:550,69,1,151
BRDA:557,70,0,0
BRDA:557,70,1,0
BRDA:575,71,0,0
BRDA:575,71,1,0
BRDA:587,72,0,0
BRDA:587,72,1,0
BRDA:618,73,0,4
BRDA:618,73,1,2
BRDA:618,74,0,6
BRDA:618,74,1,2
BRDA:620,75,0,0
BRDA:620,75,1,2
BRDA:628,76,0,5
BRDA:628,76,1,64
BRDA:628,77,0,69
BRDA:628,77,1,66
BRDA:628,77,2,62
BRDA:628,77,3,62
BRDA:628,77,4,62
BRDA:651,78,0,0
BRDA:651,78,1,3
BRDA:651,79,0,3
BRDA:651,79,1,3
BRDA:663,80,0,0
BRDA:663,80,1,3
BRDA:667,81,0,0
BRDA:667,81,1,3
BRDA:673,82,0,2
BRDA:673,82,1,1
BRDA:675,83,0,1
BRDA:675,83,1,1
BRDA:681,84,0,1
BRDA:681,84,1,2
BRDA:682,85,0,1
BRDA:682,85,1,0
BRDA:685,86,0,0
BRDA:685,86,1,1
BRDA:706,87,0,112
BRDA:706,87,1,0
BRDA:710,88,0,3
BRDA:710,88,1,150
BRDA:710,89,0,153
BRDA:710,89,1,152
BRDA:710,89,2,151
BRDA:710,89,3,151
BRDA:710,89,4,151
BRF:187
BRH:120
end_of_record
TN:
SF:src/utils/timeUtils.ts
FN:8,(anonymous_0)
FN:17,(anonymous_1)
FN:24,(anonymous_2)
FN:33,(anonymous_3)
FNF:4
FNH:4
FNDA:14,(anonymous_0)
FNDA:16,(anonymous_1)
FNDA:7,(anonymous_2)
FNDA:10,(anonymous_3)
DA:8,9
DA:9,14
DA:10,14
DA:11,14
DA:17,9
DA:18,16
DA:24,9
DA:25,7
DA:26,7
DA:27,7
DA:33,9
DA:34,10
DA:35,4
DA:38,6
DA:39,6
DA:41,6
DA:42,3
DA:45,3
LF:18
LH:18
BRDA:34,0,0,4
BRDA:34,0,1,6
BRDA:41,1,0,3
BRDA:41,1,1,3
BRDA:42,2,0,2
BRDA:42,2,1,1
BRDA:45,3,0,1
BRDA:45,3,1,2
BRDA:45,4,0,1
BRDA:45,4,1,2
BRF:10
BRH:10
end_of_record
TN:
SF:src/utils/wcagComplianceUtils.ts
FN:60,(anonymous_0)
FN:94,(anonymous_1)
FN:158,(anonymous_2)
FN:186,(anonymous_3)
FN:213,(anonymous_4)
FN:280,(anonymous_5)
FN:281,(anonymous_6)
FN:292,(anonymous_7)
FN:308,(anonymous_8)
FN:331,(anonymous_9)
FN:483,(anonymous_10)
FN:484,(anonymous_11)
FN:490,(anonymous_12)
FN:491,(anonymous_13)
FN:497,(anonymous_14)
FN:498,(anonymous_15)
FN:504,(anonymous_16)
FN:505,(anonymous_17)
FN:511,(anonymous_18)
FN:512,(anonymous_19)
FN:518,(anonymous_20)
FN:519,(anonymous_21)
FN:520,(anonymous_22)
FN:534,(anonymous_23)
FN:535,(anonymous_24)
FN:540,(anonymous_25)
FNF:26
FNH:26
FNDA:6,(anonymous_0)
FNDA:9,(anonymous_1)
FNDA:5,(anonymous_2)
FNDA:3,(anonymous_3)
FNDA:5,(anonymous_4)
FNDA:12,(anonymous_5)
FNDA:36,(anonymous_6)
FNDA:6,(anonymous_7)
FNDA:12,(anonymous_8)
FNDA:1,(anonymous_9)
FNDA:3,(anonymous_10)
FNDA:26,(anonymous_11)
FNDA:2,(anonymous_12)
FNDA:32,(anonymous_13)
FNDA:2,(anonymous_14)
FNDA:4,(anonymous_15)
FNDA:1,(anonymous_16)
FNDA:4,(anonymous_17)
FNDA:1,(anonymous_18)
FNDA:4,(anonymous_19)
FNDA:3,(anonymous_20)
FNDA:4,(anonymous_21)
FNDA:4,(anonymous_22)
FNDA:2,(anonymous_23)
FNDA:1,(anonymous_24)
FNDA:1,(anonymous_25)
DA:65,6
DA:70,6
DA:72,6
DA:73,4
DA:79,2
DA:98,9
DA:101,9
DA:102,5
DA:108,4
DA:109,4
DA:117,9
DA:118,9
DA:119,5
DA:126,4
DA:135,9
DA:136,0
DA:142,9
DA:144,2
DA:152,9
DA:162,5
DA:164,5
DA:165,2
DA:171,3
DA:191,3
DA:192,1
DA:203,2
DA:218,5
DA:219,1
DA:228,4
DA:230,3
DA:232,1
DA:233,1
DA:234,1
DA:236,1
DA:237,1
DA:243,0
DA:257,2
DA:269,1
DA:281,12
DA:282,36
DA:283,36
DA:286,12
DA:296,6
DA:297,6
DA:299,6
DA:300,6
DA:302,6
DA:310,12
DA:311,2
DA:314,12
DA:316,12
DA:318,0
DA:321,12
DA:339,1
DA:342,1
DA:345,1
DA:346,1
DA:350,1
DA:351,1
DA:354,1
DA:361,2
DA:479,2
DA:484,26
DA:491,32
DA:498,4
DA:505,4
DA:512,4
DA:519,4
DA:520,4
DA:521,3
DA:523,3
DA:524,3
DA:525,3
DA:526,3
DA:527,3
DA:528,3
DA:530,3
DA:531,1
DA:532,1
DA:533,1
DA:534,2
DA:536,1
DA:537,1
DA:538,1
DA:539,1
DA:540,1
DA:542,1
DA:546,3
LF:88
LH:85
BRDA:63,0,0,4
BRDA:70,1,0,1
BRDA:70,1,1,5
BRDA:72,2,0,4
BRDA:72,2,1,2
BRDA:96,3,0,1
BRDA:101,4,0,5
BRDA:101,4,1,4
BRDA:101,5,0,9
BRDA:101,5,1,9
BRDA:108,6,0,4
BRDA:108,6,1,0
BRDA:117,7,0,9
BRDA:117,7,1,0
BRDA:118,8,0,5
BRDA:118,8,1,4
BRDA:135,9,0,0
BRDA:135,9,1,9
BRDA:135,10,0,9
BRDA:135,10,1,3
BRDA:142,11,0,2
BRDA:142,11,1,7
BRDA:142,12,0,9
BRDA:142,12,1,3
BRDA:164,13,0,2
BRDA:164,13,1,3
BRDA:164,14,0,5
BRDA:164,14,1,3
BRDA:191,15,0,1
BRDA:191,15,1,2
BRDA:191,16,0,3
BRDA:191,16,1,2
BRDA:218,17,0,1
BRDA:218,17,1,4
BRDA:218,18,0,5
BRDA:218,18,1,4
BRDA:228,19,0,3
BRDA:228,19,1,1
BRDA:228,20,0,4
BRDA:228,20,1,3
BRDA:230,21,0,1
BRDA:230,21,1,2
BRDA:236,22,0,1
BRDA:236,22,1,0
BRDA:236,23,0,1
BRDA:236,23,1,1
BRDA:236,23,2,0
BRDA:283,24,0,9
BRDA:283,24,1,27
BRDA:310,25,0,2
BRDA:310,25,1,10
BRDA:316,26,0,0
BRDA:316,26,1,12
BRDA:337,27,0,1
BRDA:345,28,0,1
BRDA:345,28,1,0
BRDA:345,29,0,1
BRDA:345,29,1,1
BRDA:350,30,0,1
BRDA:350,30,1,0
BRDA:350,31,0,1
BRDA:350,31,1,1
BRDA:528,32,0,2
BRDA:528,32,1,1
BRDA:530,33,0,1
BRDA:530,33,1,2
BRDA:537,34,0,1
BRDA:537,34,1,0
BRDA:539,35,0,1
BRDA:539,35,1,0
BRF:70
BRH:60
end_of_record
